Release 14.7 - xst P.20131013 (nt64)
Copyright (c) 1995-2013 Xilinx, Inc.  All rights reserved.
--> Parameter TMPDIR set to xst/projnav.tmp


Total REAL time to Xst completion: 0.00 secs
Total CPU time to Xst completion: 0.21 secs
 
--> Parameter xsthdpdir set to xst


Total REAL time to Xst completion: 0.00 secs
Total CPU time to Xst completion: 0.22 secs
 
--> Reading design: ServoControl.prj

TABLE OF CONTENTS
  1) Synthesis Options Summary
  2) HDL Parsing
  3) HDL Elaboration
  4) HDL Synthesis
       4.1) HDL Synthesis Report
  5) Advanced HDL Synthesis
       5.1) Advanced HDL Synthesis Report
  6) Low Level Synthesis
  7) Partition Report
  8) Design Summary
       8.1) Primitive and Black Box Usage
       8.2) Device utilization summary
       8.3) Partition Resource Summary
       8.4) Timing Report
            8.4.1) Clock Information
            8.4.2) Asynchronous Control Signals Information
            8.4.3) Timing Summary
            8.4.4) Timing Details
            8.4.5) Cross Clock Domains Report


=========================================================================
*                      Synthesis Options Summary                        *
=========================================================================
---- Source Parameters
Input File Name                    : "ServoControl.prj"
Ignore Synthesis Constraint File   : NO

---- Target Parameters
Output File Name                   : "ServoControl"
Output Format                      : NGC
Target Device                      : xc6slx16-3-csg324

---- Source Options
Top Module Name                    : ServoControl
Automatic FSM Extraction           : YES
FSM Encoding Algorithm             : Auto
Safe Implementation                : No
FSM Style                          : LUT
RAM Extraction                     : Yes
RAM Style                          : Auto
ROM Extraction                     : Yes
Shift Register Extraction          : YES
ROM Style                          : Auto
Resource Sharing                   : YES
Asynchronous To Synchronous        : NO
Shift Register Minimum Size        : 2
Use DSP Block                      : Auto
Automatic Register Balancing       : No

---- Target Options
LUT Combining                      : Auto
Reduce Control Sets                : Auto
Add IO Buffers                     : YES
Global Maximum Fanout              : 100000
Add Generic Clock Buffer(BUFG)     : 16
Register Duplication               : YES
Optimize Instantiated Primitives   : NO
Use Clock Enable                   : Auto
Use Synchronous Set                : Auto
Use Synchronous Reset              : Auto
Pack IO Registers into IOBs        : Auto
Equivalent register Removal        : YES

---- General Options
Optimization Goal                  : Speed
Optimization Effort                : 1
Power Reduction                    : NO
Keep Hierarchy                     : No
Netlist Hierarchy                  : As_Optimized
RTL Output                         : Yes
Global Optimization                : AllClockNets
Read Cores                         : YES
Write Timing Constraints           : NO
Cross Clock Analysis               : NO
Hierarchy Separator                : /
Bus Delimiter                      : <>
Case Specifier                     : Maintain
Slice Utilization Ratio            : 100
BRAM Utilization Ratio             : 100
DSP48 Utilization Ratio            : 100
Auto BRAM Packing                  : NO
Slice Utilization Ratio Delta      : 5

=========================================================================


=========================================================================
*                          HDL Parsing                                  *
=========================================================================
Parsing VHDL file "D:\ProySisDigAva\Levi\P30a_Servo_Control_with_Inputs\ServoControl.vhd" into library work
Parsing entity <ServoControl>.
Parsing architecture <Behavioral> of entity <servocontrol>.

=========================================================================
*                            HDL Elaboration                            *
=========================================================================

Elaborating entity <ServoControl> (architecture <Behavioral>) from library <work>.
INFO:HDLCompiler:679 - "D:\ProySisDigAva\Levi\P30a_Servo_Control_with_Inputs\ServoControl.vhd" Line 102. Case statement is complete. others clause is never selected
INFO:HDLCompiler:679 - "D:\ProySisDigAva\Levi\P30a_Servo_Control_with_Inputs\ServoControl.vhd" Line 115. Case statement is complete. others clause is never selected

=========================================================================
*                           HDL Synthesis                               *
=========================================================================

Synthesizing Unit <ServoControl>.
    Related source file is "D:\ProySisDigAva\Levi\P30a_Servo_Control_with_Inputs\ServoControl.vhd".
    Found 1-bit register for signal <pres_state>.
    Found 15-bit register for signal <SecondCount>.
    Found 7-bit register for signal <Cont>.
    Found 1-bit register for signal <TimeBase>.
    Found 16-bit subtractor for signal <GND_6_o_GND_6_o_sub_8_OUT> created at line 84.
    Found 7-bit adder for signal <Cont[6]_GND_6_o_add_1_OUT> created at line 67.
    Found 15-bit adder for signal <tH> created at line 75.
    Found 15-bit adder for signal <SecondCount[14]_GND_6_o_add_9_OUT> created at line 88.
    Found 15-bit subtractor for signal <tL> created at line 41.
    Found 8x10-bit multiplier for signal <n0023> created at line 74.
    Found 16-bit comparator equal for signal <GND_6_o_GND_6_o_equal_9_o> created at line 84
    Summary:
	inferred   1 Multiplier(s).
	inferred   5 Adder/Subtractor(s).
	inferred  24 D-type flip-flop(s).
	inferred   1 Comparator(s).
	inferred   3 Multiplexer(s).
Unit <ServoControl> synthesized.

=========================================================================
HDL Synthesis Report

Macro Statistics
# Multipliers                                          : 1
 10x8-bit multiplier                                   : 1
# Adders/Subtractors                                   : 5
 15-bit adder                                          : 2
 15-bit subtractor                                     : 1
 16-bit subtractor                                     : 1
 7-bit adder                                           : 1
# Registers                                            : 4
 1-bit register                                        : 2
 15-bit register                                       : 1
 7-bit register                                        : 1
# Comparators                                          : 1
 16-bit comparator equal                               : 1
# Multiplexers                                         : 3
 15-bit 2-to-1 multiplexer                             : 2
 7-bit 2-to-1 multiplexer                              : 1

=========================================================================

=========================================================================
*                       Advanced HDL Synthesis                          *
=========================================================================


Synthesizing (advanced) Unit <ServoControl>.
The following registers are absorbed into counter <Cont>: 1 register on signal <Cont>.
The following registers are absorbed into counter <SecondCount>: 1 register on signal <SecondCount>.
Unit <ServoControl> synthesized (advanced).

=========================================================================
Advanced HDL Synthesis Report

Macro Statistics
# Multipliers                                          : 1
 10x8-bit multiplier                                   : 1
# Adders/Subtractors                                   : 3
 15-bit adder                                          : 1
 15-bit subtractor                                     : 1
 16-bit subtractor                                     : 1
# Counters                                             : 2
 15-bit up counter                                     : 1
 7-bit up counter                                      : 1
# Registers                                            : 2
 Flip-Flops                                            : 2
# Comparators                                          : 1
 16-bit comparator equal                               : 1
# Multiplexers                                         : 1
 15-bit 2-to-1 multiplexer                             : 1

=========================================================================

=========================================================================
*                         Low Level Synthesis                           *
=========================================================================

Optimizing unit <ServoControl> ...

Mapping all equations...
Building and optimizing final netlist ...
Found area constraint ratio of 100 (+ 5) on block ServoControl, actual ratio is 1.

Final Macro Processing ...

=========================================================================
Final Register Report

Macro Statistics
# Registers                                            : 24
 Flip-Flops                                            : 24

=========================================================================

=========================================================================
*                           Partition Report                            *
=========================================================================

Partition Implementation Status
-------------------------------

  No Partitions were found in this design.

-------------------------------

=========================================================================
*                            Design Summary                             *
=========================================================================

Top Level Output File Name         : ServoControl.ngc

Primitive and Black Box Usage:
------------------------------
# BELS                             : 196
#      GND                         : 1
#      INV                         : 4
#      LUT1                        : 1
#      LUT2                        : 24
#      LUT3                        : 13
#      LUT4                        : 11
#      LUT5                        : 17
#      LUT6                        : 13
#      MUXCY                       : 59
#      VCC                         : 1
#      XORCY                       : 52
# FlipFlops/Latches                : 24
#      FDC                         : 8
#      FDCE                        : 15
#      FDE                         : 1
# Clock Buffers                    : 1
#      BUFGP                       : 1
# IO Buffers                       : 10
#      IBUF                        : 9
#      OBUF                        : 1

Device utilization summary:
---------------------------

Selected Device : 6slx16csg324-3 


Slice Logic Utilization: 
 Number of Slice Registers:              24  out of  18224     0%  
 Number of Slice LUTs:                   83  out of   9112     0%  
    Number used as Logic:                83  out of   9112     0%  

Slice Logic Distribution: 
 Number of LUT Flip Flop pairs used:     83
   Number with an unused Flip Flop:      59  out of     83    71%  
   Number with an unused LUT:             0  out of     83     0%  
   Number of fully used LUT-FF pairs:    24  out of     83    28%  
   Number of unique control sets:         3

IO Utilization: 
 Number of IOs:                          11
 Number of bonded IOBs:                  11  out of    232     4%  

Specific Feature Utilization:
 Number of BUFG/BUFGCTRLs:                1  out of     16     6%  

---------------------------
Partition Resource Summary:
---------------------------

  No Partitions were found in this design.

---------------------------


=========================================================================
Timing Report

NOTE: THESE TIMING NUMBERS ARE ONLY A SYNTHESIS ESTIMATE.
      FOR ACCURATE TIMING INFORMATION PLEASE REFER TO THE TRACE REPORT
      GENERATED AFTER PLACE-and-ROUTE.

Clock Information:
------------------
-----------------------------------+------------------------+-------+
Clock Signal                       | Clock buffer(FF name)  | Load  |
-----------------------------------+------------------------+-------+
Clk                                | BUFGP                  | 24    |
-----------------------------------+------------------------+-------+

Asynchronous Control Signals Information:
----------------------------------------
No asynchronous control signals found in this design

Timing Summary:
---------------
Speed Grade: -3

   Minimum period: 5.290ns (Maximum Frequency: 189.045MHz)
   Minimum input arrival time before clock: 11.604ns
   Maximum output required time after clock: 4.760ns
   Maximum combinational path delay: No path found

Timing Details:
---------------
All values displayed in nanoseconds (ns)

=========================================================================
Timing constraint: Default period analysis for Clock 'Clk'
  Clock period: 5.290ns (frequency: 189.045MHz)
  Total number of paths / destination ports: 17468 / 39
-------------------------------------------------------------------------
Delay:               5.290ns (Levels of Logic = 32)
  Source:            pres_state (FF)
  Destination:       SecondCount_14 (FF)
  Source Clock:      Clk rising
  Destination Clock: Clk rising

  Data Path: pres_state to SecondCount_14
                                Gate     Net
    Cell:in->out      fanout   Delay   Delay  Logical Name (Net Name)
    ----------------------------------------  ------------
     FDC:C->Q             14   0.447   0.958  pres_state (pres_state)
     LUT3:I2->O            1   0.205   0.000  Msub_GND_6_o_GND_6_o_sub_8_OUT_lut<1> (Msub_GND_6_o_GND_6_o_sub_8_OUT_lut<1>)
     MUXCY:S->O            1   0.172   0.000  Msub_GND_6_o_GND_6_o_sub_8_OUT_cy<1> (Msub_GND_6_o_GND_6_o_sub_8_OUT_cy<1>)
     MUXCY:CI->O           1   0.019   0.000  Msub_GND_6_o_GND_6_o_sub_8_OUT_cy<2> (Msub_GND_6_o_GND_6_o_sub_8_OUT_cy<2>)
     MUXCY:CI->O           1   0.019   0.000  Msub_GND_6_o_GND_6_o_sub_8_OUT_cy<3> (Msub_GND_6_o_GND_6_o_sub_8_OUT_cy<3>)
     MUXCY:CI->O           1   0.019   0.000  Msub_GND_6_o_GND_6_o_sub_8_OUT_cy<4> (Msub_GND_6_o_GND_6_o_sub_8_OUT_cy<4>)
     MUXCY:CI->O           1   0.019   0.000  Msub_GND_6_o_GND_6_o_sub_8_OUT_cy<5> (Msub_GND_6_o_GND_6_o_sub_8_OUT_cy<5>)
     MUXCY:CI->O           1   0.019   0.000  Msub_GND_6_o_GND_6_o_sub_8_OUT_cy<6> (Msub_GND_6_o_GND_6_o_sub_8_OUT_cy<6>)
     MUXCY:CI->O           1   0.019   0.000  Msub_GND_6_o_GND_6_o_sub_8_OUT_cy<7> (Msub_GND_6_o_GND_6_o_sub_8_OUT_cy<7>)
     MUXCY:CI->O           1   0.019   0.000  Msub_GND_6_o_GND_6_o_sub_8_OUT_cy<8> (Msub_GND_6_o_GND_6_o_sub_8_OUT_cy<8>)
     MUXCY:CI->O           1   0.019   0.000  Msub_GND_6_o_GND_6_o_sub_8_OUT_cy<9> (Msub_GND_6_o_GND_6_o_sub_8_OUT_cy<9>)
     MUXCY:CI->O           1   0.019   0.000  Msub_GND_6_o_GND_6_o_sub_8_OUT_cy<10> (Msub_GND_6_o_GND_6_o_sub_8_OUT_cy<10>)
     MUXCY:CI->O           1   0.019   0.000  Msub_GND_6_o_GND_6_o_sub_8_OUT_cy<11> (Msub_GND_6_o_GND_6_o_sub_8_OUT_cy<11>)
     XORCY:CI->O           1   0.180   0.808  Msub_GND_6_o_GND_6_o_sub_8_OUT_xor<12> (GND_6_o_GND_6_o_sub_8_OUT<12>)
     LUT6:I3->O            1   0.205   0.000  Mcompar_GND_6_o_GND_6_o_equal_9_o_lut<4> (Mcompar_GND_6_o_GND_6_o_equal_9_o_lut<4>)
     MUXCY:S->O            1   0.172   0.000  Mcompar_GND_6_o_GND_6_o_equal_9_o_cy<4> (Mcompar_GND_6_o_GND_6_o_equal_9_o_cy<4>)
     MUXCY:CI->O          17   0.019   1.028  Mcompar_GND_6_o_GND_6_o_equal_9_o_cy<5> (GND_6_o_GND_6_o_equal_9_o)
     LUT2:I1->O            1   0.205   0.000  Mcount_SecondCount_lut<0> (Mcount_SecondCount_lut<0>)
     MUXCY:S->O            1   0.172   0.000  Mcount_SecondCount_cy<0> (Mcount_SecondCount_cy<0>)
     MUXCY:CI->O           1   0.019   0.000  Mcount_SecondCount_cy<1> (Mcount_SecondCount_cy<1>)
     MUXCY:CI->O           1   0.019   0.000  Mcount_SecondCount_cy<2> (Mcount_SecondCount_cy<2>)
     MUXCY:CI->O           1   0.019   0.000  Mcount_SecondCount_cy<3> (Mcount_SecondCount_cy<3>)
     MUXCY:CI->O           1   0.019   0.000  Mcount_SecondCount_cy<4> (Mcount_SecondCount_cy<4>)
     MUXCY:CI->O           1   0.019   0.000  Mcount_SecondCount_cy<5> (Mcount_SecondCount_cy<5>)
     MUXCY:CI->O           1   0.019   0.000  Mcount_SecondCount_cy<6> (Mcount_SecondCount_cy<6>)
     MUXCY:CI->O           1   0.019   0.000  Mcount_SecondCount_cy<7> (Mcount_SecondCount_cy<7>)
     MUXCY:CI->O           1   0.019   0.000  Mcount_SecondCount_cy<8> (Mcount_SecondCount_cy<8>)
     MUXCY:CI->O           1   0.019   0.000  Mcount_SecondCount_cy<9> (Mcount_SecondCount_cy<9>)
     MUXCY:CI->O           1   0.019   0.000  Mcount_SecondCount_cy<10> (Mcount_SecondCount_cy<10>)
     MUXCY:CI->O           1   0.019   0.000  Mcount_SecondCount_cy<11> (Mcount_SecondCount_cy<11>)
     MUXCY:CI->O           1   0.019   0.000  Mcount_SecondCount_cy<12> (Mcount_SecondCount_cy<12>)
     MUXCY:CI->O           0   0.019   0.000  Mcount_SecondCount_cy<13> (Mcount_SecondCount_cy<13>)
     XORCY:CI->O           1   0.180   0.000  Mcount_SecondCount_xor<14> (Mcount_SecondCount14)
     FDCE:D                    0.102          SecondCount_14
    ----------------------------------------
    Total                      5.290ns (2.496ns logic, 2.794ns route)
                                       (47.2% logic, 52.8% route)

=========================================================================
Timing constraint: Default OFFSET IN BEFORE for Clock 'Clk'
  Total number of paths / destination ports: 42655880 / 40
-------------------------------------------------------------------------
Offset:              11.604ns (Levels of Logic = 36)
  Source:            Input<2> (PAD)
  Destination:       SecondCount_14 (FF)
  Destination Clock: Clk rising

  Data Path: Input<2> to SecondCount_14
                                Gate     Net
    Cell:in->out      fanout   Delay   Delay  Logical Name (Net Name)
    ----------------------------------------  ------------
     IBUF:I->O            17   1.222   1.256  Input_2_IBUF (Input_2_IBUF)
     LUT3:I0->O            1   0.205   0.000  Mmult_n0023_Madd3_lut<4> (Mmult_n0023_Madd3_lut<4>)
     MUXCY:S->O            1   0.172   0.000  Mmult_n0023_Madd3_cy<4> (Mmult_n0023_Madd3_cy<4>)
     MUXCY:CI->O           1   0.019   0.000  Mmult_n0023_Madd3_cy<5> (Mmult_n0023_Madd3_cy<5>)
     MUXCY:CI->O           1   0.019   0.000  Mmult_n0023_Madd3_cy<6> (Mmult_n0023_Madd3_cy<6>)
     MUXCY:CI->O           1   0.019   0.000  Mmult_n0023_Madd3_cy<7> (Mmult_n0023_Madd3_cy<7>)
     MUXCY:CI->O           1   0.019   0.000  Mmult_n0023_Madd3_cy<8> (Mmult_n0023_Madd3_cy<8>)
     XORCY:CI->O           1   0.180   0.924  Mmult_n0023_Madd3_xor<9> (Mmult_n0023_Madd_123)
     LUT5:I0->O            1   0.203   0.000  Mmult_n0023_Madd4_lut<11> (Mmult_n0023_Madd4_lut<11>)
     MUXCY:S->O            1   0.172   0.000  Mmult_n0023_Madd4_cy<11> (Mmult_n0023_Madd4_cy<11>)
     XORCY:CI->O           7   0.180   1.021  Mmult_n0023_Madd4_xor<12> (n0023<13>)
     LUT4:I0->O            3   0.203   0.995  Madd_tH_xor<6>11 (tH<6>)
     LUT5:I0->O            3   0.203   0.879  Msub_tL_cy<8>11 (Msub_tL_cy<8>)
     LUT4:I1->O            1   0.205   0.000  Msub_GND_6_o_GND_6_o_sub_8_OUT_lut<10> (Msub_GND_6_o_GND_6_o_sub_8_OUT_lut<10>)
     MUXCY:S->O            1   0.172   0.000  Msub_GND_6_o_GND_6_o_sub_8_OUT_cy<10> (Msub_GND_6_o_GND_6_o_sub_8_OUT_cy<10>)
     MUXCY:CI->O           1   0.019   0.000  Msub_GND_6_o_GND_6_o_sub_8_OUT_cy<11> (Msub_GND_6_o_GND_6_o_sub_8_OUT_cy<11>)
     XORCY:CI->O           1   0.180   0.808  Msub_GND_6_o_GND_6_o_sub_8_OUT_xor<12> (GND_6_o_GND_6_o_sub_8_OUT<12>)
     LUT6:I3->O            1   0.205   0.000  Mcompar_GND_6_o_GND_6_o_equal_9_o_lut<4> (Mcompar_GND_6_o_GND_6_o_equal_9_o_lut<4>)
     MUXCY:S->O            1   0.172   0.000  Mcompar_GND_6_o_GND_6_o_equal_9_o_cy<4> (Mcompar_GND_6_o_GND_6_o_equal_9_o_cy<4>)
     MUXCY:CI->O          17   0.019   1.028  Mcompar_GND_6_o_GND_6_o_equal_9_o_cy<5> (GND_6_o_GND_6_o_equal_9_o)
     LUT2:I1->O            1   0.205   0.000  Mcount_SecondCount_lut<0> (Mcount_SecondCount_lut<0>)
     MUXCY:S->O            1   0.172   0.000  Mcount_SecondCount_cy<0> (Mcount_SecondCount_cy<0>)
     MUXCY:CI->O           1   0.019   0.000  Mcount_SecondCount_cy<1> (Mcount_SecondCount_cy<1>)
     MUXCY:CI->O           1   0.019   0.000  Mcount_SecondCount_cy<2> (Mcount_SecondCount_cy<2>)
     MUXCY:CI->O           1   0.019   0.000  Mcount_SecondCount_cy<3> (Mcount_SecondCount_cy<3>)
     MUXCY:CI->O           1   0.019   0.000  Mcount_SecondCount_cy<4> (Mcount_SecondCount_cy<4>)
     MUXCY:CI->O           1   0.019   0.000  Mcount_SecondCount_cy<5> (Mcount_SecondCount_cy<5>)
     MUXCY:CI->O           1   0.019   0.000  Mcount_SecondCount_cy<6> (Mcount_SecondCount_cy<6>)
     MUXCY:CI->O           1   0.019   0.000  Mcount_SecondCount_cy<7> (Mcount_SecondCount_cy<7>)
     MUXCY:CI->O           1   0.019   0.000  Mcount_SecondCount_cy<8> (Mcount_SecondCount_cy<8>)
     MUXCY:CI->O           1   0.019   0.000  Mcount_SecondCount_cy<9> (Mcount_SecondCount_cy<9>)
     MUXCY:CI->O           1   0.019   0.000  Mcount_SecondCount_cy<10> (Mcount_SecondCount_cy<10>)
     MUXCY:CI->O           1   0.019   0.000  Mcount_SecondCount_cy<11> (Mcount_SecondCount_cy<11>)
     MUXCY:CI->O           1   0.019   0.000  Mcount_SecondCount_cy<12> (Mcount_SecondCount_cy<12>)
     MUXCY:CI->O           0   0.019   0.000  Mcount_SecondCount_cy<13> (Mcount_SecondCount_cy<13>)
     XORCY:CI->O           1   0.180   0.000  Mcount_SecondCount_xor<14> (Mcount_SecondCount14)
     FDCE:D                    0.102          SecondCount_14
    ----------------------------------------
    Total                     11.604ns (4.694ns logic, 6.910ns route)
                                       (40.5% logic, 59.5% route)

=========================================================================
Timing constraint: Default OFFSET OUT AFTER for Clock 'Clk'
  Total number of paths / destination ports: 1 / 1
-------------------------------------------------------------------------
Offset:              4.760ns (Levels of Logic = 2)
  Source:            pres_state (FF)
  Destination:       Servo (PAD)
  Source Clock:      Clk rising

  Data Path: pres_state to Servo
                                Gate     Net
    Cell:in->out      fanout   Delay   Delay  Logical Name (Net Name)
    ----------------------------------------  ------------
     FDC:C->Q             14   0.447   0.957  pres_state (pres_state)
     INV:I->O              1   0.206   0.579  Msub_GND_6_o_GND_6_o_sub_8_OUT_lut<14>_INV_0 (Msub_GND_6_o_GND_6_o_sub_8_OUT_lut<14>)
     OBUF:I->O                 2.571          Servo_OBUF (Servo)
    ----------------------------------------
    Total                      4.760ns (3.224ns logic, 1.536ns route)
                                       (67.7% logic, 32.3% route)

=========================================================================

Cross Clock Domains Report:
--------------------------

Clock to Setup on destination clock Clk
---------------+---------+---------+---------+---------+
               | Src:Rise| Src:Fall| Src:Rise| Src:Fall|
Source Clock   |Dest:Rise|Dest:Rise|Dest:Fall|Dest:Fall|
---------------+---------+---------+---------+---------+
Clk            |    5.290|         |         |         |
---------------+---------+---------+---------+---------+

=========================================================================


Total REAL time to Xst completion: 8.00 secs
Total CPU time to Xst completion: 7.79 secs
 
--> 

Total memory usage is 252564 kilobytes

Number of errors   :    0 (   0 filtered)
Number of warnings :    0 (   0 filtered)
Number of infos    :    0 (   0 filtered)

