#-----------------------------------------------------------
# PlanAhead v14.7 (64-bit)
# Build 321239 by xbuild on Fri Sep 27 19:29:51 MDT 2013
# Start of session at: Wed Aug 19 11:54:37 2015
# Process ID: 10988
# Log file: D:/ProySisDigAva/P00_FullAdder/One_Bit_Full_Adder/planAhead_run_1/planAhead.log
# Journal file: D:/ProySisDigAva/P00_FullAdder/One_Bit_Full_Adder/planAhead_run_1/planAhead.jou
#-----------------------------------------------------------
INFO: [Common 17-78] Attempting to get a license: PlanAhead
INFO: [Common 17-290] Got license for PlanAhead
INFO: [Device 21-36] Loading parts and site information from C:/Xilinx/14.7/ISE_DS/PlanAhead/data/parts/arch.xml
Parsing RTL primitives file [C:/Xilinx/14.7/ISE_DS/PlanAhead/data/parts/xilinx/rtl/prims/rtl_prims.xml]
Finished parsing RTL primitives file [C:/Xilinx/14.7/ISE_DS/PlanAhead/data/parts/xilinx/rtl/prims/rtl_prims.xml]
start_gui
source D:/ProySisDigAva/P00_FullAdder/One_Bit_Full_Adder/pa.fromNetlist.tcl
# create_project -name One_Bit_Full_Adder -dir "D:/ProySisDigAva/P00_FullAdder/One_Bit_Full_Adder/planAhead_run_1" -part xc6slx16csg324-3
# set_property design_mode GateLvl [get_property srcset [current_run -impl]]
# set_property edif_top_file "D:/ProySisDigAva/P00_FullAdder/One_Bit_Full_Adder/Full_Adder_1_Bit.ngc" [ get_property srcset [ current_run ] ]
# add_files -norecurse { {D:/ProySisDigAva/P00_FullAdder/One_Bit_Full_Adder} }
# set_param project.pinAheadLayout  yes
# set_property target_constrs_file "Full_Adder_1_Bit.ucf" [current_fileset -constrset]
Adding file 'D:/ProySisDigAva/P00_FullAdder/One_Bit_Full_Adder/Full_Adder_1_Bit.ucf' to fileset 'constrs_1'
# add_files [list {Full_Adder_1_Bit.ucf}] -fileset [get_property constrset [current_run]]
# link_design
Design is defaulting to srcset: sources_1
Design is defaulting to constrset: constrs_1
Design is defaulting to project part: xc6slx16csg324-3
Release 14.7 - ngc2edif P.20131013 (nt64)
Copyright (c) 1995-2013 Xilinx, Inc.  All rights reserved.
Reading design Full_Adder_1_Bit.ngc ...
WARNING:NetListWriters:298 - No output is written to Full_Adder_1_Bit.xncf,
   ignored.
Processing design ...
   Preping design's networks ...
   Preping design's macros ...
  finished :Prep
Writing EDIF netlist file Full_Adder_1_Bit.edif ...
ngc2edif: Total memory usage is 80604 kilobytes

Parsing EDIF File [./planAhead_run_1/One_Bit_Full_Adder.data/cache/Full_Adder_1_Bit_ngc_zx.edif]
Finished Parsing EDIF File [./planAhead_run_1/One_Bit_Full_Adder.data/cache/Full_Adder_1_Bit_ngc_zx.edif]
Loading clock regions from C:/Xilinx/14.7/ISE_DS/PlanAhead/data\parts/xilinx/spartan6/spartan6lx/xc6slx16/ClockRegion.xml
Loading clock buffers from C:/Xilinx/14.7/ISE_DS/PlanAhead/data\parts/xilinx/spartan6/spartan6lx/xc6slx16/ClockBuffers.xml
Loading package pin functions from C:/Xilinx/14.7/ISE_DS/PlanAhead/data\parts/xilinx/spartan6/PinFunctions.xml...
Loading package from C:/Xilinx/14.7/ISE_DS/PlanAhead/data\parts/xilinx/spartan6/spartan6lx/xc6slx16/csg324/Package.xml
Loading io standards from C:/Xilinx/14.7/ISE_DS/PlanAhead/data\./parts/xilinx/spartan6/IOStandards.xml
Loading device configuration modes from C:/Xilinx/14.7/ISE_DS/PlanAhead/data\parts/xilinx/spartan6/ConfigModes.xml
Loading list of drcs for the architecture : C:/Xilinx/14.7/ISE_DS/PlanAhead/data\./parts/xilinx/spartan6/drc.xml
Parsing UCF File [D:/ProySisDigAva/P00_FullAdder/One_Bit_Full_Adder/Full_Adder_1_Bit.ucf]
Finished Parsing UCF File [D:/ProySisDigAva/P00_FullAdder/One_Bit_Full_Adder/Full_Adder_1_Bit.ucf]
INFO: [Project 1-111] Unisim Transformation Summary:
No Unisim elements were transformed.

Phase 0 | Netlist Checksum: a9e09db1
link_design: Time (s): elapsed = 00:00:10 . Memory (MB): peak = 610.902 ; gain = 170.223
startgroup
set_property package_pin V9 [get_ports A]
endgroup
startgroup
set_property package_pin T9 [get_ports B]
endgroup
startgroup
set_property package_pin T10 [get_ports Cin]
endgroup
startgroup
set_property package_pin V10 [get_ports Sout]
endgroup
startgroup
set_property package_pin U16 [get_ports Cout]
endgroup
startgroup
set_property package_pin V16 [get_ports Sout]
endgroup
save_constraints
exit
ERROR: [PlanAhead 12-106] *** Exception: ui.h.b: Found deleted key in HTclEventBroker. Verify if the classes listed here call cleanup()
HTclEvent: SIGNAL_BUS_MODIFY   Classes: ui.views.aR 
HTclEvent: DEBUG_CORE_CONFIG_CHANGE   Classes: ui.views.aR 
HTclEvent: SIGNAL_MODIFY   Classes: ui.views.aR 
HTclEvent: DEBUG_PORT_CONFIG_CHANGE   Classes: ui.views.aR 
 (See D:/ProySisDigAva/P00_FullAdder/One_Bit_Full_Adder\planAhead_pid10988.debug)
ERROR: [Common 17-39] 'stop_gui' failed due to earlier errors.
INFO: [Common 17-206] Exiting PlanAhead at Wed Aug 19 12:05:30 2015...
INFO: [Common 17-83] Releasing license: PlanAhead
