--------------------------------------------------------------------------------
Release 14.7 Trace  (nt64)
Copyright (c) 1995-2013 Xilinx, Inc.  All rights reserved.

C:\Xilinx\14.7\ISE_DS\ISE\bin\nt64\unwrapped\trce.exe -intstyle ise -v 3 -s 3
-n 3 -fastpaths -xml Top.twx Top.ncd -o Top.twr Top.pcf -ucf Top.ucf

Design file:              Top.ncd
Physical constraint file: Top.pcf
Device,package,speed:     xc6slx16,csg324,C,-3 (PRODUCTION 1.23 2013-10-13)
Report level:             verbose report

Environment Variable      Effect 
--------------------      ------ 
NONE                      No environment variables were set
--------------------------------------------------------------------------------

INFO:Timing:2698 - No timing constraints found, doing default enumeration.
INFO:Timing:3412 - To improve timing, see the Timing Closure User Guide (UG612).
INFO:Timing:2752 - To get complete path coverage, use the unconstrained paths 
   option. All paths that are not constrained will be reported in the 
   unconstrained paths section(s) of the report.
INFO:Timing:3339 - The clock-to-out numbers in this timing report are based on 
   a 50 Ohm transmission line loading model.  For the details of this model, 
   and for more information on accounting for different loading conditions, 
   please see the device datasheet.



Data Sheet report:
-----------------
All values displayed in nanoseconds (ns)

Setup/Hold to clock Clk100MHz
------------+------------+------------+------------+------------+------------------+--------+
            |Max Setup to|  Process   |Max Hold to |  Process   |                  | Clock  |
Source      | clk (edge) |   Corner   | clk (edge) |   Corner   |Internal Clock(s) | Phase  |
------------+------------+------------+------------+------------+------------------+--------+
DecEnt<0>   |    2.060(R)|      SLOW  |   -0.459(R)|      SLOW  |Clk100MHz_BUFGP   |   0.000|
DecEnt<1>   |    2.704(R)|      SLOW  |   -0.438(R)|      SLOW  |Clk100MHz_BUFGP   |   0.000|
DecEnt<2>   |    3.288(R)|      SLOW  |   -0.487(R)|      SLOW  |Clk100MHz_BUFGP   |   0.000|
DecEnt<3>   |    3.106(R)|      SLOW  |   -0.754(R)|      SLOW  |Clk100MHz_BUFGP   |   0.000|
HorAlEn     |    4.034(R)|      SLOW  |   -1.344(R)|      FAST  |Clk100MHz_BUFGP   |   0.000|
HorEn       |    6.933(R)|      SLOW  |   -2.310(R)|      FAST  |Clk100MHz_BUFGP   |   0.000|
MinAlEn     |    4.032(R)|      SLOW  |   -2.127(R)|      FAST  |Clk100MHz_BUFGP   |   0.000|
MinEn       |    4.476(R)|      SLOW  |   -1.979(R)|      FAST  |Clk100MHz_BUFGP   |   0.000|
Rst         |    4.913(R)|      SLOW  |   -0.653(R)|      SLOW  |Clk100MHz_BUFGP   |   0.000|
UniEnt<0>   |    1.256(R)|      FAST  |   -0.535(R)|      SLOW  |Clk100MHz_BUFGP   |   0.000|
UniEnt<1>   |    2.522(R)|      SLOW  |   -0.230(R)|      SLOW  |Clk100MHz_BUFGP   |   0.000|
UniEnt<2>   |    1.764(R)|      SLOW  |   -0.333(R)|      SLOW  |Clk100MHz_BUFGP   |   0.000|
UniEnt<3>   |    2.401(R)|      SLOW  |   -0.415(R)|      SLOW  |Clk100MHz_BUFGP   |   0.000|
------------+------------+------------+------------+------------+------------------+--------+

Clock Clk100MHz to Pad
------------+-----------------+------------+-----------------+------------+------------------+--------+
            |Max (slowest) clk|  Process   |Min (fastest) clk|  Process   |                  | Clock  |
Destination |  (edge) to PAD  |   Corner   |  (edge) to PAD  |   Corner   |Internal Clock(s) | Phase  |
------------+-----------------+------------+-----------------+------------+------------------+--------+
AlarmOut    |         8.021(R)|      SLOW  |         4.255(R)|      FAST  |Clk100MHz_BUFGP   |   0.000|
Disp<0>     |         8.777(R)|      SLOW  |         4.627(R)|      FAST  |Clk100MHz_BUFGP   |   0.000|
Disp<1>     |         8.967(R)|      SLOW  |         4.745(R)|      FAST  |Clk100MHz_BUFGP   |   0.000|
Disp<2>     |         8.633(R)|      SLOW  |         4.545(R)|      FAST  |Clk100MHz_BUFGP   |   0.000|
Disp<3>     |         8.646(R)|      SLOW  |         4.559(R)|      FAST  |Clk100MHz_BUFGP   |   0.000|
Seg<0>      |         9.794(R)|      SLOW  |         4.730(R)|      FAST  |Clk100MHz_BUFGP   |   0.000|
Seg<1>      |         9.666(R)|      SLOW  |         4.613(R)|      FAST  |Clk100MHz_BUFGP   |   0.000|
Seg<2>      |        10.397(R)|      SLOW  |         4.856(R)|      FAST  |Clk100MHz_BUFGP   |   0.000|
Seg<3>      |        10.128(R)|      SLOW  |         4.903(R)|      FAST  |Clk100MHz_BUFGP   |   0.000|
Seg<4>      |        10.152(R)|      SLOW  |         4.897(R)|      FAST  |Clk100MHz_BUFGP   |   0.000|
Seg<5>      |        10.356(R)|      SLOW  |         4.805(R)|      FAST  |Clk100MHz_BUFGP   |   0.000|
Seg<6>      |        10.066(R)|      SLOW  |         4.827(R)|      FAST  |Clk100MHz_BUFGP   |   0.000|
SegOut<0>   |         8.856(R)|      SLOW  |         4.813(R)|      FAST  |Clk100MHz_BUFGP   |   0.000|
SegOut<1>   |         8.832(R)|      SLOW  |         4.781(R)|      FAST  |Clk100MHz_BUFGP   |   0.000|
SegOut<2>   |         8.754(R)|      SLOW  |         4.749(R)|      FAST  |Clk100MHz_BUFGP   |   0.000|
SegOut<3>   |         8.754(R)|      SLOW  |         4.749(R)|      FAST  |Clk100MHz_BUFGP   |   0.000|
SegOut<4>   |         8.397(R)|      SLOW  |         4.443(R)|      FAST  |Clk100MHz_BUFGP   |   0.000|
SegOut<5>   |         8.198(R)|      SLOW  |         4.341(R)|      FAST  |Clk100MHz_BUFGP   |   0.000|
SegOut<6>   |         8.075(R)|      SLOW  |         4.277(R)|      FAST  |Clk100MHz_BUFGP   |   0.000|
------------+-----------------+------------+-----------------+------------+------------------+--------+

Clock to Setup on destination clock Clk100MHz
---------------+---------+---------+---------+---------+
               | Src:Rise| Src:Fall| Src:Rise| Src:Fall|
Source Clock   |Dest:Rise|Dest:Rise|Dest:Fall|Dest:Fall|
---------------+---------+---------+---------+---------+
Clk100MHz      |    4.793|         |         |         |
---------------+---------+---------+---------+---------+


Analysis completed Wed Oct 28 12:17:22 2015 
--------------------------------------------------------------------------------

Trace Settings:
-------------------------
Trace Settings 

Peak Memory Usage: 241 MB



