Command line:
   Counter_tb_isim_beh.exe
     -simmode  gui
     -simrunnum  0
     -socket  55105

Mon Oct 12 21:01:30 2015


 Elaboration Time: 0.171875 sec

 Current Memory Usage: 1011.13 Meg

 Total Signals          : 7
 Total Nets             : 10
 Total Signal Drivers   : 4
 Total Blocks           : 6
 Total Primitive Blocks : 5
 Total Processes        : 3
 Total Traceable Variables  : 16
 Total Scalar Nets and Variables : 512
Total Line Count : 16
Total Line Count : 16

 Total Simulation Time: 0.171875 sec

 Current Memory Usage: 381.919 Meg

Mon Oct 12 23:22:15 2015

