INFO:sim:172 - Generating IP...
Resolving generics for 'Operation'...
Applying external generics to 'Operation'...
Delivering associated files for 'Operation'...
Generating implementation netlist for 'Operation'...
INFO:sim - Pre-processing HDL files for 'Operation'...
Running synthesis for 'Operation'
Running ngcbuild...
Writing VHO instantiation template for 'Operation'...
Writing VHDL behavioral simulation model for 'Operation'...
Delivered 2 files into directory
D:/ProySisDigAva/Levi/P35_IP_Core/ipcore_dir/tmp/_cg/Operation
Generating ASY schematic symbol...
INFO:sim:949 - Finished generation of ASY schematic symbol.
Generating SYM schematic symbol for 'Operation'...
Generating metadata file...
Generating ISE project...
XCO file found: Operation.xco
XMDF file found: Operation_xmdf.tcl
Adding D:/ProySisDigAva/Levi/P35_IP_Core/ipcore_dir/tmp/_cg/Operation.asy -view
all -origin_type imported
Adding D:/ProySisDigAva/Levi/P35_IP_Core/ipcore_dir/tmp/_cg/Operation.ngc -view
all -origin_type created
Checking file
"D:/ProySisDigAva/Levi/P35_IP_Core/ipcore_dir/tmp/_cg/Operation.ngc" for project
device match ...
File "D:/ProySisDigAva/Levi/P35_IP_Core/ipcore_dir/tmp/_cg/Operation.ngc" device
information matches project device.
Adding D:/ProySisDigAva/Levi/P35_IP_Core/ipcore_dir/tmp/_cg/Operation.sym -view
all -origin_type imported
Adding D:/ProySisDigAva/Levi/P35_IP_Core/ipcore_dir/tmp/_cg/Operation.vhd -view
all -origin_type created
INFO:HDLCompiler:1061 - Parsing VHDL file
   "D:/ProySisDigAva/Levi/P35_IP_Core/ipcore_dir/tmp/_cg/Operation.vhd" into
   library work
INFO:ProjectMgmt - Parsing design hierarchy completed successfully.
Adding D:/ProySisDigAva/Levi/P35_IP_Core/ipcore_dir/tmp/_cg/Operation.vho -view
all -origin_type imported
INFO:TclTasksC:2116 - The automatic calculation of top has been turned-off.
   Please set the new top explicitly by running the "project set top" command.
   To re-calculate the new top automatically, set the "Auto Implementation Top"
   property to true.
Top level has been set to "/Operation"
Generating README file...
Generating FLIST file...
INFO:sim:948 - Finished FLIST file generation.
Launching README viewer...
Moving files to output directory...
Finished moving files to output directory
Wrote CGP file for project 'Operation'.
