Release 14.7 - xst P.20131013 (nt64)
Copyright (c) 1995-2013 Xilinx, Inc.  All rights reserved.
--> Parameter TMPDIR set to xst/projnav.tmp


Total REAL time to Xst completion: 1.00 secs
Total CPU time to Xst completion: 0.12 secs
 
--> Parameter xsthdpdir set to xst


Total REAL time to Xst completion: 1.00 secs
Total CPU time to Xst completion: 0.12 secs
 
--> Reading design: Top.prj

TABLE OF CONTENTS
  1) Synthesis Options Summary
  2) HDL Parsing
  3) HDL Elaboration
  4) HDL Synthesis
       4.1) HDL Synthesis Report
  5) Advanced HDL Synthesis
       5.1) Advanced HDL Synthesis Report
  6) Low Level Synthesis
  7) Partition Report
  8) Design Summary
       8.1) Primitive and Black Box Usage
       8.2) Device utilization summary
       8.3) Partition Resource Summary
       8.4) Timing Report
            8.4.1) Clock Information
            8.4.2) Asynchronous Control Signals Information
            8.4.3) Timing Summary
            8.4.4) Timing Details
            8.4.5) Cross Clock Domains Report


=========================================================================
*                      Synthesis Options Summary                        *
=========================================================================
---- Source Parameters
Input File Name                    : "Top.prj"
Ignore Synthesis Constraint File   : NO

---- Target Parameters
Output File Name                   : "Top"
Output Format                      : NGC
Target Device                      : xc6slx16-3-csg324

---- Source Options
Top Module Name                    : Top
Automatic FSM Extraction           : YES
FSM Encoding Algorithm             : Auto
Safe Implementation                : No
FSM Style                          : LUT
RAM Extraction                     : Yes
RAM Style                          : Auto
ROM Extraction                     : Yes
Shift Register Extraction          : YES
ROM Style                          : Auto
Resource Sharing                   : YES
Asynchronous To Synchronous        : NO
Shift Register Minimum Size        : 2
Use DSP Block                      : Auto
Automatic Register Balancing       : No

---- Target Options
LUT Combining                      : Auto
Reduce Control Sets                : Auto
Add IO Buffers                     : YES
Global Maximum Fanout              : 100000
Add Generic Clock Buffer(BUFG)     : 16
Register Duplication               : YES
Optimize Instantiated Primitives   : NO
Use Clock Enable                   : Auto
Use Synchronous Set                : Auto
Use Synchronous Reset              : Auto
Pack IO Registers into IOBs        : Auto
Equivalent register Removal        : YES

---- General Options
Optimization Goal                  : Speed
Optimization Effort                : 1
Power Reduction                    : NO
Keep Hierarchy                     : No
Netlist Hierarchy                  : As_Optimized
RTL Output                         : Yes
Global Optimization                : AllClockNets
Read Cores                         : YES
Write Timing Constraints           : NO
Cross Clock Analysis               : NO
Hierarchy Separator                : /
Bus Delimiter                      : <>
Case Specifier                     : Maintain
Slice Utilization Ratio            : 100
BRAM Utilization Ratio             : 100
DSP48 Utilization Ratio            : 100
Auto BRAM Packing                  : NO
Slice Utilization Ratio Delta      : 5

=========================================================================


=========================================================================
*                          HDL Parsing                                  *
=========================================================================
Parsing VHDL file "D:\ProySisDigAva\Levi\P17_Structural_Full_Clock\DecBCD7Seg.vhd" into library work
Parsing entity <DecBCD7Seg>.
Parsing architecture <Behavioral> of entity <decbcd7seg>.
Parsing VHDL file "D:\ProySisDigAva\Levi\P17_Structural_Full_Clock\Cont0a5.vhd" into library work
Parsing entity <Cont0a5>.
Parsing architecture <Behavioral> of entity <cont0a5>.
Parsing VHDL file "D:\ProySisDigAva\Levi\P17_Structural_Full_Clock\Top.vhd" into library work
Parsing entity <Top>.
Parsing architecture <Behavioral> of entity <top>.

=========================================================================
*                            HDL Elaboration                            *
=========================================================================

Elaborating entity <Top> (architecture <Behavioral>) from library <work>.
WARNING:HDLCompiler:89 - "D:\ProySisDigAva\Levi\P17_Structural_Full_Clock\Top.vhd" Line 42: <clk1hz> remains a black-box since it has no binding entity.
WARNING:HDLCompiler:89 - "D:\ProySisDigAva\Levi\P17_Structural_Full_Clock\Top.vhd" Line 51: <cont0a9> remains a black-box since it has no binding entity.

Elaborating entity <Cont0a5> (architecture <Behavioral>) from library <work>.
WARNING:HDLCompiler:89 - "D:\ProySisDigAva\Levi\P17_Structural_Full_Clock\Top.vhd" Line 76: <cont0a23> remains a black-box since it has no binding entity.
WARNING:HDLCompiler:89 - "D:\ProySisDigAva\Levi\P17_Structural_Full_Clock\Top.vhd" Line 89: <refreshdisplay> remains a black-box since it has no binding entity.
WARNING:HDLCompiler:89 - "D:\ProySisDigAva\Levi\P17_Structural_Full_Clock\Top.vhd" Line 98: <cont0a3> remains a black-box since it has no binding entity.
WARNING:HDLCompiler:89 - "D:\ProySisDigAva\Levi\P17_Structural_Full_Clock\Top.vhd" Line 109: <mux4to1> remains a black-box since it has no binding entity.
WARNING:HDLCompiler:89 - "D:\ProySisDigAva\Levi\P17_Structural_Full_Clock\Top.vhd" Line 120: <selanodo> remains a black-box since it has no binding entity.

Elaborating entity <DecBCD7Seg> (architecture <Behavioral>) from library <work>.
WARNING:HDLCompiler:634 - "D:\ProySisDigAva\Levi\P17_Structural_Full_Clock\Top.vhd" Line 152: Net <Tiempo_int[3]> does not have a driver.

=========================================================================
*                           HDL Synthesis                               *
=========================================================================

Synthesizing Unit <Top>.
    Related source file is "D:\ProySisDigAva\Levi\P17_Structural_Full_Clock\Top.vhd".
INFO:Xst:3210 - "D:\ProySisDigAva\Levi\P17_Structural_Full_Clock\Top.vhd" line 228: Output port <Tiempo> of the instance <U9> is unconnected or connected to loadless signal.
WARNING:Xst:653 - Signal <Tiempo_int> is used but never assigned. This sourceless signal will be automatically connected to value GND.
    Summary:
	no macro.
Unit <Top> synthesized.

Synthesizing Unit <Cont0a5>.
    Related source file is "D:\ProySisDigAva\Levi\P17_Structural_Full_Clock\Cont0a5.vhd".
    Found 4-bit register for signal <Cont>.
    Found 4-bit adder for signal <Cont[3]_GND_10_o_add_1_OUT> created at line 50.
    Summary:
	inferred   1 Adder/Subtractor(s).
	inferred   4 D-type flip-flop(s).
	inferred   2 Multiplexer(s).
Unit <Cont0a5> synthesized.

Synthesizing Unit <DecBCD7Seg>.
    Related source file is "D:\ProySisDigAva\Levi\P17_Structural_Full_Clock\DecBCD7Seg.vhd".
    Summary:
	no macro.
Unit <DecBCD7Seg> synthesized.

=========================================================================
HDL Synthesis Report

Macro Statistics
# Adders/Subtractors                                   : 2
 4-bit adder                                           : 2
# Registers                                            : 2
 4-bit register                                        : 2
# Multiplexers                                         : 4
 4-bit 2-to-1 multiplexer                              : 4

=========================================================================

=========================================================================
*                       Advanced HDL Synthesis                          *
=========================================================================


=========================================================================
Advanced HDL Synthesis Report

Macro Statistics
# Adders/Subtractors                                   : 2
 4-bit adder                                           : 2
# Registers                                            : 8
 Flip-Flops                                            : 8
# Multiplexers                                         : 4
 4-bit 2-to-1 multiplexer                              : 4

=========================================================================

=========================================================================
*                         Low Level Synthesis                           *
=========================================================================

Optimizing unit <Top> ...

Optimizing unit <Cont0a5> ...
WARNING:Xst:1293 - FF/Latch <U3/Cont_3> has a constant value of 0 in block <Top>. This FF/Latch will be trimmed during the optimization process.

Mapping all equations...
WARNING:Xst:2036 - Inserting OBUF on port <SegOut<3>> driven by black box <Cont0a9>. Possible simulation mismatch.
WARNING:Xst:2036 - Inserting OBUF on port <SegOut<2>> driven by black box <Cont0a9>. Possible simulation mismatch.
WARNING:Xst:2036 - Inserting OBUF on port <SegOut<1>> driven by black box <Cont0a9>. Possible simulation mismatch.
WARNING:Xst:2036 - Inserting OBUF on port <SegOut<0>> driven by black box <Cont0a9>. Possible simulation mismatch.
WARNING:Xst:2036 - Inserting OBUF on port <Disp<3>> driven by black box <SelAnodo>. Possible simulation mismatch.
WARNING:Xst:2036 - Inserting OBUF on port <Disp<2>> driven by black box <SelAnodo>. Possible simulation mismatch.
WARNING:Xst:2036 - Inserting OBUF on port <Disp<1>> driven by black box <SelAnodo>. Possible simulation mismatch.
WARNING:Xst:2036 - Inserting OBUF on port <Disp<0>> driven by black box <SelAnodo>. Possible simulation mismatch.
Building and optimizing final netlist ...
Found area constraint ratio of 100 (+ 5) on block Top, actual ratio is 0.

Final Macro Processing ...

=========================================================================
Final Register Report

Macro Statistics
# Registers                                            : 7
 Flip-Flops                                            : 7

=========================================================================

=========================================================================
*                           Partition Report                            *
=========================================================================

Partition Implementation Status
-------------------------------

  No Partitions were found in this design.

-------------------------------

=========================================================================
*                            Design Summary                             *
=========================================================================

Top Level Output File Name         : Top.ngc

Primitive and Black Box Usage:
------------------------------
# BELS                             : 18
#      GND                         : 1
#      LUT2                        : 2
#      LUT3                        : 4
#      LUT4                        : 2
#      LUT5                        : 3
#      LUT6                        : 5
#      VCC                         : 1
# FlipFlops/Latches                : 7
#      FDC                         : 4
#      FDCE                        : 3
# Clock Buffers                    : 1
#      BUFG                        : 1
# IO Buffers                       : 32
#      IBUF                        : 12
#      OBUF                        : 20
# Others                           : 8
#      Clk1Hz                      : 1
#      Cont0a23                    : 1
#      Cont0a3                     : 1
#      Cont0a9                     : 2
#      Mux4to1                     : 1
#      RefreshDisplay              : 1
#      SelAnodo                    : 1

Device utilization summary:
---------------------------

Selected Device : 6slx16csg324-3 


Slice Logic Utilization: 
 Number of Slice Registers:               7  out of  18224     0%  
 Number of Slice LUTs:                   16  out of   9112     0%  
    Number used as Logic:                16  out of   9112     0%  

Slice Logic Distribution: 
 Number of LUT Flip Flop pairs used:     16
   Number with an unused Flip Flop:       9  out of     16    56%  
   Number with an unused LUT:             0  out of     16     0%  
   Number of fully used LUT-FF pairs:     7  out of     16    43%  
   Number of unique control sets:         2

IO Utilization: 
 Number of IOs:                          32
 Number of bonded IOBs:                  32  out of    232    13%  

Specific Feature Utilization:
 Number of BUFG/BUFGCTRLs:                1  out of     16     6%  

---------------------------
Partition Resource Summary:
---------------------------

  No Partitions were found in this design.

---------------------------


=========================================================================
Timing Report

NOTE: THESE TIMING NUMBERS ARE ONLY A SYNTHESIS ESTIMATE.
      FOR ACCURATE TIMING INFORMATION PLEASE REFER TO THE TRACE REPORT
      GENERATED AFTER PLACE-and-ROUTE.

Clock Information:
------------------
-----------------------------------+------------------------+-------+
Clock Signal                       | Clock buffer(FF name)  | Load  |
-----------------------------------+------------------------+-------+
Clk100MHz                          | IBUF+BUFG              | 7     |
-----------------------------------+------------------------+-------+

Asynchronous Control Signals Information:
----------------------------------------
No asynchronous control signals found in this design

Timing Summary:
---------------
Speed Grade: -3

   Minimum period: 2.601ns (Maximum Frequency: 384.490MHz)
   Minimum input arrival time before clock: 3.637ns
   Maximum output required time after clock: 3.762ns
   Maximum combinational path delay: 3.150ns

Timing Details:
---------------
All values displayed in nanoseconds (ns)

=========================================================================
Timing constraint: Default period analysis for Clock 'Clk100MHz'
  Clock period: 2.601ns (frequency: 384.490MHz)
  Total number of paths / destination ports: 35 / 7
-------------------------------------------------------------------------
Delay:               2.601ns (Levels of Logic = 2)
  Source:            U5/Cont_2 (FF)
  Destination:       U5/Cont_3 (FF)
  Source Clock:      Clk100MHz rising
  Destination Clock: Clk100MHz rising

  Data Path: U5/Cont_2 to U5/Cont_3
                                Gate     Net
    Cell:in->out      fanout   Delay   Delay  Logical Name (Net Name)
    ----------------------------------------  ------------
     FDC:C->Q              5   0.447   0.962  U5/Cont_2 (U5/Cont_2)
     LUT6:I2->O            1   0.203   0.684  U5/Cont[3]_Valor[3]_mux_4_OUT<3>1 (U5/Cont[3]_Valor[3]_mux_4_OUT<3>)
     LUT3:I1->O            1   0.203   0.000  U5/Cont_3_rstpot (U5/Cont_3_rstpot)
     FDC:D                     0.102          U5/Cont_3
    ----------------------------------------
    Total                      2.601ns (0.955ns logic, 1.646ns route)
                                       (36.7% logic, 63.3% route)

=========================================================================
Timing constraint: Default OFFSET IN BEFORE for Clock 'Clk100MHz'
  Total number of paths / destination ports: 49 / 17
-------------------------------------------------------------------------
Offset:              3.637ns (Levels of Logic = 3)
  Source:            MinEn (PAD)
  Destination:       U5/Cont_0 (FF)
  Destination Clock: Clk100MHz rising

  Data Path: MinEn to U5/Cont_0
                                Gate     Net
    Cell:in->out      fanout   Delay   Delay  Logical Name (Net Name)
    ----------------------------------------  ------------
     IBUF:I->O            10   1.222   1.221  MinEn_IBUF (MinEn_IBUF)
     LUT6:I0->O            4   0.203   0.684  U5/_n0020_inv1 (U5/_n0020_inv)
     LUT3:I2->O            1   0.205   0.000  U5/Cont_3_rstpot (U5/Cont_3_rstpot)
     FDC:D                     0.102          U5/Cont_3
    ----------------------------------------
    Total                      3.637ns (1.732ns logic, 1.905ns route)
                                       (47.6% logic, 52.4% route)

=========================================================================
Timing constraint: Default OFFSET OUT AFTER for Clock 'Clk100MHz'
  Total number of paths / destination ports: 17 / 9
-------------------------------------------------------------------------
Offset:              3.762ns (Levels of Logic = 1)
  Source:            U3/Cont_0 (FF)
  Destination:       SegOut<4> (PAD)
  Source Clock:      Clk100MHz rising

  Data Path: U3/Cont_0 to SegOut<4>
                                Gate     Net
    Cell:in->out      fanout   Delay   Delay  Logical Name (Net Name)
    ----------------------------------------  ------------
     FDCE:C->Q             6   0.447   0.744  U3/Cont_0 (U3/Cont_0)
     OBUF:I->O                 2.571          SegOut_4_OBUF (SegOut<4>)
    ----------------------------------------
    Total                      3.762ns (3.018ns logic, 0.744ns route)
                                       (80.2% logic, 19.8% route)

=========================================================================
Timing constraint: Default path analysis
  Total number of paths / destination ports: 59 / 55
-------------------------------------------------------------------------
Delay:               3.150ns (Levels of Logic = 1)
  Source:            U2:Cuenta<3> (PAD)
  Destination:       SegOut<3> (PAD)

  Data Path: U2:Cuenta<3> to SegOut<3>
                                Gate     Net
    Cell:in->out      fanout   Delay   Delay  Logical Name (Net Name)
    ----------------------------------------  ------------
    Cont0a9:Cuenta<3>      1   0.000   0.579  U2 (SegOut_3_OBUF)
     OBUF:I->O                 2.571          SegOut_3_OBUF (SegOut<3>)
    ----------------------------------------
    Total                      3.150ns (2.571ns logic, 0.579ns route)
                                       (81.6% logic, 18.4% route)

=========================================================================

Cross Clock Domains Report:
--------------------------

Clock to Setup on destination clock Clk100MHz
---------------+---------+---------+---------+---------+
               | Src:Rise| Src:Fall| Src:Rise| Src:Fall|
Source Clock   |Dest:Rise|Dest:Rise|Dest:Fall|Dest:Fall|
---------------+---------+---------+---------+---------+
Clk100MHz      |    2.601|         |         |         |
---------------+---------+---------+---------+---------+

=========================================================================


Total REAL time to Xst completion: 9.00 secs
Total CPU time to Xst completion: 8.64 secs
 
--> 

Total memory usage is 236372 kilobytes

Number of errors   :    0 (   0 filtered)
Number of warnings :   18 (   0 filtered)
Number of infos    :    1 (   0 filtered)

