Command line:
   RWM_TB_isim_beh.exe
     -simmode  gui
     -simrunnum  0
     -socket  11322

Tue Nov 24 09:32:42 2015


 Elaboration Time: 0.03125 sec

 Current Memory Usage: 519.238 Meg

 Total Signals          : 9
 Total Nets             : 142
 Total Signal Drivers   : 6
 Total Blocks           : 5
 Total Primitive Blocks : 4
 Total Processes        : 4
 Total Traceable Variables  : 11
 Total Scalar Nets and Variables : 521
Total Line Count : 28

 Total Simulation Time: 0.0625 sec

 Current Memory Usage: 676.532 Meg

Tue Nov 24 09:33:23 2015

