Command line:
   SN74LS138_isim_beh.exe
     -simmode  gui
     -simrunnum  0
     -socket  41227

Wed Sep 02 12:32:43 2015


 Elaboration Time: 0.03125 sec

 Current Memory Usage: 519.16 Meg

 Total Signals          : 9
 Total Nets             : 18
 Total Signal Drivers   : 3
 Total Blocks           : 2
 Total Primitive Blocks : 2
 Total Processes        : 3
 Total Traceable Variables  : 8
 Total Scalar Nets and Variables : 378
Total Line Count : 3

 Total Simulation Time: 0.3125 sec

 Current Memory Usage: 519.16 Meg

Wed Sep 02 12:37:31 2015

