Command line:
   Binary_to_Gray_Code_Converter_TB_isim_beh.exe
     -simmode  gui
     -simrunnum  0
     -socket  21728

Tue Sep 08 15:54:55 2015


 Elaboration Time: 0.03125 sec

 Current Memory Usage: 519.094 Meg

 Total Signals          : 4
 Total Nets             : 8
 Total Signal Drivers   : 5
 Total Blocks           : 6
 Total Primitive Blocks : 4
 Total Processes        : 5
 Total Traceable Variables  : 12
 Total Scalar Nets and Variables : 372
Total Line Count : 20
Total Line Count : 20

 Total Simulation Time: 0.046875 sec

 Current Memory Usage: 676.389 Meg

Tue Sep 08 15:56:25 2015

