--------------------------------------------------------------------------------
Release 14.7 Trace  (nt64)
Copyright (c) 1995-2013 Xilinx, Inc.  All rights reserved.

C:\Xilinx\14.7\ISE_DS\ISE\bin\nt64\unwrapped\trce.exe -intstyle ise -v 3 -s 3
-n 3 -fastpaths -xml Challenge1.twx Challenge1.ncd -o Challenge1.twr
Challenge1.pcf -ucf Challenge1.ucf

Design file:              Challenge1.ncd
Physical constraint file: Challenge1.pcf
Device,package,speed:     xc6slx16,csg324,C,-3 (PRODUCTION 1.23 2013-10-13)
Report level:             verbose report

Environment Variable      Effect 
--------------------      ------ 
NONE                      No environment variables were set
--------------------------------------------------------------------------------

INFO:Timing:2698 - No timing constraints found, doing default enumeration.
INFO:Timing:3412 - To improve timing, see the Timing Closure User Guide (UG612).
INFO:Timing:2752 - To get complete path coverage, use the unconstrained paths 
   option. All paths that are not constrained will be reported in the 
   unconstrained paths section(s) of the report.
INFO:Timing:3339 - The clock-to-out numbers in this timing report are based on 
   a 50 Ohm transmission line loading model.  For the details of this model, 
   and for more information on accounting for different loading conditions, 
   please see the device datasheet.



Data Sheet report:
-----------------
All values displayed in nanoseconds (ns)

Pad to Pad
---------------+---------------+---------+
Source Pad     |Destination Pad|  Delay  |
---------------+---------------+---------+
Code<0>        |Seg<0>         |    8.123|
Code<0>        |Seg<1>         |    7.849|
Code<0>        |Seg<2>         |    7.883|
Code<0>        |Seg<3>         |    7.673|
Code<0>        |Seg<4>         |    7.580|
Code<0>        |Seg<5>         |    7.531|
Code<0>        |Seg<6>         |    8.041|
Code<1>        |Seg<0>         |    8.186|
Code<1>        |Seg<1>         |    8.357|
Code<1>        |Seg<2>         |    7.772|
Code<1>        |Seg<3>         |    7.765|
Code<1>        |Seg<4>         |    7.469|
Code<1>        |Seg<5>         |    7.623|
Code<1>        |Seg<6>         |    8.549|
Code<2>        |Seg<0>         |    7.729|
Code<2>        |Seg<1>         |    7.909|
Code<2>        |Seg<2>         |    7.703|
Code<2>        |Seg<3>         |    7.446|
Code<2>        |Seg<4>         |    7.400|
Code<2>        |Seg<5>         |    7.304|
Code<2>        |Seg<6>         |    8.101|
Code<3>        |Seg<0>         |    8.069|
Code<3>        |Seg<1>         |    7.863|
Code<3>        |Seg<2>         |    7.629|
Code<3>        |Seg<3>         |    7.585|
Code<3>        |Seg<4>         |    7.326|
Code<3>        |Seg<5>         |    7.443|
Code<3>        |Seg<6>         |    8.055|
Sel            |Seg<0>         |   10.177|
Sel            |Seg<1>         |   10.424|
Sel            |Seg<2>         |   10.699|
Sel            |Seg<3>         |   10.782|
Sel            |Seg<4>         |   10.396|
Sel            |Seg<5>         |   10.640|
Sel            |Seg<6>         |   10.616|
---------------+---------------+---------+


Analysis completed Wed Sep 09 17:52:07 2015 
--------------------------------------------------------------------------------

Trace Settings:
-------------------------
Trace Settings 

Peak Memory Usage: 241 MB



