--------------------------------------------------------------------------------
Release 14.7 Trace  (nt64)
Copyright (c) 1995-2013 Xilinx, Inc.  All rights reserved.

C:\Xilinx\14.7\ISE_DS\ISE\bin\nt64\unwrapped\trce.exe -intstyle ise -v 3 -s 3
-n 3 -fastpaths -xml Ascending_Decimal_BCD_Counter.twx
Ascending_Decimal_BCD_Counter.ncd -o Ascending_Decimal_BCD_Counter.twr
Ascending_Decimal_BCD_Counter.pcf -ucf Ascending_Decimal_BCD_Counter.ucf

Design file:              Ascending_Decimal_BCD_Counter.ncd
Physical constraint file: Ascending_Decimal_BCD_Counter.pcf
Device,package,speed:     xc6slx16,csg324,C,-3 (PRODUCTION 1.23 2013-10-13)
Report level:             verbose report

Environment Variable      Effect 
--------------------      ------ 
NONE                      No environment variables were set
--------------------------------------------------------------------------------

INFO:Timing:2698 - No timing constraints found, doing default enumeration.
INFO:Timing:3412 - To improve timing, see the Timing Closure User Guide (UG612).
INFO:Timing:2752 - To get complete path coverage, use the unconstrained paths 
   option. All paths that are not constrained will be reported in the 
   unconstrained paths section(s) of the report.
INFO:Timing:3339 - The clock-to-out numbers in this timing report are based on 
   a 50 Ohm transmission line loading model.  For the details of this model, 
   and for more information on accounting for different loading conditions, 
   please see the device datasheet.



Data Sheet report:
-----------------
All values displayed in nanoseconds (ns)

Setup/Hold to clock Clk
------------+------------+------------+------------+------------+------------------+--------+
            |Max Setup to|  Process   |Max Hold to |  Process   |                  | Clock  |
Source      | clk (edge) |   Corner   | clk (edge) |   Corner   |Internal Clock(s) | Phase  |
------------+------------+------------+------------+------------+------------------+--------+
Rst         |    3.584(R)|      SLOW  |   -2.148(R)|      FAST  |Clk_BUFGP         |   0.000|
------------+------------+------------+------------+------------+------------------+--------+

Clock Clk to Pad
------------+-----------------+------------+-----------------+------------+------------------+--------+
            |Max (slowest) clk|  Process   |Min (fastest) clk|  Process   |                  | Clock  |
Destination |  (edge) to PAD  |   Corner   |  (edge) to PAD  |   Corner   |Internal Clock(s) | Phase  |
------------+-----------------+------------+-----------------+------------+------------------+--------+
Seg<0>      |         8.149(R)|      SLOW  |         4.132(R)|      FAST  |Clk_BUFGP         |   0.000|
Seg<1>      |         8.161(R)|      SLOW  |         4.076(R)|      FAST  |Clk_BUFGP         |   0.000|
Seg<2>      |         8.446(R)|      SLOW  |         4.163(R)|      FAST  |Clk_BUFGP         |   0.000|
Seg<3>      |         8.177(R)|      SLOW  |         4.045(R)|      FAST  |Clk_BUFGP         |   0.000|
Seg<4>      |         8.405(R)|      SLOW  |         4.257(R)|      FAST  |Clk_BUFGP         |   0.000|
Seg<5>      |         8.483(R)|      SLOW  |         4.194(R)|      FAST  |Clk_BUFGP         |   0.000|
Seg<6>      |         8.234(R)|      SLOW  |         4.194(R)|      FAST  |Clk_BUFGP         |   0.000|
------------+-----------------+------------+-----------------+------------+------------------+--------+

Clock to Setup on destination clock Clk
---------------+---------+---------+---------+---------+
               | Src:Rise| Src:Fall| Src:Rise| Src:Fall|
Source Clock   |Dest:Rise|Dest:Rise|Dest:Fall|Dest:Fall|
---------------+---------+---------+---------+---------+
Clk            |    3.177|         |         |         |
---------------+---------+---------+---------+---------+


Analysis completed Thu Oct 08 17:36:04 2015 
--------------------------------------------------------------------------------

Trace Settings:
-------------------------
Trace Settings 

Peak Memory Usage: 240 MB



