Release 14.7 - xst P.20131013 (nt64)
Copyright (c) 1995-2013 Xilinx, Inc.  All rights reserved.
--> Parameter TMPDIR set to xst/projnav.tmp


Total REAL time to Xst completion: 0.00 secs
Total CPU time to Xst completion: 0.08 secs
 
--> Parameter xsthdpdir set to xst


Total REAL time to Xst completion: 0.00 secs
Total CPU time to Xst completion: 0.08 secs
 
--> Reading design: StopLigth.prj

TABLE OF CONTENTS
  1) Synthesis Options Summary
  2) HDL Parsing
  3) HDL Elaboration
  4) HDL Synthesis
       4.1) HDL Synthesis Report
  5) Advanced HDL Synthesis
       5.1) Advanced HDL Synthesis Report
  6) Low Level Synthesis
  7) Partition Report
  8) Design Summary
       8.1) Primitive and Black Box Usage
       8.2) Device utilization summary
       8.3) Partition Resource Summary
       8.4) Timing Report
            8.4.1) Clock Information
            8.4.2) Asynchronous Control Signals Information
            8.4.3) Timing Summary
            8.4.4) Timing Details
            8.4.5) Cross Clock Domains Report


=========================================================================
*                      Synthesis Options Summary                        *
=========================================================================
---- Source Parameters
Input File Name                    : "StopLigth.prj"
Ignore Synthesis Constraint File   : NO

---- Target Parameters
Output File Name                   : "StopLigth"
Output Format                      : NGC
Target Device                      : xc6slx16-3-csg324

---- Source Options
Top Module Name                    : StopLigth
Automatic FSM Extraction           : YES
FSM Encoding Algorithm             : Auto
Safe Implementation                : No
FSM Style                          : LUT
RAM Extraction                     : Yes
RAM Style                          : Auto
ROM Extraction                     : Yes
Shift Register Extraction          : YES
ROM Style                          : Auto
Resource Sharing                   : YES
Asynchronous To Synchronous        : NO
Shift Register Minimum Size        : 2
Use DSP Block                      : Auto
Automatic Register Balancing       : No

---- Target Options
LUT Combining                      : Auto
Reduce Control Sets                : Auto
Add IO Buffers                     : YES
Global Maximum Fanout              : 100000
Add Generic Clock Buffer(BUFG)     : 16
Register Duplication               : YES
Optimize Instantiated Primitives   : NO
Use Clock Enable                   : Auto
Use Synchronous Set                : Auto
Use Synchronous Reset              : Auto
Pack IO Registers into IOBs        : Auto
Equivalent register Removal        : YES

---- General Options
Optimization Goal                  : Speed
Optimization Effort                : 1
Power Reduction                    : NO
Keep Hierarchy                     : No
Netlist Hierarchy                  : As_Optimized
RTL Output                         : Yes
Global Optimization                : AllClockNets
Read Cores                         : YES
Write Timing Constraints           : NO
Cross Clock Analysis               : NO
Hierarchy Separator                : /
Bus Delimiter                      : <>
Case Specifier                     : Maintain
Slice Utilization Ratio            : 100
BRAM Utilization Ratio             : 100
DSP48 Utilization Ratio            : 100
Auto BRAM Packing                  : NO
Slice Utilization Ratio Delta      : 5

=========================================================================


=========================================================================
*                          HDL Parsing                                  *
=========================================================================
Parsing VHDL file "D:\ProySisDigAva\Levi\P26_StopLigth\StopLigth.vhd" into library work
Parsing entity <StopLigth>.
Parsing architecture <Behavioral> of entity <stopligth>.

=========================================================================
*                            HDL Elaboration                            *
=========================================================================

Elaborating entity <StopLigth> (architecture <Behavioral>) from library <work>.
INFO:HDLCompiler:679 - "D:\ProySisDigAva\Levi\P26_StopLigth\StopLigth.vhd" Line 100. Case statement is complete. others clause is never selected
INFO:HDLCompiler:679 - "D:\ProySisDigAva\Levi\P26_StopLigth\StopLigth.vhd" Line 115. Case statement is complete. others clause is never selected

=========================================================================
*                           HDL Synthesis                               *
=========================================================================

Synthesizing Unit <StopLigth>.
    Related source file is "D:\ProySisDigAva\Levi\P26_StopLigth\StopLigth.vhd".
    Found 2-bit register for signal <pres_state>.
    Found 24-bit register for signal <Cont>.
    Found 1-bit register for signal <ClkOut>.
    Found 5-bit register for signal <seconds_count>.
    Found finite state machine <FSM_0> for signal <pres_state>.
    -----------------------------------------------------------------------
    | States             | 4                                              |
    | Transitions        | 12                                             |
    | Inputs             | 2                                              |
    | Outputs            | 8                                              |
    | Clock              | Clk (rising_edge)                              |
    | Reset              | Rst (positive)                                 |
    | Reset type         | asynchronous                                   |
    | Reset State        | r                                              |
    | Power Up State     | r                                              |
    | Encoding           | auto                                           |
    | Implementation     | LUT                                            |
    -----------------------------------------------------------------------
    Found 24-bit adder for signal <Cont[23]_GND_6_o_add_1_OUT> created at line 62.
    Found 5-bit adder for signal <seconds_count[4]_GND_6_o_add_5_OUT> created at line 77.
    Found 5-bit comparator equal for signal <seconds_count[4]_seconds_current_state[4]_equal_5_o> created at line 74
    Summary:
	inferred   2 Adder/Subtractor(s).
	inferred  30 D-type flip-flop(s).
	inferred   1 Comparator(s).
	inferred   1 Multiplexer(s).
	inferred   1 Finite State Machine(s).
Unit <StopLigth> synthesized.

=========================================================================
HDL Synthesis Report

Macro Statistics
# Adders/Subtractors                                   : 2
 24-bit adder                                          : 1
 5-bit adder                                           : 1
# Registers                                            : 3
 1-bit register                                        : 1
 24-bit register                                       : 1
 5-bit register                                        : 1
# Comparators                                          : 1
 5-bit comparator equal                                : 1
# Multiplexers                                         : 1
 24-bit 2-to-1 multiplexer                             : 1
# FSMs                                                 : 1

=========================================================================

=========================================================================
*                       Advanced HDL Synthesis                          *
=========================================================================


Synthesizing (advanced) Unit <StopLigth>.
The following registers are absorbed into counter <Cont>: 1 register on signal <Cont>.
The following registers are absorbed into counter <seconds_count>: 1 register on signal <seconds_count>.
Unit <StopLigth> synthesized (advanced).

=========================================================================
Advanced HDL Synthesis Report

Macro Statistics
# Counters                                             : 2
 24-bit up counter                                     : 1
 5-bit up counter                                      : 1
# Registers                                            : 1
 Flip-Flops                                            : 1
# Comparators                                          : 1
 5-bit comparator equal                                : 1
# FSMs                                                 : 1

=========================================================================

=========================================================================
*                         Low Level Synthesis                           *
=========================================================================
Analyzing FSM <MFsm> for best encoding.
Optimizing FSM <FSM_0> on signal <pres_state[1:2]> with user encoding.
-------------------
 State | Encoding
-------------------
 r     | 00
 a     | 01
 g     | 10
 o     | 11
-------------------

Optimizing unit <StopLigth> ...

Mapping all equations...
Building and optimizing final netlist ...
Found area constraint ratio of 100 (+ 5) on block StopLigth, actual ratio is 0.

Final Macro Processing ...

=========================================================================
Final Register Report

Macro Statistics
# Registers                                            : 32
 Flip-Flops                                            : 32

=========================================================================

=========================================================================
*                           Partition Report                            *
=========================================================================

Partition Implementation Status
-------------------------------

  No Partitions were found in this design.

-------------------------------

=========================================================================
*                            Design Summary                             *
=========================================================================

Top Level Output File Name         : StopLigth.ngc

Primitive and Black Box Usage:
------------------------------
# BELS                             : 116
#      GND                         : 1
#      INV                         : 2
#      LUT1                        : 23
#      LUT2                        : 4
#      LUT3                        : 1
#      LUT4                        : 3
#      LUT5                        : 26
#      LUT6                        : 8
#      MUXCY                       : 23
#      VCC                         : 1
#      XORCY                       : 24
# FlipFlops/Latches                : 32
#      FDC                         : 26
#      FDE                         : 6
# Clock Buffers                    : 1
#      BUFGP                       : 1
# IO Buffers                       : 4
#      IBUF                        : 1
#      OBUF                        : 3

Device utilization summary:
---------------------------

Selected Device : 6slx16csg324-3 


Slice Logic Utilization: 
 Number of Slice Registers:              32  out of  18224     0%  
 Number of Slice LUTs:                   67  out of   9112     0%  
    Number used as Logic:                67  out of   9112     0%  

Slice Logic Distribution: 
 Number of LUT Flip Flop pairs used:     67
   Number with an unused Flip Flop:      35  out of     67    52%  
   Number with an unused LUT:             0  out of     67     0%  
   Number of fully used LUT-FF pairs:    32  out of     67    47%  
   Number of unique control sets:         3

IO Utilization: 
 Number of IOs:                           5
 Number of bonded IOBs:                   5  out of    232     2%  

Specific Feature Utilization:
 Number of BUFG/BUFGCTRLs:                1  out of     16     6%  

---------------------------
Partition Resource Summary:
---------------------------

  No Partitions were found in this design.

---------------------------


=========================================================================
Timing Report

NOTE: THESE TIMING NUMBERS ARE ONLY A SYNTHESIS ESTIMATE.
      FOR ACCURATE TIMING INFORMATION PLEASE REFER TO THE TRACE REPORT
      GENERATED AFTER PLACE-and-ROUTE.

Clock Information:
------------------
-----------------------------------+------------------------+-------+
Clock Signal                       | Clock buffer(FF name)  | Load  |
-----------------------------------+------------------------+-------+
Clk                                | BUFGP                  | 32    |
-----------------------------------+------------------------+-------+

Asynchronous Control Signals Information:
----------------------------------------
No asynchronous control signals found in this design

Timing Summary:
---------------
Speed Grade: -3

   Minimum period: 3.537ns (Maximum Frequency: 282.686MHz)
   Minimum input arrival time before clock: 4.050ns
   Maximum output required time after clock: 4.649ns
   Maximum combinational path delay: No path found

Timing Details:
---------------
All values displayed in nanoseconds (ns)

=========================================================================
Timing constraint: Default period analysis for Clock 'Clk'
  Clock period: 3.537ns (frequency: 282.686MHz)
  Total number of paths / destination ports: 974 / 37
-------------------------------------------------------------------------
Delay:               3.537ns (Levels of Logic = 2)
  Source:            seconds_count_3 (FF)
  Destination:       seconds_count_0 (FF)
  Source Clock:      Clk rising
  Destination Clock: Clk rising

  Data Path: seconds_count_3 to seconds_count_0
                                Gate     Net
    Cell:in->out      fanout   Delay   Delay  Logical Name (Net Name)
    ----------------------------------------  ------------
     FDE:C->Q              3   0.447   0.995  seconds_count_3 (seconds_count_3)
     LUT6:I1->O            3   0.203   0.651  seconds_count[4]_seconds_current_state[4]_equal_5_o51 (seconds_count[4]_seconds_current_state[4]_equal_5_o5)
     LUT2:I1->O            5   0.205   0.714  _n0045_inv1_cepot (_n0045_inv1_cepot)
     FDE:CE                    0.322          seconds_count_0
    ----------------------------------------
    Total                      3.537ns (1.177ns logic, 2.360ns route)
                                       (33.3% logic, 66.7% route)

=========================================================================
Timing constraint: Default OFFSET IN BEFORE for Clock 'Clk'
  Total number of paths / destination ports: 32 / 32
-------------------------------------------------------------------------
Offset:              4.050ns (Levels of Logic = 3)
  Source:            Rst (PAD)
  Destination:       seconds_count_4 (FF)
  Destination Clock: Clk rising

  Data Path: Rst to seconds_count_4
                                Gate     Net
    Cell:in->out      fanout   Delay   Delay  Logical Name (Net Name)
    ----------------------------------------  ------------
     IBUF:I->O            32   1.222   1.396  Rst_IBUF (Rst_IBUF)
     LUT2:I0->O            1   0.203   0.924  _n0045_inv1_rstpot (_n0045_inv1_rstpot)
     LUT6:I1->O            1   0.203   0.000  seconds_count_4_dpot (seconds_count_4_dpot)
     FDE:D                     0.102          seconds_count_4
    ----------------------------------------
    Total                      4.050ns (1.730ns logic, 2.320ns route)
                                       (42.7% logic, 57.3% route)

=========================================================================
Timing constraint: Default OFFSET OUT AFTER for Clock 'Clk'
  Total number of paths / destination ports: 5 / 3
-------------------------------------------------------------------------
Offset:              4.649ns (Levels of Logic = 2)
  Source:            pres_state_FSM_FFd2 (FF)
  Destination:       Ligths<2> (PAD)
  Source Clock:      Clk rising

  Data Path: pres_state_FSM_FFd2 to Ligths<2>
                                Gate     Net
    Cell:in->out      fanout   Delay   Delay  Logical Name (Net Name)
    ----------------------------------------  ------------
     FDC:C->Q              6   0.447   0.849  pres_state_FSM_FFd2 (pres_state_FSM_FFd2)
     LUT2:I0->O            1   0.203   0.579  Ligths<0>1 (Ligths_0_OBUF)
     OBUF:I->O                 2.571          Ligths_0_OBUF (Ligths<0>)
    ----------------------------------------
    Total                      4.649ns (3.221ns logic, 1.428ns route)
                                       (69.3% logic, 30.7% route)

=========================================================================

Cross Clock Domains Report:
--------------------------

Clock to Setup on destination clock Clk
---------------+---------+---------+---------+---------+
               | Src:Rise| Src:Fall| Src:Rise| Src:Fall|
Source Clock   |Dest:Rise|Dest:Rise|Dest:Fall|Dest:Fall|
---------------+---------+---------+---------+---------+
Clk            |    3.537|         |         |         |
---------------+---------+---------+---------+---------+

=========================================================================


Total REAL time to Xst completion: 5.00 secs
Total CPU time to Xst completion: 5.28 secs
 
--> 

Total memory usage is 252564 kilobytes

Number of errors   :    0 (   0 filtered)
Number of warnings :    0 (   0 filtered)
Number of infos    :    0 (   0 filtered)

