Running: C:\Xilinx\14.7\ISE_DS\ISE\bin\nt64\unwrapped\fuse.exe -intstyle ise -incremental -lib secureip -o D:/ProySisDigAva/Levi/P22_Shift_Register_8_bit_SN74164/Shift_Register_TB_isim_beh.exe -prj D:/ProySisDigAva/Levi/P22_Shift_Register_8_bit_SN74164/Shift_Register_TB_beh.prj work.Shift_Register_TB 
ISim P.20131013 (signature 0x7708f090)
Number of CPUs detected in this system: 8
Turning on mult-threading, number of parallel sub-compilation jobs: 16 
Determining compilation order of HDL files
Parsing VHDL file "D:/ProySisDigAva/Levi/P22_Shift_Register_8_bit_SN74164/Shift_Register.vhd" into library work
Parsing VHDL file "D:/ProySisDigAva/Levi/P22_Shift_Register_8_bit_SN74164/Shift_Register_TB.vhd" into library work
Starting static elaboration
Completed static elaboration
Compiling package standard
Compiling package std_logic_1164
Compiling package numeric_std
Compiling package std_logic_arith
Compiling package std_logic_unsigned
Compiling architecture behavioral of entity Shift_Register [shift_register_default]
Compiling architecture behavior of entity shift_register_tb
Time Resolution for simulation is 1ps.
Compiled 8 VHDL Units
Built simulation executable D:/ProySisDigAva/Levi/P22_Shift_Register_8_bit_SN74164/Shift_Register_TB_isim_beh.exe
Fuse Memory Usage: 35076 KB
Fuse CPU Usage: 624 ms
