Release 14.7 - xst P.20131013 (nt64)
Copyright (c) 1995-2013 Xilinx, Inc.  All rights reserved.
--> Parameter TMPDIR set to xst/projnav.tmp


Total REAL time to Xst completion: 1.00 secs
Total CPU time to Xst completion: 0.08 secs
 
--> Parameter xsthdpdir set to xst


Total REAL time to Xst completion: 1.00 secs
Total CPU time to Xst completion: 0.08 secs
 
--> Reading design: Shift_Register.prj

TABLE OF CONTENTS
  1) Synthesis Options Summary
  2) HDL Parsing
  3) HDL Elaboration
  4) HDL Synthesis
       4.1) HDL Synthesis Report
  5) Advanced HDL Synthesis
       5.1) Advanced HDL Synthesis Report
  6) Low Level Synthesis
  7) Partition Report
  8) Design Summary
       8.1) Primitive and Black Box Usage
       8.2) Device utilization summary
       8.3) Partition Resource Summary
       8.4) Timing Report
            8.4.1) Clock Information
            8.4.2) Asynchronous Control Signals Information
            8.4.3) Timing Summary
            8.4.4) Timing Details
            8.4.5) Cross Clock Domains Report


=========================================================================
*                      Synthesis Options Summary                        *
=========================================================================
---- Source Parameters
Input File Name                    : "Shift_Register.prj"
Ignore Synthesis Constraint File   : NO

---- Target Parameters
Output File Name                   : "Shift_Register"
Output Format                      : NGC
Target Device                      : xc6slx16-3-csg324

---- Source Options
Top Module Name                    : Shift_Register
Automatic FSM Extraction           : YES
FSM Encoding Algorithm             : Auto
Safe Implementation                : No
FSM Style                          : LUT
RAM Extraction                     : Yes
RAM Style                          : Auto
ROM Extraction                     : Yes
Shift Register Extraction          : YES
ROM Style                          : Auto
Resource Sharing                   : YES
Asynchronous To Synchronous        : NO
Shift Register Minimum Size        : 2
Use DSP Block                      : Auto
Automatic Register Balancing       : No

---- Target Options
LUT Combining                      : Auto
Reduce Control Sets                : Auto
Add IO Buffers                     : YES
Global Maximum Fanout              : 100000
Add Generic Clock Buffer(BUFG)     : 16
Register Duplication               : YES
Optimize Instantiated Primitives   : NO
Use Clock Enable                   : Auto
Use Synchronous Set                : Auto
Use Synchronous Reset              : Auto
Pack IO Registers into IOBs        : Auto
Equivalent register Removal        : YES

---- General Options
Optimization Goal                  : Speed
Optimization Effort                : 1
Power Reduction                    : NO
Keep Hierarchy                     : No
Netlist Hierarchy                  : As_Optimized
RTL Output                         : Yes
Global Optimization                : AllClockNets
Read Cores                         : YES
Write Timing Constraints           : NO
Cross Clock Analysis               : NO
Hierarchy Separator                : /
Bus Delimiter                      : <>
Case Specifier                     : Maintain
Slice Utilization Ratio            : 100
BRAM Utilization Ratio             : 100
DSP48 Utilization Ratio            : 100
Auto BRAM Packing                  : NO
Slice Utilization Ratio Delta      : 5

=========================================================================


=========================================================================
*                          HDL Parsing                                  *
=========================================================================
Parsing VHDL file "D:\ProySisDigAva\Levi\P22_Shift_Register_8_bit_SN74164\Shift_Register.vhd" into library work
Parsing entity <Shift_Register>.
Parsing architecture <Behavioral> of entity <shift_register>.

=========================================================================
*                            HDL Elaboration                            *
=========================================================================

Elaborating entity <Shift_Register> (architecture <Behavioral>) from library <work>.

=========================================================================
*                           HDL Synthesis                               *
=========================================================================

Synthesizing Unit <Shift_Register>.
    Related source file is "D:\ProySisDigAva\Levi\P22_Shift_Register_8_bit_SN74164\Shift_Register.vhd".
    Found 8-bit register for signal <Q>.
    Summary:
	inferred   8 D-type flip-flop(s).
Unit <Shift_Register> synthesized.

=========================================================================
HDL Synthesis Report

Macro Statistics
# Registers                                            : 1
 8-bit register                                        : 1

=========================================================================

=========================================================================
*                       Advanced HDL Synthesis                          *
=========================================================================


=========================================================================
Advanced HDL Synthesis Report

Macro Statistics
# Registers                                            : 8
 Flip-Flops                                            : 8

=========================================================================

=========================================================================
*                         Low Level Synthesis                           *
=========================================================================

Optimizing unit <Shift_Register> ...

Mapping all equations...
Building and optimizing final netlist ...
Found area constraint ratio of 100 (+ 5) on block Shift_Register, actual ratio is 0.
FlipFlop Reg_0 has been replicated 1 time(s) to handle iob=true attribute.

Final Macro Processing ...

=========================================================================
Final Register Report

Macro Statistics
# Registers                                            : 9
 Flip-Flops                                            : 9

=========================================================================

=========================================================================
*                           Partition Report                            *
=========================================================================

Partition Implementation Status
-------------------------------

  No Partitions were found in this design.

-------------------------------

=========================================================================
*                            Design Summary                             *
=========================================================================

Top Level Output File Name         : Shift_Register.ngc

Primitive and Black Box Usage:
------------------------------
# BELS                             : 2
#      INV                         : 1
#      LUT2                        : 1
# FlipFlops/Latches                : 9
#      FDC                         : 9
# Clock Buffers                    : 1
#      BUFGP                       : 1
# IO Buffers                       : 11
#      IBUF                        : 3
#      OBUF                        : 8

Device utilization summary:
---------------------------

Selected Device : 6slx16csg324-3 


Slice Logic Utilization: 
 Number of Slice Registers:               8  out of  18224     0%  
 Number of Slice LUTs:                    2  out of   9112     0%  
    Number used as Logic:                 2  out of   9112     0%  

Slice Logic Distribution: 
 Number of LUT Flip Flop pairs used:     10
   Number with an unused Flip Flop:       2  out of     10    20%  
   Number with an unused LUT:             8  out of     10    80%  
   Number of fully used LUT-FF pairs:     0  out of     10     0%  
   Number of unique control sets:         1

IO Utilization: 
 Number of IOs:                          12
 Number of bonded IOBs:                  12  out of    232     5%  
    IOB Flip Flops/Latches:               1

Specific Feature Utilization:
 Number of BUFG/BUFGCTRLs:                1  out of     16     6%  

---------------------------
Partition Resource Summary:
---------------------------

  No Partitions were found in this design.

---------------------------


=========================================================================
Timing Report

NOTE: THESE TIMING NUMBERS ARE ONLY A SYNTHESIS ESTIMATE.
      FOR ACCURATE TIMING INFORMATION PLEASE REFER TO THE TRACE REPORT
      GENERATED AFTER PLACE-and-ROUTE.

Clock Information:
------------------
-----------------------------------+------------------------+-------+
Clock Signal                       | Clock buffer(FF name)  | Load  |
-----------------------------------+------------------------+-------+
Clk                                | BUFGP                  | 9     |
-----------------------------------+------------------------+-------+

Asynchronous Control Signals Information:
----------------------------------------
No asynchronous control signals found in this design

Timing Summary:
---------------
Speed Grade: -3

   Minimum period: 1.165ns (Maximum Frequency: 858.185MHz)
   Minimum input arrival time before clock: 3.266ns
   Maximum output required time after clock: 3.634ns
   Maximum combinational path delay: No path found

Timing Details:
---------------
All values displayed in nanoseconds (ns)

=========================================================================
Timing constraint: Default period analysis for Clock 'Clk'
  Clock period: 1.165ns (frequency: 858.185MHz)
  Total number of paths / destination ports: 7 / 7
-------------------------------------------------------------------------
Delay:               1.165ns (Levels of Logic = 0)
  Source:            Reg_6 (FF)
  Destination:       Reg_7 (FF)
  Source Clock:      Clk rising
  Destination Clock: Clk rising

  Data Path: Reg_6 to Reg_7
                                Gate     Net
    Cell:in->out      fanout   Delay   Delay  Logical Name (Net Name)
    ----------------------------------------  ------------
     FDC:C->Q              2   0.447   0.616  Reg_6 (Reg_6)
     FDC:D                     0.102          Reg_7
    ----------------------------------------
    Total                      1.165ns (0.549ns logic, 0.616ns route)
                                       (47.1% logic, 52.9% route)

=========================================================================
Timing constraint: Default OFFSET IN BEFORE for Clock 'Clk'
  Total number of paths / destination ports: 13 / 11
-------------------------------------------------------------------------
Offset:              3.266ns (Levels of Logic = 2)
  Source:            Clr (PAD)
  Destination:       Reg_7 (FF)
  Destination Clock: Clk rising

  Data Path: Clr to Reg_7
                                Gate     Net
    Cell:in->out      fanout   Delay   Delay  Logical Name (Net Name)
    ----------------------------------------  ------------
     IBUF:I->O             1   1.222   0.579  Clr_IBUF (Clr_IBUF)
     INV:I->O              9   0.206   0.829  Clr_inv1_INV_0 (Clr_inv)
     FDC:CLR                   0.430          Reg_7
    ----------------------------------------
    Total                      3.266ns (1.858ns logic, 1.408ns route)
                                       (56.9% logic, 43.1% route)

=========================================================================
Timing constraint: Default OFFSET OUT AFTER for Clock 'Clk'
  Total number of paths / destination ports: 8 / 8
-------------------------------------------------------------------------
Offset:              3.634ns (Levels of Logic = 1)
  Source:            Reg_1 (FF)
  Destination:       Q<1> (PAD)
  Source Clock:      Clk rising

  Data Path: Reg_1 to Q<1>
                                Gate     Net
    Cell:in->out      fanout   Delay   Delay  Logical Name (Net Name)
    ----------------------------------------  ------------
     FDC:C->Q              2   0.447   0.616  Reg_1 (Reg_1)
     OBUF:I->O                 2.571          Q_1_OBUF (Q<1>)
    ----------------------------------------
    Total                      3.634ns (3.018ns logic, 0.616ns route)
                                       (83.0% logic, 17.0% route)

=========================================================================

Cross Clock Domains Report:
--------------------------

Clock to Setup on destination clock Clk
---------------+---------+---------+---------+---------+
               | Src:Rise| Src:Fall| Src:Rise| Src:Fall|
Source Clock   |Dest:Rise|Dest:Rise|Dest:Fall|Dest:Fall|
---------------+---------+---------+---------+---------+
Clk            |    1.165|         |         |         |
---------------+---------+---------+---------+---------+

=========================================================================


Total REAL time to Xst completion: 5.00 secs
Total CPU time to Xst completion: 5.01 secs
 
--> 

Total memory usage is 252564 kilobytes

Number of errors   :    0 (   0 filtered)
Number of warnings :    0 (   0 filtered)
Number of infos    :    0 (   0 filtered)

