Command line:
   Cont0a9_tb_isim_beh.exe
     -simmode  gui
     -simrunnum  0
     -socket  65288

Fri Oct 09 09:22:33 2015


 Elaboration Time: 0.140625 sec

 Current Memory Usage: 856.9 Meg

 Total Signals          : 15
 Total Nets             : 14
 Total Signal Drivers   : 8
 Total Blocks           : 5
 Total Primitive Blocks : 4
 Total Processes        : 4
 Total Traceable Variables  : 11
 Total Scalar Nets and Variables : 393
Total Line Count : 35
Total Line Count : 35

 Total Simulation Time: 0.140625 sec

 Current Memory Usage: 384.979 Meg

Fri Oct 09 09:25:56 2015

