Release 14.7 - xst P.20131013 (nt64)
Copyright (c) 1995-2013 Xilinx, Inc.  All rights reserved.
--> Parameter TMPDIR set to xst/projnav.tmp


Total REAL time to Xst completion: 0.00 secs
Total CPU time to Xst completion: 0.09 secs
 
--> Parameter xsthdpdir set to xst


Total REAL time to Xst completion: 0.00 secs
Total CPU time to Xst completion: 0.09 secs
 
--> Reading design: Top.prj

TABLE OF CONTENTS
  1) Synthesis Options Summary
  2) HDL Parsing
  3) HDL Elaboration
  4) HDL Synthesis
       4.1) HDL Synthesis Report
  5) Advanced HDL Synthesis
       5.1) Advanced HDL Synthesis Report
  6) Low Level Synthesis
  7) Partition Report
  8) Design Summary
       8.1) Primitive and Black Box Usage
       8.2) Device utilization summary
       8.3) Partition Resource Summary
       8.4) Timing Report
            8.4.1) Clock Information
            8.4.2) Asynchronous Control Signals Information
            8.4.3) Timing Summary
            8.4.4) Timing Details
            8.4.5) Cross Clock Domains Report


=========================================================================
*                      Synthesis Options Summary                        *
=========================================================================
---- Source Parameters
Input File Name                    : "Top.prj"
Ignore Synthesis Constraint File   : NO

---- Target Parameters
Output File Name                   : "Top"
Output Format                      : NGC
Target Device                      : xc6slx16-3-csg324

---- Source Options
Top Module Name                    : Top
Automatic FSM Extraction           : YES
FSM Encoding Algorithm             : Auto
Safe Implementation                : No
FSM Style                          : LUT
RAM Extraction                     : Yes
RAM Style                          : Auto
ROM Extraction                     : Yes
Shift Register Extraction          : YES
ROM Style                          : Auto
Resource Sharing                   : YES
Asynchronous To Synchronous        : NO
Shift Register Minimum Size        : 2
Use DSP Block                      : Auto
Automatic Register Balancing       : No

---- Target Options
LUT Combining                      : Auto
Reduce Control Sets                : Auto
Add IO Buffers                     : YES
Global Maximum Fanout              : 100000
Add Generic Clock Buffer(BUFG)     : 16
Register Duplication               : YES
Optimize Instantiated Primitives   : NO
Use Clock Enable                   : Auto
Use Synchronous Set                : Auto
Use Synchronous Reset              : Auto
Pack IO Registers into IOBs        : Auto
Equivalent register Removal        : YES

---- General Options
Optimization Goal                  : Speed
Optimization Effort                : 1
Power Reduction                    : NO
Keep Hierarchy                     : No
Netlist Hierarchy                  : As_Optimized
RTL Output                         : Yes
Global Optimization                : AllClockNets
Read Cores                         : YES
Write Timing Constraints           : NO
Cross Clock Analysis               : NO
Hierarchy Separator                : /
Bus Delimiter                      : <>
Case Specifier                     : Maintain
Slice Utilization Ratio            : 100
BRAM Utilization Ratio             : 100
DSP48 Utilization Ratio            : 100
Auto BRAM Packing                  : NO
Slice Utilization Ratio Delta      : 5

=========================================================================


=========================================================================
*                          HDL Parsing                                  *
=========================================================================
Parsing VHDL file "D:\ProySisDigAva\Levi\PF_Partes\PF_Robot\Ultrasonic.vhd" into library work
Parsing entity <Ultrasonic>.
Parsing architecture <Behavioral> of entity <ultrasonic>.
Parsing VHDL file "D:\ProySisDigAva\Levi\PF_Partes\PF_Robot\Robot.vhd" into library work
Parsing entity <Robot>.
Parsing architecture <Behavioral> of entity <robot>.
Parsing VHDL file "D:\ProySisDigAva\Levi\PF_Partes\PF_Robot\Motor.vhd" into library work
Parsing entity <Motor>.
Parsing architecture <Behavioral> of entity <motor>.
Parsing VHDL file "D:\ProySisDigAva\Levi\PF_Partes\PF_Robot\Top.vhd" into library work
Parsing entity <Top>.
Parsing architecture <Behavioral> of entity <top>.

=========================================================================
*                            HDL Elaboration                            *
=========================================================================

Elaborating entity <Top> (architecture <Behavioral>) from library <work>.

Elaborating entity <Ultrasonic> (architecture <Behavioral>) from library <work>.
INFO:HDLCompiler:679 - "D:\ProySisDigAva\Levi\PF_Partes\PF_Robot\Ultrasonic.vhd" Line 133. Case statement is complete. others clause is never selected
INFO:HDLCompiler:679 - "D:\ProySisDigAva\Levi\PF_Partes\PF_Robot\Ultrasonic.vhd" Line 146. Case statement is complete. others clause is never selected

Elaborating entity <Robot> (architecture <Behavioral>) from library <work>.
INFO:HDLCompiler:679 - "D:\ProySisDigAva\Levi\PF_Partes\PF_Robot\Robot.vhd" Line 112. Case statement is complete. others clause is never selected
INFO:HDLCompiler:679 - "D:\ProySisDigAva\Levi\PF_Partes\PF_Robot\Robot.vhd" Line 134. Case statement is complete. others clause is never selected

Elaborating entity <Motor> (architecture <Behavioral>) from library <work>.
INFO:HDLCompiler:679 - "D:\ProySisDigAva\Levi\PF_Partes\PF_Robot\Motor.vhd" Line 113. Case statement is complete. others clause is never selected
INFO:HDLCompiler:679 - "D:\ProySisDigAva\Levi\PF_Partes\PF_Robot\Motor.vhd" Line 126. Case statement is complete. others clause is never selected

=========================================================================
*                           HDL Synthesis                               *
=========================================================================

Synthesizing Unit <Top>.
    Related source file is "D:\ProySisDigAva\Levi\PF_Partes\PF_Robot\Top.vhd".
    Summary:
	no macro.
Unit <Top> synthesized.

Synthesizing Unit <Ultrasonic>.
    Related source file is "D:\ProySisDigAva\Levi\PF_Partes\PF_Robot\Ultrasonic.vhd".
    Found 2-bit register for signal <pres_state>.
    Found 20-bit register for signal <SecondCount>.
    Found 7-bit register for signal <Cont>.
    Found 1-bit register for signal <TimeBase>.
    Found 15-bit register for signal <tIN>.
    Found finite state machine <FSM_0> for signal <pres_state>.
    -----------------------------------------------------------------------
    | States             | 4                                              |
    | Transitions        | 14                                             |
    | Inputs             | 3                                              |
    | Outputs            | 12                                             |
    | Clock              | Clk (rising_edge)                              |
    | Reset              | Rst (positive)                                 |
    | Reset type         | asynchronous                                   |
    | Reset State        | startpulse                                     |
    | Power Up State     | startpulse                                     |
    | Encoding           | auto                                           |
    | Implementation     | LUT                                            |
    -----------------------------------------------------------------------
    Found 21-bit subtractor for signal <GND_4_o_GND_4_o_sub_15_OUT> created at line 97.
    Found 7-bit adder for signal <Cont[6]_GND_4_o_add_1_OUT> created at line 68.
    Found 15-bit adder for signal <tIN[14]_GND_4_o_add_8_OUT> created at line 83.
    Found 20-bit adder for signal <SecondCount[19]_GND_4_o_add_16_OUT> created at line 101.
    Found 15x9-bit multiplier for signal <tIN[14]_PWR_4_o_MuLt_4_OUT> created at line 75.
    Found 21-bit comparator equal for signal <GND_4_o_GND_4_o_equal_16_o> created at line 97
    Found 9-bit comparator greater for signal <out_ultrasonic> created at line 148
    Summary:
	inferred   1 Multiplier(s).
	inferred   4 Adder/Subtractor(s).
	inferred  43 D-type flip-flop(s).
	inferred   2 Comparator(s).
	inferred   3 Multiplexer(s).
	inferred   1 Finite State Machine(s).
Unit <Ultrasonic> synthesized.

Synthesizing Unit <div_24u_15u>.
    Related source file is "".
    Found 39-bit adder for signal <GND_6_o_b[14]_add_1_OUT> created at line 0.
    Found 38-bit adder for signal <GND_6_o_b[14]_add_3_OUT> created at line 0.
    Found 37-bit adder for signal <GND_6_o_b[14]_add_5_OUT> created at line 0.
    Found 36-bit adder for signal <GND_6_o_b[14]_add_7_OUT> created at line 0.
    Found 35-bit adder for signal <GND_6_o_b[14]_add_9_OUT> created at line 0.
    Found 34-bit adder for signal <GND_6_o_b[14]_add_11_OUT> created at line 0.
    Found 33-bit adder for signal <GND_6_o_b[14]_add_13_OUT> created at line 0.
    Found 32-bit adder for signal <GND_6_o_b[14]_add_15_OUT> created at line 0.
    Found 31-bit adder for signal <GND_6_o_b[14]_add_17_OUT> created at line 0.
    Found 30-bit adder for signal <GND_6_o_b[14]_add_19_OUT> created at line 0.
    Found 29-bit adder for signal <GND_6_o_b[14]_add_21_OUT> created at line 0.
    Found 28-bit adder for signal <GND_6_o_b[14]_add_23_OUT> created at line 0.
    Found 27-bit adder for signal <GND_6_o_b[14]_add_25_OUT> created at line 0.
    Found 26-bit adder for signal <GND_6_o_b[14]_add_27_OUT> created at line 0.
    Found 25-bit adder for signal <GND_6_o_b[14]_add_29_OUT> created at line 0.
    Found 24-bit adder for signal <a[23]_b[14]_add_31_OUT> created at line 0.
    Found 24-bit adder for signal <a[23]_GND_6_o_add_33_OUT> created at line 0.
    Found 24-bit adder for signal <a[23]_GND_6_o_add_35_OUT> created at line 0.
    Found 24-bit adder for signal <a[23]_GND_6_o_add_37_OUT> created at line 0.
    Found 24-bit adder for signal <a[23]_GND_6_o_add_39_OUT> created at line 0.
    Found 24-bit adder for signal <a[23]_GND_6_o_add_41_OUT> created at line 0.
    Found 24-bit adder for signal <a[23]_GND_6_o_add_43_OUT[23:0]> created at line 0.
    Found 24-bit adder for signal <a[23]_GND_6_o_add_45_OUT[23:0]> created at line 0.
    Found 24-bit adder for signal <a[23]_GND_6_o_add_47_OUT[23:0]> created at line 0.
    Found 39-bit comparator lessequal for signal <BUS_0001> created at line 0
    Found 38-bit comparator lessequal for signal <BUS_0002> created at line 0
    Found 37-bit comparator lessequal for signal <BUS_0003> created at line 0
    Found 36-bit comparator lessequal for signal <BUS_0004> created at line 0
    Found 35-bit comparator lessequal for signal <BUS_0005> created at line 0
    Found 34-bit comparator lessequal for signal <BUS_0006> created at line 0
    Found 33-bit comparator lessequal for signal <BUS_0007> created at line 0
    Found 32-bit comparator lessequal for signal <BUS_0008> created at line 0
    Found 31-bit comparator lessequal for signal <BUS_0009> created at line 0
    Found 30-bit comparator lessequal for signal <BUS_0010> created at line 0
    Found 29-bit comparator lessequal for signal <BUS_0011> created at line 0
    Found 28-bit comparator lessequal for signal <BUS_0012> created at line 0
    Found 27-bit comparator lessequal for signal <BUS_0013> created at line 0
    Found 26-bit comparator lessequal for signal <BUS_0014> created at line 0
    Found 25-bit comparator lessequal for signal <BUS_0015> created at line 0
    Found 24-bit comparator lessequal for signal <BUS_0016> created at line 0
    Found 24-bit comparator lessequal for signal <BUS_0017> created at line 0
    Found 24-bit comparator lessequal for signal <BUS_0018> created at line 0
    Found 24-bit comparator lessequal for signal <BUS_0019> created at line 0
    Found 24-bit comparator lessequal for signal <BUS_0020> created at line 0
    Found 24-bit comparator lessequal for signal <BUS_0021> created at line 0
    Found 24-bit comparator lessequal for signal <BUS_0022> created at line 0
    Found 24-bit comparator lessequal for signal <BUS_0023> created at line 0
    Found 24-bit comparator lessequal for signal <BUS_0024> created at line 0
    Found 24-bit comparator lessequal for signal <BUS_0025> created at line 0
    Summary:
	inferred  24 Adder/Subtractor(s).
	inferred  25 Comparator(s).
	inferred 507 Multiplexer(s).
Unit <div_24u_15u> synthesized.

Synthesizing Unit <Robot>.
    Related source file is "D:\ProySisDigAva\Levi\PF_Partes\PF_Robot\Robot.vhd".
    Found 2-bit register for signal <pres_state>.
    Found 7-bit register for signal <cont>.
    Found 1-bit register for signal <time_base>.
    Found finite state machine <FSM_1> for signal <pres_state>.
    -----------------------------------------------------------------------
    | States             | 4                                              |
    | Transitions        | 12                                             |
    | Inputs             | 3                                              |
    | Outputs            | 4                                              |
    | Clock              | in_clk (rising_edge)                           |
    | Reset              | in_rst (positive)                              |
    | Reset type         | asynchronous                                   |
    | Reset State        | robot_detect                                   |
    | Power Up State     | robot_detect                                   |
    | Encoding           | auto                                           |
    | Implementation     | LUT                                            |
    -----------------------------------------------------------------------
    Found 7-bit adder for signal <cont[6]_GND_7_o_add_1_OUT> created at line 71.
    Summary:
	inferred   1 Adder/Subtractor(s).
	inferred   8 D-type flip-flop(s).
	inferred   1 Multiplexer(s).
	inferred   1 Finite State Machine(s).
Unit <Robot> synthesized.

Synthesizing Unit <Motor>.
    Related source file is "D:\ProySisDigAva\Levi\PF_Partes\PF_Robot\Motor.vhd".
    Found 1-bit register for signal <pres_state>.
    Found 15-bit register for signal <SecondCount>.
    Found 7-bit register for signal <Cont>.
    Found 1-bit register for signal <TimeBase>.
    Found 16-bit subtractor for signal <GND_8_o_GND_8_o_sub_5_OUT> created at line 78.
    Found 7-bit adder for signal <Cont[6]_GND_8_o_add_1_OUT> created at line 66.
    Found 15-bit adder for signal <SecondCount[14]_GND_8_o_add_6_OUT> created at line 82.
    Found 16-bit comparator equal for signal <GND_8_o_GND_8_o_equal_6_o> created at line 78
    Summary:
	inferred   3 Adder/Subtractor(s).
	inferred  24 D-type flip-flop(s).
	inferred   1 Comparator(s).
	inferred   5 Multiplexer(s).
Unit <Motor> synthesized.

=========================================================================
HDL Synthesis Report

Macro Statistics
# Multipliers                                          : 1
 15x9-bit multiplier                                   : 1
# Adders/Subtractors                                   : 35
 15-bit adder                                          : 3
 16-bit subtractor                                     : 2
 20-bit adder                                          : 1
 21-bit subtractor                                     : 1
 24-bit adder                                          : 9
 25-bit adder                                          : 1
 26-bit adder                                          : 1
 27-bit adder                                          : 1
 28-bit adder                                          : 1
 29-bit adder                                          : 1
 30-bit adder                                          : 1
 31-bit adder                                          : 1
 32-bit adder                                          : 1
 33-bit adder                                          : 1
 34-bit adder                                          : 1
 35-bit adder                                          : 1
 36-bit adder                                          : 1
 37-bit adder                                          : 1
 38-bit adder                                          : 1
 39-bit adder                                          : 1
 7-bit adder                                           : 4
# Registers                                            : 14
 1-bit register                                        : 6
 15-bit register                                       : 3
 20-bit register                                       : 1
 7-bit register                                        : 4
# Comparators                                          : 29
 16-bit comparator equal                               : 2
 21-bit comparator equal                               : 1
 24-bit comparator lessequal                           : 10
 25-bit comparator lessequal                           : 1
 26-bit comparator lessequal                           : 1
 27-bit comparator lessequal                           : 1
 28-bit comparator lessequal                           : 1
 29-bit comparator lessequal                           : 1
 30-bit comparator lessequal                           : 1
 31-bit comparator lessequal                           : 1
 32-bit comparator lessequal                           : 1
 33-bit comparator lessequal                           : 1
 34-bit comparator lessequal                           : 1
 35-bit comparator lessequal                           : 1
 36-bit comparator lessequal                           : 1
 37-bit comparator lessequal                           : 1
 38-bit comparator lessequal                           : 1
 39-bit comparator lessequal                           : 1
 9-bit comparator greater                              : 1
# Multiplexers                                         : 521
 1-bit 2-to-1 multiplexer                              : 504
 11-bit 2-to-1 multiplexer                             : 2
 15-bit 2-to-1 multiplexer                             : 7
 20-bit 2-to-1 multiplexer                             : 1
 24-bit 2-to-1 multiplexer                             : 3
 7-bit 2-to-1 multiplexer                              : 4
# FSMs                                                 : 2

=========================================================================

=========================================================================
*                       Advanced HDL Synthesis                          *
=========================================================================


Synthesizing (advanced) Unit <Motor>.
The following registers are absorbed into counter <Cont>: 1 register on signal <Cont>.
The following registers are absorbed into counter <SecondCount>: 1 register on signal <SecondCount>.
Unit <Motor> synthesized (advanced).

Synthesizing (advanced) Unit <Robot>.
The following registers are absorbed into counter <cont>: 1 register on signal <cont>.
Unit <Robot> synthesized (advanced).

Synthesizing (advanced) Unit <Ultrasonic>.
The following registers are absorbed into counter <Cont>: 1 register on signal <Cont>.
The following registers are absorbed into counter <SecondCount>: 1 register on signal <SecondCount>.
The following registers are absorbed into counter <tIN>: 1 register on signal <tIN>.
Unit <Ultrasonic> synthesized (advanced).

=========================================================================
Advanced HDL Synthesis Report

Macro Statistics
# Multipliers                                          : 1
 15x9-bit multiplier                                   : 1
# Adders/Subtractors                                   : 27
 16-bit subtractor                                     : 2
 21-bit subtractor                                     : 1
 24-bit adder                                          : 24
# Counters                                             : 8
 15-bit up counter                                     : 3
 20-bit up counter                                     : 1
 7-bit up counter                                      : 4
# Registers                                            : 6
 Flip-Flops                                            : 6
# Comparators                                          : 29
 16-bit comparator equal                               : 2
 21-bit comparator equal                               : 1
 24-bit comparator lessequal                           : 10
 25-bit comparator lessequal                           : 1
 26-bit comparator lessequal                           : 1
 27-bit comparator lessequal                           : 1
 28-bit comparator lessequal                           : 1
 29-bit comparator lessequal                           : 1
 30-bit comparator lessequal                           : 1
 31-bit comparator lessequal                           : 1
 32-bit comparator lessequal                           : 1
 33-bit comparator lessequal                           : 1
 34-bit comparator lessequal                           : 1
 35-bit comparator lessequal                           : 1
 36-bit comparator lessequal                           : 1
 37-bit comparator lessequal                           : 1
 38-bit comparator lessequal                           : 1
 39-bit comparator lessequal                           : 1
 9-bit comparator greater                              : 1
# Multiplexers                                         : 513
 1-bit 2-to-1 multiplexer                              : 504
 11-bit 2-to-1 multiplexer                             : 2
 15-bit 2-to-1 multiplexer                             : 4
 24-bit 2-to-1 multiplexer                             : 3
# FSMs                                                 : 2

=========================================================================

=========================================================================
*                         Low Level Synthesis                           *
=========================================================================
Analyzing FSM <MFsm> for best encoding.
Optimizing FSM <FSM_1> on signal <pres_state[1:2]> with sequential encoding.
---------------------------
 State         | Encoding
---------------------------
 robot_detect  | 00
 robot_foward  | 01
 robot_reverse | 11
 robot_stop    | 10
---------------------------
Analyzing FSM <MFsm> for best encoding.
Optimizing FSM <U1/FSM_0> on signal <pres_state[1:2]> with gray encoding.
--------------------------------
 State              | Encoding
--------------------------------
 startpulse         | 00
 waitforresponse    | 01
 ultrasonicresponse | 11
 waitfornewstart    | 10
--------------------------------

Optimizing unit <Top> ...

Optimizing unit <Ultrasonic> ...

Optimizing unit <div_24u_15u> ...

Optimizing unit <Motor> ...
INFO:Xst:2261 - The FF/Latch <U2_2/SecondCount_0> in Unit <Top> is equivalent to the following FF/Latch, which will be removed : <U2_1/SecondCount_0> 
INFO:Xst:2261 - The FF/Latch <U2_2/SecondCount_1> in Unit <Top> is equivalent to the following FF/Latch, which will be removed : <U2_1/SecondCount_1> 
INFO:Xst:2261 - The FF/Latch <U2/cont_0> in Unit <Top> is equivalent to the following 3 FFs/Latches, which will be removed : <U1/Cont_0> <U2_2/Cont_0> <U2_1/Cont_0> 
INFO:Xst:2261 - The FF/Latch <U2/cont_1> in Unit <Top> is equivalent to the following 3 FFs/Latches, which will be removed : <U1/Cont_1> <U2_2/Cont_1> <U2_1/Cont_1> 
INFO:Xst:2261 - The FF/Latch <U2/time_base> in Unit <Top> is equivalent to the following 3 FFs/Latches, which will be removed : <U1/TimeBase> <U2_2/TimeBase> <U2_1/TimeBase> 
INFO:Xst:2261 - The FF/Latch <U2/cont_2> in Unit <Top> is equivalent to the following 3 FFs/Latches, which will be removed : <U1/Cont_2> <U2_2/Cont_2> <U2_1/Cont_2> 
INFO:Xst:2261 - The FF/Latch <U2/cont_3> in Unit <Top> is equivalent to the following 3 FFs/Latches, which will be removed : <U1/Cont_3> <U2_2/Cont_3> <U2_1/Cont_3> 
INFO:Xst:2261 - The FF/Latch <U2/cont_4> in Unit <Top> is equivalent to the following 3 FFs/Latches, which will be removed : <U1/Cont_4> <U2_2/Cont_4> <U2_1/Cont_4> 
INFO:Xst:2261 - The FF/Latch <U2/cont_5> in Unit <Top> is equivalent to the following 3 FFs/Latches, which will be removed : <U1/Cont_5> <U2_2/Cont_5> <U2_1/Cont_5> 
INFO:Xst:2261 - The FF/Latch <U2/cont_6> in Unit <Top> is equivalent to the following 3 FFs/Latches, which will be removed : <U1/Cont_6> <U2_2/Cont_6> <U2_1/Cont_6> 

Mapping all equations...
Building and optimizing final netlist ...
Found area constraint ratio of 100 (+ 5) on block Top, actual ratio is 5.

Final Macro Processing ...

=========================================================================
Final Register Report

Macro Statistics
# Registers                                            : 77
 Flip-Flops                                            : 77

=========================================================================

=========================================================================
*                           Partition Report                            *
=========================================================================

Partition Implementation Status
-------------------------------

  No Partitions were found in this design.

-------------------------------

=========================================================================
*                            Design Summary                             *
=========================================================================

Top Level Output File Name         : Top.ngc

Primitive and Black Box Usage:
------------------------------
# BELS                             : 997
#      GND                         : 1
#      INV                         : 23
#      LUT1                        : 3
#      LUT2                        : 43
#      LUT3                        : 92
#      LUT4                        : 35
#      LUT5                        : 83
#      LUT6                        : 302
#      MUXCY                       : 207
#      MUXF7                       : 12
#      VCC                         : 1
#      XORCY                       : 195
# FlipFlops/Latches                : 77
#      FDC                         : 11
#      FDCE                        : 50
#      FDE                         : 16
# Clock Buffers                    : 1
#      BUFGP                       : 1
# IO Buffers                       : 7
#      IBUF                        : 3
#      OBUF                        : 4
# DSPs                             : 1
#      DSP48A1                     : 1

Device utilization summary:
---------------------------

Selected Device : 6slx16csg324-3 


Slice Logic Utilization: 
 Number of Slice Registers:              77  out of  18224     0%  
 Number of Slice LUTs:                  581  out of   9112     6%  
    Number used as Logic:               581  out of   9112     6%  

Slice Logic Distribution: 
 Number of LUT Flip Flop pairs used:    596
   Number with an unused Flip Flop:     519  out of    596    87%  
   Number with an unused LUT:            15  out of    596     2%  
   Number of fully used LUT-FF pairs:    62  out of    596    10%  
   Number of unique control sets:         6

IO Utilization: 
 Number of IOs:                           8
 Number of bonded IOBs:                   8  out of    232     3%  

Specific Feature Utilization:
 Number of BUFG/BUFGCTRLs:                1  out of     16     6%  
 Number of DSP48A1s:                      1  out of     32     3%  

---------------------------
Partition Resource Summary:
---------------------------

  No Partitions were found in this design.

---------------------------


=========================================================================
Timing Report

NOTE: THESE TIMING NUMBERS ARE ONLY A SYNTHESIS ESTIMATE.
      FOR ACCURATE TIMING INFORMATION PLEASE REFER TO THE TRACE REPORT
      GENERATED AFTER PLACE-and-ROUTE.

Clock Information:
------------------
-----------------------------------+------------------------+-------+
Clock Signal                       | Clock buffer(FF name)  | Load  |
-----------------------------------+------------------------+-------+
in_Clk100MHz                       | BUFGP                  | 77    |
-----------------------------------+------------------------+-------+

Asynchronous Control Signals Information:
----------------------------------------
No asynchronous control signals found in this design

Timing Summary:
---------------
Speed Grade: -3

   Minimum period: 26.844ns (Maximum Frequency: 37.252MHz)
   Minimum input arrival time before clock: 3.955ns
   Maximum output required time after clock: 29.994ns
   Maximum combinational path delay: No path found

Timing Details:
---------------
All values displayed in nanoseconds (ns)

=========================================================================
Timing constraint: Default period analysis for Clock 'in_Clk100MHz'
  Clock period: 26.844ns (frequency: 37.252MHz)
  Total number of paths / destination ports: 24608845328059 / 142
-------------------------------------------------------------------------
Delay:               26.844ns (Levels of Logic = 25)
  Source:            U1/tIN_14 (FF)
  Destination:       U2/pres_state_FSM_FFd1 (FF)
  Source Clock:      in_Clk100MHz rising
  Destination Clock: in_Clk100MHz rising

  Data Path: U1/tIN_14 to U2/pres_state_FSM_FFd1
                                Gate     Net
    Cell:in->out      fanout   Delay   Delay  Logical Name (Net Name)
    ----------------------------------------  ------------
     FDE:C->Q              2   0.447   0.616  U1/tIN_14 (U1/tIN_14)
     DSP48A1:B14->M23     55   3.364   1.581  U1/Mmult_tIN[14]_PWR_4_o_MuLt_4_OUT (U1/tIN[14]_PWR_4_o_MuLt_4_OUT<23>)
     LUT3:I2->O           11   0.205   0.987  U1/tIN[14]_PWR_4_o_div_5/o<9>13_SW0 (N215)
     LUT6:I4->O           10   0.203   0.857  U1/tIN[14]_PWR_4_o_div_5/Mmux_a[0]_a[23]_MUX_1016_o151 (U1/tIN[14]_PWR_4_o_div_5/a[14]_a[23]_MUX_1002_o)
     LUT6:I5->O           15   0.205   0.982  U1/tIN[14]_PWR_4_o_div_5/o<8>23 (U1/tIN[14]_PWR_4_o_div_5/o<8>22)
     LUT6:I5->O            3   0.205   0.651  U1/tIN[14]_PWR_4_o_div_5/o<8>24_1 (U1/tIN[14]_PWR_4_o_div_5/o<8>24)
     LUT6:I5->O            4   0.205   0.912  U1/tIN[14]_PWR_4_o_div_5/o<7>24 (U1/tIN[14]_PWR_4_o_div_5/o<7>23)
     LUT6:I3->O            7   0.205   0.774  U1/tIN[14]_PWR_4_o_div_5/o<7>25_1 (U1/tIN[14]_PWR_4_o_div_5/o<7>25)
     LUT5:I4->O            9   0.205   1.058  U1/tIN[14]_PWR_4_o_div_5/o<6>22 (U1/tIN[14]_PWR_4_o_div_5/o<6>21)
     LUT5:I2->O           14   0.205   0.958  U1/tIN[14]_PWR_4_o_div_5/Mmux_a[0]_a[23]_MUX_1088_o171_SW0 (N88)
     LUT6:I5->O           15   0.205   0.982  U1/tIN[14]_PWR_4_o_div_5/Mmux_a[0]_a[23]_MUX_1088_o1101 (U1/tIN[14]_PWR_4_o_div_5/a[19]_a[23]_MUX_1069_o)
     LUT5:I4->O           15   0.205   0.982  U1/tIN[14]_PWR_4_o_div_5/Mmux_a[0]_a[23]_MUX_1112_o1111_SW0 (N78)
     LUT6:I5->O           13   0.205   1.037  U1/tIN[14]_PWR_4_o_div_5/Mmux_a[0]_a[23]_MUX_1112_o161 (U1/tIN[14]_PWR_4_o_div_5/a[15]_a[23]_MUX_1097_o)
     LUT6:I4->O            4   0.203   0.684  U1/tIN[14]_PWR_4_o_div_5/o<4>25_1 (U1/tIN[14]_PWR_4_o_div_5/o<4>25)
     LUT6:I5->O           14   0.205   1.186  U1/tIN[14]_PWR_4_o_div_5/o<3>33 (U1/tIN[14]_PWR_4_o_div_5/o<3>32)
     LUT5:I2->O           16   0.205   1.005  U1/tIN[14]_PWR_4_o_div_5/Mmux_n173151_SW0 (N68)
     LUT6:I5->O            3   0.205   0.879  U1/tIN[14]_PWR_4_o_div_5/Mmux_n173171 (U1/tIN[14]_PWR_4_o_div_5/n1731<15>)
     LUT6:I3->O           10   0.205   0.857  U1/tIN[14]_PWR_4_o_div_5/o<2>33_1 (U1/tIN[14]_PWR_4_o_div_5/o<2>331)
     LUT6:I5->O            2   0.205   0.961  U1/tIN[14]_PWR_4_o_div_5/Mmux_n1735221 (U1/tIN[14]_PWR_4_o_div_5/n1735<7>)
     LUT5:I0->O            1   0.203   0.000  U1/tIN[14]_PWR_4_o_div_5/Mcompar_o<1>_lut<0> (U1/tIN[14]_PWR_4_o_div_5/Mcompar_o<1>_lut<0>)
     MUXCY:S->O            1   0.172   0.000  U1/tIN[14]_PWR_4_o_div_5/Mcompar_o<1>_cy<0> (U1/tIN[14]_PWR_4_o_div_5/Mcompar_o<1>_cy<0>)
     MUXCY:CI->O           1   0.019   0.000  U1/tIN[14]_PWR_4_o_div_5/Mcompar_o<1>_cy<1> (U1/tIN[14]_PWR_4_o_div_5/Mcompar_o<1>_cy<1>)
     MUXCY:CI->O           1   0.019   0.000  U1/tIN[14]_PWR_4_o_div_5/Mcompar_o<1>_cy<2> (U1/tIN[14]_PWR_4_o_div_5/Mcompar_o<1>_cy<2>)
     MUXCY:CI->O           1   0.019   0.000  U1/tIN[14]_PWR_4_o_div_5/Mcompar_o<1>_cy<3> (U1/tIN[14]_PWR_4_o_div_5/Mcompar_o<1>_cy<3>)
     MUXCY:CI->O           3   0.213   0.651  U1/tIN[14]_PWR_4_o_div_5/Mcompar_o<1>_cy<4> (U1/n0036<1>)
     LUT6:I5->O            1   0.205   0.000  U2/pres_state_FSM_FFd1-In1 (U2/pres_state_FSM_FFd1-In)
     FDC:D                     0.102          U2/pres_state_FSM_FFd1
    ----------------------------------------
    Total                     26.844ns (8.244ns logic, 18.600ns route)
                                       (30.7% logic, 69.3% route)

=========================================================================
Timing constraint: Default OFFSET IN BEFORE for Clock 'in_Clk100MHz'
  Total number of paths / destination ports: 67 / 66
-------------------------------------------------------------------------
Offset:              3.955ns (Levels of Logic = 2)
  Source:            in_Rst (PAD)
  Destination:       U2/time_base (FF)
  Destination Clock: in_Clk100MHz rising

  Data Path: in_Rst to U2/time_base
                                Gate     Net
    Cell:in->out      fanout   Delay   Delay  Logical Name (Net Name)
    ----------------------------------------  ------------
     IBUF:I->O            62   1.222   1.626  in_Rst_IBUF (in_Rst_IBUF)
     INV:I->O              1   0.206   0.579  U2/in_rst_inv1_INV_0 (U2/in_rst_inv)
     FDE:CE                    0.322          U2/time_base
    ----------------------------------------
    Total                      3.955ns (1.750ns logic, 2.205ns route)
                                       (44.2% logic, 55.8% route)

=========================================================================
Timing constraint: Default OFFSET OUT AFTER for Clock 'in_Clk100MHz'
  Total number of paths / destination ports: 12304422655354 / 4
-------------------------------------------------------------------------
Offset:              29.994ns (Levels of Logic = 26)
  Source:            U1/tIN_14 (FF)
  Destination:       led (PAD)
  Source Clock:      in_Clk100MHz rising

  Data Path: U1/tIN_14 to led
                                Gate     Net
    Cell:in->out      fanout   Delay   Delay  Logical Name (Net Name)
    ----------------------------------------  ------------
     FDE:C->Q              2   0.447   0.616  U1/tIN_14 (U1/tIN_14)
     DSP48A1:B14->M23     55   3.364   1.581  U1/Mmult_tIN[14]_PWR_4_o_MuLt_4_OUT (U1/tIN[14]_PWR_4_o_MuLt_4_OUT<23>)
     LUT3:I2->O           11   0.205   0.987  U1/tIN[14]_PWR_4_o_div_5/o<9>13_SW0 (N215)
     LUT6:I4->O           10   0.203   0.857  U1/tIN[14]_PWR_4_o_div_5/Mmux_a[0]_a[23]_MUX_1016_o151 (U1/tIN[14]_PWR_4_o_div_5/a[14]_a[23]_MUX_1002_o)
     LUT6:I5->O           15   0.205   0.982  U1/tIN[14]_PWR_4_o_div_5/o<8>23 (U1/tIN[14]_PWR_4_o_div_5/o<8>22)
     LUT6:I5->O            3   0.205   0.651  U1/tIN[14]_PWR_4_o_div_5/o<8>24_1 (U1/tIN[14]_PWR_4_o_div_5/o<8>24)
     LUT6:I5->O            4   0.205   0.912  U1/tIN[14]_PWR_4_o_div_5/o<7>24 (U1/tIN[14]_PWR_4_o_div_5/o<7>23)
     LUT6:I3->O            7   0.205   0.774  U1/tIN[14]_PWR_4_o_div_5/o<7>25_1 (U1/tIN[14]_PWR_4_o_div_5/o<7>25)
     LUT5:I4->O            9   0.205   1.058  U1/tIN[14]_PWR_4_o_div_5/o<6>22 (U1/tIN[14]_PWR_4_o_div_5/o<6>21)
     LUT5:I2->O           14   0.205   0.958  U1/tIN[14]_PWR_4_o_div_5/Mmux_a[0]_a[23]_MUX_1088_o171_SW0 (N88)
     LUT6:I5->O           15   0.205   0.982  U1/tIN[14]_PWR_4_o_div_5/Mmux_a[0]_a[23]_MUX_1088_o1101 (U1/tIN[14]_PWR_4_o_div_5/a[19]_a[23]_MUX_1069_o)
     LUT5:I4->O           15   0.205   0.982  U1/tIN[14]_PWR_4_o_div_5/Mmux_a[0]_a[23]_MUX_1112_o1111_SW0 (N78)
     LUT6:I5->O           13   0.205   1.037  U1/tIN[14]_PWR_4_o_div_5/Mmux_a[0]_a[23]_MUX_1112_o161 (U1/tIN[14]_PWR_4_o_div_5/a[15]_a[23]_MUX_1097_o)
     LUT6:I4->O            4   0.203   0.684  U1/tIN[14]_PWR_4_o_div_5/o<4>25_1 (U1/tIN[14]_PWR_4_o_div_5/o<4>25)
     LUT6:I5->O           14   0.205   1.186  U1/tIN[14]_PWR_4_o_div_5/o<3>33 (U1/tIN[14]_PWR_4_o_div_5/o<3>32)
     LUT5:I2->O           16   0.205   1.005  U1/tIN[14]_PWR_4_o_div_5/Mmux_n173151_SW0 (N68)
     LUT6:I5->O            3   0.205   0.879  U1/tIN[14]_PWR_4_o_div_5/Mmux_n173171 (U1/tIN[14]_PWR_4_o_div_5/n1731<15>)
     LUT6:I3->O           10   0.205   0.857  U1/tIN[14]_PWR_4_o_div_5/o<2>33_1 (U1/tIN[14]_PWR_4_o_div_5/o<2>331)
     LUT6:I5->O            2   0.205   0.961  U1/tIN[14]_PWR_4_o_div_5/Mmux_n1735221 (U1/tIN[14]_PWR_4_o_div_5/n1735<7>)
     LUT5:I0->O            1   0.203   0.000  U1/tIN[14]_PWR_4_o_div_5/Mcompar_o<1>_lut<0> (U1/tIN[14]_PWR_4_o_div_5/Mcompar_o<1>_lut<0>)
     MUXCY:S->O            1   0.172   0.000  U1/tIN[14]_PWR_4_o_div_5/Mcompar_o<1>_cy<0> (U1/tIN[14]_PWR_4_o_div_5/Mcompar_o<1>_cy<0>)
     MUXCY:CI->O           1   0.019   0.000  U1/tIN[14]_PWR_4_o_div_5/Mcompar_o<1>_cy<1> (U1/tIN[14]_PWR_4_o_div_5/Mcompar_o<1>_cy<1>)
     MUXCY:CI->O           1   0.019   0.000  U1/tIN[14]_PWR_4_o_div_5/Mcompar_o<1>_cy<2> (U1/tIN[14]_PWR_4_o_div_5/Mcompar_o<1>_cy<2>)
     MUXCY:CI->O           1   0.019   0.000  U1/tIN[14]_PWR_4_o_div_5/Mcompar_o<1>_cy<3> (U1/tIN[14]_PWR_4_o_div_5/Mcompar_o<1>_cy<3>)
     MUXCY:CI->O           3   0.213   0.755  U1/tIN[14]_PWR_4_o_div_5/Mcompar_o<1>_cy<4> (U1/n0036<1>)
     LUT6:I4->O            1   0.203   0.579  U1/out_ultrasonic1 (led_OBUF)
     OBUF:I->O                 2.571          led_OBUF (led)
    ----------------------------------------
    Total                     29.994ns (10.711ns logic, 19.283ns route)
                                       (35.7% logic, 64.3% route)

=========================================================================

Cross Clock Domains Report:
--------------------------

Clock to Setup on destination clock in_Clk100MHz
---------------+---------+---------+---------+---------+
               | Src:Rise| Src:Fall| Src:Rise| Src:Fall|
Source Clock   |Dest:Rise|Dest:Rise|Dest:Fall|Dest:Fall|
---------------+---------+---------+---------+---------+
in_Clk100MHz   |   26.844|         |         |         |
---------------+---------+---------+---------+---------+

=========================================================================


Total REAL time to Xst completion: 11.00 secs
Total CPU time to Xst completion: 11.31 secs
 
--> 

Total memory usage is 254848 kilobytes

Number of errors   :    0 (   0 filtered)
Number of warnings :    0 (   0 filtered)
Number of infos    :   10 (   0 filtered)

