Command line:
   DM74LS151_tb_isim_beh.exe
     -simmode  gui
     -simrunnum  0
     -socket  53512

Wed Sep 02 13:43:11 2015


 Elaboration Time: 0.109375 sec

 Current Memory Usage: 857.612 Meg

 Total Signals          : 16
 Total Nets             : 18
 Total Signal Drivers   : 9
 Total Blocks           : 3
 Total Primitive Blocks : 2
 Total Processes        : 5
 Total Traceable Variables  : 8
 Total Scalar Nets and Variables : 378
Total Line Count : 24
Total Line Count : 24

 Total Simulation Time: 0.109375 sec

 Current Memory Usage: 385.692 Meg

Wed Sep 02 14:25:49 2015

