ISim log file
Running: D:\ProySisDigAva\Levi\P07_Binary_Gray_Convertor_Loops\Binary_Gray_Converter_TB_isim_beh.exe -intstyle ise -gui -tclbatch isim.cmd -wdb D:/ProySisDigAva/Levi/P07_Binary_Gray_Convertor_Loops/Binary_Gray_Converter_TB_isim_beh.wdb 
ISim P.20131013 (signature 0x7708f090)
WARNING: A WEBPACK license was found.
WARNING: Please use Xilinx License Configuration Manager to check out a full ISim license.
WARNING: ISim will run in Lite mode. Please refer to the ISim documentation for more information on the differences between the Lite and the Full version.
This is a Lite version of ISim.
Time resolution is 1 ps
# onerror resume
# wave add /
# run 1000 ns
Simulator is doing circuit initialization process.
Finished circuit initialization process.
# run 2.00us
# run 1.8us
# run 1.7us
# run 1.70us
# restart
# run 1.70us
Simulator is doing circuit initialization process.
Finished circuit initialization process.
