Command line:
   Gray_to_Binary_Converter_TB_isim_beh.exe
     -simmode  gui
     -simrunnum  0
     -socket  31551

Wed Sep 09 19:24:26 2015


 Elaboration Time: 0.03125 sec

 Current Memory Usage: 519.148 Meg

 Total Signals          : 5
 Total Nets             : 12
 Total Signal Drivers   : 3
 Total Blocks           : 3
 Total Primitive Blocks : 2
 Total Processes        : 3
 Total Traceable Variables  : 9
 Total Scalar Nets and Variables : 373
Total Line Count : 23
Total Line Count : 23

 Total Simulation Time: 0.09375 sec

 Current Memory Usage: 519.148 Meg

Wed Sep 09 19:54:51 2015

