Command line:
   Dec_Binary_7Seg_tb_isim_beh.exe
     -simmode  gui
     -simrunnum  0
     -socket  51559

Wed Sep 02 07:49:07 2015


 Elaboration Time: 0.1875 sec

 Current Memory Usage: 1018.05 Meg

 Total Signals          : 13
 Total Nets             : 20
 Total Signal Drivers   : 7
 Total Blocks           : 3
 Total Primitive Blocks : 2
 Total Processes        : 4
 Total Traceable Variables  : 8
 Total Scalar Nets and Variables : 380
Total Line Count : 26

 Total Simulation Time: 0.1875 sec

 Current Memory Usage: 1018.05 Meg

Wed Sep 02 07:49:34 2015

