Command line:
   SN74LS138_TB_isim_beh.exe
     -simmode  gui
     -simrunnum  0
     -socket  47336

Wed Sep 02 21:57:20 2015


 Elaboration Time: 0.03125 sec

 Current Memory Usage: 519.176 Meg

 Total Signals          : 16
 Total Nets             : 18
 Total Signal Drivers   : 9
 Total Blocks           : 3
 Total Primitive Blocks : 2
 Total Processes        : 4
 Total Traceable Variables  : 8
 Total Scalar Nets and Variables : 378
Total Line Count : 29

 Total Simulation Time: 0.0625 sec

 Current Memory Usage: 519.176 Meg

Wed Sep 02 21:57:34 2015

