--------------------------------------------------------------------------------
Release 14.7 Trace  (nt)
Copyright (c) 1995-2013 Xilinx, Inc.  All rights reserved.

C:\Xilinx\14.7\ISE_DS\ISE\bin\nt\unwrapped\trce.exe -intstyle ise -v 3 -s 3 -n
3 -fastpaths -xml DM74LS151.twx DM74LS151.ncd -o DM74LS151.twr DM74LS151.pcf
-ucf DM74LS151.ucf

Design file:              DM74LS151.ncd
Physical constraint file: DM74LS151.pcf
Device,package,speed:     xc6slx16,csg324,C,-3 (PRODUCTION 1.23 2013-10-13)
Report level:             verbose report

Environment Variable      Effect 
--------------------      ------ 
NONE                      No environment variables were set
--------------------------------------------------------------------------------

INFO:Timing:2698 - No timing constraints found, doing default enumeration.
INFO:Timing:3412 - To improve timing, see the Timing Closure User Guide (UG612).
INFO:Timing:2752 - To get complete path coverage, use the unconstrained paths 
   option. All paths that are not constrained will be reported in the 
   unconstrained paths section(s) of the report.
INFO:Timing:3339 - The clock-to-out numbers in this timing report are based on 
   a 50 Ohm transmission line loading model.  For the details of this model, 
   and for more information on accounting for different loading conditions, 
   please see the device datasheet.



Data Sheet report:
-----------------
All values displayed in nanoseconds (ns)

Pad to Pad
---------------+---------------+---------+
Source Pad     |Destination Pad|  Delay  |
---------------+---------------+---------+
A              |W              |   12.027|
A              |Y              |   11.928|
B              |W              |   12.118|
B              |Y              |   11.391|
C              |W              |   12.549|
C              |Y              |   11.955|
D<0>           |W              |   11.024|
D<0>           |Y              |   10.841|
D<1>           |W              |   10.733|
D<1>           |Y              |    9.972|
D<2>           |W              |   10.120|
D<2>           |Y              |    9.848|
D<3>           |W              |   10.252|
D<3>           |Y              |    9.793|
D<4>           |W              |   10.310|
D<4>           |Y              |   10.063|
D<5>           |W              |   10.315|
D<5>           |Y              |    9.766|
D<6>           |W              |    9.952|
D<6>           |Y              |    9.691|
D<7>           |W              |   10.616|
D<7>           |Y              |   10.369|
STROBE         |W              |   10.859|
STROBE         |Y              |   10.537|
---------------+---------------+---------+


Analysis completed Fri Sep 04 14:27:49 2015 
--------------------------------------------------------------------------------

Trace Settings:
-------------------------
Trace Settings 

Peak Memory Usage: 168 MB



