#
# A fatal error has been detected by the Java Runtime Environment:
#
#  EXCEPTION_ACCESS_VIOLATION (0xc0000005) at pc=0x000007f80d721355, pid=8292, tid=9252
#
# JRE version: 7.0_17-b02
# Java VM: Java HotSpot(TM) 64-Bit Server VM (23.7-b01 mixed mode windows-amd64 compressed oops)
# Problematic frame:
# C  [msvcrt.dll+0x1355]  free_dbg+0x5
#
# Failed to write core dump. Minidumps are not enabled by default on client versions of Windows
#
# If you would like to submit a bug report, please visit:
#   http://bugreport.sun.com/bugreport/crash.jsp
# The crash happened outside the Java Virtual Machine in native code.
# See problematic frame for where to report the bug.
#

---------------  T H R E A D  ---------------

Current thread (0x000000000643f800):  JavaThread "Swing-Shell" daemon [_thread_in_native, id=9252, stack(0x0000000035c10000,0x0000000035f10000)]

siginfo: ExceptionCode=0xc0000005, reading address 0x000000000000007c

Registers:
RAX=0x000000000000007c, RBX=0x0000000000000010, RCX=0x000000002d5053cc, RDX=0x000007f7e054597c
RSP=0x0000000035f0a508, RBP=0x0000000000000010, RSI=0x0000000000000002, RDI=0x000007f80da4ad48
R8 =0x0000000000000010, R9 =0x000007f80da4ad48, R10=0x000000002d5053cc, R11=0x0000000000000048
R12=0x000000002d50086c, R13=0x000000000389ca88, R14=0x0000000035f0aa60, R15=0x0000000000000048
RIP=0x000007f80d721355, EFLAGS=0x0000000000010202

Top of Stack: (sp=0x0000000035f0a508)
0x0000000035f0a508:   000007f80fab3e49 0000000000000000
0x0000000035f0a518:   0000000000000000 0000000000000000
0x0000000035f0a528:   0000000000000000 0000000000000010
0x0000000035f0a538:   000007f80fab446a 000000002d5053cc
0x0000000035f0a548:   0000000000000000 0000000000000000
0x0000000035f0a558:   000007f80faa36cb 0000000000000010
0x0000000035f0a568:   0000000000000000 0000000035f0aa60
0x0000000035f0a578:   0000000035f0aa50 000000002d5053cc
0x0000000035f0a588:   000007f80faa6d0d 000000000000bfff
0x0000000035f0a598:   0000000000000000 0000000000000010
0x0000000035f0a5a8:   0000000000000000 0000000035f0aac0
0x0000000035f0a5b8:   0000000000000002 00009f5d00000010
0x0000000035f0a5c8:   000007f80fe35916 0000000035f0ab28
0x0000000035f0a5d8:   000000000389ca88 0000000000000001
0x0000000035f0a5e8:   0000000000000000 000000000389cae0
0x0000000035f0a5f8:   0000000000000000 000000002d50086c 

Instructions: (pc=0x000007f80d721355)
0x000007f80d721335:   3a 04 0a 75 1b 48 ff c1 49 ff c8 f6 c1 07 75 ee
0x000007f80d721345:   eb 87 cc 90 90 90 90 90 90 90 90 48 b8 60 81 91
0x000007f80d721355:   0a 00 00 00 00 ff e0 90 90 90 90 90 90 90 90 48
0x000007f80d721365:   b8 60 73 91 0a 00 00 00 00 ff e0 83 ec 20 48 83 


Register to memory mapping:

RAX=0x000000000000007c is an unknown value
RBX=0x0000000000000010 is an unknown value
RCX=0x000000002d5053cc is an unknown value
RDX=0x000007f7e054597c is an unknown value
RSP=0x0000000035f0a508 is pointing into the stack for thread: 0x000000000643f800
RBP=0x0000000000000010 is an unknown value
RSI=0x0000000000000002 is an unknown value
RDI=0x000007f80da4ad48 is an unknown value
R8 =0x0000000000000010 is an unknown value
R9 =0x000007f80da4ad48 is an unknown value
R10=0x000000002d5053cc is an unknown value
R11=0x0000000000000048 is an unknown value
R12=0x000000002d50086c is an unknown value
R13=0x000000000389ca88 is an unknown value
R14=0x0000000035f0aa60 is pointing into the stack for thread: 0x000000000643f800
R15=0x0000000000000048 is an unknown value


Stack: [0x0000000035c10000,0x0000000035f10000],  sp=0x0000000035f0a508,  free space=3049k
Native frames: (J=compiled Java code, j=interpreted, Vv=VM code, C=native code)
C  [msvcrt.dll+0x1355]  free_dbg+0x5

[error occurred during error reporting (printing native stack), id 0xc0000005]

Java frames: (J=compiled Java code, j=interpreted, Vv=VM code)
j  sun.awt.shell.Win32ShellFolder2.getFileSystemPath0(I)Ljava/lang/String;+0
j  sun.awt.shell.Win32ShellFolder2.access$800(I)Ljava/lang/String;+1
j  sun.awt.shell.Win32ShellFolder2$7.call()Ljava/lang/String;+4
j  sun.awt.shell.Win32ShellFolder2$7.call()Ljava/lang/Object;+1
j  java.util.concurrent.FutureTask$Sync.innerRun()V+29
j  java.util.concurrent.FutureTask.run()V+4
j  java.util.concurrent.ThreadPoolExecutor.runWorker(Ljava/util/concurrent/ThreadPoolExecutor$Worker;)V+95
j  java.util.concurrent.ThreadPoolExecutor$Worker.run()V+5
j  sun.awt.shell.Win32ShellFolderManager2$ComInvoker$3.run()V+7
j  java.lang.Thread.run()V+11
v  ~StubRoutines::call_stub

---------------  P R O C E S S  ---------------

Java Threads: ( => current thread )
=>0x000000000643f800 JavaThread "Swing-Shell" daemon [_thread_in_native, id=9252, stack(0x0000000035c10000,0x0000000035f10000)]
  0x0000000034745800 JavaThread "HFileChooser Load File/Folder Choosers Thread" [_thread_blocked, id=9248, stack(0x0000000035910000,0x0000000035c10000)]
  0x0000000035447800 JavaThread "Monitor File Timestamp" [_thread_blocked, id=9244, stack(0x0000000035510000,0x0000000035810000)]
  0x000000002edca000 JavaThread "Image Fetcher 1" daemon [_thread_blocked, id=9240, stack(0x000000002f410000,0x000000002f710000)]
  0x000000002d399800 JavaThread "D3D Screen Updater" daemon [_thread_blocked, id=9236, stack(0x000000002ee10000,0x000000002f110000)]
  0x000000002c1c1800 JavaThread "Image Fetcher 0" daemon [_thread_blocked, id=9224, stack(0x000000002cfa0000,0x000000002d2a0000)]
  0x0000000006068800 JavaThread "AWT-EventQueue-1" [_thread_in_vm, id=9220, stack(0x000000002cba0000,0x000000002cea0000)]
  0x000000000606b800 JavaThread "Process Messages" [_thread_blocked, id=9116, stack(0x000000002c8a0000,0x000000002cba0000)]
  0x000000000606c800 JavaThread "Thread-3" [_thread_blocked, id=1280, stack(0x0000000003d10000,0x0000000005110000)]
  0x000000002c317000 JavaThread "AWT-EventQueue-0" [_thread_blocked, id=8776, stack(0x000000002c4a0000,0x000000002c7a0000)]
  0x000000002a08a800 JavaThread "AWT-Windows" daemon [_thread_in_native, id=8488, stack(0x000000002a740000,0x000000002aa40000)]
  0x000000002a08b000 JavaThread "AWT-Shutdown" [_thread_blocked, id=4712, stack(0x000000002a440000,0x000000002a740000)]
  0x000000002a081000 JavaThread "Java2D Disposer" daemon [_thread_blocked, id=8912, stack(0x000000002a140000,0x000000002a440000)]
  0x0000000029863000 JavaThread "TimerQueue" daemon [_thread_blocked, id=8724, stack(0x0000000029b40000,0x0000000029e40000)]
  0x0000000021741800 JavaThread "Service Thread" daemon [_thread_blocked, id=8992, stack(0x00000000284b0000,0x00000000287b0000)]
  0x0000000021731800 JavaThread "C1 CompilerThread3" daemon [_thread_blocked, id=8020, stack(0x00000000283b0000,0x00000000284b0000)]
  0x0000000021721800 JavaThread "C2 CompilerThread2" daemon [_thread_blocked, id=5924, stack(0x00000000282b0000,0x00000000283b0000)]
  0x0000000021711800 JavaThread "C2 CompilerThread1" daemon [_thread_blocked, id=8708, stack(0x00000000281b0000,0x00000000282b0000)]
  0x0000000021701800 JavaThread "C2 CompilerThread0" daemon [_thread_blocked, id=6396, stack(0x00000000280b0000,0x00000000281b0000)]
  0x00000000216f1800 JavaThread "Attach Listener" daemon [_thread_blocked, id=3236, stack(0x0000000027db0000,0x00000000280b0000)]
  0x00000000216e1800 JavaThread "Signal Dispatcher" daemon [_thread_blocked, id=8308, stack(0x0000000027ab0000,0x0000000027db0000)]
  0x0000000026fc1800 JavaThread "Surrogate Locker Thread (Concurrent GC)" daemon [_thread_blocked, id=7400, stack(0x00000000277b0000,0x0000000027ab0000)]
  0x0000000022131800 JavaThread "Finalizer" daemon [_thread_blocked, id=5756, stack(0x00000000274b0000,0x00000000277b0000)]
  0x0000000022133800 JavaThread "Reference Handler" daemon [_thread_blocked, id=9048, stack(0x00000000271b0000,0x00000000274b0000)]
  0x000000001ab1a800 JavaThread "main" [_thread_blocked, id=480, stack(0x000000001acd0000,0x000000001add0000)]

Other Threads:
  0x0000000021762000 VMThread [stack: 0x00000000270b0000,0x00000000271b0000] [id=6968]
  0x0000000021750800 WatcherThread [stack: 0x00000000287b0000,0x00000000288b0000] [id=6104]

VM state:not at safepoint (normal execution)

VM Mutex/Monitor currently owned by a thread: None

Heap
 par new generation   total 55296K, used 16716K [0x0000000778000000, 0x000000077bc00000, 0x000000077bc00000)
  eden space 49152K,  21% used [0x0000000778000000, 0x0000000778a532c8, 0x000000077b000000)
  from space 6144K, 100% used [0x000000077b000000, 0x000000077b600000, 0x000000077b600000)
  to   space 6144K,   0% used [0x000000077b600000, 0x000000077b600000, 0x000000077bc00000)
 concurrent mark-sweep generation total 69632K, used 11962K [0x000000077bc00000, 0x0000000780000000, 0x00000007f8000000)
 concurrent-mark-sweep perm gen total 131072K, used 26069K [0x00000007f8000000, 0x0000000800000000, 0x0000000800000000)

Card table byte_map: [0x0000000021870000,0x0000000021cc0000] byte_map_base: 0x000000001dcb0000

Polling page: 0x000000001add0000

Code Cache  [0x000000001adf0000, 0x000000001b3d0000, 0x0000000020df0000)
 total_blobs=2086 nmethods=1494 adapters=507 free_code_cache=92663Kb largest_free_block=94551424

Compilation events (10 events):
Event: 1.838 Thread 0x0000000021731800 nmethod 1767 0x000000001b219c10 code [0x000000001b219dc0, 0x000000001b21a328]
Event: 1.838 Thread 0x0000000021731800 1766       3       sun.awt.image.IntegerInterleavedRaster::setDataElements (94 bytes)
Event: 1.838 Thread 0x0000000021731800 nmethod 1766 0x000000001af18c50 code [0x000000001af18e00, 0x000000001af194a8]
Event: 1.839 Thread 0x0000000021731800 1769       3       com.sun.java.swing.plaf.windows.WindowsLookAndFeel$XPValue::createValue (38 bytes)
Event: 1.839 Thread 0x0000000021731800 nmethod 1769 0x000000001afc22d0 code [0x000000001afc2460, 0x000000001afc2888]
Event: 1.840 Thread 0x0000000021731800 1770       3       javax.swing.UIDefaults$TextAndMnemonicHashMap::get (358 bytes)
Event: 1.840 Thread 0x0000000021721800 1771       4       javax.swing.UIDefaults::get (21 bytes)
Event: 1.846 Thread 0x0000000021731800 nmethod 1770 0x000000001b0e3850 code [0x000000001b0e41c0, 0x000000001b0eb398]
Event: 1.847 Thread 0x0000000021711800 

Event: 1.848 Thread 0x0000000021701800 nmethod 1768 0x000000001b31bb50 code [0x000000001b31bd20, 0x000000001b31ca70]

GC Heap History (4 events):
Event: 0.747 GC heap before
{Heap before GC invocations=0 (full 0):
 par new generation   total 55296K, used 49152K [0x0000000778000000, 0x000000077bc00000, 0x000000077bc00000)
  eden space 49152K, 100% used [0x0000000778000000, 0x000000077b000000, 0x000000077b000000)
  from space 6144K,   0% used [0x000000077b000000, 0x000000077b000000, 0x000000077b600000)
  to   space 6144K,   0% used [0x000000077b600000, 0x000000077b600000, 0x000000077bc00000)
 concurrent mark-sweep generation total 69632K, used 0K [0x000000077bc00000, 0x0000000780000000, 0x00000007f8000000)
 concurrent-mark-sweep perm gen total 131072K, used 13392K [0x00000007f8000000, 0x0000000800000000, 0x0000000800000000)
Event: 0.754 GC heap after
Heap after GC invocations=1 (full 0):
 par new generation   total 55296K, used 6144K [0x0000000778000000, 0x000000077bc00000, 0x000000077bc00000)
  eden space 49152K,   0% used [0x0000000778000000, 0x0000000778000000, 0x000000077b000000)
  from space 6144K, 100% used [0x000000077b600000, 0x000000077bc00000, 0x000000077bc00000)
  to   space 6144K,   0% used [0x000000077b000000, 0x000000077b000000, 0x000000077b600000)
 concurrent mark-sweep generation total 69632K, used 1343K [0x000000077bc00000, 0x0000000780000000, 0x00000007f8000000)
 concurrent-mark-sweep perm gen total 131072K, used 13392K [0x00000007f8000000, 0x0000000800000000, 0x0000000800000000)
}
Event: 1.612 GC heap before
{Heap before GC invocations=1 (full 0):
 par new generation   total 55296K, used 55296K [0x0000000778000000, 0x000000077bc00000, 0x000000077bc00000)
  eden space 49152K, 100% used [0x0000000778000000, 0x000000077b000000, 0x000000077b000000)
  from space 6144K, 100% used [0x000000077b600000, 0x000000077bc00000, 0x000000077bc00000)
  to   space 6144K,   0% used [0x000000077b000000, 0x000000077b000000, 0x000000077b600000)
 concurrent mark-sweep generation total 69632K, used 1343K [0x000000077bc00000, 0x0000000780000000, 0x00000007f8000000)
 concurrent-mark-sweep perm gen total 131072K, used 22970K [0x00000007f8000000, 0x0000000800000000, 0x0000000800000000)
Event: 1.641 GC heap after
Heap after GC invocations=2 (full 0):
 par new generation   total 55296K, used 6144K [0x0000000778000000, 0x000000077bc00000, 0x000000077bc00000)
  eden space 49152K,   0% used [0x0000000778000000, 0x0000000778000000, 0x000000077b000000)
  from space 6144K, 100% used [0x000000077b000000, 0x000000077b600000, 0x000000077b600000)
  to   space 6144K,   0% used [0x000000077b600000, 0x000000077b600000, 0x000000077bc00000)
 concurrent mark-sweep generation total 69632K, used 11962K [0x000000077bc00000, 0x0000000780000000, 0x00000007f8000000)
 concurrent-mark-sweep perm gen total 131072K, used 22970K [0x00000007f8000000, 0x0000000800000000, 0x0000000800000000)
}

Deoptimization events (10 events):
Event: 1.768 Thread 0x0000000006068800 Uncommon trap -83 fr.pc 0x000000001af71b44
Event: 1.777 Thread 0x0000000006068800 Uncommon trap -83 fr.pc 0x000000001b350940
Event: 1.785 Thread 0x0000000006068800 Uncommon trap -34 fr.pc 0x000000001afe2564
Event: 1.820 Thread 0x0000000034745800 Uncommon trap -83 fr.pc 0x000000001b34a77c
Event: 1.826 Thread 0x0000000034745800 Uncommon trap -58 fr.pc 0x000000001b217fe8
Event: 1.828 Thread 0x0000000034745800 Uncommon trap -58 fr.pc 0x000000001b217fe8
Event: 1.828 Thread 0x0000000034745800 Uncommon trap -58 fr.pc 0x000000001b217fe8
Event: 1.829 Thread 0x0000000034745800 Uncommon trap -58 fr.pc 0x000000001b217fe8
Event: 1.829 Thread 0x0000000034745800 Uncommon trap -58 fr.pc 0x000000001b1fec14
Event: 1.848 Thread 0x0000000034745800 Uncommon trap 668 fr.pc 0x000000001b3056d4

Internal exceptions (10 events):
Event: 1.814 Thread 0x0000000006068800 Threw 0x0000000778829238 at C:\jdk7u2_64p\jdk7u17\hotspot\src\share\vm\prims\jvm.cpp:1166
Event: 1.815 Thread 0x0000000006068800 Threw 0x0000000778834da8 at C:\jdk7u2_64p\jdk7u17\hotspot\src\share\vm\prims\jvm.cpp:1166
Event: 1.815 Thread 0x0000000006068800 Threw 0x0000000778839478 at C:\jdk7u2_64p\jdk7u17\hotspot\src\share\vm\prims\jvm.cpp:1166
Event: 1.816 Thread 0x0000000006068800 Threw 0x000000077884e970 at C:\jdk7u2_64p\jdk7u17\hotspot\src\share\vm\prims\jvm.cpp:1166
Event: 1.817 Thread 0x0000000006068800 Threw 0x0000000778854f38 at C:\jdk7u2_64p\jdk7u17\hotspot\src\share\vm\prims\jvm.cpp:1166
Event: 1.818 Thread 0x0000000034745800 Threw 0x0000000778881338 at C:\jdk7u2_64p\jdk7u17\hotspot\src\share\vm\prims\jvm.cpp:1166
Event: 1.819 Thread 0x0000000006068800 Threw 0x00000007788c5d78 at C:\jdk7u2_64p\jdk7u17\hotspot\src\share\vm\prims\jvm.cpp:1166
Event: 1.819 Thread 0x0000000034745800 Threw 0x00000007788a3938 at C:\jdk7u2_64p\jdk7u17\hotspot\src\share\vm\prims\jvm.cpp:1166
Event: 1.825 Thread 0x0000000034745800 Threw 0x00000007788acf40 at C:\jdk7u2_64p\jdk7u17\hotspot\src\share\vm\prims\jvm.cpp:1166
Event: 1.825 Thread 0x0000000034745800 Threw 0x00000007788af6d0 at C:\jdk7u2_64p\jdk7u17\hotspot\src\share\vm\prims\jvm.cpp:1166

Events (10 events):
Event: 1.848 loading class 0x000000002ad05480
Event: 1.848 loading class 0x000000002ad05480 done
Event: 1.848 Thread 0x0000000034745800 DEOPT PACKING pc=0x000000001b3056d4 sp=0x0000000035c0ea80
Event: 1.848 Thread 0x0000000034745800 DEOPT UNPACKING pc=0x000000001ae29164 sp=0x0000000035c0ea50 mode 2
Event: 1.849 loading class 0x00000000199bc920
Event: 1.849 loading class 0x00000000199bc920 done
Event: 1.849 loading class 0x00000000199bf6e0
Event: 1.849 loading class 0x00000000199bf6e0 done
Event: 1.849 loading class 0x00000000199be360
Event: 1.849 loading class 0x00000000199be360 done


Dynamic libraries:
0x0000000140000000 - 0x000000014000e000 	C:\Xilinx\14.7\ISE_DS\PlanAhead\bin\unwrapped\win64.o\planAhead.exe
0x000007f80fe30000 - 0x000007f80ffee000 	C:\WINDOWS\SYSTEM32\ntdll.dll
0x000007f80ee10000 - 0x000007f80ef47000 	C:\WINDOWS\system32\KERNEL32.DLL
0x000007f80d040000 - 0x000007f80d134000 	C:\WINDOWS\system32\KERNELBASE.dll
0x000000000a900000 - 0x000000000a945000 	C:\Xilinx\14.7\ISE_DS\PlanAhead\lib\win64.o\SHSMP64.dll
0x0000000180000000 - 0x0000000180013000 	C:\Xilinx\14.7\ISE_DS\PlanAhead\lib\win64.o\libboost_signals.dll
0x0000000000400000 - 0x0000000000c81000 	C:\Xilinx\14.7\ISE_DS\PlanAhead\lib\win64.o\librdi_common.dll
0x00000000001f0000 - 0x0000000000206000 	C:\Xilinx\14.7\ISE_DS\PlanAhead\lib\win64.o\librdi_commonmain.dll
0x0000000000210000 - 0x00000000002fe000 	C:\Xilinx\14.7\ISE_DS\PlanAhead\lib\win64.o\stlport.5.2.dll
0x0000000067a80000 - 0x0000000067b23000 	C:\WINDOWS\WinSxS\amd64_microsoft.vc90.crt_1fc8b3b9a1e18e3b_9.0.30729.6871_none_08e717a5a83adddf\MSVCR90.dll
0x000007f80f770000 - 0x000007f80f8bc000 	C:\WINDOWS\system32\USER32.dll
0x000007f80f180000 - 0x000007f80f25e000 	C:\WINDOWS\system32\ADVAPI32.dll
0x000007f80a0c0000 - 0x000007f80a0c9000 	C:\WINDOWS\SYSTEM32\VERSION.dll
0x0000000000d10000 - 0x0000000000ff9000 	C:\Xilinx\14.7\ISE_DS\PlanAhead\lib\win64.o\libCOIN-all.dll
0x0000000001000000 - 0x000000000123a000 	C:\Xilinx\14.7\ISE_DS\PlanAhead\lib\win64.o\libSecurity.dll
0x0000000001240000 - 0x000000000124f000 	C:\Xilinx\14.7\ISE_DS\PlanAhead\lib\win64.o\libboost_date_time.dll
0x0000000001250000 - 0x0000000001277000 	C:\Xilinx\14.7\ISE_DS\PlanAhead\lib\win64.o\libboost_filesystem.dll
0x0000000001280000 - 0x00000000012f1000 	C:\Xilinx\14.7\ISE_DS\PlanAhead\lib\win64.o\libboost_program_options.dll
0x0000000001300000 - 0x00000000013af000 	C:\Xilinx\14.7\ISE_DS\PlanAhead\lib\win64.o\libboost_regex.dll
0x00000000013b0000 - 0x00000000013b9000 	C:\Xilinx\14.7\ISE_DS\PlanAhead\lib\win64.o\libboost_system.dll
0x00000000013c0000 - 0x00000000013d6000 	C:\Xilinx\14.7\ISE_DS\PlanAhead\lib\win64.o\libboost_thread.dll
0x00000000013e0000 - 0x0000000001423000 	C:\Xilinx\14.7\ISE_DS\PlanAhead\lib\win64.o\libcurl.dll
0x0000000001430000 - 0x00000000014b3000 	C:\Xilinx\14.7\ISE_DS\PlanAhead\lib\win64.o\libhdlpsolve.dll
0x00000000014c0000 - 0x0000000001577000 	C:\Xilinx\14.7\ISE_DS\PlanAhead\lib\win64.o\libhdxml.dll
0x0000000001580000 - 0x0000000001ac30d3 	C:\Xilinx\14.7\ISE_DS\PlanAhead\lib\win64.o\libisl_iostreams.dll
0x0000000001ad0000 - 0x0000000001af9000 	C:\Xilinx\14.7\ISE_DS\PlanAhead\lib\win64.o\libisl_sysinfo.dll
0x0000000066df0000 - 0x000000006750f000 	C:\Xilinx\14.7\ISE_DS\PlanAhead\tps\win64\jre\bin\server\jvm.dll
0x0000000001b00000 - 0x0000000001b12000 	C:\Xilinx\14.7\ISE_DS\PlanAhead\lib\win64.o\pthreadVC.dll
0x0000000001b20000 - 0x0000000001b36000 	C:\Xilinx\14.7\ISE_DS\PlanAhead\lib\win64.o\librdiconfig.dll
0x0000000001b40000 - 0x0000000001b5e000 	C:\Xilinx\14.7\ISE_DS\PlanAhead\lib\win64.o\librdizlib.dll
0x0000000010000000 - 0x000000001012a000 	C:\Xilinx\14.7\ISE_DS\PlanAhead\lib\win64.o\tcl85t.dll
0x0000000012000000 - 0x0000000012282000 	C:\Xilinx\14.7\ISE_DS\PlanAhead\lib\win64.o\xerces-c_3_1.dll
0x000007f80fa60000 - 0x000007f80fa67000 	C:\WINDOWS\system32\PSAPI.DLL
0x000007f80ef50000 - 0x000007f80f17c000 	C:\WINDOWS\system32\WININET.dll
0x000007f802ca0000 - 0x000007f802d51000 	C:\WINDOWS\SYSTEM32\WINHTTP.dll
0x000007f80d5b0000 - 0x000007f80d714000 	C:\WINDOWS\system32\urlmon.dll
0x000007f8037b0000 - 0x000007f8037b9000 	C:\WINDOWS\SYSTEM32\WSOCK32.dll
0x0000000067b30000 - 0x0000000067c03000 	C:\WINDOWS\WinSxS\amd64_microsoft.vc90.crt_1fc8b3b9a1e18e3b_9.0.30729.6871_none_08e717a5a83adddf\MSVCP90.dll
0x000007f80d9b0000 - 0x000007f80ec92000 	C:\WINDOWS\system32\SHELL32.dll
0x000007f80f610000 - 0x000007f80f751000 	C:\WINDOWS\system32\GDI32.dll
0x000007f80d720000 - 0x000007f80d7c5000 	C:\WINDOWS\system32\msvcrt.dll
0x000007f80edc0000 - 0x000007f80ee08000 	C:\WINDOWS\SYSTEM32\sechost.dll
0x000007f80f470000 - 0x000007f80f5b5000 	C:\WINDOWS\system32\RPCRT4.dll
0x000007f80b230000 - 0x000007f80b245000 	C:\WINDOWS\SYSTEM32\NETAPI32.dll
0x000007f80ed10000 - 0x000007f80edb1000 	C:\WINDOWS\system32\COMDLG32.dll
0x000007f807dd0000 - 0x000007f807e74000 	C:\WINDOWS\WinSxS\amd64_microsoft.windows.common-controls_6595b64144ccf1df_5.82.9200.16658_none_776622cb3175a40c\COMCTL32.dll
0x000007f80d4e0000 - 0x000007f80d5a3000 	C:\WINDOWS\system32\OLEAUT32.dll
0x000007f80d340000 - 0x000007f80d4be000 	C:\WINDOWS\system32\ole32.dll
0x000007f80cfe0000 - 0x000007f80d035000 	C:\WINDOWS\system32\WINTRUST.dll
0x000007f80cd50000 - 0x000007f80cf21000 	C:\WINDOWS\system32\CRYPT32.dll
0x0000000001c00000 - 0x0000000001c0c000 	C:\Xilinx\14.7\ISE_DS\PlanAhead\lib\win64.o\libboost_chrono.dll
0x000007f80fda0000 - 0x000007f80fdf8000 	C:\WINDOWS\system32\WS2_32.dll
0x000007f80f260000 - 0x000007f80f2be000 	C:\WINDOWS\system32\WLDAP32.dll
0x0000000001c40000 - 0x0000000001c59000 	C:\Xilinx\14.7\ISE_DS\PlanAhead\lib\win64.o\libboost_iostreams.dll
0x000007f809dc0000 - 0x000007f809de0000 	C:\WINDOWS\SYSTEM32\WINMM.dll
0x00000000682b0000 - 0x0000000068382000 	C:\WINDOWS\SYSTEM32\MSVCR100.dll
0x000007f80fb10000 - 0x000007f80fd9e000 	C:\WINDOWS\system32\iertutil.dll
0x000007f80d1c0000 - 0x000007f80d1df000 	C:\WINDOWS\system32\USERENV.dll
0x000007f80f2c0000 - 0x000007f80f470000 	C:\WINDOWS\SYSTEM32\combase.dll
0x000007f80f5c0000 - 0x000007f80f610000 	C:\WINDOWS\system32\SHLWAPI.dll
0x000007f80bfb0000 - 0x000007f80bfbe000 	C:\WINDOWS\SYSTEM32\netutils.dll
0x000007f80c780000 - 0x000007f80c7a4000 	C:\WINDOWS\SYSTEM32\srvcli.dll
0x000007f80b1f0000 - 0x000007f80b205000 	C:\WINDOWS\SYSTEM32\wkscli.dll
0x000007f80cd10000 - 0x000007f80cd26000 	C:\WINDOWS\system32\MSASN1.dll
0x000007f80d7d0000 - 0x000007f80d7d9000 	C:\WINDOWS\system32\NSI.dll
0x000007f809d70000 - 0x000007f809da3000 	C:\WINDOWS\SYSTEM32\WINMMBASE.dll
0x000007f80cd30000 - 0x000007f80cd45000 	C:\WINDOWS\system32\profapi.dll
0x000007f80d140000 - 0x000007f80d18f000 	C:\WINDOWS\SYSTEM32\cfgmgr32.dll
0x000007f80d190000 - 0x000007f80d1b2000 	C:\WINDOWS\system32\DEVOBJ.dll
0x000007f80be60000 - 0x000007f80bef5000 	C:\WINDOWS\SYSTEM32\SHCORE.DLL
0x000007f80d300000 - 0x000007f80d339000 	C:\WINDOWS\system32\IMM32.DLL
0x000007f80d1e0000 - 0x000007f80d2f6000 	C:\WINDOWS\system32\MSCTF.dll
0x0000000005110000 - 0x0000000005403000 	C:\Xilinx\14.7\ISE_DS\PlanAhead\lib\win64.o\librdi_commontasks.dll
0x00000000067b0000 - 0x0000000006df0000 	C:\Xilinx\14.7\ISE_DS\PlanAhead\lib\win64.o\librdi_coretasks.dll
0x0000000006df0000 - 0x0000000006fb7000 	C:\Xilinx\14.7\ISE_DS\PlanAhead\lib\win64.o\librdi_chipscope.dll
0x0000000006fc0000 - 0x0000000007fe0000 	C:\Xilinx\14.7\ISE_DS\PlanAhead\lib\win64.o\librdi_constraints.dll
0x0000000007fe0000 - 0x00000000092ac000 	C:\Xilinx\14.7\ISE_DS\PlanAhead\lib\win64.o\librdi_coregen.dll
0x000000000a950000 - 0x000000000dfa1000 	C:\Xilinx\14.7\ISE_DS\PlanAhead\lib\win64.o\librdi_designutils.dll
0x00000000092b0000 - 0x0000000009e8a000 	C:\Xilinx\14.7\ISE_DS\PlanAhead\lib\win64.o\librdi_device.dll
0x0000000009e90000 - 0x000000000a1a4000 	C:\Xilinx\14.7\ISE_DS\PlanAhead\lib\win64.o\librdi_drc.dll
0x000000000a1b0000 - 0x000000000a43e000 	C:\Xilinx\14.7\ISE_DS\PlanAhead\lib\win64.o\librdi_filemgmt.dll
0x000000000a440000 - 0x000000000a816000 	C:\Xilinx\14.7\ISE_DS\PlanAhead\lib\win64.o\librdi_netlist.dll
0x000000000dfb0000 - 0x000000000f0d3000 	C:\Xilinx\14.7\ISE_DS\PlanAhead\lib\win64.o\librdi_place.dll
0x000000000f0e0000 - 0x000000000f602000 	C:\Xilinx\14.7\ISE_DS\PlanAhead\lib\win64.o\librdi_power.dll
0x000000000f610000 - 0x000000000f9c3000 	C:\Xilinx\14.7\ISE_DS\PlanAhead\lib\win64.o\librdi_project.dll
0x000000000f9d0000 - 0x000000000ff6d000 	C:\Xilinx\14.7\ISE_DS\PlanAhead\lib\win64.o\librdi_rsb.dll
0x0000000010130000 - 0x0000000010528000 	C:\Xilinx\14.7\ISE_DS\PlanAhead\lib\win64.o\librdi_runs.dll
0x0000000010530000 - 0x0000000011008000 	C:\Xilinx\14.7\ISE_DS\PlanAhead\lib\win64.o\librdi_timing.dll
0x000000000a820000 - 0x000000000a88e000 	C:\Xilinx\14.7\ISE_DS\PlanAhead\lib\win64.o\liblmx6.0.dll
0x000000000a890000 - 0x000000000a898000 	C:\Xilinx\14.7\ISE_DS\PlanAhead\lib\win64.o\libpsta_dllwrapper.dll
0x0000000011010000 - 0x00000000117df000 	C:\Xilinx\14.7\ISE_DS\PlanAhead\lib\win64.o\librdi_coregenipxact.dll
0x00000000117e0000 - 0x0000000011f80000 	C:\Xilinx\14.7\ISE_DS\PlanAhead\lib\win64.o\libverific.dll
0x000000000ff70000 - 0x000000000ffed000 	C:\Xilinx\14.7\ISE_DS\PlanAhead\lib\win64.o\libboost_serialization.dll
0x0000000012290000 - 0x00000000127d4000 	C:\Xilinx\14.7\ISE_DS\PlanAhead\lib\win64.o\librdi_xdm.dll
0x00000000127e0000 - 0x0000000012870000 	C:\Xilinx\14.7\ISE_DS\PlanAhead\lib\win64.o\libise.dll
0x0000000012870000 - 0x0000000012e4c000 	C:\Xilinx\14.7\ISE_DS\PlanAhead\lib\win64.o\librdi_abc_nomp.dll
0x0000000012e50000 - 0x0000000012f78000 	C:\Xilinx\14.7\ISE_DS\PlanAhead\lib\win64.o\librdi_dlyest.dll
0x0000000011f80000 - 0x0000000011f9a000 	C:\Xilinx\14.7\ISE_DS\PlanAhead\lib\win64.o\librdi_hmetis.dll
0x0000000068760000 - 0x0000000068771000 	C:\WINDOWS\WinSxS\amd64_microsoft.vc90.openmp_1fc8b3b9a1e18e3b_9.0.30729.6161_none_390d35aa0a1f21f9\VCOMP90.DLL
0x0000000012f80000 - 0x000000001356e000 	C:\Xilinx\14.7\ISE_DS\PlanAhead\lib\win64.o\librdi_route.dll
0x0000000013570000 - 0x000000001379a000 	C:\Xilinx\14.7\ISE_DS\PlanAhead\lib\win64.o\librdi_labtools.dll
0x00000000137a0000 - 0x0000000013cdb000 	C:\Xilinx\14.7\ISE_DS\PlanAhead\lib\win64.o\librdi_memdata.dll
0x0000000013ce0000 - 0x000000001540f000 	C:\Xilinx\14.7\ISE_DS\PlanAhead\lib\win64.o\librdi_synth.dll
0x0000000015410000 - 0x000000001584e000 	C:\Xilinx\14.7\ISE_DS\PlanAhead\lib\win64.o\librdi_ip.dll
0x0000000015900000 - 0x000000001593d000 	C:\Xilinx\14.7\ISE_DS\PlanAhead\lib\win64.o\librdi_simbridge_kernel.dll
0x0000000015940000 - 0x0000000015db6000 	C:\Xilinx\14.7\ISE_DS\PlanAhead\lib\win64.o\librdi_wavedata.dll
0x0000000017110000 - 0x00000000191c8000 	C:\Xilinx\14.7\ISE_DS\PlanAhead\lib\win64.o\librdi_tcltasks.dll
0x00000000191e0000 - 0x0000000019454000 	C:\Xilinx\14.7\ISE_DS\PlanAhead\lib\win64.o\librdi_bitstream.dll
0x0000000019460000 - 0x0000000019534000 	C:\Xilinx\14.7\ISE_DS\PlanAhead\lib\win64.o\librdi_dsp.dll
0x0000000019540000 - 0x00000000195ae000 	C:\Xilinx\14.7\ISE_DS\PlanAhead\lib\win64.o\librdi_edk.dll
0x00000000195b0000 - 0x00000000197be000 	C:\Xilinx\14.7\ISE_DS\PlanAhead\lib\win64.o\librdi_simdata.dll
0x0000000019b00000 - 0x0000000019c56000 	C:\Xilinx\14.7\ISE_DS\PlanAhead\lib\win64.o\librdi_planaheadtasks.dll
0x0000000019c70000 - 0x000000001aab8000 	C:\Xilinx\14.7\ISE_DS\PlanAhead\lib\win64.o\librdi_ipservicestasks.dll
0x0000000068750000 - 0x000000006875f000 	C:\Xilinx\14.7\ISE_DS\PlanAhead\tps\win64\jre\bin\verify.dll
0x0000000068280000 - 0x00000000682a8000 	C:\Xilinx\14.7\ISE_DS\PlanAhead\tps\win64\jre\bin\java.dll
0x0000000068260000 - 0x0000000068275000 	C:\Xilinx\14.7\ISE_DS\PlanAhead\tps\win64\jre\bin\zip.dll
0x0000000067a60000 - 0x0000000067a79000 	C:\Xilinx\14.7\ISE_DS\PlanAhead\tps\win64\jre\bin\net.dll
0x000007f80c4d0000 - 0x000007f80c52c000 	C:\WINDOWS\system32\mswsock.dll
0x0000000067a40000 - 0x0000000067a51000 	C:\Xilinx\14.7\ISE_DS\PlanAhead\tps\win64\jre\bin\nio.dll
0x0000000028bb0000 - 0x0000000028e96000 	C:\Xilinx\14.7\ISE_DS\PlanAhead\lib\win64.o\librdi_fed.dll
0x0000000028eb0000 - 0x0000000029111000 	C:\Xilinx\14.7\ISE_DS\PlanAhead\lib\win64.o\librdi_guitools.dll
0x0000000029130000 - 0x0000000029137000 	C:\Xilinx\14.7\ISE_DS\PlanAhead\lib\win64.o\librdi_commonx11.dll
0x0000000029150000 - 0x000000002953e000 	C:\Xilinx\14.7\ISE_DS\PlanAhead\lib\win64.o\librdi_rsbtasks.dll
0x0000000029550000 - 0x0000000029799000 	C:\Xilinx\14.7\ISE_DS\PlanAhead\lib\win64.o\librdi_labtoolstasks.dll
0x00000000298b0000 - 0x0000000029a68000 	C:\Xilinx\14.7\ISE_DS\PlanAhead\lib\win64.o\librdi_simtcltasks.dll
0x00000000678a0000 - 0x0000000067a33000 	C:\Xilinx\14.7\ISE_DS\PlanAhead\tps\win64\jre\bin\awt.dll
0x000007f8054e0000 - 0x000007f80557f000 	C:\WINDOWS\system32\apphelp.dll
0x000007f80ba80000 - 0x000007f80bb66000 	C:\WINDOWS\system32\uxtheme.dll

VM Arguments:
jvm_args: -Dsun.java2d.pmoffscreen=false -Xverify:none -Dswing.aatext=true -XX:-UsePerfData -Djdk.map.althashing.threshold=512 -XX:PermSize=128m -XX:MaxPermSize=128m -XX:NewSize=60m -XX:MaxNewSize=60m -XX:+UseConcMarkSweepGC -XX:+UseParNewGC -XX:+CMSParallelRemarkEnabled -XX:+CMSScavengeBeforeRemark -XX:+UseNUMA -XX:+AggressiveOpts -XX:+UseFastAccessorMethods -XX:+UseFastEmptyMethods -XX:+UseBiasedLocking -XX:+TieredCompilation -Xms128m -Xmx2048m -Xss3m 
java_command: <unknown>
Launcher Type: generic

Environment Variables:
USERNAME=Lap
OS=Windows_NT
PROCESSOR_IDENTIFIER=Intel64 Family 6 Model 42 Stepping 7, GenuineIntel



---------------  S Y S T E M  ---------------

OS: Windows 8 , 64 bit Build 9200 

CPU:total 8 (4 cores per cpu, 2 threads per core) family 6 model 42 stepping 7, cmov, cx8, fxsr, mmx, sse, sse2, sse3, ssse3, sse4.1, sse4.2, popcnt, avx, ht, tsc, tscinvbit

Memory: 4k page, physical 8347816k(3914156k free), swap 16736424k(10568624k free)

vm_info: Java HotSpot(TM) 64-Bit Server VM (23.7-b01) for windows-amd64 JRE (1.7.0_17-b02), built on Mar  1 2013 03:38:30 by "java_re" with unknown MS VC++:1600

time: Wed Aug 19 11:57:28 2015
elapsed time: 1 seconds

