#
# A fatal error has been detected by the Java Runtime Environment:
#
#  EXCEPTION_ACCESS_VIOLATION (0xc0000005) at pc=0x000007f80d721355, pid=8048, tid=9864
#
# JRE version: 7.0_17-b02
# Java VM: Java HotSpot(TM) 64-Bit Server VM (23.7-b01 mixed mode windows-amd64 compressed oops)
# Problematic frame:
# C  [msvcrt.dll+0x1355]  free_dbg+0x5
#
# Failed to write core dump. Minidumps are not enabled by default on client versions of Windows
#
# If you would like to submit a bug report, please visit:
#   http://bugreport.sun.com/bugreport/crash.jsp
# The crash happened outside the Java Virtual Machine in native code.
# See problematic frame for where to report the bug.
#

---------------  T H R E A D  ---------------

Current thread (0x000000002fa57800):  JavaThread "Swing-Shell" daemon [_thread_in_native, id=9864, stack(0x0000000035da0000,0x00000000360a0000)]

siginfo: ExceptionCode=0xc0000005, reading address 0x000000000000007c

Registers:
RAX=0x000000000000007c, RBX=0x0000000000000010, RCX=0x000000002d7353cc, RDX=0x000007f7e031597c
RSP=0x000000003609a288, RBP=0x0000000000000010, RSI=0x0000000000000002, RDI=0x000007f80da4ad48
R8 =0x0000000000000010, R9 =0x000007f80da4ad48, R10=0x000000002d7353cc, R11=0x0000000000000048
R12=0x000000002d73086c, R13=0x00000000199a89f8, R14=0x000000003609a7e0, R15=0x0000000000000048
RIP=0x000007f80d721355, EFLAGS=0x0000000000010202

Top of Stack: (sp=0x000000003609a288)
0x000000003609a288:   000007f80fab3e49 0000000000000000
0x000000003609a298:   0000000000001000 0000000000000000
0x000000003609a2a8:   0000000000010000 0000000000000010
0x000000003609a2b8:   000007f80fab446a 000000002d7353cc
0x000000003609a2c8:   0000000000000000 00000000199a8a30
0x000000003609a2d8:   000007f80faa36cb 0000000000000010
0x000000003609a2e8:   000000000a92f438 000000003609a7e0
0x000000003609a2f8:   000000003609a7d0 000000002d7353cc
0x000000003609a308:   000007f80faa6d0d 000000000000bfff
0x000000003609a318:   0000000000000000 0000000000000010
0x000000003609a328:   000000000a902677 000000003609a840
0x000000003609a338:   0000000000000002 00007f6400000010
0x000000003609a348:   000007f80fe35916 000000003609a8a8
0x000000003609a358:   00000000199a89f8 0000000000000001
0x000000003609a368:   0000000000000000 00000000199a8a50
0x000000003609a378:   0000000000000000 000000002d73086c 

Instructions: (pc=0x000007f80d721355)
0x000007f80d721335:   3a 04 0a 75 1b 48 ff c1 49 ff c8 f6 c1 07 75 ee
0x000007f80d721345:   eb 87 cc 90 90 90 90 90 90 90 90 48 b8 60 81 91
0x000007f80d721355:   0a 00 00 00 00 ff e0 90 90 90 90 90 90 90 90 48
0x000007f80d721365:   b8 60 73 91 0a 00 00 00 00 ff e0 83 ec 20 48 83 


Register to memory mapping:

RAX=0x000000000000007c is an unknown value
RBX=0x0000000000000010 is an unknown value
RCX=0x000000002d7353cc is an unknown value
RDX=0x000007f7e031597c is an unknown value
RSP=0x000000003609a288 is pointing into the stack for thread: 0x000000002fa57800
RBP=0x0000000000000010 is an unknown value
RSI=0x0000000000000002 is an unknown value
RDI=0x000007f80da4ad48 is an unknown value
R8 =0x0000000000000010 is an unknown value
R9 =0x000007f80da4ad48 is an unknown value
R10=0x000000002d7353cc is an unknown value
R11=0x0000000000000048 is an unknown value
R12=0x000000002d73086c is an unknown value
R13=0x00000000199a89f8 is an unknown value
R14=0x000000003609a7e0 is pointing into the stack for thread: 0x000000002fa57800
R15=0x0000000000000048 is an unknown value


Stack: [0x0000000035da0000,0x00000000360a0000],  sp=0x000000003609a288,  free space=3048k
Native frames: (J=compiled Java code, j=interpreted, Vv=VM code, C=native code)
C  [msvcrt.dll+0x1355]  free_dbg+0x5

[error occurred during error reporting (printing native stack), id 0xc0000005]

Java frames: (J=compiled Java code, j=interpreted, Vv=VM code)
j  sun.awt.shell.Win32ShellFolder2.getFileSystemPath0(I)Ljava/lang/String;+0
j  sun.awt.shell.Win32ShellFolder2.access$800(I)Ljava/lang/String;+1
j  sun.awt.shell.Win32ShellFolder2$7.call()Ljava/lang/String;+4
j  sun.awt.shell.Win32ShellFolder2$7.call()Ljava/lang/Object;+1
j  java.util.concurrent.FutureTask$Sync.innerRun()V+29
j  java.util.concurrent.FutureTask.run()V+4
j  java.util.concurrent.ThreadPoolExecutor.runWorker(Ljava/util/concurrent/ThreadPoolExecutor$Worker;)V+95
j  java.util.concurrent.ThreadPoolExecutor$Worker.run()V+5
j  sun.awt.shell.Win32ShellFolderManager2$ComInvoker$3.run()V+7
j  java.lang.Thread.run()V+11
v  ~StubRoutines::call_stub

---------------  P R O C E S S  ---------------

Java Threads: ( => current thread )
=>0x000000002fa57800 JavaThread "Swing-Shell" daemon [_thread_in_native, id=9864, stack(0x0000000035da0000,0x00000000360a0000)]
  0x00000000335f1000 JavaThread "HFileChooser Load File/Folder Choosers Thread" [_thread_blocked, id=9492, stack(0x00000000356a0000,0x00000000359a0000)]
  0x0000000035057800 JavaThread "Monitor File Timestamp" [_thread_blocked, id=9564, stack(0x00000000350a0000,0x00000000353a0000)]
  0x000000002fa3d000 JavaThread "Image Fetcher 2" daemon [_thread_blocked, id=9536, stack(0x00000000300a0000,0x00000000303a0000)]
  0x000000002fa3a000 JavaThread "Image Fetcher 1" daemon [_thread_blocked, id=1748, stack(0x000000002fca0000,0x000000002ffa0000)]
  0x000000002d569800 JavaThread "D3D Screen Updater" daemon [_thread_blocked, id=9576, stack(0x000000002ef20000,0x000000002f220000)]
  0x000000002c279800 JavaThread "Image Fetcher 0" daemon [_thread_blocked, id=9528, stack(0x000000002d0a0000,0x000000002d3a0000)]
  0x000000001ab33000 JavaThread "AWT-EventQueue-1" [_thread_in_vm, id=7500, stack(0x000000002cda0000,0x000000002d0a0000)]
  0x000000001ab37800 JavaThread "Process Messages" [_thread_blocked, id=6064, stack(0x000000002c9a0000,0x000000002cca0000)]
  0x00000000060c2800 JavaThread "Thread-3" [_thread_blocked, id=5064, stack(0x0000000003d70000,0x0000000005170000)]
  0x000000002c227800 JavaThread "AWT-EventQueue-0" [_thread_blocked, id=9540, stack(0x000000002c2a0000,0x000000002c5a0000)]
  0x0000000028af0800 JavaThread "AWT-Windows" daemon [_thread_in_native, id=9500, stack(0x000000002a760000,0x000000002aa60000)]
  0x0000000028afd800 JavaThread "AWT-Shutdown" [_thread_blocked, id=9708, stack(0x000000002a460000,0x000000002a760000)]
  0x0000000028af1800 JavaThread "Java2D Disposer" daemon [_thread_blocked, id=7740, stack(0x000000002a160000,0x000000002a460000)]
  0x0000000029840800 JavaThread "TimerQueue" daemon [_thread_blocked, id=9676, stack(0x0000000029b60000,0x0000000029e60000)]
  0x0000000021c71800 JavaThread "Service Thread" daemon [_thread_blocked, id=9680, stack(0x00000000284d0000,0x00000000287d0000)]
  0x0000000021c61800 JavaThread "C1 CompilerThread3" daemon [_thread_in_vm, id=9664, stack(0x00000000283d0000,0x00000000284d0000)]
  0x0000000021c51800 JavaThread "C2 CompilerThread2" daemon [_thread_in_native, id=9684, stack(0x00000000282d0000,0x00000000283d0000)]
  0x0000000021c41800 JavaThread "C2 CompilerThread1" daemon [_thread_blocked, id=8360, stack(0x00000000281d0000,0x00000000282d0000)]
  0x0000000021c31800 JavaThread "C2 CompilerThread0" daemon [_thread_blocked, id=5060, stack(0x00000000280d0000,0x00000000281d0000)]
  0x0000000021c21800 JavaThread "Attach Listener" daemon [_thread_blocked, id=8784, stack(0x0000000027dd0000,0x00000000280d0000)]
  0x0000000021c11800 JavaThread "Signal Dispatcher" daemon [_thread_blocked, id=7388, stack(0x0000000027ad0000,0x0000000027dd0000)]
  0x0000000026fa1800 JavaThread "Surrogate Locker Thread (Concurrent GC)" daemon [_thread_blocked, id=8076, stack(0x00000000277d0000,0x0000000027ad0000)]
  0x0000000021cd1800 JavaThread "Finalizer" daemon [_thread_blocked, id=8268, stack(0x00000000274d0000,0x00000000277d0000)]
  0x0000000021cd3800 JavaThread "Reference Handler" daemon [_thread_blocked, id=4080, stack(0x00000000271d0000,0x00000000274d0000)]
  0x000000001ab1a800 JavaThread "main" [_thread_blocked, id=8412, stack(0x000000001acf0000,0x000000001adf0000)]

Other Threads:
  0x0000000021c92000 VMThread [stack: 0x0000000026fd0000,0x00000000270d0000] [id=9064]
  0x0000000021c80800 WatcherThread [stack: 0x00000000287d0000,0x00000000288d0000] [id=9672]

VM state:not at safepoint (normal execution)

VM Mutex/Monitor currently owned by a thread: None

Heap
 par new generation   total 55296K, used 16349K [0x0000000778000000, 0x000000077bc00000, 0x000000077bc00000)
  eden space 49152K,  20% used [0x0000000778000000, 0x00000007789f7630, 0x000000077b000000)
  from space 6144K, 100% used [0x000000077b000000, 0x000000077b600000, 0x000000077b600000)
  to   space 6144K,   0% used [0x000000077b600000, 0x000000077b600000, 0x000000077bc00000)
 concurrent mark-sweep generation total 69632K, used 10772K [0x000000077bc00000, 0x0000000780000000, 0x00000007f8000000)
 concurrent-mark-sweep perm gen total 131072K, used 26094K [0x00000007f8000000, 0x0000000800000000, 0x0000000800000000)

Card table byte_map: [0x0000000021790000,0x0000000021be0000] byte_map_base: 0x000000001dbd0000

Polling page: 0x000000001adf0000

Code Cache  [0x000000001ae10000, 0x000000001b400000, 0x0000000020e10000)
 total_blobs=2099 nmethods=1508 adapters=507 free_code_cache=92578Kb largest_free_block=94495296

Compilation events (10 events):
Event: 1.870 Thread 0x0000000021c31800 nmethod 1795 0x000000001b229950 code [0x000000001b229aa0, 0x000000001b229c58]
Event: 1.871 Thread 0x0000000021c31800 1798   !   4       javax.swing.UIDefaults::getFromHashtable (239 bytes)
Event: 1.871 Thread 0x0000000021c61800 1796       3       javax.swing.MultiUIDefaults::get (72 bytes)
Event: 1.871 Thread 0x0000000021c61800 nmethod 1796 0x000000001b255990 code [0x000000001b255b40, 0x000000001b2560a8]
Event: 1.871 Thread 0x0000000021c61800 1794       3       sun.awt.image.IntegerInterleavedRaster::setDataElements (94 bytes)
Event: 1.872 Thread 0x0000000021c61800 nmethod 1794 0x000000001b16db10 code [0x000000001b16dcc0, 0x000000001b16e368]
Event: 1.878 Thread 0x0000000021c31800 nmethod 1798 0x000000001b363490 code [0x000000001b363660, 0x000000001b3643b0]
Event: 1.880 Thread 0x0000000021c61800 1799       3       javax.swing.UIDefaults$TextAndMnemonicHashMap::get (358 bytes)
Event: 1.886 Thread 0x0000000021c61800 nmethod 1799 0x000000001b20a810 code [0x000000001b20b180, 0x000000001b212358]
Event: 1.886 Thread 0x0000000021c41800 nmethod 1797 0x000000001b2fb410 code [0x000000001b2fb620, 0x000000001b2fca40]

GC Heap History (4 events):
Event: 0.701 GC heap before
{Heap before GC invocations=0 (full 0):
 par new generation   total 55296K, used 49152K [0x0000000778000000, 0x000000077bc00000, 0x000000077bc00000)
  eden space 49152K, 100% used [0x0000000778000000, 0x000000077b000000, 0x000000077b000000)
  from space 6144K,   0% used [0x000000077b000000, 0x000000077b000000, 0x000000077b600000)
  to   space 6144K,   0% used [0x000000077b600000, 0x000000077b600000, 0x000000077bc00000)
 concurrent mark-sweep generation total 69632K, used 0K [0x000000077bc00000, 0x0000000780000000, 0x00000007f8000000)
 concurrent-mark-sweep perm gen total 131072K, used 13327K [0x00000007f8000000, 0x0000000800000000, 0x0000000800000000)
Event: 0.707 GC heap after
Heap after GC invocations=1 (full 0):
 par new generation   total 55296K, used 6144K [0x0000000778000000, 0x000000077bc00000, 0x000000077bc00000)
  eden space 49152K,   0% used [0x0000000778000000, 0x0000000778000000, 0x000000077b000000)
  from space 6144K, 100% used [0x000000077b600000, 0x000000077bc00000, 0x000000077bc00000)
  to   space 6144K,   0% used [0x000000077b000000, 0x000000077b000000, 0x000000077b600000)
 concurrent mark-sweep generation total 69632K, used 955K [0x000000077bc00000, 0x0000000780000000, 0x00000007f8000000)
 concurrent-mark-sweep perm gen total 131072K, used 13327K [0x00000007f8000000, 0x0000000800000000, 0x0000000800000000)
}
Event: 1.646 GC heap before
{Heap before GC invocations=1 (full 0):
 par new generation   total 55296K, used 55296K [0x0000000778000000, 0x000000077bc00000, 0x000000077bc00000)
  eden space 49152K, 100% used [0x0000000778000000, 0x000000077b000000, 0x000000077b000000)
  from space 6144K, 100% used [0x000000077b600000, 0x000000077bc00000, 0x000000077bc00000)
  to   space 6144K,   0% used [0x000000077b000000, 0x000000077b000000, 0x000000077b600000)
 concurrent mark-sweep generation total 69632K, used 955K [0x000000077bc00000, 0x0000000780000000, 0x00000007f8000000)
 concurrent-mark-sweep perm gen total 131072K, used 23149K [0x00000007f8000000, 0x0000000800000000, 0x0000000800000000)
Event: 1.675 GC heap after
Heap after GC invocations=2 (full 0):
 par new generation   total 55296K, used 6144K [0x0000000778000000, 0x000000077bc00000, 0x000000077bc00000)
  eden space 49152K,   0% used [0x0000000778000000, 0x0000000778000000, 0x000000077b000000)
  from space 6144K, 100% used [0x000000077b000000, 0x000000077b600000, 0x000000077b600000)
  to   space 6144K,   0% used [0x000000077b600000, 0x000000077b600000, 0x000000077bc00000)
 concurrent mark-sweep generation total 69632K, used 10772K [0x000000077bc00000, 0x0000000780000000, 0x00000007f8000000)
 concurrent-mark-sweep perm gen total 131072K, used 23149K [0x00000007f8000000, 0x0000000800000000, 0x0000000800000000)
}

Deoptimization events (10 events):
Event: 1.793 Thread 0x000000001ab33000 Uncommon trap -83 fr.pc 0x000000001af307c4
Event: 1.813 Thread 0x000000001ab33000 Uncommon trap -34 fr.pc 0x000000001b0158a4
Event: 1.823 Thread 0x000000001ab33000 Uncommon trap -34 fr.pc 0x000000001b3e6000
Event: 1.851 Thread 0x00000000335f1000 Uncommon trap -83 fr.pc 0x000000001b376b7c
Event: 1.858 Thread 0x00000000335f1000 Uncommon trap -58 fr.pc 0x000000001b251428
Event: 1.860 Thread 0x00000000335f1000 Uncommon trap -58 fr.pc 0x000000001b251428
Event: 1.860 Thread 0x00000000335f1000 Uncommon trap -58 fr.pc 0x000000001b251428
Event: 1.861 Thread 0x00000000335f1000 Uncommon trap -58 fr.pc 0x000000001b251428
Event: 1.861 Thread 0x00000000335f1000 Uncommon trap -58 fr.pc 0x000000001b23be54
Event: 1.880 Thread 0x00000000335f1000 Uncommon trap 668 fr.pc 0x000000001b335654

Internal exceptions (10 events):
Event: 1.845 Thread 0x000000001ab33000 Threw 0x00000007787cb2b8 at C:\jdk7u2_64p\jdk7u17\hotspot\src\share\vm\prims\jvm.cpp:1166
Event: 1.846 Thread 0x000000001ab33000 Threw 0x00000007787d6e28 at C:\jdk7u2_64p\jdk7u17\hotspot\src\share\vm\prims\jvm.cpp:1166
Event: 1.846 Thread 0x000000001ab33000 Threw 0x00000007787db4f8 at C:\jdk7u2_64p\jdk7u17\hotspot\src\share\vm\prims\jvm.cpp:1166
Event: 1.848 Thread 0x000000001ab33000 Threw 0x00000007787f09f0 at C:\jdk7u2_64p\jdk7u17\hotspot\src\share\vm\prims\jvm.cpp:1166
Event: 1.849 Thread 0x00000000335f1000 Threw 0x000000077881e3f8 at C:\jdk7u2_64p\jdk7u17\hotspot\src\share\vm\prims\jvm.cpp:1166
Event: 1.849 Thread 0x000000001ab33000 Threw 0x00000007787f7020 at C:\jdk7u2_64p\jdk7u17\hotspot\src\share\vm\prims\jvm.cpp:1166
Event: 1.850 Thread 0x00000000335f1000 Threw 0x0000000778841e20 at C:\jdk7u2_64p\jdk7u17\hotspot\src\share\vm\prims\jvm.cpp:1166
Event: 1.850 Thread 0x000000001ab33000 Threw 0x0000000778869aa0 at C:\jdk7u2_64p\jdk7u17\hotspot\src\share\vm\prims\jvm.cpp:1166
Event: 1.857 Thread 0x00000000335f1000 Threw 0x000000077884cbe0 at C:\jdk7u2_64p\jdk7u17\hotspot\src\share\vm\prims\jvm.cpp:1166
Event: 1.857 Thread 0x00000000335f1000 Threw 0x000000077884ff90 at C:\jdk7u2_64p\jdk7u17\hotspot\src\share\vm\prims\jvm.cpp:1166

Events (10 events):
Event: 1.880 Thread 0x00000000335f1000 DEOPT PACKING pc=0x000000001b335654 sp=0x000000003599ec00
Event: 1.880 Thread 0x00000000335f1000 DEOPT UNPACKING pc=0x000000001ae49164 sp=0x000000003599ebd0 mode 2
Event: 1.880 loading class 0x000000002c751790
Event: 1.880 loading class 0x000000002c751790 done
Event: 1.881 loading class 0x000000002c754550
Event: 1.881 loading class 0x000000002c754550 done
Event: 1.881 loading class 0x000000002c7531d0
Event: 1.881 loading class 0x000000002c7531d0 done
Event: 1.886 Thread 0x0000000021c61800 flushing nmethod 0x000000001b24a110
Event: 1.886 Thread 0x0000000021c61800 flushing nmethod 0x000000001b24d5d0


Dynamic libraries:
0x0000000140000000 - 0x000000014000e000 	C:\Xilinx\14.7\ISE_DS\PlanAhead\bin\unwrapped\win64.o\planAhead.exe
0x000007f80fe30000 - 0x000007f80ffee000 	C:\WINDOWS\SYSTEM32\ntdll.dll
0x000007f80ee10000 - 0x000007f80ef47000 	C:\WINDOWS\system32\KERNEL32.DLL
0x000007f80d040000 - 0x000007f80d134000 	C:\WINDOWS\system32\KERNELBASE.dll
0x000000000a900000 - 0x000000000a945000 	C:\Xilinx\14.7\ISE_DS\PlanAhead\lib\win64.o\SHSMP64.dll
0x0000000180000000 - 0x0000000180013000 	C:\Xilinx\14.7\ISE_DS\PlanAhead\lib\win64.o\libboost_signals.dll
0x00000000003c0000 - 0x0000000000c41000 	C:\Xilinx\14.7\ISE_DS\PlanAhead\lib\win64.o\librdi_common.dll
0x00000000001f0000 - 0x0000000000206000 	C:\Xilinx\14.7\ISE_DS\PlanAhead\lib\win64.o\librdi_commonmain.dll
0x0000000000c50000 - 0x0000000000d3e000 	C:\Xilinx\14.7\ISE_DS\PlanAhead\lib\win64.o\stlport.5.2.dll
0x0000000067a80000 - 0x0000000067b23000 	C:\WINDOWS\WinSxS\amd64_microsoft.vc90.crt_1fc8b3b9a1e18e3b_9.0.30729.6871_none_08e717a5a83adddf\MSVCR90.dll
0x000007f80f770000 - 0x000007f80f8bc000 	C:\WINDOWS\system32\USER32.dll
0x000007f80f180000 - 0x000007f80f25e000 	C:\WINDOWS\system32\ADVAPI32.dll
0x000007f80a0c0000 - 0x000007f80a0c9000 	C:\WINDOWS\SYSTEM32\VERSION.dll
0x0000000000d40000 - 0x0000000001029000 	C:\Xilinx\14.7\ISE_DS\PlanAhead\lib\win64.o\libCOIN-all.dll
0x0000000001030000 - 0x000000000126a000 	C:\Xilinx\14.7\ISE_DS\PlanAhead\lib\win64.o\libSecurity.dll
0x0000000000290000 - 0x000000000029f000 	C:\Xilinx\14.7\ISE_DS\PlanAhead\lib\win64.o\libboost_date_time.dll
0x0000000001270000 - 0x0000000001297000 	C:\Xilinx\14.7\ISE_DS\PlanAhead\lib\win64.o\libboost_filesystem.dll
0x00000000012a0000 - 0x0000000001311000 	C:\Xilinx\14.7\ISE_DS\PlanAhead\lib\win64.o\libboost_program_options.dll
0x0000000001320000 - 0x00000000013cf000 	C:\Xilinx\14.7\ISE_DS\PlanAhead\lib\win64.o\libboost_regex.dll
0x00000000002a0000 - 0x00000000002a9000 	C:\Xilinx\14.7\ISE_DS\PlanAhead\lib\win64.o\libboost_system.dll
0x00000000013d0000 - 0x00000000013e6000 	C:\Xilinx\14.7\ISE_DS\PlanAhead\lib\win64.o\libboost_thread.dll
0x00000000013f0000 - 0x0000000001433000 	C:\Xilinx\14.7\ISE_DS\PlanAhead\lib\win64.o\libcurl.dll
0x0000000001440000 - 0x00000000014c3000 	C:\Xilinx\14.7\ISE_DS\PlanAhead\lib\win64.o\libhdlpsolve.dll
0x00000000014d0000 - 0x0000000001587000 	C:\Xilinx\14.7\ISE_DS\PlanAhead\lib\win64.o\libhdxml.dll
0x0000000001590000 - 0x0000000001ad30d3 	C:\Xilinx\14.7\ISE_DS\PlanAhead\lib\win64.o\libisl_iostreams.dll
0x0000000001ae0000 - 0x0000000001b09000 	C:\Xilinx\14.7\ISE_DS\PlanAhead\lib\win64.o\libisl_sysinfo.dll
0x0000000066df0000 - 0x000000006750f000 	C:\Xilinx\14.7\ISE_DS\PlanAhead\tps\win64\jre\bin\server\jvm.dll
0x0000000001b10000 - 0x0000000001b22000 	C:\Xilinx\14.7\ISE_DS\PlanAhead\lib\win64.o\pthreadVC.dll
0x0000000001b30000 - 0x0000000001b46000 	C:\Xilinx\14.7\ISE_DS\PlanAhead\lib\win64.o\librdiconfig.dll
0x0000000001b50000 - 0x0000000001b6e000 	C:\Xilinx\14.7\ISE_DS\PlanAhead\lib\win64.o\librdizlib.dll
0x0000000010000000 - 0x000000001012a000 	C:\Xilinx\14.7\ISE_DS\PlanAhead\lib\win64.o\tcl85t.dll
0x0000000012000000 - 0x0000000012282000 	C:\Xilinx\14.7\ISE_DS\PlanAhead\lib\win64.o\xerces-c_3_1.dll
0x000007f80fa60000 - 0x000007f80fa67000 	C:\WINDOWS\system32\PSAPI.DLL
0x000007f80ef50000 - 0x000007f80f17c000 	C:\WINDOWS\system32\WININET.dll
0x000007f802ca0000 - 0x000007f802d51000 	C:\WINDOWS\SYSTEM32\WINHTTP.dll
0x000007f80d5b0000 - 0x000007f80d714000 	C:\WINDOWS\system32\urlmon.dll
0x000007f8037b0000 - 0x000007f8037b9000 	C:\WINDOWS\SYSTEM32\WSOCK32.dll
0x0000000067b30000 - 0x0000000067c03000 	C:\WINDOWS\WinSxS\amd64_microsoft.vc90.crt_1fc8b3b9a1e18e3b_9.0.30729.6871_none_08e717a5a83adddf\MSVCP90.dll
0x000007f80d9b0000 - 0x000007f80ec92000 	C:\WINDOWS\system32\SHELL32.dll
0x000007f80f610000 - 0x000007f80f751000 	C:\WINDOWS\system32\GDI32.dll
0x000007f80d720000 - 0x000007f80d7c5000 	C:\WINDOWS\system32\msvcrt.dll
0x000007f80edc0000 - 0x000007f80ee08000 	C:\WINDOWS\SYSTEM32\sechost.dll
0x000007f80f470000 - 0x000007f80f5b5000 	C:\WINDOWS\system32\RPCRT4.dll
0x000007f80b230000 - 0x000007f80b245000 	C:\WINDOWS\SYSTEM32\NETAPI32.dll
0x000007f80ed10000 - 0x000007f80edb1000 	C:\WINDOWS\system32\COMDLG32.dll
0x000007f807dd0000 - 0x000007f807e74000 	C:\WINDOWS\WinSxS\amd64_microsoft.windows.common-controls_6595b64144ccf1df_5.82.9200.16658_none_776622cb3175a40c\COMCTL32.dll
0x000007f80d4e0000 - 0x000007f80d5a3000 	C:\WINDOWS\system32\OLEAUT32.dll
0x000007f80d340000 - 0x000007f80d4be000 	C:\WINDOWS\system32\ole32.dll
0x000007f80cfe0000 - 0x000007f80d035000 	C:\WINDOWS\system32\WINTRUST.dll
0x000007f80cd50000 - 0x000007f80cf21000 	C:\WINDOWS\system32\CRYPT32.dll
0x0000000001c00000 - 0x0000000001c0c000 	C:\Xilinx\14.7\ISE_DS\PlanAhead\lib\win64.o\libboost_chrono.dll
0x000007f80fda0000 - 0x000007f80fdf8000 	C:\WINDOWS\system32\WS2_32.dll
0x000007f80f260000 - 0x000007f80f2be000 	C:\WINDOWS\system32\WLDAP32.dll
0x0000000001c40000 - 0x0000000001c59000 	C:\Xilinx\14.7\ISE_DS\PlanAhead\lib\win64.o\libboost_iostreams.dll
0x000007f809dc0000 - 0x000007f809de0000 	C:\WINDOWS\SYSTEM32\WINMM.dll
0x00000000682b0000 - 0x0000000068382000 	C:\WINDOWS\SYSTEM32\MSVCR100.dll
0x000007f80fb10000 - 0x000007f80fd9e000 	C:\WINDOWS\system32\iertutil.dll
0x000007f80d1c0000 - 0x000007f80d1df000 	C:\WINDOWS\system32\USERENV.dll
0x000007f80f2c0000 - 0x000007f80f470000 	C:\WINDOWS\SYSTEM32\combase.dll
0x000007f80f5c0000 - 0x000007f80f610000 	C:\WINDOWS\system32\SHLWAPI.dll
0x000007f80bfb0000 - 0x000007f80bfbe000 	C:\WINDOWS\SYSTEM32\netutils.dll
0x000007f80c780000 - 0x000007f80c7a4000 	C:\WINDOWS\SYSTEM32\srvcli.dll
0x000007f80b1f0000 - 0x000007f80b205000 	C:\WINDOWS\SYSTEM32\wkscli.dll
0x000007f80cd10000 - 0x000007f80cd26000 	C:\WINDOWS\system32\MSASN1.dll
0x000007f80d7d0000 - 0x000007f80d7d9000 	C:\WINDOWS\system32\NSI.dll
0x000007f809d70000 - 0x000007f809da3000 	C:\WINDOWS\SYSTEM32\WINMMBASE.dll
0x000007f80cd30000 - 0x000007f80cd45000 	C:\WINDOWS\system32\profapi.dll
0x000007f80d140000 - 0x000007f80d18f000 	C:\WINDOWS\SYSTEM32\cfgmgr32.dll
0x000007f80d190000 - 0x000007f80d1b2000 	C:\WINDOWS\system32\DEVOBJ.dll
0x000007f80be60000 - 0x000007f80bef5000 	C:\WINDOWS\SYSTEM32\SHCORE.DLL
0x000007f80d300000 - 0x000007f80d339000 	C:\WINDOWS\system32\IMM32.DLL
0x000007f80d1e0000 - 0x000007f80d2f6000 	C:\WINDOWS\system32\MSCTF.dll
0x0000000005170000 - 0x0000000005463000 	C:\Xilinx\14.7\ISE_DS\PlanAhead\lib\win64.o\librdi_commontasks.dll
0x0000000006830000 - 0x0000000006e70000 	C:\Xilinx\14.7\ISE_DS\PlanAhead\lib\win64.o\librdi_coretasks.dll
0x0000000006e70000 - 0x0000000007037000 	C:\Xilinx\14.7\ISE_DS\PlanAhead\lib\win64.o\librdi_chipscope.dll
0x0000000007040000 - 0x0000000008060000 	C:\Xilinx\14.7\ISE_DS\PlanAhead\lib\win64.o\librdi_constraints.dll
0x0000000008060000 - 0x000000000932c000 	C:\Xilinx\14.7\ISE_DS\PlanAhead\lib\win64.o\librdi_coregen.dll
0x000000000a950000 - 0x000000000dfa1000 	C:\Xilinx\14.7\ISE_DS\PlanAhead\lib\win64.o\librdi_designutils.dll
0x0000000009330000 - 0x0000000009f0a000 	C:\Xilinx\14.7\ISE_DS\PlanAhead\lib\win64.o\librdi_device.dll
0x0000000009f10000 - 0x000000000a224000 	C:\Xilinx\14.7\ISE_DS\PlanAhead\lib\win64.o\librdi_drc.dll
0x000000000a230000 - 0x000000000a4be000 	C:\Xilinx\14.7\ISE_DS\PlanAhead\lib\win64.o\librdi_filemgmt.dll
0x000000000a4c0000 - 0x000000000a896000 	C:\Xilinx\14.7\ISE_DS\PlanAhead\lib\win64.o\librdi_netlist.dll
0x000000000dfb0000 - 0x000000000f0d3000 	C:\Xilinx\14.7\ISE_DS\PlanAhead\lib\win64.o\librdi_place.dll
0x000000000f0e0000 - 0x000000000f602000 	C:\Xilinx\14.7\ISE_DS\PlanAhead\lib\win64.o\librdi_power.dll
0x000000000f610000 - 0x000000000f9c3000 	C:\Xilinx\14.7\ISE_DS\PlanAhead\lib\win64.o\librdi_project.dll
0x000000000f9d0000 - 0x000000000ff6d000 	C:\Xilinx\14.7\ISE_DS\PlanAhead\lib\win64.o\librdi_rsb.dll
0x0000000010130000 - 0x0000000010528000 	C:\Xilinx\14.7\ISE_DS\PlanAhead\lib\win64.o\librdi_runs.dll
0x0000000010530000 - 0x0000000011008000 	C:\Xilinx\14.7\ISE_DS\PlanAhead\lib\win64.o\librdi_timing.dll
0x000000000ff70000 - 0x000000000ffde000 	C:\Xilinx\14.7\ISE_DS\PlanAhead\lib\win64.o\liblmx6.0.dll
0x00000000037a0000 - 0x00000000037a8000 	C:\Xilinx\14.7\ISE_DS\PlanAhead\lib\win64.o\libpsta_dllwrapper.dll
0x0000000011010000 - 0x00000000117df000 	C:\Xilinx\14.7\ISE_DS\PlanAhead\lib\win64.o\librdi_coregenipxact.dll
0x00000000117e0000 - 0x0000000011f80000 	C:\Xilinx\14.7\ISE_DS\PlanAhead\lib\win64.o\libverific.dll
0x0000000011f80000 - 0x0000000011ffd000 	C:\Xilinx\14.7\ISE_DS\PlanAhead\lib\win64.o\libboost_serialization.dll
0x0000000012290000 - 0x00000000127d4000 	C:\Xilinx\14.7\ISE_DS\PlanAhead\lib\win64.o\librdi_xdm.dll
0x00000000127e0000 - 0x0000000012870000 	C:\Xilinx\14.7\ISE_DS\PlanAhead\lib\win64.o\libise.dll
0x0000000012870000 - 0x0000000012e4c000 	C:\Xilinx\14.7\ISE_DS\PlanAhead\lib\win64.o\librdi_abc_nomp.dll
0x0000000012e50000 - 0x0000000012f78000 	C:\Xilinx\14.7\ISE_DS\PlanAhead\lib\win64.o\librdi_dlyest.dll
0x000000000a8c0000 - 0x000000000a8da000 	C:\Xilinx\14.7\ISE_DS\PlanAhead\lib\win64.o\librdi_hmetis.dll
0x0000000068760000 - 0x0000000068771000 	C:\WINDOWS\WinSxS\amd64_microsoft.vc90.openmp_1fc8b3b9a1e18e3b_9.0.30729.6161_none_390d35aa0a1f21f9\VCOMP90.DLL
0x0000000012f80000 - 0x000000001356e000 	C:\Xilinx\14.7\ISE_DS\PlanAhead\lib\win64.o\librdi_route.dll
0x0000000013570000 - 0x000000001379a000 	C:\Xilinx\14.7\ISE_DS\PlanAhead\lib\win64.o\librdi_labtools.dll
0x00000000137a0000 - 0x0000000013cdb000 	C:\Xilinx\14.7\ISE_DS\PlanAhead\lib\win64.o\librdi_memdata.dll
0x0000000013ce0000 - 0x000000001540f000 	C:\Xilinx\14.7\ISE_DS\PlanAhead\lib\win64.o\librdi_synth.dll
0x0000000015410000 - 0x000000001584e000 	C:\Xilinx\14.7\ISE_DS\PlanAhead\lib\win64.o\librdi_ip.dll
0x0000000015920000 - 0x000000001595d000 	C:\Xilinx\14.7\ISE_DS\PlanAhead\lib\win64.o\librdi_simbridge_kernel.dll
0x0000000015960000 - 0x0000000015dd6000 	C:\Xilinx\14.7\ISE_DS\PlanAhead\lib\win64.o\librdi_wavedata.dll
0x0000000017130000 - 0x00000000191e8000 	C:\Xilinx\14.7\ISE_DS\PlanAhead\lib\win64.o\librdi_tcltasks.dll
0x0000000019200000 - 0x0000000019474000 	C:\Xilinx\14.7\ISE_DS\PlanAhead\lib\win64.o\librdi_bitstream.dll
0x0000000019480000 - 0x0000000019554000 	C:\Xilinx\14.7\ISE_DS\PlanAhead\lib\win64.o\librdi_dsp.dll
0x0000000019560000 - 0x00000000195ce000 	C:\Xilinx\14.7\ISE_DS\PlanAhead\lib\win64.o\librdi_edk.dll
0x00000000195d0000 - 0x00000000197de000 	C:\Xilinx\14.7\ISE_DS\PlanAhead\lib\win64.o\librdi_simdata.dll
0x0000000019b20000 - 0x0000000019c76000 	C:\Xilinx\14.7\ISE_DS\PlanAhead\lib\win64.o\librdi_planaheadtasks.dll
0x0000000019c90000 - 0x000000001aad8000 	C:\Xilinx\14.7\ISE_DS\PlanAhead\lib\win64.o\librdi_ipservicestasks.dll
0x0000000068750000 - 0x000000006875f000 	C:\Xilinx\14.7\ISE_DS\PlanAhead\tps\win64\jre\bin\verify.dll
0x0000000068280000 - 0x00000000682a8000 	C:\Xilinx\14.7\ISE_DS\PlanAhead\tps\win64\jre\bin\java.dll
0x0000000068260000 - 0x0000000068275000 	C:\Xilinx\14.7\ISE_DS\PlanAhead\tps\win64\jre\bin\zip.dll
0x0000000067a60000 - 0x0000000067a79000 	C:\Xilinx\14.7\ISE_DS\PlanAhead\tps\win64\jre\bin\net.dll
0x000007f80c4d0000 - 0x000007f80c52c000 	C:\WINDOWS\system32\mswsock.dll
0x0000000067a40000 - 0x0000000067a51000 	C:\Xilinx\14.7\ISE_DS\PlanAhead\tps\win64\jre\bin\nio.dll
0x0000000028bd0000 - 0x0000000028eb6000 	C:\Xilinx\14.7\ISE_DS\PlanAhead\lib\win64.o\librdi_fed.dll
0x0000000028ed0000 - 0x0000000029131000 	C:\Xilinx\14.7\ISE_DS\PlanAhead\lib\win64.o\librdi_guitools.dll
0x0000000029150000 - 0x0000000029157000 	C:\Xilinx\14.7\ISE_DS\PlanAhead\lib\win64.o\librdi_commonx11.dll
0x0000000029170000 - 0x000000002955e000 	C:\Xilinx\14.7\ISE_DS\PlanAhead\lib\win64.o\librdi_rsbtasks.dll
0x0000000029570000 - 0x00000000297b9000 	C:\Xilinx\14.7\ISE_DS\PlanAhead\lib\win64.o\librdi_labtoolstasks.dll
0x00000000298d0000 - 0x0000000029a88000 	C:\Xilinx\14.7\ISE_DS\PlanAhead\lib\win64.o\librdi_simtcltasks.dll
0x00000000678a0000 - 0x0000000067a33000 	C:\Xilinx\14.7\ISE_DS\PlanAhead\tps\win64\jre\bin\awt.dll
0x000007f8054e0000 - 0x000007f80557f000 	C:\WINDOWS\system32\apphelp.dll
0x000007f80ba80000 - 0x000007f80bb66000 	C:\WINDOWS\system32\uxtheme.dll

VM Arguments:
jvm_args: -Dsun.java2d.pmoffscreen=false -Xverify:none -Dswing.aatext=true -XX:-UsePerfData -Djdk.map.althashing.threshold=512 -XX:PermSize=128m -XX:MaxPermSize=128m -XX:NewSize=60m -XX:MaxNewSize=60m -XX:+UseConcMarkSweepGC -XX:+UseParNewGC -XX:+CMSParallelRemarkEnabled -XX:+CMSScavengeBeforeRemark -XX:+UseNUMA -XX:+AggressiveOpts -XX:+UseFastAccessorMethods -XX:+UseFastEmptyMethods -XX:+UseBiasedLocking -XX:+TieredCompilation -Xms128m -Xmx2048m -Xss3m 
java_command: <unknown>
Launcher Type: generic

Environment Variables:
USERNAME=Lap
OS=Windows_NT
PROCESSOR_IDENTIFIER=Intel64 Family 6 Model 42 Stepping 7, GenuineIntel



---------------  S Y S T E M  ---------------

OS: Windows 8 , 64 bit Build 9200 

CPU:total 8 (4 cores per cpu, 2 threads per core) family 6 model 42 stepping 7, cmov, cx8, fxsr, mmx, sse, sse2, sse3, ssse3, sse4.1, sse4.2, popcnt, avx, ht, tsc, tscinvbit

Memory: 4k page, physical 8347816k(3910092k free), swap 16736424k(10574928k free)

vm_info: Java HotSpot(TM) 64-Bit Server VM (23.7-b01) for windows-amd64 JRE (1.7.0_17-b02), built on Mar  1 2013 03:38:30 by "java_re" with unknown MS VC++:1600

time: Wed Aug 19 12:02:37 2015
elapsed time: 1 seconds

