Release 14.7 - xst P.20131013 (nt64)
Copyright (c) 1995-2013 Xilinx, Inc.  All rights reserved.
--> Parameter TMPDIR set to xst/projnav.tmp


Total REAL time to Xst completion: 0.00 secs
Total CPU time to Xst completion: 0.08 secs
 
--> Parameter xsthdpdir set to xst


Total REAL time to Xst completion: 0.00 secs
Total CPU time to Xst completion: 0.08 secs
 
--> Reading design: Top.prj

TABLE OF CONTENTS
  1) Synthesis Options Summary
  2) HDL Parsing
  3) HDL Elaboration
  4) HDL Synthesis
       4.1) HDL Synthesis Report
  5) Advanced HDL Synthesis
       5.1) Advanced HDL Synthesis Report
  6) Low Level Synthesis
  7) Partition Report
  8) Design Summary
       8.1) Primitive and Black Box Usage
       8.2) Device utilization summary
       8.3) Partition Resource Summary
       8.4) Timing Report
            8.4.1) Clock Information
            8.4.2) Asynchronous Control Signals Information
            8.4.3) Timing Summary
            8.4.4) Timing Details
            8.4.5) Cross Clock Domains Report


=========================================================================
*                      Synthesis Options Summary                        *
=========================================================================
---- Source Parameters
Input File Name                    : "Top.prj"
Ignore Synthesis Constraint File   : NO

---- Target Parameters
Output File Name                   : "Top"
Output Format                      : NGC
Target Device                      : xc6slx16-3-csg324

---- Source Options
Top Module Name                    : Top
Automatic FSM Extraction           : YES
FSM Encoding Algorithm             : Auto
Safe Implementation                : No
FSM Style                          : LUT
RAM Extraction                     : Yes
RAM Style                          : Auto
ROM Extraction                     : Yes
Shift Register Extraction          : YES
ROM Style                          : Auto
Resource Sharing                   : YES
Asynchronous To Synchronous        : NO
Shift Register Minimum Size        : 2
Use DSP Block                      : Auto
Automatic Register Balancing       : No

---- Target Options
LUT Combining                      : Auto
Reduce Control Sets                : Auto
Add IO Buffers                     : YES
Global Maximum Fanout              : 100000
Add Generic Clock Buffer(BUFG)     : 16
Register Duplication               : YES
Optimize Instantiated Primitives   : NO
Use Clock Enable                   : Auto
Use Synchronous Set                : Auto
Use Synchronous Reset              : Auto
Pack IO Registers into IOBs        : Auto
Equivalent register Removal        : YES

---- General Options
Optimization Goal                  : Speed
Optimization Effort                : 1
Power Reduction                    : NO
Keep Hierarchy                     : No
Netlist Hierarchy                  : As_Optimized
RTL Output                         : Yes
Global Optimization                : AllClockNets
Read Cores                         : YES
Write Timing Constraints           : NO
Cross Clock Analysis               : NO
Hierarchy Separator                : /
Bus Delimiter                      : <>
Case Specifier                     : Maintain
Slice Utilization Ratio            : 100
BRAM Utilization Ratio             : 100
DSP48 Utilization Ratio            : 100
Auto BRAM Packing                  : NO
Slice Utilization Ratio Delta      : 5

=========================================================================


=========================================================================
*                          HDL Parsing                                  *
=========================================================================
Parsing VHDL file "D:\ProySisDigAva\Levi\PF_Robot_Sumo\PKG_ROBOT_SUMO.vhd" into library work
Parsing package <PKG_ROBOT_SUMO>.
Parsing package body <PKG_ROBOT_SUMO>.
Parsing VHDL file "D:\ProySisDigAva\Levi\PF_Robot_Sumo\State_Reg_Robot.vhd" into library work
Parsing entity <State_Reg_Robot>.
Parsing architecture <Behavioral> of entity <state_reg_robot>.
Parsing VHDL file "D:\ProySisDigAva\Levi\PF_Robot_Sumo\State_Reg_Motor.vhd" into library work
Parsing entity <State_Reg_Motor>.
Parsing architecture <Behavioral> of entity <state_reg_motor>.
Parsing VHDL file "D:\ProySisDigAva\Levi\PF_Robot_Sumo\Output_robot.vhd" into library work
Parsing entity <Output_robot>.
Parsing architecture <Behavioral> of entity <output_robot>.
Parsing VHDL file "D:\ProySisDigAva\Levi\PF_Robot_Sumo\Output_motor.vhd" into library work
Parsing entity <Output_motor>.
Parsing architecture <Behavioral> of entity <output_motor>.
Parsing VHDL file "D:\ProySisDigAva\Levi\PF_Robot_Sumo\FSM_robot.vhd" into library work
Parsing entity <FSM_robot>.
Parsing architecture <Behavioral> of entity <fsm_robot>.
Parsing VHDL file "D:\ProySisDigAva\Levi\PF_Robot_Sumo\FSM_motor.vhd" into library work
Parsing entity <FSM_motor>.
Parsing architecture <Behavioral> of entity <fsm_motor>.
Parsing VHDL file "D:\ProySisDigAva\Levi\PF_Robot_Sumo\Freq_Div.vhd" into library work
Parsing entity <Freq_Div>.
Parsing architecture <Behavioral> of entity <freq_div>.
Parsing VHDL file "D:\ProySisDigAva\Levi\PF_Robot_Sumo\Equation_motor.vhd" into library work
Parsing entity <Equation_motor>.
Parsing architecture <Behavioral> of entity <equation_motor>.
Parsing VHDL file "D:\ProySisDigAva\Levi\PF_Robot_Sumo\Robot.vhd" into library work
Parsing entity <Robot>.
Parsing architecture <Behavioral> of entity <robot>.
Parsing VHDL file "D:\ProySisDigAva\Levi\PF_Robot_Sumo\Motor.vhd" into library work
Parsing entity <Motor>.
Parsing architecture <Behavioral> of entity <motor>.
Parsing VHDL file "D:\ProySisDigAva\Levi\PF_Robot_Sumo\Top.vhd" into library work
Parsing entity <Top>.
Parsing architecture <Behavioral> of entity <top>.

=========================================================================
*                            HDL Elaboration                            *
=========================================================================

Elaborating entity <Top> (architecture <Behavioral>) from library <work>.

Elaborating entity <Robot> (architecture <Behavioral>) from library <work>.

Elaborating entity <Freq_Div> (architecture <Behavioral>) from library <work>.

Elaborating entity <State_Reg_Robot> (architecture <Behavioral>) from library <work>.

Elaborating entity <FSM_robot> (architecture <Behavioral>) from library <work>.
INFO:HDLCompiler:679 - "D:\ProySisDigAva\Levi\PF_Robot_Sumo\FSM_robot.vhd" Line 57. Case statement is complete. others clause is never selected

Elaborating entity <Output_robot> (architecture <Behavioral>) from library <work>.
INFO:HDLCompiler:679 - "D:\ProySisDigAva\Levi\PF_Robot_Sumo\Output_robot.vhd" Line 44. Case statement is complete. others clause is never selected

Elaborating entity <Motor> (architecture <Behavioral>) from library <work>.

Elaborating entity <State_Reg_Motor> (architecture <Behavioral>) from library <work>.

Elaborating entity <Equation_motor> (architecture <Behavioral>) from library <work>.

Elaborating entity <FSM_motor> (architecture <Behavioral>) from library <work>.
INFO:HDLCompiler:679 - "D:\ProySisDigAva\Levi\PF_Robot_Sumo\FSM_motor.vhd" Line 51. Case statement is complete. others clause is never selected

Elaborating entity <Output_motor> (architecture <Behavioral>) from library <work>.

=========================================================================
*                           HDL Synthesis                               *
=========================================================================

Synthesizing Unit <Top>.
    Related source file is "D:\ProySisDigAva\Levi\PF_Robot_Sumo\Top.vhd".
    Summary:
	no macro.
Unit <Top> synthesized.

Synthesizing Unit <Robot>.
    Related source file is "D:\ProySisDigAva\Levi\PF_Robot_Sumo\Robot.vhd".
    Summary:
	no macro.
Unit <Robot> synthesized.

Synthesizing Unit <Freq_Div>.
    Related source file is "D:\ProySisDigAva\Levi\PF_Robot_Sumo\Freq_Div.vhd".
    Found 7-bit register for signal <cont>.
    Found 1-bit register for signal <out_time_base>.
    Found 7-bit adder for signal <cont[6]_GND_9_o_add_1_OUT> created at line 51.
    Summary:
	inferred   1 Adder/Subtractor(s).
	inferred   8 D-type flip-flop(s).
	inferred   1 Multiplexer(s).
Unit <Freq_Div> synthesized.

Synthesizing Unit <State_Reg_Robot>.
    Related source file is "D:\ProySisDigAva\Levi\PF_Robot_Sumo\State_Reg_Robot.vhd".
    Found 2-bit register for signal <out_pres_state>.
    Summary:
	inferred   2 D-type flip-flop(s).
Unit <State_Reg_Robot> synthesized.

Synthesizing Unit <FSM_robot>.
    Related source file is "D:\ProySisDigAva\Levi\PF_Robot_Sumo\FSM_robot.vhd".
    Found 4x2-bit Read Only RAM for signal <out_next_state>
    Summary:
	inferred   1 RAM(s).
Unit <FSM_robot> synthesized.

Synthesizing Unit <Output_robot>.
    Related source file is "D:\ProySisDigAva\Levi\PF_Robot_Sumo\Output_robot.vhd".
    Found 4x3-bit Read Only RAM for signal <out_action>
    Summary:
	inferred   1 RAM(s).
Unit <Output_robot> synthesized.

Synthesizing Unit <Motor>.
    Related source file is "D:\ProySisDigAva\Levi\PF_Robot_Sumo\Motor.vhd".
    Summary:
	no macro.
Unit <Motor> synthesized.

Synthesizing Unit <State_Reg_Motor>.
    Related source file is "D:\ProySisDigAva\Levi\PF_Robot_Sumo\State_Reg_Motor.vhd".
    Found 1-bit register for signal <out_pres_state>.
    Found 15-bit register for signal <micros_count>.
    Found 15-bit adder for signal <micros_count[14]_GND_18_o_add_1_OUT> created at line 52.
    Found 15-bit comparator equal for signal <micros_count[14]_in_state_duration[14]_equal_1_o> created at line 49
    Summary:
	inferred   1 Adder/Subtractor(s).
	inferred  16 D-type flip-flop(s).
	inferred   1 Comparator(s).
Unit <State_Reg_Motor> synthesized.

Synthesizing Unit <Equation_motor>.
    Related source file is "D:\ProySisDigAva\Levi\PF_Robot_Sumo\Equation_motor.vhd".
    Found 16-bit subtractor for signal <n0009[15:0]> created at line 48.
    Found 6-bit adder for signal <n0010> created at line 46.
    Found 15-bit adder for signal <tH> created at line 47.
    Found 3x11-bit multiplier for signal <in_action[2]_GND_20_o_MuLt_0_OUT> created at line 46.
    Summary:
	inferred   1 Multiplier(s).
	inferred   3 Adder/Subtractor(s).
Unit <Equation_motor> synthesized.

Synthesizing Unit <FSM_motor>.
    Related source file is "D:\ProySisDigAva\Levi\PF_Robot_Sumo\FSM_motor.vhd".
    Summary:
	inferred   1 Multiplexer(s).
Unit <FSM_motor> synthesized.

Synthesizing Unit <Output_motor>.
    Related source file is "D:\ProySisDigAva\Levi\PF_Robot_Sumo\Output_motor.vhd".
    Summary:
	no macro.
Unit <Output_motor> synthesized.

=========================================================================
HDL Synthesis Report

Macro Statistics
# RAMs                                                 : 2
 4x2-bit single-port Read Only RAM                     : 1
 4x3-bit single-port Read Only RAM                     : 1
# Multipliers                                          : 1
 11x3-bit multiplier                                   : 1
# Adders/Subtractors                                   : 6
 15-bit adder                                          : 2
 16-bit subtractor                                     : 1
 6-bit adder                                           : 1
 7-bit adder                                           : 2
# Registers                                            : 7
 1-bit register                                        : 3
 15-bit register                                       : 1
 2-bit register                                        : 1
 7-bit register                                        : 2
# Comparators                                          : 1
 15-bit comparator equal                               : 1
# Multiplexers                                         : 3
 32-bit 2-to-1 multiplexer                             : 1
 7-bit 2-to-1 multiplexer                              : 2

=========================================================================

=========================================================================
*                       Advanced HDL Synthesis                          *
=========================================================================


Synthesizing (advanced) Unit <FSM_robot>.
INFO:Xst:3217 - HDL ADVISOR - Register <out_pres_state> currently described with an asynchronous reset, could be combined with distributed RAM <Mram_out_next_state> for implementation on block RAM resources if you made this reset synchronous instead.
    -----------------------------------------------------------------------
    | ram_type           | Distributed                         |          |
    -----------------------------------------------------------------------
    | Port A                                                              |
    |     aspect ratio   | 4-word x 2-bit                      |          |
    |     weA            | connected to signal <GND>           | high     |
    |     addrA          | connected to signal <in_pres_state> |          |
    |     diA            | connected to signal <GND>           |          |
    |     doA            | connected to signal <out_next_state> |          |
    -----------------------------------------------------------------------
Unit <FSM_robot> synthesized (advanced).

Synthesizing (advanced) Unit <Freq_Div>.
The following registers are absorbed into counter <cont>: 1 register on signal <cont>.
Unit <Freq_Div> synthesized (advanced).

Synthesizing (advanced) Unit <Output_robot>.
INFO:Xst:3218 - HDL ADVISOR - The RAM <Mram_out_action> will be implemented on LUTs either because you have described an asynchronous read or because of currently unsupported block RAM features. If you have described an asynchronous read, making it synchronous would allow you to take advantage of available block RAM resources, for optimized device usage and improved timings. Please refer to your documentation for coding guidelines.
    -----------------------------------------------------------------------
    | ram_type           | Distributed                         |          |
    -----------------------------------------------------------------------
    | Port A                                                              |
    |     aspect ratio   | 4-word x 3-bit                      |          |
    |     weA            | connected to signal <GND>           | high     |
    |     addrA          | connected to signal <in_pres_state> |          |
    |     diA            | connected to signal <GND>           |          |
    |     doA            | connected to signal <out_action>    |          |
    -----------------------------------------------------------------------
Unit <Output_robot> synthesized (advanced).

Synthesizing (advanced) Unit <State_Reg_Motor>.
The following registers are absorbed into counter <micros_count>: 1 register on signal <micros_count>.
Unit <State_Reg_Motor> synthesized (advanced).

=========================================================================
Advanced HDL Synthesis Report

Macro Statistics
# RAMs                                                 : 2
 4x2-bit single-port distributed Read Only RAM         : 1
 4x3-bit single-port distributed Read Only RAM         : 1
# Multipliers                                          : 1
 11x3-bit multiplier                                   : 1
# Adders/Subtractors                                   : 3
 15-bit adder                                          : 1
 16-bit subtractor                                     : 1
 5-bit adder                                           : 1
# Counters                                             : 3
 15-bit up counter                                     : 1
 7-bit up counter                                      : 2
# Registers                                            : 5
 Flip-Flops                                            : 5
# Comparators                                          : 1
 15-bit comparator equal                               : 1
# Multiplexers                                         : 1
 32-bit 2-to-1 multiplexer                             : 1

=========================================================================

=========================================================================
*                         Low Level Synthesis                           *
=========================================================================

Optimizing unit <Top> ...

Optimizing unit <State_Reg_Motor> ...
INFO:Xst:2261 - The FF/Latch <U2/U2_1/out_time_base> in Unit <Top> is equivalent to the following FF/Latch, which will be removed : <U1/U1_1/out_time_base> 
INFO:Xst:2261 - The FF/Latch <U2/U2_1/cont_0> in Unit <Top> is equivalent to the following FF/Latch, which will be removed : <U1/U1_1/cont_0> 
INFO:Xst:2261 - The FF/Latch <U2/U2_1/cont_1> in Unit <Top> is equivalent to the following FF/Latch, which will be removed : <U1/U1_1/cont_1> 
INFO:Xst:2261 - The FF/Latch <U2/U2_1/cont_2> in Unit <Top> is equivalent to the following FF/Latch, which will be removed : <U1/U1_1/cont_2> 
INFO:Xst:2261 - The FF/Latch <U2/U2_1/cont_3> in Unit <Top> is equivalent to the following FF/Latch, which will be removed : <U1/U1_1/cont_3> 
INFO:Xst:2261 - The FF/Latch <U2/U2_1/cont_4> in Unit <Top> is equivalent to the following FF/Latch, which will be removed : <U1/U1_1/cont_4> 
INFO:Xst:2261 - The FF/Latch <U2/U2_1/cont_5> in Unit <Top> is equivalent to the following FF/Latch, which will be removed : <U1/U1_1/cont_5> 
INFO:Xst:2261 - The FF/Latch <U2/U2_1/cont_6> in Unit <Top> is equivalent to the following FF/Latch, which will be removed : <U1/U1_1/cont_6> 

Mapping all equations...
Building and optimizing final netlist ...
Found area constraint ratio of 100 (+ 5) on block Top, actual ratio is 0.

Final Macro Processing ...

=========================================================================
Final Register Report

Macro Statistics
# Registers                                            : 26
 Flip-Flops                                            : 26

=========================================================================

=========================================================================
*                           Partition Report                            *
=========================================================================

Partition Implementation Status
-------------------------------

  No Partitions were found in this design.

-------------------------------

=========================================================================
*                            Design Summary                             *
=========================================================================

Top Level Output File Name         : Top.ngc

Primitive and Black Box Usage:
------------------------------
# BELS                             : 86
#      GND                         : 1
#      INV                         : 2
#      LUT1                        : 14
#      LUT2                        : 4
#      LUT3                        : 3
#      LUT4                        : 4
#      LUT5                        : 17
#      LUT6                        : 6
#      MUXCY                       : 19
#      VCC                         : 1
#      XORCY                       : 15
# FlipFlops/Latches                : 26
#      FD                          : 16
#      FDC                         : 8
#      FDCE                        : 2
# Clock Buffers                    : 1
#      BUFGP                       : 1
# IO Buffers                       : 2
#      IBUF                        : 1
#      OBUF                        : 1

Device utilization summary:
---------------------------

Selected Device : 6slx16csg324-3 


Slice Logic Utilization: 
 Number of Slice Registers:              26  out of  18224     0%  
 Number of Slice LUTs:                   50  out of   9112     0%  
    Number used as Logic:                50  out of   9112     0%  

Slice Logic Distribution: 
 Number of LUT Flip Flop pairs used:     50
   Number with an unused Flip Flop:      24  out of     50    48%  
   Number with an unused LUT:             0  out of     50     0%  
   Number of fully used LUT-FF pairs:    26  out of     50    52%  
   Number of unique control sets:         3

IO Utilization: 
 Number of IOs:                           3
 Number of bonded IOBs:                   3  out of    232     1%  

Specific Feature Utilization:
 Number of BUFG/BUFGCTRLs:                1  out of     16     6%  

---------------------------
Partition Resource Summary:
---------------------------

  No Partitions were found in this design.

---------------------------


=========================================================================
Timing Report

NOTE: THESE TIMING NUMBERS ARE ONLY A SYNTHESIS ESTIMATE.
      FOR ACCURATE TIMING INFORMATION PLEASE REFER TO THE TRACE REPORT
      GENERATED AFTER PLACE-and-ROUTE.

Clock Information:
------------------
-----------------------------------+------------------------+-------+
Clock Signal                       | Clock buffer(FF name)  | Load  |
-----------------------------------+------------------------+-------+
in_Clk100MHz                       | BUFGP                  | 26    |
-----------------------------------+------------------------+-------+

Asynchronous Control Signals Information:
----------------------------------------
No asynchronous control signals found in this design

Timing Summary:
---------------
Speed Grade: -3

   Minimum period: 3.431ns (Maximum Frequency: 291.426MHz)
   Minimum input arrival time before clock: 3.078ns
   Maximum output required time after clock: 4.576ns
   Maximum combinational path delay: No path found

Timing Details:
---------------
All values displayed in nanoseconds (ns)

=========================================================================
Timing constraint: Default period analysis for Clock 'in_Clk100MHz'
  Clock period: 3.431ns (frequency: 291.426MHz)
  Total number of paths / destination ports: 602 / 28
-------------------------------------------------------------------------
Delay:               3.431ns (Levels of Logic = 7)
  Source:            U2/U2_2/out_pres_state_1 (FF)
  Destination:       U1/U1_2/micros_count_14 (FF)
  Source Clock:      in_Clk100MHz rising
  Destination Clock: in_Clk100MHz rising

  Data Path: U2/U2_2/out_pres_state_1 to U1/U1_2/micros_count_14
                                Gate     Net
    Cell:in->out      fanout   Delay   Delay  Logical Name (Net Name)
    ----------------------------------------  ------------
     FDCE:C->Q             4   0.447   1.028  U2/U2_2/out_pres_state_1 (U2/U2_2/out_pres_state_1)
     LUT6:I1->O            1   0.203   0.000  U1/U1_2/Mcompar_micros_count[14]_in_state_duration[14]_equal_1_o_lut<0> (U1/U1_2/Mcompar_micros_count[14]_in_state_duration[14]_equal_1_o_lut<0>)
     MUXCY:S->O            1   0.172   0.000  U1/U1_2/Mcompar_micros_count[14]_in_state_duration[14]_equal_1_o_cy<0> (U1/U1_2/Mcompar_micros_count[14]_in_state_duration[14]_equal_1_o_cy<0>)
     MUXCY:CI->O           1   0.019   0.000  U1/U1_2/Mcompar_micros_count[14]_in_state_duration[14]_equal_1_o_cy<1> (U1/U1_2/Mcompar_micros_count[14]_in_state_duration[14]_equal_1_o_cy<1>)
     MUXCY:CI->O           1   0.019   0.000  U1/U1_2/Mcompar_micros_count[14]_in_state_duration[14]_equal_1_o_cy<2> (U1/U1_2/Mcompar_micros_count[14]_in_state_duration[14]_equal_1_o_cy<2>)
     MUXCY:CI->O           1   0.019   0.000  U1/U1_2/Mcompar_micros_count[14]_in_state_duration[14]_equal_1_o_cy<3> (U1/U1_2/Mcompar_micros_count[14]_in_state_duration[14]_equal_1_o_cy<3>)
     MUXCY:CI->O          16   0.213   1.005  U1/U1_2/Mcompar_micros_count[14]_in_state_duration[14]_equal_1_o_cy<4> (U1/U1_2/micros_count[14]_in_state_duration[14]_equal_1_o)
     LUT5:I4->O            1   0.205   0.000  U1/U1_2/micros_count_14_rstpot (U1/U1_2/micros_count_14_rstpot)
     FD:D                      0.102          U1/U1_2/micros_count_14
    ----------------------------------------
    Total                      3.431ns (1.399ns logic, 2.032ns route)
                                       (40.8% logic, 59.2% route)

=========================================================================
Timing constraint: Default OFFSET IN BEFORE for Clock 'in_Clk100MHz'
  Total number of paths / destination ports: 26 / 26
-------------------------------------------------------------------------
Offset:              3.078ns (Levels of Logic = 2)
  Source:            in_Rst (PAD)
  Destination:       U1/U1_2/micros_count_14 (FF)
  Destination Clock: in_Clk100MHz rising

  Data Path: in_Rst to U1/U1_2/micros_count_14
                                Gate     Net
    Cell:in->out      fanout   Delay   Delay  Logical Name (Net Name)
    ----------------------------------------  ------------
     IBUF:I->O            26   1.222   1.551  in_Rst_IBUF (in_Rst_IBUF)
     LUT5:I0->O            1   0.203   0.000  U1/U1_2/micros_count_14_rstpot (U1/U1_2/micros_count_14_rstpot)
     FD:D                      0.102          U1/U1_2/micros_count_14
    ----------------------------------------
    Total                      3.078ns (1.527ns logic, 1.551ns route)
                                       (49.6% logic, 50.4% route)

=========================================================================
Timing constraint: Default OFFSET OUT AFTER for Clock 'in_Clk100MHz'
  Total number of paths / destination ports: 1 / 1
-------------------------------------------------------------------------
Offset:              4.576ns (Levels of Logic = 2)
  Source:            U1/U1_2/out_pres_state (FF)
  Destination:       out_motor_1 (PAD)
  Source Clock:      in_Clk100MHz rising

  Data Path: U1/U1_2/out_pres_state to out_motor_1
                                Gate     Net
    Cell:in->out      fanout   Delay   Delay  Logical Name (Net Name)
    ----------------------------------------  ------------
     FDC:C->Q              7   0.447   0.773  U1/U1_2/out_pres_state (U1/U1_2/out_pres_state)
     INV:I->O              1   0.206   0.579  out_motor_11_INV_0 (out_motor_1_OBUF)
     OBUF:I->O                 2.571          out_motor_1_OBUF (out_motor_1)
    ----------------------------------------
    Total                      4.576ns (3.224ns logic, 1.351ns route)
                                       (70.5% logic, 29.5% route)

=========================================================================

Cross Clock Domains Report:
--------------------------

Clock to Setup on destination clock in_Clk100MHz
---------------+---------+---------+---------+---------+
               | Src:Rise| Src:Fall| Src:Rise| Src:Fall|
Source Clock   |Dest:Rise|Dest:Rise|Dest:Fall|Dest:Fall|
---------------+---------+---------+---------+---------+
in_Clk100MHz   |    3.431|         |         |         |
---------------+---------+---------+---------+---------+

=========================================================================


Total REAL time to Xst completion: 6.00 secs
Total CPU time to Xst completion: 5.38 secs
 
--> 

Total memory usage is 252564 kilobytes

Number of errors   :    0 (   0 filtered)
Number of warnings :    0 (   0 filtered)
Number of infos    :   10 (   0 filtered)

