Release 14.7 - xst P.20131013 (nt64)
Copyright (c) 1995-2013 Xilinx, Inc.  All rights reserved.
--> Parameter TMPDIR set to xst/projnav.tmp


Total REAL time to Xst completion: 0.00 secs
Total CPU time to Xst completion: 0.08 secs
 
--> Parameter xsthdpdir set to xst


Total REAL time to Xst completion: 0.00 secs
Total CPU time to Xst completion: 0.08 secs
 
--> Reading design: Mustang_Tail_Lights_Controller.prj

TABLE OF CONTENTS
  1) Synthesis Options Summary
  2) HDL Parsing
  3) HDL Elaboration
  4) HDL Synthesis
       4.1) HDL Synthesis Report
  5) Advanced HDL Synthesis
       5.1) Advanced HDL Synthesis Report
  6) Low Level Synthesis
  7) Partition Report
  8) Design Summary
       8.1) Primitive and Black Box Usage
       8.2) Device utilization summary
       8.3) Partition Resource Summary
       8.4) Timing Report
            8.4.1) Clock Information
            8.4.2) Asynchronous Control Signals Information
            8.4.3) Timing Summary
            8.4.4) Timing Details
            8.4.5) Cross Clock Domains Report


=========================================================================
*                      Synthesis Options Summary                        *
=========================================================================
---- Source Parameters
Input File Name                    : "Mustang_Tail_Lights_Controller.prj"
Ignore Synthesis Constraint File   : NO

---- Target Parameters
Output File Name                   : "Mustang_Tail_Lights_Controller"
Output Format                      : NGC
Target Device                      : xc6slx16-3-csg324

---- Source Options
Top Module Name                    : Mustang_Tail_Lights_Controller
Automatic FSM Extraction           : YES
FSM Encoding Algorithm             : Auto
Safe Implementation                : No
FSM Style                          : LUT
RAM Extraction                     : Yes
RAM Style                          : Auto
ROM Extraction                     : Yes
Shift Register Extraction          : YES
ROM Style                          : Auto
Resource Sharing                   : YES
Asynchronous To Synchronous        : NO
Shift Register Minimum Size        : 2
Use DSP Block                      : Auto
Automatic Register Balancing       : No

---- Target Options
LUT Combining                      : Auto
Reduce Control Sets                : Auto
Add IO Buffers                     : YES
Global Maximum Fanout              : 100000
Add Generic Clock Buffer(BUFG)     : 16
Register Duplication               : YES
Optimize Instantiated Primitives   : NO
Use Clock Enable                   : Auto
Use Synchronous Set                : Auto
Use Synchronous Reset              : Auto
Pack IO Registers into IOBs        : Auto
Equivalent register Removal        : YES

---- General Options
Optimization Goal                  : Speed
Optimization Effort                : 1
Power Reduction                    : NO
Keep Hierarchy                     : No
Netlist Hierarchy                  : As_Optimized
RTL Output                         : Yes
Global Optimization                : AllClockNets
Read Cores                         : YES
Write Timing Constraints           : NO
Cross Clock Analysis               : NO
Hierarchy Separator                : /
Bus Delimiter                      : <>
Case Specifier                     : Maintain
Slice Utilization Ratio            : 100
BRAM Utilization Ratio             : 100
DSP48 Utilization Ratio            : 100
Auto BRAM Packing                  : NO
Slice Utilization Ratio Delta      : 5

=========================================================================


=========================================================================
*                          HDL Parsing                                  *
=========================================================================
Parsing VHDL file "D:\ProySisDigAva\Levi\P25_Mustang_Tail_Lights_Controller_FSM\Mustang_Tail_Lights_Controller.vhd" into library work
Parsing entity <Mustang_Tail_Lights_Controller>.
Parsing architecture <Behavioral> of entity <mustang_tail_lights_controller>.

=========================================================================
*                            HDL Elaboration                            *
=========================================================================

Elaborating entity <Mustang_Tail_Lights_Controller> (architecture <Behavioral>) from library <work>.
INFO:HDLCompiler:679 - "D:\ProySisDigAva\Levi\P25_Mustang_Tail_Lights_Controller_FSM\Mustang_Tail_Lights_Controller.vhd" Line 118. Case statement is complete. others clause is never selected

=========================================================================
*                           HDL Synthesis                               *
=========================================================================

Synthesizing Unit <Mustang_Tail_Lights_Controller>.
    Related source file is "D:\ProySisDigAva\Levi\P25_Mustang_Tail_Lights_Controller_FSM\Mustang_Tail_Lights_Controller.vhd".
    Found 3-bit register for signal <pres_state>.
    Found finite state machine <FSM_0> for signal <pres_state>.
    -----------------------------------------------------------------------
    | States             | 8                                              |
    | Transitions        | 12                                             |
    | Inputs             | 3                                              |
    | Outputs            | 6                                              |
    | Clock              | Clk (rising_edge)                              |
    | Reset              | Rst (negative)                                 |
    | Reset type         | asynchronous                                   |
    | Reset State        | off                                            |
    | Power Up State     | off                                            |
    | Encoding           | auto                                           |
    | Implementation     | LUT                                            |
    -----------------------------------------------------------------------
    Summary:
	inferred   1 Finite State Machine(s).
Unit <Mustang_Tail_Lights_Controller> synthesized.

=========================================================================
HDL Synthesis Report

Macro Statistics
# FSMs                                                 : 1

=========================================================================

=========================================================================
*                       Advanced HDL Synthesis                          *
=========================================================================


=========================================================================
Advanced HDL Synthesis Report

Macro Statistics
# FSMs                                                 : 1

=========================================================================

=========================================================================
*                         Low Level Synthesis                           *
=========================================================================
Analyzing FSM <MFsm> for best encoding.
Optimizing FSM <FSM_0> on signal <pres_state[1:3]> with sequential encoding.
--------------------
 State  | Encoding
--------------------
 off    | 000
 hazard | 001
 left1  | 011
 left2  | 100
 left3  | 101
 right1 | 010
 right2 | 110
 right3 | 111
--------------------

Optimizing unit <Mustang_Tail_Lights_Controller> ...

Mapping all equations...
Building and optimizing final netlist ...
Found area constraint ratio of 100 (+ 5) on block Mustang_Tail_Lights_Controller, actual ratio is 0.

Final Macro Processing ...

=========================================================================
Final Register Report

Macro Statistics
# Registers                                            : 3
 Flip-Flops                                            : 3

=========================================================================

=========================================================================
*                           Partition Report                            *
=========================================================================

Partition Implementation Status
-------------------------------

  No Partitions were found in this design.

-------------------------------

=========================================================================
*                            Design Summary                             *
=========================================================================

Top Level Output File Name         : Mustang_Tail_Lights_Controller.ngc

Primitive and Black Box Usage:
------------------------------
# BELS                             : 10
#      INV                         : 1
#      LUT2                        : 1
#      LUT3                        : 6
#      LUT6                        : 2
# FlipFlops/Latches                : 3
#      FDC                         : 3
# Clock Buffers                    : 1
#      BUFGP                       : 1
# IO Buffers                       : 10
#      IBUF                        : 4
#      OBUF                        : 6

Device utilization summary:
---------------------------

Selected Device : 6slx16csg324-3 


Slice Logic Utilization: 
 Number of Slice Registers:               3  out of  18224     0%  
 Number of Slice LUTs:                   10  out of   9112     0%  
    Number used as Logic:                10  out of   9112     0%  

Slice Logic Distribution: 
 Number of LUT Flip Flop pairs used:     10
   Number with an unused Flip Flop:       7  out of     10    70%  
   Number with an unused LUT:             0  out of     10     0%  
   Number of fully used LUT-FF pairs:     3  out of     10    30%  
   Number of unique control sets:         1

IO Utilization: 
 Number of IOs:                          11
 Number of bonded IOBs:                  11  out of    232     4%  

Specific Feature Utilization:
 Number of BUFG/BUFGCTRLs:                1  out of     16     6%  

---------------------------
Partition Resource Summary:
---------------------------

  No Partitions were found in this design.

---------------------------


=========================================================================
Timing Report

NOTE: THESE TIMING NUMBERS ARE ONLY A SYNTHESIS ESTIMATE.
      FOR ACCURATE TIMING INFORMATION PLEASE REFER TO THE TRACE REPORT
      GENERATED AFTER PLACE-and-ROUTE.

Clock Information:
------------------
-----------------------------------+------------------------+-------+
Clock Signal                       | Clock buffer(FF name)  | Load  |
-----------------------------------+------------------------+-------+
Clk                                | BUFGP                  | 3     |
-----------------------------------+------------------------+-------+

Asynchronous Control Signals Information:
----------------------------------------
No asynchronous control signals found in this design

Timing Summary:
---------------
Speed Grade: -3

   Minimum period: 1.785ns (Maximum Frequency: 560.365MHz)
   Minimum input arrival time before clock: 3.087ns
   Maximum output required time after clock: 4.860ns
   Maximum combinational path delay: No path found

Timing Details:
---------------
All values displayed in nanoseconds (ns)

=========================================================================
Timing constraint: Default period analysis for Clock 'Clk'
  Clock period: 1.785ns (frequency: 560.365MHz)
  Total number of paths / destination ports: 9 / 3
-------------------------------------------------------------------------
Delay:               1.785ns (Levels of Logic = 1)
  Source:            pres_state_FSM_FFd1 (FF)
  Destination:       pres_state_FSM_FFd1 (FF)
  Source Clock:      Clk rising
  Destination Clock: Clk rising

  Data Path: pres_state_FSM_FFd1 to pres_state_FSM_FFd1
                                Gate     Net
    Cell:in->out      fanout   Delay   Delay  Logical Name (Net Name)
    ----------------------------------------  ------------
     FDC:C->Q              8   0.447   1.031  pres_state_FSM_FFd1 (pres_state_FSM_FFd1)
     LUT3:I0->O            1   0.205   0.000  pres_state_FSM_FFd1-In1 (pres_state_FSM_FFd1-In)
     FDC:D                     0.102          pres_state_FSM_FFd1
    ----------------------------------------
    Total                      1.785ns (0.754ns logic, 1.031ns route)
                                       (42.3% logic, 57.7% route)

=========================================================================
Timing constraint: Default OFFSET IN BEFORE for Clock 'Clk'
  Total number of paths / destination ports: 9 / 5
-------------------------------------------------------------------------
Offset:              3.087ns (Levels of Logic = 2)
  Source:            Rst (PAD)
  Destination:       pres_state_FSM_FFd1 (FF)
  Destination Clock: Clk rising

  Data Path: Rst to pres_state_FSM_FFd1
                                Gate     Net
    Cell:in->out      fanout   Delay   Delay  Logical Name (Net Name)
    ----------------------------------------  ------------
     IBUF:I->O             1   1.222   0.579  Rst_IBUF (Rst_IBUF)
     INV:I->O              3   0.206   0.650  Rst_inv1_INV_0 (Rst_inv)
     FDC:CLR                   0.430          pres_state_FSM_FFd1
    ----------------------------------------
    Total                      3.087ns (1.858ns logic, 1.229ns route)
                                       (60.2% logic, 39.8% route)

=========================================================================
Timing constraint: Default OFFSET OUT AFTER for Clock 'Clk'
  Total number of paths / destination ports: 17 / 6
-------------------------------------------------------------------------
Offset:              4.860ns (Levels of Logic = 2)
  Source:            pres_state_FSM_FFd2 (FF)
  Destination:       L<1> (PAD)
  Source Clock:      Clk rising

  Data Path: pres_state_FSM_FFd2 to L<1>
                                Gate     Net
    Cell:in->out      fanout   Delay   Delay  Logical Name (Net Name)
    ----------------------------------------  ------------
     FDC:C->Q              9   0.447   1.058  pres_state_FSM_FFd2 (pres_state_FSM_FFd2)
     LUT3:I0->O            1   0.205   0.579  pres_state_outputs.data_out<4>1 (L_1_OBUF)
     OBUF:I->O                 2.571          L_1_OBUF (L<1>)
    ----------------------------------------
    Total                      4.860ns (3.223ns logic, 1.637ns route)
                                       (66.3% logic, 33.7% route)

=========================================================================

Cross Clock Domains Report:
--------------------------

Clock to Setup on destination clock Clk
---------------+---------+---------+---------+---------+
               | Src:Rise| Src:Fall| Src:Rise| Src:Fall|
Source Clock   |Dest:Rise|Dest:Rise|Dest:Fall|Dest:Fall|
---------------+---------+---------+---------+---------+
Clk            |    1.785|         |         |         |
---------------+---------+---------+---------+---------+

=========================================================================


Total REAL time to Xst completion: 5.00 secs
Total CPU time to Xst completion: 5.15 secs
 
--> 

Total memory usage is 236372 kilobytes

Number of errors   :    0 (   0 filtered)
Number of warnings :    0 (   0 filtered)
Number of infos    :    0 (   0 filtered)

