--------------------------------------------------------------------------------
Release 14.7 Trace  (nt64)
Copyright (c) 1995-2013 Xilinx, Inc.  All rights reserved.

C:\Xilinx\14.7\ISE_DS\ISE\bin\nt64\unwrapped\trce.exe -intstyle ise -v 3 -s 3
-n 3 -fastpaths -xml Mustang_Tail_Lights_Controller.twx
Mustang_Tail_Lights_Controller.ncd -o Mustang_Tail_Lights_Controller.twr
Mustang_Tail_Lights_Controller.pcf

Design file:              Mustang_Tail_Lights_Controller.ncd
Physical constraint file: Mustang_Tail_Lights_Controller.pcf
Device,package,speed:     xc6slx16,csg324,C,-3 (PRODUCTION 1.23 2013-10-13)
Report level:             verbose report

Environment Variable      Effect 
--------------------      ------ 
NONE                      No environment variables were set
--------------------------------------------------------------------------------

INFO:Timing:2698 - No timing constraints found, doing default enumeration.
INFO:Timing:3412 - To improve timing, see the Timing Closure User Guide (UG612).
INFO:Timing:2752 - To get complete path coverage, use the unconstrained paths 
   option. All paths that are not constrained will be reported in the 
   unconstrained paths section(s) of the report.
INFO:Timing:3339 - The clock-to-out numbers in this timing report are based on 
   a 50 Ohm transmission line loading model.  For the details of this model, 
   and for more information on accounting for different loading conditions, 
   please see the device datasheet.



Data Sheet report:
-----------------
All values displayed in nanoseconds (ns)

Setup/Hold to clock Clk
------------+------------+------------+------------+------------+------------------+--------+
            |Max Setup to|  Process   |Max Hold to |  Process   |                  | Clock  |
Source      | clk (edge) |   Corner   | clk (edge) |   Corner   |Internal Clock(s) | Phase  |
------------+------------+------------+------------+------------+------------------+--------+
Haz         |    0.988(R)|      FAST  |   -0.207(R)|      SLOW  |Clk_BUFGP         |   0.000|
Rst         |    0.829(R)|      FAST  |   -0.193(R)|      SLOW  |Clk_BUFGP         |   0.000|
TurnLeft    |    0.863(R)|      FAST  |   -0.062(R)|      SLOW  |Clk_BUFGP         |   0.000|
TurnRight   |    0.844(R)|      FAST  |   -0.156(R)|      SLOW  |Clk_BUFGP         |   0.000|
------------+------------+------------+------------+------------+------------------+--------+

Clock Clk to Pad
------------+-----------------+------------+-----------------+------------+------------------+--------+
            |Max (slowest) clk|  Process   |Min (fastest) clk|  Process   |                  | Clock  |
Destination |  (edge) to PAD  |   Corner   |  (edge) to PAD  |   Corner   |Internal Clock(s) | Phase  |
------------+-----------------+------------+-----------------+------------+------------------+--------+
L<0>        |         7.361(R)|      SLOW  |         3.788(R)|      FAST  |Clk_BUFGP         |   0.000|
L<1>        |         7.607(R)|      SLOW  |         3.874(R)|      FAST  |Clk_BUFGP         |   0.000|
L<2>        |         7.491(R)|      SLOW  |         3.861(R)|      FAST  |Clk_BUFGP         |   0.000|
R<0>        |         7.493(R)|      SLOW  |         3.709(R)|      FAST  |Clk_BUFGP         |   0.000|
R<1>        |         7.599(R)|      SLOW  |         3.756(R)|      FAST  |Clk_BUFGP         |   0.000|
R<2>        |         7.732(R)|      SLOW  |         3.887(R)|      FAST  |Clk_BUFGP         |   0.000|
------------+-----------------+------------+-----------------+------------+------------------+--------+

Clock to Setup on destination clock Clk
---------------+---------+---------+---------+---------+
               | Src:Rise| Src:Fall| Src:Rise| Src:Fall|
Source Clock   |Dest:Rise|Dest:Rise|Dest:Fall|Dest:Fall|
---------------+---------+---------+---------+---------+
Clk            |    1.484|         |         |         |
---------------+---------+---------+---------+---------+


Analysis completed Mon Nov 02 22:56:27 2015 
--------------------------------------------------------------------------------

Trace Settings:
-------------------------
Trace Settings 

Peak Memory Usage: 240 MB



