Release 14.7 - xst P.20131013 (nt64)
Copyright (c) 1995-2013 Xilinx, Inc.  All rights reserved.
--> Parameter TMPDIR set to xst/projnav.tmp


Total REAL time to Xst completion: 0.00 secs
Total CPU time to Xst completion: 0.09 secs
 
--> Parameter xsthdpdir set to xst


Total REAL time to Xst completion: 0.00 secs
Total CPU time to Xst completion: 0.09 secs
 
--> Reading design: B_Serial_Communication.prj

TABLE OF CONTENTS
  1) Synthesis Options Summary
  2) HDL Parsing
  3) HDL Elaboration
  4) HDL Synthesis
       4.1) HDL Synthesis Report
  5) Advanced HDL Synthesis
       5.1) Advanced HDL Synthesis Report
  6) Low Level Synthesis
  7) Partition Report
  8) Design Summary
       8.1) Primitive and Black Box Usage
       8.2) Device utilization summary
       8.3) Partition Resource Summary
       8.4) Timing Report
            8.4.1) Clock Information
            8.4.2) Asynchronous Control Signals Information
            8.4.3) Timing Summary
            8.4.4) Timing Details
            8.4.5) Cross Clock Domains Report


=========================================================================
*                      Synthesis Options Summary                        *
=========================================================================
---- Source Parameters
Input File Name                    : "B_Serial_Communication.prj"
Ignore Synthesis Constraint File   : NO

---- Target Parameters
Output File Name                   : "B_Serial_Communication"
Output Format                      : NGC
Target Device                      : xc6slx16-3-csg324

---- Source Options
Top Module Name                    : B_Serial_Communication
Automatic FSM Extraction           : YES
FSM Encoding Algorithm             : Auto
Safe Implementation                : No
FSM Style                          : LUT
RAM Extraction                     : Yes
RAM Style                          : Auto
ROM Extraction                     : Yes
Shift Register Extraction          : YES
ROM Style                          : Auto
Resource Sharing                   : YES
Asynchronous To Synchronous        : NO
Shift Register Minimum Size        : 2
Use DSP Block                      : Auto
Automatic Register Balancing       : No

---- Target Options
LUT Combining                      : Auto
Reduce Control Sets                : Auto
Add IO Buffers                     : YES
Global Maximum Fanout              : 100000
Add Generic Clock Buffer(BUFG)     : 16
Register Duplication               : YES
Optimize Instantiated Primitives   : NO
Use Clock Enable                   : Auto
Use Synchronous Set                : Auto
Use Synchronous Reset              : Auto
Pack IO Registers into IOBs        : Auto
Equivalent register Removal        : YES

---- General Options
Optimization Goal                  : Speed
Optimization Effort                : 1
Power Reduction                    : NO
Keep Hierarchy                     : No
Netlist Hierarchy                  : As_Optimized
RTL Output                         : Yes
Global Optimization                : AllClockNets
Read Cores                         : YES
Write Timing Constraints           : NO
Cross Clock Analysis               : NO
Hierarchy Separator                : /
Bus Delimiter                      : <>
Case Specifier                     : Maintain
Slice Utilization Ratio            : 100
BRAM Utilization Ratio             : 100
DSP48 Utilization Ratio            : 100
Auto BRAM Packing                  : NO
Slice Utilization Ratio Delta      : 5

=========================================================================


=========================================================================
*                          HDL Parsing                                  *
=========================================================================
Parsing VHDL file "D:\ProySisDigAva\Levi\P24_B_Serial_Communication\B_Serial_Communication.vhd" into library work
Parsing entity <B_Serial_Communication>.
Parsing architecture <Behavioral> of entity <b_serial_communication>.

=========================================================================
*                            HDL Elaboration                            *
=========================================================================

Elaborating entity <B_Serial_Communication> (architecture <Behavioral>) from library <work>.

=========================================================================
*                           HDL Synthesis                               *
=========================================================================

Synthesizing Unit <B_Serial_Communication>.
    Related source file is "D:\ProySisDigAva\Levi\P24_B_Serial_Communication\B_Serial_Communication.vhd".
    Found 1-bit register for signal <clockToggle>.
    Found 20-bit register for signal <reg>.
    Found 13-bit register for signal <Cont>.
    Found 1-bit register for signal <ClkOut>.
    Found 20-bit register for signal <regtemp>.
    Found 1-bit register for signal <SteamOut>.
    Found 1-bit register for signal <StreamSwitchTemp<9>>.
    Found 1-bit register for signal <StreamSwitchTemp<8>>.
    Found 1-bit register for signal <StreamSwitchTemp<7>>.
    Found 1-bit register for signal <StreamSwitchTemp<6>>.
    Found 1-bit register for signal <StreamSwitchTemp<5>>.
    Found 1-bit register for signal <StreamSwitchTemp<4>>.
    Found 1-bit register for signal <StreamSwitchTemp<3>>.
    Found 1-bit register for signal <StreamSwitchTemp<2>>.
    Found 1-bit register for signal <StreamSwitchTemp<1>>.
    Found 1-bit register for signal <StreamSwitchTemp<0>>.
    Found 13-bit adder for signal <Cont[12]_GND_3_o_add_1_OUT> created at line 58.
    Summary:
	inferred   1 Adder/Subtractor(s).
	inferred  66 D-type flip-flop(s).
	inferred   4 Multiplexer(s).
Unit <B_Serial_Communication> synthesized.

=========================================================================
HDL Synthesis Report

Macro Statistics
# Adders/Subtractors                                   : 1
 13-bit adder                                          : 1
# Registers                                            : 16
 1-bit register                                        : 13
 13-bit register                                       : 1
 20-bit register                                       : 2
# Multiplexers                                         : 4
 10-bit 2-to-1 multiplexer                             : 2
 13-bit 2-to-1 multiplexer                             : 1
 20-bit 2-to-1 multiplexer                             : 1

=========================================================================

=========================================================================
*                       Advanced HDL Synthesis                          *
=========================================================================

WARNING:Xst:2677 - Node <regtemp_0> of sequential type is unconnected in block <B_Serial_Communication>.
WARNING:Xst:2677 - Node <regtemp_1> of sequential type is unconnected in block <B_Serial_Communication>.
WARNING:Xst:2677 - Node <regtemp_2> of sequential type is unconnected in block <B_Serial_Communication>.
WARNING:Xst:2677 - Node <regtemp_4> of sequential type is unconnected in block <B_Serial_Communication>.
WARNING:Xst:2677 - Node <regtemp_6> of sequential type is unconnected in block <B_Serial_Communication>.
WARNING:Xst:2677 - Node <regtemp_8> of sequential type is unconnected in block <B_Serial_Communication>.
WARNING:Xst:2677 - Node <regtemp_10> of sequential type is unconnected in block <B_Serial_Communication>.
WARNING:Xst:2677 - Node <regtemp_12> of sequential type is unconnected in block <B_Serial_Communication>.
WARNING:Xst:2677 - Node <regtemp_14> of sequential type is unconnected in block <B_Serial_Communication>.
WARNING:Xst:2677 - Node <regtemp_16> of sequential type is unconnected in block <B_Serial_Communication>.
WARNING:Xst:2677 - Node <regtemp_18> of sequential type is unconnected in block <B_Serial_Communication>.
WARNING:Xst:2677 - Node <regtemp_19> of sequential type is unconnected in block <B_Serial_Communication>.

Synthesizing (advanced) Unit <B_Serial_Communication>.
The following registers are absorbed into counter <Cont>: 1 register on signal <Cont>.
Unit <B_Serial_Communication> synthesized (advanced).
WARNING:Xst:2677 - Node <regtemp_0> of sequential type is unconnected in block <B_Serial_Communication>.
WARNING:Xst:2677 - Node <regtemp_1> of sequential type is unconnected in block <B_Serial_Communication>.
WARNING:Xst:2677 - Node <regtemp_2> of sequential type is unconnected in block <B_Serial_Communication>.
WARNING:Xst:2677 - Node <regtemp_4> of sequential type is unconnected in block <B_Serial_Communication>.
WARNING:Xst:2677 - Node <regtemp_6> of sequential type is unconnected in block <B_Serial_Communication>.
WARNING:Xst:2677 - Node <regtemp_8> of sequential type is unconnected in block <B_Serial_Communication>.
WARNING:Xst:2677 - Node <regtemp_10> of sequential type is unconnected in block <B_Serial_Communication>.
WARNING:Xst:2677 - Node <regtemp_12> of sequential type is unconnected in block <B_Serial_Communication>.
WARNING:Xst:2677 - Node <regtemp_14> of sequential type is unconnected in block <B_Serial_Communication>.
WARNING:Xst:2677 - Node <regtemp_16> of sequential type is unconnected in block <B_Serial_Communication>.
WARNING:Xst:2677 - Node <regtemp_18> of sequential type is unconnected in block <B_Serial_Communication>.
WARNING:Xst:2677 - Node <regtemp_19> of sequential type is unconnected in block <B_Serial_Communication>.

=========================================================================
Advanced HDL Synthesis Report

Macro Statistics
# Counters                                             : 1
 13-bit up counter                                     : 1
# Registers                                            : 41
 Flip-Flops                                            : 41
# Multiplexers                                         : 3
 10-bit 2-to-1 multiplexer                             : 2
 20-bit 2-to-1 multiplexer                             : 1

=========================================================================

=========================================================================
*                         Low Level Synthesis                           *
=========================================================================
WARNING:Xst:3002 - This design contains one or more registers/latches that are directly
   incompatible with the Spartan6 architecture. The two primary causes of this is
   either a register or latch described with both an asynchronous set and
   asynchronous reset, or a register or latch described with an asynchronous
   set or reset which however has an initialization value of the opposite 
   polarity (i.e. asynchronous reset with an initialization value of 1).
    While this circuit can be built, it creates a sub-optimal implementation
   in terms of area, power and performance. For a more optimal implementation
   Xilinx highly recommends one of the following:

          1) Remove either the set or reset from all registers and latches
             if not needed for required functionality
          2) Modify the code in order to produce a synchronous set
             and/or reset (both is preferred)
          3) Ensure all registers have the same initialization value as the
             described asynchronous set or reset polarity
          4) Use the -async_to_sync option to transform the asynchronous
             set/reset to synchronous operation
             (timing simulation highly recommended when using this option)

  Please refer to http://www.xilinx.com search string "Spartan6 asynchronous set/reset" for more details.

  List of register instances with asynchronous set and reset:
    StreamSwitchTemp_9 in unit <B_Serial_Communication>
    StreamSwitchTemp_3 in unit <B_Serial_Communication>
    StreamSwitchTemp_4 in unit <B_Serial_Communication>
    StreamSwitchTemp_2 in unit <B_Serial_Communication>
    StreamSwitchTemp_5 in unit <B_Serial_Communication>
    StreamSwitchTemp_6 in unit <B_Serial_Communication>
    StreamSwitchTemp_8 in unit <B_Serial_Communication>
    StreamSwitchTemp_7 in unit <B_Serial_Communication>


Optimizing unit <B_Serial_Communication> ...

Mapping all equations...
Building and optimizing final netlist ...
Found area constraint ratio of 100 (+ 5) on block B_Serial_Communication, actual ratio is 1.

Final Macro Processing ...

=========================================================================
Final Register Report

Macro Statistics
# Registers                                            : 62
 Flip-Flops                                            : 62

=========================================================================

=========================================================================
*                           Partition Report                            *
=========================================================================

Partition Implementation Status
-------------------------------

  No Partitions were found in this design.

-------------------------------

=========================================================================
*                            Design Summary                             *
=========================================================================

Top Level Output File Name         : B_Serial_Communication.ngc

Primitive and Black Box Usage:
------------------------------
# BELS                             : 119
#      GND                         : 1
#      INV                         : 1
#      LUT1                        : 12
#      LUT2                        : 37
#      LUT3                        : 7
#      LUT4                        : 22
#      LUT5                        : 3
#      LUT6                        : 10
#      MUXCY                       : 12
#      VCC                         : 1
#      XORCY                       : 13
# FlipFlops/Latches                : 70
#      FD                          : 2
#      FDC                         : 22
#      FDE                         : 8
#      FDP                         : 10
#      FDPE                        : 20
#      LDC                         : 8
# Clock Buffers                    : 1
#      BUFGP                       : 1
# IO Buffers                       : 20
#      IBUF                        : 11
#      OBUF                        : 9

Device utilization summary:
---------------------------

Selected Device : 6slx16csg324-3 


Slice Logic Utilization: 
 Number of Slice Registers:              70  out of  18224     0%  
 Number of Slice LUTs:                   92  out of   9112     1%  
    Number used as Logic:                92  out of   9112     1%  

Slice Logic Distribution: 
 Number of LUT Flip Flop pairs used:    108
   Number with an unused Flip Flop:      38  out of    108    35%  
   Number with an unused LUT:            16  out of    108    14%  
   Number of fully used LUT-FF pairs:    54  out of    108    50%  
   Number of unique control sets:        29

IO Utilization: 
 Number of IOs:                          21
 Number of bonded IOBs:                  21  out of    232     9%  

Specific Feature Utilization:
 Number of BUFG/BUFGCTRLs:                1  out of     16     6%  

---------------------------
Partition Resource Summary:
---------------------------

  No Partitions were found in this design.

---------------------------


=========================================================================
Timing Report

NOTE: THESE TIMING NUMBERS ARE ONLY A SYNTHESIS ESTIMATE.
      FOR ACCURATE TIMING INFORMATION PLEASE REFER TO THE TRACE REPORT
      GENERATED AFTER PLACE-and-ROUTE.

Clock Information:
------------------
---------------------------------------------------------+--------------------------------+-------+
Clock Signal                                             | Clock buffer(FF name)          | Load  |
---------------------------------------------------------+--------------------------------+-------+
Clk                                                      | BUFGP                          | 62    |
Send_SwitchSeg[5]_AND_8_o(Send_SwitchSeg[5]_AND_8_o1:O)  | NONE(*)(StreamSwitchTemp_7_LDC)| 1     |
Send_SwitchSeg[6]_AND_6_o(Send_SwitchSeg[6]_AND_6_o1:O)  | NONE(*)(StreamSwitchTemp_8_LDC)| 1     |
Send_SwitchSeg[4]_AND_10_o(Send_SwitchSeg[4]_AND_10_o1:O)| NONE(*)(StreamSwitchTemp_6_LDC)| 1     |
Send_SwitchSeg[3]_AND_12_o(Send_SwitchSeg[3]_AND_12_o1:O)| NONE(*)(StreamSwitchTemp_5_LDC)| 1     |
Send_SwitchSeg[0]_AND_18_o(Send_SwitchSeg[0]_AND_18_o1:O)| NONE(*)(StreamSwitchTemp_2_LDC)| 1     |
Send_SwitchSeg[2]_AND_14_o(Send_SwitchSeg[2]_AND_14_o1:O)| NONE(*)(StreamSwitchTemp_4_LDC)| 1     |
Send_SwitchSeg[1]_AND_16_o(Send_SwitchSeg[1]_AND_16_o1:O)| NONE(*)(StreamSwitchTemp_3_LDC)| 1     |
Send_SwitchSeg[7]_AND_4_o(Send_SwitchSeg[7]_AND_4_o1:O)  | NONE(*)(StreamSwitchTemp_9_LDC)| 1     |
---------------------------------------------------------+--------------------------------+-------+
(*) These 8 clock signal(s) are generated by combinatorial logic,
and XST is not able to identify which are the primary clock signals.
Please use the CLOCK_SIGNAL constraint to specify the clock signal(s) generated by combinatorial logic.
INFO:Xst:2169 - HDL ADVISOR - Some clock signals were not automatically buffered by XST with BUFG/BUFR resources. Please use the buffer_type constraint in order to insert these buffers to the clock signals to help prevent skew problems.

Asynchronous Control Signals Information:
----------------------------------------
No asynchronous control signals found in this design

Timing Summary:
---------------
Speed Grade: -3

   Minimum period: 3.101ns (Maximum Frequency: 322.503MHz)
   Minimum input arrival time before clock: 3.669ns
   Maximum output required time after clock: 3.634ns
   Maximum combinational path delay: No path found

Timing Details:
---------------
All values displayed in nanoseconds (ns)

=========================================================================
Timing constraint: Default period analysis for Clock 'Clk'
  Clock period: 3.101ns (frequency: 322.503MHz)
  Total number of paths / destination ports: 472 / 90
-------------------------------------------------------------------------
Delay:               3.101ns (Levels of Logic = 4)
  Source:            Cont_11 (FF)
  Destination:       Cont_12 (FF)
  Source Clock:      Clk rising
  Destination Clock: Clk rising

  Data Path: Cont_11 to Cont_12
                                Gate     Net
    Cell:in->out      fanout   Delay   Delay  Logical Name (Net Name)
    ----------------------------------------  ------------
     FDC:C->Q             15   0.447   0.982  Cont_11 (Cont_11)
     LUT1:I0->O            1   0.205   0.000  Mcount_Cont_cy<11>_rt (Mcount_Cont_cy<11>_rt)
     MUXCY:S->O            0   0.172   0.000  Mcount_Cont_cy<11> (Mcount_Cont_cy<11>)
     XORCY:CI->O           1   0.180   0.808  Mcount_Cont_xor<12> (Result<12>)
     LUT4:I1->O            1   0.205   0.000  Mcount_Cont_eqn_121 (Mcount_Cont_eqn_12)
     FDC:D                     0.102          Cont_12
    ----------------------------------------
    Total                      3.101ns (1.311ns logic, 1.790ns route)
                                       (42.3% logic, 57.7% route)

=========================================================================
Timing constraint: Default OFFSET IN BEFORE for Clock 'Clk'
  Total number of paths / destination ports: 79 / 63
-------------------------------------------------------------------------
Offset:              3.669ns (Levels of Logic = 2)
  Source:            Send (PAD)
  Destination:       StreamSwitchTemp_7_C_7 (FF)
  Destination Clock: Clk rising

  Data Path: Send to StreamSwitchTemp_7_C_7
                                Gate     Net
    Cell:in->out      fanout   Delay   Delay  Logical Name (Net Name)
    ----------------------------------------  ------------
     IBUF:I->O            20   1.222   1.197  Send_IBUF (Send_IBUF)
     LUT2:I0->O            2   0.203   0.616  Send_SwitchSeg[7]_AND_4_o1 (Send_SwitchSeg[7]_AND_4_o)
     FDP:PRE                   0.430          StreamSwitchTemp_9_P_9
    ----------------------------------------
    Total                      3.669ns (1.855ns logic, 1.814ns route)
                                       (50.6% logic, 49.4% route)

=========================================================================
Timing constraint: Default OFFSET IN BEFORE for Clock 'Send_SwitchSeg[5]_AND_8_o'
  Total number of paths / destination ports: 2 / 1
-------------------------------------------------------------------------
Offset:              3.669ns (Levels of Logic = 2)
  Source:            Send (PAD)
  Destination:       StreamSwitchTemp_7_LDC (LATCH)
  Destination Clock: Send_SwitchSeg[5]_AND_8_o falling

  Data Path: Send to StreamSwitchTemp_7_LDC
                                Gate     Net
    Cell:in->out      fanout   Delay   Delay  Logical Name (Net Name)
    ----------------------------------------  ------------
     IBUF:I->O            20   1.222   1.197  Send_IBUF (Send_IBUF)
     LUT2:I0->O            2   0.203   0.616  Send_SwitchSeg[5]_AND_9_o1 (Send_SwitchSeg[5]_AND_9_o)
     LDC:CLR                   0.430          StreamSwitchTemp_7_LDC
    ----------------------------------------
    Total                      3.669ns (1.855ns logic, 1.814ns route)
                                       (50.6% logic, 49.4% route)

=========================================================================
Timing constraint: Default OFFSET IN BEFORE for Clock 'Send_SwitchSeg[6]_AND_6_o'
  Total number of paths / destination ports: 2 / 1
-------------------------------------------------------------------------
Offset:              3.669ns (Levels of Logic = 2)
  Source:            Send (PAD)
  Destination:       StreamSwitchTemp_8_LDC (LATCH)
  Destination Clock: Send_SwitchSeg[6]_AND_6_o falling

  Data Path: Send to StreamSwitchTemp_8_LDC
                                Gate     Net
    Cell:in->out      fanout   Delay   Delay  Logical Name (Net Name)
    ----------------------------------------  ------------
     IBUF:I->O            20   1.222   1.197  Send_IBUF (Send_IBUF)
     LUT2:I0->O            2   0.203   0.616  Send_SwitchSeg[6]_AND_7_o1 (Send_SwitchSeg[6]_AND_7_o)
     LDC:CLR                   0.430          StreamSwitchTemp_8_LDC
    ----------------------------------------
    Total                      3.669ns (1.855ns logic, 1.814ns route)
                                       (50.6% logic, 49.4% route)

=========================================================================
Timing constraint: Default OFFSET IN BEFORE for Clock 'Send_SwitchSeg[4]_AND_10_o'
  Total number of paths / destination ports: 2 / 1
-------------------------------------------------------------------------
Offset:              3.669ns (Levels of Logic = 2)
  Source:            Send (PAD)
  Destination:       StreamSwitchTemp_6_LDC (LATCH)
  Destination Clock: Send_SwitchSeg[4]_AND_10_o falling

  Data Path: Send to StreamSwitchTemp_6_LDC
                                Gate     Net
    Cell:in->out      fanout   Delay   Delay  Logical Name (Net Name)
    ----------------------------------------  ------------
     IBUF:I->O            20   1.222   1.197  Send_IBUF (Send_IBUF)
     LUT2:I0->O            2   0.203   0.616  Send_SwitchSeg[4]_AND_11_o1 (Send_SwitchSeg[4]_AND_11_o)
     LDC:CLR                   0.430          StreamSwitchTemp_6_LDC
    ----------------------------------------
    Total                      3.669ns (1.855ns logic, 1.814ns route)
                                       (50.6% logic, 49.4% route)

=========================================================================
Timing constraint: Default OFFSET IN BEFORE for Clock 'Send_SwitchSeg[3]_AND_12_o'
  Total number of paths / destination ports: 2 / 1
-------------------------------------------------------------------------
Offset:              3.669ns (Levels of Logic = 2)
  Source:            Send (PAD)
  Destination:       StreamSwitchTemp_5_LDC (LATCH)
  Destination Clock: Send_SwitchSeg[3]_AND_12_o falling

  Data Path: Send to StreamSwitchTemp_5_LDC
                                Gate     Net
    Cell:in->out      fanout   Delay   Delay  Logical Name (Net Name)
    ----------------------------------------  ------------
     IBUF:I->O            20   1.222   1.197  Send_IBUF (Send_IBUF)
     LUT2:I0->O            2   0.203   0.616  Send_SwitchSeg[3]_AND_13_o1 (Send_SwitchSeg[3]_AND_13_o)
     LDC:CLR                   0.430          StreamSwitchTemp_5_LDC
    ----------------------------------------
    Total                      3.669ns (1.855ns logic, 1.814ns route)
                                       (50.6% logic, 49.4% route)

=========================================================================
Timing constraint: Default OFFSET IN BEFORE for Clock 'Send_SwitchSeg[0]_AND_18_o'
  Total number of paths / destination ports: 2 / 1
-------------------------------------------------------------------------
Offset:              3.669ns (Levels of Logic = 2)
  Source:            Send (PAD)
  Destination:       StreamSwitchTemp_2_LDC (LATCH)
  Destination Clock: Send_SwitchSeg[0]_AND_18_o falling

  Data Path: Send to StreamSwitchTemp_2_LDC
                                Gate     Net
    Cell:in->out      fanout   Delay   Delay  Logical Name (Net Name)
    ----------------------------------------  ------------
     IBUF:I->O            20   1.222   1.197  Send_IBUF (Send_IBUF)
     LUT2:I0->O            2   0.203   0.616  Send_SwitchSeg[0]_AND_19_o1 (Send_SwitchSeg[0]_AND_19_o)
     LDC:CLR                   0.430          StreamSwitchTemp_2_LDC
    ----------------------------------------
    Total                      3.669ns (1.855ns logic, 1.814ns route)
                                       (50.6% logic, 49.4% route)

=========================================================================
Timing constraint: Default OFFSET IN BEFORE for Clock 'Send_SwitchSeg[2]_AND_14_o'
  Total number of paths / destination ports: 2 / 1
-------------------------------------------------------------------------
Offset:              3.669ns (Levels of Logic = 2)
  Source:            Send (PAD)
  Destination:       StreamSwitchTemp_4_LDC (LATCH)
  Destination Clock: Send_SwitchSeg[2]_AND_14_o falling

  Data Path: Send to StreamSwitchTemp_4_LDC
                                Gate     Net
    Cell:in->out      fanout   Delay   Delay  Logical Name (Net Name)
    ----------------------------------------  ------------
     IBUF:I->O            20   1.222   1.197  Send_IBUF (Send_IBUF)
     LUT2:I0->O            2   0.203   0.616  Send_SwitchSeg[2]_AND_15_o1 (Send_SwitchSeg[2]_AND_15_o)
     LDC:CLR                   0.430          StreamSwitchTemp_4_LDC
    ----------------------------------------
    Total                      3.669ns (1.855ns logic, 1.814ns route)
                                       (50.6% logic, 49.4% route)

=========================================================================
Timing constraint: Default OFFSET IN BEFORE for Clock 'Send_SwitchSeg[1]_AND_16_o'
  Total number of paths / destination ports: 2 / 1
-------------------------------------------------------------------------
Offset:              3.669ns (Levels of Logic = 2)
  Source:            Send (PAD)
  Destination:       StreamSwitchTemp_3_LDC (LATCH)
  Destination Clock: Send_SwitchSeg[1]_AND_16_o falling

  Data Path: Send to StreamSwitchTemp_3_LDC
                                Gate     Net
    Cell:in->out      fanout   Delay   Delay  Logical Name (Net Name)
    ----------------------------------------  ------------
     IBUF:I->O            20   1.222   1.197  Send_IBUF (Send_IBUF)
     LUT2:I0->O            2   0.203   0.616  Send_SwitchSeg[1]_AND_17_o1 (Send_SwitchSeg[1]_AND_17_o)
     LDC:CLR                   0.430          StreamSwitchTemp_3_LDC
    ----------------------------------------
    Total                      3.669ns (1.855ns logic, 1.814ns route)
                                       (50.6% logic, 49.4% route)

=========================================================================
Timing constraint: Default OFFSET IN BEFORE for Clock 'Send_SwitchSeg[7]_AND_4_o'
  Total number of paths / destination ports: 2 / 1
-------------------------------------------------------------------------
Offset:              3.669ns (Levels of Logic = 2)
  Source:            Send (PAD)
  Destination:       StreamSwitchTemp_9_LDC (LATCH)
  Destination Clock: Send_SwitchSeg[7]_AND_4_o falling

  Data Path: Send to StreamSwitchTemp_9_LDC
                                Gate     Net
    Cell:in->out      fanout   Delay   Delay  Logical Name (Net Name)
    ----------------------------------------  ------------
     IBUF:I->O            20   1.222   1.197  Send_IBUF (Send_IBUF)
     LUT2:I0->O            2   0.203   0.616  Send_SwitchSeg[7]_AND_5_o1 (Send_SwitchSeg[7]_AND_5_o)
     LDC:CLR                   0.430          StreamSwitchTemp_9_LDC
    ----------------------------------------
    Total                      3.669ns (1.855ns logic, 1.814ns route)
                                       (50.6% logic, 49.4% route)

=========================================================================
Timing constraint: Default OFFSET OUT AFTER for Clock 'Clk'
  Total number of paths / destination ports: 9 / 9
-------------------------------------------------------------------------
Offset:              3.634ns (Levels of Logic = 1)
  Source:            regtemp_17 (FF)
  Destination:       DataOut<7> (PAD)
  Source Clock:      Clk rising

  Data Path: regtemp_17 to DataOut<7>
                                Gate     Net
    Cell:in->out      fanout   Delay   Delay  Logical Name (Net Name)
    ----------------------------------------  ------------
     FDE:C->Q              2   0.447   0.616  regtemp_17 (regtemp_17)
     OBUF:I->O                 2.571          DataOut_7_OBUF (DataOut<7>)
    ----------------------------------------
    Total                      3.634ns (3.018ns logic, 0.616ns route)
                                       (83.0% logic, 17.0% route)

=========================================================================

Cross Clock Domains Report:
--------------------------

Clock to Setup on destination clock Clk
--------------------------+---------+---------+---------+---------+
                          | Src:Rise| Src:Fall| Src:Rise| Src:Fall|
Source Clock              |Dest:Rise|Dest:Rise|Dest:Fall|Dest:Fall|
--------------------------+---------+---------+---------+---------+
Clk                       |    3.101|         |         |         |
Send_SwitchSeg[0]_AND_18_o|         |    1.784|         |         |
Send_SwitchSeg[1]_AND_16_o|         |    2.435|         |         |
Send_SwitchSeg[2]_AND_14_o|         |    2.435|         |         |
Send_SwitchSeg[3]_AND_12_o|         |    2.435|         |         |
Send_SwitchSeg[4]_AND_10_o|         |    2.435|         |         |
Send_SwitchSeg[5]_AND_8_o |         |    2.435|         |         |
Send_SwitchSeg[6]_AND_6_o |         |    2.435|         |         |
Send_SwitchSeg[7]_AND_4_o |         |    2.435|         |         |
--------------------------+---------+---------+---------+---------+

=========================================================================


Total REAL time to Xst completion: 6.00 secs
Total CPU time to Xst completion: 5.68 secs
 
--> 

Total memory usage is 236372 kilobytes

Number of errors   :    0 (   0 filtered)
Number of warnings :   25 (   0 filtered)
Number of infos    :    1 (   0 filtered)

