#-----------------------------------------------------------
# PlanAhead v14.7 (64-bit)
# Build 321239 by xbuild on Fri Sep 27 19:29:51 MDT 2013
# Start of session at: Wed Oct 14 10:34:23 2015
# Process ID: 9732
# Log file: D:/ProySisDigAva/P18_Shift_Register_8_bit_SN74164/planAhead_run_1/planAhead.log
# Journal file: D:/ProySisDigAva/P18_Shift_Register_8_bit_SN74164/planAhead_run_1/planAhead.jou
#-----------------------------------------------------------
INFO: [Common 17-78] Attempting to get a license: PlanAhead
INFO: [Common 17-290] Got license for PlanAhead
INFO: [Device 21-36] Loading parts and site information from C:/Xilinx/14.7/ISE_DS/PlanAhead/data/parts/arch.xml
Parsing RTL primitives file [C:/Xilinx/14.7/ISE_DS/PlanAhead/data/parts/xilinx/rtl/prims/rtl_prims.xml]
Finished parsing RTL primitives file [C:/Xilinx/14.7/ISE_DS/PlanAhead/data/parts/xilinx/rtl/prims/rtl_prims.xml]
start_gui
source D:/ProySisDigAva/P18_Shift_Register_8_bit_SN74164/pa.fromNetlist.tcl
# create_project -name P18_Shift_Register_8_bit_SN74164 -dir "D:/ProySisDigAva/P18_Shift_Register_8_bit_SN74164/planAhead_run_1" -part xc6slx16csg324-3
# set_property design_mode GateLvl [get_property srcset [current_run -impl]]
# set_property edif_top_file "D:/ProySisDigAva/P18_Shift_Register_8_bit_SN74164/Shift_Register.ngc" [ get_property srcset [ current_run ] ]
# add_files -norecurse { {D:/ProySisDigAva/P18_Shift_Register_8_bit_SN74164} }
# set_param project.pinAheadLayout  yes
# set_property target_constrs_file "Shift_Register.ucf" [current_fileset -constrset]
Adding file 'D:/ProySisDigAva/P18_Shift_Register_8_bit_SN74164/Shift_Register.ucf' to fileset 'constrs_1'
# add_files [list {Shift_Register.ucf}] -fileset [get_property constrset [current_run]]
# link_design
Design is defaulting to srcset: sources_1
Design is defaulting to constrset: constrs_1
Design is defaulting to project part: xc6slx16csg324-3
Release 14.7 - ngc2edif P.20131013 (nt64)
Copyright (c) 1995-2013 Xilinx, Inc.  All rights reserved.
Reading design Shift_Register.ngc ...
WARNING:NetListWriters:298 - No output is written to Shift_Register.xncf,
   ignored.
Processing design ...
   Preping design's networks ...
   Preping design's macros ...
  finished :Prep
Writing EDIF netlist file Shift_Register.edif ...
ngc2edif: Total memory usage is 76516 kilobytes

Parsing EDIF File [./planAhead_run_1/P18_Shift_Register_8_bit_SN74164.data/cache/Shift_Register_ngc_zx.edif]
Finished Parsing EDIF File [./planAhead_run_1/P18_Shift_Register_8_bit_SN74164.data/cache/Shift_Register_ngc_zx.edif]
INFO: [Netlist 29-17] Analyzing 1 Unisim elements for replacement
INFO: [Netlist 29-28] Unisim Transformation completed in 0 CPU seconds
Loading clock regions from C:/Xilinx/14.7/ISE_DS/PlanAhead/data\parts/xilinx/spartan6/spartan6lx/xc6slx16/ClockRegion.xml
Loading clock buffers from C:/Xilinx/14.7/ISE_DS/PlanAhead/data\parts/xilinx/spartan6/spartan6lx/xc6slx16/ClockBuffers.xml
Loading package pin functions from C:/Xilinx/14.7/ISE_DS/PlanAhead/data\parts/xilinx/spartan6/PinFunctions.xml...
Loading package from C:/Xilinx/14.7/ISE_DS/PlanAhead/data\parts/xilinx/spartan6/spartan6lx/xc6slx16/csg324/Package.xml
Loading io standards from C:/Xilinx/14.7/ISE_DS/PlanAhead/data\./parts/xilinx/spartan6/IOStandards.xml
Loading device configuration modes from C:/Xilinx/14.7/ISE_DS/PlanAhead/data\parts/xilinx/spartan6/ConfigModes.xml
Loading list of drcs for the architecture : C:/Xilinx/14.7/ISE_DS/PlanAhead/data\./parts/xilinx/spartan6/drc.xml
Parsing UCF File [D:/ProySisDigAva/P18_Shift_Register_8_bit_SN74164/Shift_Register.ucf]
Finished Parsing UCF File [D:/ProySisDigAva/P18_Shift_Register_8_bit_SN74164/Shift_Register.ucf]
INFO: [Project 1-111] Unisim Transformation Summary:
  A total of 1 instances were transformed.
  BUFGP => BUFGP (IBUF, BUFG): 1 instances

Phase 0 | Netlist Checksum: 57bf0df8
link_design: Time (s): elapsed = 00:00:11 . Memory (MB): peak = 614.273 ; gain = 183.652
startgroup
set_property package_pin T11 [get_ports {Q[0]}]
endgroup
startgroup
set_property package_pin R11 [get_ports {Q[1]}]
endgroup
startgroup
set_property package_pin N11 [get_ports {Q[2]}]
endgroup
startgroup
set_property package_pin M11 [get_ports {Q[3]}]
endgroup
startgroup
set_property package_pin V15 [get_ports {Q[4]}]
endgroup
startgroup
set_property package_pin U15 [get_ports {Q[5]}]
endgroup
set_property package_pin "" [get_ports [list  {Q[7]}]]
startgroup
set_property package_pin V16 [get_ports {Q[6]}]
endgroup
startgroup
set_property package_pin U16 [get_ports {Q[7]}]
endgroup
startgroup
set_property package_pin T9 [get_ports A]
endgroup
startgroup
set_property package_pin T10 [get_ports B]
endgroup
startgroup
set_property package_pin V10 [get_ports Clk]
endgroup
startgroup
set_property package_pin V9 [get_ports Clr]
endgroup
save_constraints
exit
ERROR: [PlanAhead 12-106] *** Exception: ui.h.b: Found deleted key in HTclEventBroker. Verify if the classes listed here call cleanup()
HTclEvent: DEBUG_PORT_CONFIG_CHANGE   Classes: ui.views.aR 
HTclEvent: SIGNAL_BUS_MODIFY   Classes: ui.views.aR 
HTclEvent: DEBUG_CORE_CONFIG_CHANGE   Classes: ui.views.aR 
HTclEvent: SIGNAL_MODIFY   Classes: ui.views.aR 
 (See D:/ProySisDigAva/P18_Shift_Register_8_bit_SN74164\planAhead_pid9732.debug)
ERROR: [Common 17-39] 'stop_gui' failed due to earlier errors.
INFO: [Common 17-206] Exiting PlanAhead at Wed Oct 14 10:37:26 2015...
INFO: [Common 17-83] Releasing license: PlanAhead
