--------------------------------------------------------------------------------
Release 14.7 Trace  (nt)
Copyright (c) 1995-2013 Xilinx, Inc.  All rights reserved.

C:\Xilinx\14.7\ISE_DS\ISE\bin\nt\unwrapped\trce.exe -intstyle ise -v 3 -s 3 -n
3 -fastpaths -xml ServoControl.twx ServoControl.ncd -o ServoControl.twr
ServoControl.pcf -ucf ServoControl.ucf

Design file:              ServoControl.ncd
Physical constraint file: ServoControl.pcf
Device,package,speed:     xc6slx16,csg324,C,-3 (PRODUCTION 1.23 2013-10-13)
Report level:             verbose report

Environment Variable      Effect 
--------------------      ------ 
NONE                      No environment variables were set
--------------------------------------------------------------------------------

INFO:Timing:2698 - No timing constraints found, doing default enumeration.
INFO:Timing:3412 - To improve timing, see the Timing Closure User Guide (UG612).
INFO:Timing:2752 - To get complete path coverage, use the unconstrained paths 
   option. All paths that are not constrained will be reported in the 
   unconstrained paths section(s) of the report.
INFO:Timing:3339 - The clock-to-out numbers in this timing report are based on 
   a 50 Ohm transmission line loading model.  For the details of this model, 
   and for more information on accounting for different loading conditions, 
   please see the device datasheet.



Data Sheet report:
-----------------
All values displayed in nanoseconds (ns)

Setup/Hold to clock Clk
------------+------------+------------+------------+------------+------------------+--------+
            |Max Setup to|  Process   |Max Hold to |  Process   |                  | Clock  |
Source      | clk (edge) |   Corner   | clk (edge) |   Corner   |Internal Clock(s) | Phase  |
------------+------------+------------+------------+------------+------------------+--------+
Input<0>    |    9.729(R)|      SLOW  |   -2.145(R)|      FAST  |Clk_BUFGP         |   0.000|
Input<1>    |   10.913(R)|      SLOW  |   -2.239(R)|      FAST  |Clk_BUFGP         |   0.000|
Input<2>    |   11.117(R)|      SLOW  |   -1.932(R)|      FAST  |Clk_BUFGP         |   0.000|
Input<3>    |   10.895(R)|      SLOW  |   -1.931(R)|      FAST  |Clk_BUFGP         |   0.000|
Input<4>    |   10.641(R)|      SLOW  |   -2.064(R)|      FAST  |Clk_BUFGP         |   0.000|
Input<5>    |   10.913(R)|      SLOW  |   -2.113(R)|      FAST  |Clk_BUFGP         |   0.000|
Input<6>    |   10.498(R)|      SLOW  |   -2.103(R)|      FAST  |Clk_BUFGP         |   0.000|
Input<7>    |    9.554(R)|      SLOW  |   -1.980(R)|      FAST  |Clk_BUFGP         |   0.000|
Rst         |    3.373(R)|      SLOW  |   -1.233(R)|      FAST  |Clk_BUFGP         |   0.000|
------------+------------+------------+------------+------------+------------------+--------+

Clock Clk to Pad
------------+-----------------+------------+-----------------+------------+------------------+--------+
            |Max (slowest) clk|  Process   |Min (fastest) clk|  Process   |                  | Clock  |
Destination |  (edge) to PAD  |   Corner   |  (edge) to PAD  |   Corner   |Internal Clock(s) | Phase  |
------------+-----------------+------------+-----------------+------------+------------------+--------+
Servo       |         8.683(R)|      SLOW  |         4.633(R)|      FAST  |Clk_BUFGP         |   0.000|
------------+-----------------+------------+-----------------+------------+------------------+--------+

Clock to Setup on destination clock Clk
---------------+---------+---------+---------+---------+
               | Src:Rise| Src:Fall| Src:Rise| Src:Fall|
Source Clock   |Dest:Rise|Dest:Rise|Dest:Fall|Dest:Fall|
---------------+---------+---------+---------+---------+
Clk            |    5.212|         |         |         |
---------------+---------+---------+---------+---------+


Analysis completed Wed Nov 11 10:21:13 2015 
--------------------------------------------------------------------------------

Trace Settings:
-------------------------
Trace Settings 

Peak Memory Usage: 166 MB



