Command line:
   Binary_Gray_Converter_TB_isim_beh.exe
     -simmode  gui
     -simrunnum  0
     -socket  14320

Tue Sep 08 09:47:20 2015


 Elaboration Time: 0.03125 sec

 Current Memory Usage: 519.148 Meg

 Total Signals          : 4
 Total Nets             : 8
 Total Signal Drivers   : 5
 Total Blocks           : 6
 Total Primitive Blocks : 4
 Total Processes        : 5
 Total Traceable Variables  : 12
 Total Scalar Nets and Variables : 372
Total Line Count : 20
Total Line Count : 20

 Total Simulation Time: 0.109375 sec

 Current Memory Usage: 519.148 Meg

Tue Sep 08 09:56:39 2015

