Command line:
   Priority_Encoder_op_TB_isim_beh.exe
     -simmode  gui
     -simrunnum  0
     -socket  21336

Tue Sep 08 15:23:47 2015


 Elaboration Time: 0.03125 sec

 Current Memory Usage: 519.168 Meg

 Total Signals          : 4
 Total Nets             : 10
 Total Signal Drivers   : 4
 Total Blocks           : 3
 Total Primitive Blocks : 2
 Total Processes        : 4
 Total Traceable Variables  : 8
 Total Scalar Nets and Variables : 370
Total Line Count : 21
Total Line Count : 21

 Total Simulation Time: 0.0625 sec

 Current Memory Usage: 519.168 Meg

Tue Sep 08 15:24:16 2015

