--------------------------------------------------------------------------------
Release 14.6 Trace  (nt)
Copyright (c) 1995-2013 Xilinx, Inc.  All rights reserved.

C:\Xilinx\14.6\ISE_DS\ISE\bin\nt\unwrapped\trce.exe -intstyle ise -v 3 -s 2 -n
3 -fastpaths -xml Counter.twx Counter.ncd -o Counter.twr Counter.pcf -ucf
xem6001.ucf

Design file:              Counter.ncd
Physical constraint file: Counter.pcf
Device,package,speed:     xc6slx16,ftg256,C,-2 (PRODUCTION 1.23 2013-06-08)
Report level:             verbose report

Environment Variable      Effect 
--------------------      ------ 
NONE                      No environment variables were set
--------------------------------------------------------------------------------

INFO:Timing:2698 - No timing constraints found, doing default enumeration.
INFO:Timing:3412 - To improve timing, see the Timing Closure User Guide (UG612).
INFO:Timing:2752 - To get complete path coverage, use the unconstrained paths 
   option. All paths that are not constrained will be reported in the 
   unconstrained paths section(s) of the report.
INFO:Timing:3339 - The clock-to-out numbers in this timing report are based on 
   a 50 Ohm transmission line loading model.  For the details of this model, 
   and for more information on accounting for different loading conditions, 
   please see the device datasheet.



Data Sheet report:
-----------------
All values displayed in nanoseconds (ns)

Setup/Hold to clock Clk
------------+------------+------------+------------+------------+------------------+--------+
            |Max Setup to|  Process   |Max Hold to |  Process   |                  | Clock  |
Source      | clk (edge) |   Corner   | clk (edge) |   Corner   |Internal Clock(s) | Phase  |
------------+------------+------------+------------+------------+------------------+--------+
Rst         |    3.916(R)|      SLOW  |   -1.134(R)|      FAST  |Clk_BUFGP         |   0.000|
------------+------------+------------+------------+------------+------------------+--------+

Clock Clk to Pad
------------+-----------------+------------+-----------------+------------+------------------+--------+
            |Max (slowest) clk|  Process   |Min (fastest) clk|  Process   |                  | Clock  |
Destination |  (edge) to PAD  |   Corner   |  (edge) to PAD  |   Corner   |Internal Clock(s) | Phase  |
------------+-----------------+------------+-----------------+------------+------------------+--------+
Led<0>      |        10.542(R)|      SLOW  |         4.836(R)|      FAST  |Clk_BUFGP         |   0.000|
Led<1>      |        10.450(R)|      SLOW  |         4.766(R)|      FAST  |Clk_BUFGP         |   0.000|
Led<2>      |        10.320(R)|      SLOW  |         4.709(R)|      FAST  |Clk_BUFGP         |   0.000|
Led<3>      |        10.493(R)|      SLOW  |         4.821(R)|      FAST  |Clk_BUFGP         |   0.000|
Led<4>      |        10.639(R)|      SLOW  |         4.939(R)|      FAST  |Clk_BUFGP         |   0.000|
Led<5>      |        10.106(R)|      SLOW  |         4.606(R)|      FAST  |Clk_BUFGP         |   0.000|
Led<6>      |        10.296(R)|      SLOW  |         4.706(R)|      FAST  |Clk_BUFGP         |   0.000|
Led<7>      |        10.605(R)|      SLOW  |         4.938(R)|      FAST  |Clk_BUFGP         |   0.000|
------------+-----------------+------------+-----------------+------------+------------------+--------+

Clock to Setup on destination clock Clk
---------------+---------+---------+---------+---------+
               | Src:Rise| Src:Fall| Src:Rise| Src:Fall|
Source Clock   |Dest:Rise|Dest:Rise|Dest:Fall|Dest:Fall|
---------------+---------+---------+---------+---------+
Clk            |    3.754|         |         |         |
---------------+---------+---------+---------+---------+


Analysis completed Tue Nov 18 20:23:19 2014 
--------------------------------------------------------------------------------

Trace Settings:
-------------------------
Trace Settings 

Peak Memory Usage: 183 MB



