Release 14.7 - xst P.20131013 (nt64)
Copyright (c) 1995-2013 Xilinx, Inc.  All rights reserved.
--> Parameter TMPDIR set to xst/projnav.tmp


Total REAL time to Xst completion: 0.00 secs
Total CPU time to Xst completion: 0.08 secs
 
--> Parameter xsthdpdir set to xst


Total REAL time to Xst completion: 0.00 secs
Total CPU time to Xst completion: 0.08 secs
 
--> Reading design: RWM.prj

TABLE OF CONTENTS
  1) Synthesis Options Summary
  2) HDL Parsing
  3) HDL Elaboration
  4) HDL Synthesis
       4.1) HDL Synthesis Report
  5) Advanced HDL Synthesis
       5.1) Advanced HDL Synthesis Report
  6) Low Level Synthesis
  7) Partition Report
  8) Design Summary
       8.1) Primitive and Black Box Usage
       8.2) Device utilization summary
       8.3) Partition Resource Summary
       8.4) Timing Report
            8.4.1) Clock Information
            8.4.2) Asynchronous Control Signals Information
            8.4.3) Timing Summary
            8.4.4) Timing Details
            8.4.5) Cross Clock Domains Report


=========================================================================
*                      Synthesis Options Summary                        *
=========================================================================
---- Source Parameters
Input File Name                    : "RWM.prj"
Ignore Synthesis Constraint File   : NO

---- Target Parameters
Output File Name                   : "RWM"
Output Format                      : NGC
Target Device                      : xc6slx16-3-csg324

---- Source Options
Top Module Name                    : RWM
Automatic FSM Extraction           : YES
FSM Encoding Algorithm             : Auto
Safe Implementation                : No
FSM Style                          : LUT
RAM Extraction                     : Yes
RAM Style                          : Auto
ROM Extraction                     : Yes
Shift Register Extraction          : YES
ROM Style                          : Auto
Resource Sharing                   : YES
Asynchronous To Synchronous        : NO
Shift Register Minimum Size        : 2
Use DSP Block                      : Auto
Automatic Register Balancing       : No

---- Target Options
LUT Combining                      : Auto
Reduce Control Sets                : Auto
Add IO Buffers                     : YES
Global Maximum Fanout              : 100000
Add Generic Clock Buffer(BUFG)     : 16
Register Duplication               : YES
Optimize Instantiated Primitives   : NO
Use Clock Enable                   : Auto
Use Synchronous Set                : Auto
Use Synchronous Reset              : Auto
Pack IO Registers into IOBs        : Auto
Equivalent register Removal        : YES

---- General Options
Optimization Goal                  : Speed
Optimization Effort                : 1
Power Reduction                    : NO
Keep Hierarchy                     : No
Netlist Hierarchy                  : As_Optimized
RTL Output                         : Yes
Global Optimization                : AllClockNets
Read Cores                         : YES
Write Timing Constraints           : NO
Cross Clock Analysis               : NO
Hierarchy Separator                : /
Bus Delimiter                      : <>
Case Specifier                     : Maintain
Slice Utilization Ratio            : 100
BRAM Utilization Ratio             : 100
DSP48 Utilization Ratio            : 100
Auto BRAM Packing                  : NO
Slice Utilization Ratio Delta      : 5

=========================================================================


=========================================================================
*                          HDL Parsing                                  *
=========================================================================
Parsing VHDL file "D:\ProySisDigAva\Levi\P34_RWM_Definition\RWM.vhd" into library work
Parsing entity <RWM>.
Parsing architecture <Behavioral> of entity <rwm>.

=========================================================================
*                            HDL Elaboration                            *
=========================================================================

Elaborating entity <RWM> (architecture <Behavioral>) from library <work>.

=========================================================================
*                           HDL Synthesis                               *
=========================================================================

Synthesizing Unit <RWM>.
    Related source file is "D:\ProySisDigAva\Levi\P34_RWM_Definition\RWM.vhd".
    Found 16x8-bit single-port RAM <Mram_MemRWM> for signal <MemRWM>.
    Summary:
	inferred   1 RAM(s).
Unit <RWM> synthesized.

=========================================================================
HDL Synthesis Report

Macro Statistics
# RAMs                                                 : 1
 16x8-bit single-port RAM                              : 1

=========================================================================

=========================================================================
*                       Advanced HDL Synthesis                          *
=========================================================================


Synthesizing (advanced) Unit <RWM>.
INFO:Xst:3218 - HDL ADVISOR - The RAM <Mram_MemRWM> will be implemented on LUTs either because you have described an asynchronous read or because of currently unsupported block RAM features. If you have described an asynchronous read, making it synchronous would allow you to take advantage of available block RAM resources, for optimized device usage and improved timings. Please refer to your documentation for coding guidelines.
    -----------------------------------------------------------------------
    | ram_type           | Distributed                         |          |
    -----------------------------------------------------------------------
    | Port A                                                              |
    |     aspect ratio   | 16-word x 8-bit                     |          |
    |     clkA           | connected to signal <WClk>          | rise     |
    |     weA            | connected to signal <GND>           | high     |
    |     addrA          | connected to signal <Address>       |          |
    |     diA            | connected to signal <GND>           |          |
    |     doA            | connected to signal <Data>          |          |
    -----------------------------------------------------------------------
Unit <RWM> synthesized (advanced).

=========================================================================
Advanced HDL Synthesis Report

Macro Statistics
# RAMs                                                 : 1
 16x8-bit single-port distributed RAM                  : 1

=========================================================================

=========================================================================
*                         Low Level Synthesis                           *
=========================================================================

Optimizing unit <RWM> ...
INFO:Xst:2399 - RAMs <Mram_MemRWM1>, <Mram_MemRWM2> are equivalent, second RAM is removed
INFO:Xst:2399 - RAMs <Mram_MemRWM1>, <Mram_MemRWM3> are equivalent, second RAM is removed
INFO:Xst:2399 - RAMs <Mram_MemRWM1>, <Mram_MemRWM4> are equivalent, second RAM is removed
INFO:Xst:2399 - RAMs <Mram_MemRWM1>, <Mram_MemRWM5> are equivalent, second RAM is removed
INFO:Xst:2399 - RAMs <Mram_MemRWM1>, <Mram_MemRWM6> are equivalent, second RAM is removed
INFO:Xst:2399 - RAMs <Mram_MemRWM1>, <Mram_MemRWM7> are equivalent, second RAM is removed
INFO:Xst:2399 - RAMs <Mram_MemRWM1>, <Mram_MemRWM8> are equivalent, second RAM is removed

Mapping all equations...
Building and optimizing final netlist ...
Found area constraint ratio of 100 (+ 5) on block RWM, actual ratio is 0.

Final Macro Processing ...

=========================================================================
Final Register Report

Found no macro
=========================================================================

=========================================================================
*                           Partition Report                            *
=========================================================================

Partition Implementation Status
-------------------------------

  No Partitions were found in this design.

-------------------------------

=========================================================================
*                            Design Summary                             *
=========================================================================

Top Level Output File Name         : RWM.ngc

Primitive and Black Box Usage:
------------------------------
# BELS                             : 1
#      GND                         : 1
# RAMS                             : 1
#      RAM16X1S                    : 1
# Clock Buffers                    : 1
#      BUFGP                       : 1
# IO Buffers                       : 12
#      IBUF                        : 4
#      OBUF                        : 8

Device utilization summary:
---------------------------

Selected Device : 6slx16csg324-3 


Slice Logic Utilization: 
 Number of Slice LUTs:                    1  out of   9112     0%  
    Number used as Memory:                1  out of   2176     0%  
       Number used as RAM:                1

Slice Logic Distribution: 
 Number of LUT Flip Flop pairs used:      1
   Number with an unused Flip Flop:       1  out of      1   100%  
   Number with an unused LUT:             0  out of      1     0%  
   Number of fully used LUT-FF pairs:     0  out of      1     0%  
   Number of unique control sets:         0

IO Utilization: 
 Number of IOs:                          14
 Number of bonded IOBs:                  13  out of    232     5%  

Specific Feature Utilization:
 Number of BUFG/BUFGCTRLs:                1  out of     16     6%  

---------------------------
Partition Resource Summary:
---------------------------

  No Partitions were found in this design.

---------------------------


=========================================================================
Timing Report

NOTE: THESE TIMING NUMBERS ARE ONLY A SYNTHESIS ESTIMATE.
      FOR ACCURATE TIMING INFORMATION PLEASE REFER TO THE TRACE REPORT
      GENERATED AFTER PLACE-and-ROUTE.

Clock Information:
------------------
-----------------------------------+------------------------+-------+
Clock Signal                       | Clock buffer(FF name)  | Load  |
-----------------------------------+------------------------+-------+
WClk                               | BUFGP                  | 1     |
-----------------------------------+------------------------+-------+

Asynchronous Control Signals Information:
----------------------------------------
No asynchronous control signals found in this design

Timing Summary:
---------------
Speed Grade: -3

   Minimum period: No path found
   Minimum input arrival time before clock: 1.872ns
   Maximum output required time after clock: 4.363ns
   Maximum combinational path delay: 5.416ns

Timing Details:
---------------
All values displayed in nanoseconds (ns)

=========================================================================
Timing constraint: Default OFFSET IN BEFORE for Clock 'WClk'
  Total number of paths / destination ports: 4 / 4
-------------------------------------------------------------------------
Offset:              1.872ns (Levels of Logic = 1)
  Source:            Address<3> (PAD)
  Destination:       Mram_MemRWM1 (RAM)
  Destination Clock: WClk rising

  Data Path: Address<3> to Mram_MemRWM1
                                Gate     Net
    Cell:in->out      fanout   Delay   Delay  Logical Name (Net Name)
    ----------------------------------------  ------------
     IBUF:I->O             2   1.222   0.616  Address_3_IBUF (Address_3_IBUF)
     RAM16X1S:A3               0.034          Mram_MemRWM1
    ----------------------------------------
    Total                      1.872ns (1.256ns logic, 0.616ns route)
                                       (67.1% logic, 32.9% route)

=========================================================================
Timing constraint: Default OFFSET OUT AFTER for Clock 'WClk'
  Total number of paths / destination ports: 8 / 8
-------------------------------------------------------------------------
Offset:              4.363ns (Levels of Logic = 1)
  Source:            Mram_MemRWM1 (RAM)
  Destination:       Data<7> (PAD)
  Source Clock:      WClk rising

  Data Path: Mram_MemRWM1 to Data<7>
                                Gate     Net
    Cell:in->out      fanout   Delay   Delay  Logical Name (Net Name)
    ----------------------------------------  ------------
     RAM16X1S:WCLK->O      8   0.990   0.802  Mram_MemRWM1 (Data_0_OBUF)
     OBUF:I->O                 2.571          Data_7_OBUF (Data<7>)
    ----------------------------------------
    Total                      4.363ns (3.561ns logic, 0.802ns route)
                                       (81.6% logic, 18.4% route)

=========================================================================
Timing constraint: Default path analysis
  Total number of paths / destination ports: 32 / 8
-------------------------------------------------------------------------
Delay:               5.416ns (Levels of Logic = 3)
  Source:            Address<0> (PAD)
  Destination:       Data<7> (PAD)

  Data Path: Address<0> to Data<7>
                                Gate     Net
    Cell:in->out      fanout   Delay   Delay  Logical Name (Net Name)
    ----------------------------------------  ------------
     IBUF:I->O             2   1.222   0.616  Address_0_IBUF (Address_0_IBUF)
     RAM16X1S:A0->O        8   0.205   0.802  Mram_MemRWM1 (Data_0_OBUF)
     OBUF:I->O                 2.571          Data_7_OBUF (Data<7>)
    ----------------------------------------
    Total                      5.416ns (3.998ns logic, 1.418ns route)
                                       (73.8% logic, 26.2% route)

=========================================================================

Cross Clock Domains Report:
--------------------------

=========================================================================


Total REAL time to Xst completion: 5.00 secs
Total CPU time to Xst completion: 4.92 secs
 
--> 

Total memory usage is 236372 kilobytes

Number of errors   :    0 (   0 filtered)
Number of warnings :    0 (   0 filtered)
Number of infos    :    8 (   0 filtered)

