
****** PlanAhead v14.7
  **** Build 321239 by xbuild on Fri Sep 27 19:31:35 MDT 2013
    ** Copyright 1986-1999, 2001-2013 Xilinx, Inc. All Rights Reserved.

INFO: [Common 17-78] Attempting to get a license: PlanAhead
INFO: [Common 17-290] Got license for PlanAhead
INFO: [Device 21-36] Loading parts and site information from C:/Xilinx/14.7/ISE_DS/PlanAhead/data/parts/arch.xml
Parsing RTL primitives file [C:/Xilinx/14.7/ISE_DS/PlanAhead/data/parts/xilinx/rtl/prims/rtl_prims.xml]
Finished parsing RTL primitives file [C:/Xilinx/14.7/ISE_DS/PlanAhead/data/parts/xilinx/rtl/prims/rtl_prims.xml]
start_gui
source D:/ProySisDigAva/Levi/P03_Decoder_Binary_7seg/pa.fromNetlist.tcl
# create_project -name P03_Decoder_Binary_7seg -dir "D:/ProySisDigAva/Levi/P03_Decoder_Binary_7seg/planAhead_run_1" -part xc6slx16csg324-3
create_project: Time (s): elapsed = 00:00:06 . Memory (MB): peak = 387.023 ; gain = 15.469
# set_property design_mode GateLvl [get_property srcset [current_run -impl]]
# set_property edif_top_file "D:/ProySisDigAva/Levi/P03_Decoder_Binary_7seg/Decoder_Binary_7Seg.ngc" [ get_property srcset [ current_run ] ]
# add_files -norecurse { {D:/ProySisDigAva/Levi/P03_Decoder_Binary_7seg} }
# set_param project.pinAheadLayout  yes
# set_property target_constrs_file "Decoder_Binary_7Seg.ucf" [current_fileset -constrset]
Adding file 'D:/ProySisDigAva/Levi/P03_Decoder_Binary_7seg/Decoder_Binary_7Seg.ucf' to fileset 'constrs_1'
# add_files [list {Decoder_Binary_7Seg.ucf}] -fileset [get_property constrset [current_run]]
# link_design
Design is defaulting to srcset: sources_1
Design is defaulting to constrset: constrs_1
Design is defaulting to project part: xc6slx16csg324-3
Release 14.7 - ngc2edif P.20131013 (nt)
Copyright (c) 1995-2013 Xilinx, Inc.  All rights reserved.

Release 14.7 - ngc2edif P.20131013 (nt)
Copyright (c) 1995-2013 Xilinx, Inc.  All rights reserved.
Reading design Decoder_Binary_7Seg.ngc ...
WARNING:NetListWriters:298 - No output is written to Decoder_Binary_7Seg.xncf,
   ignored.
Processing design ...
   Preping design's networks ...
   Preping design's macros ...
  finished :Prep
Writing EDIF netlist file Decoder_Binary_7Seg.edif ...
ngc2edif: Total memory usage is 77560 kilobytes

Parsing EDIF File [./planAhead_run_1/P03_Decoder_Binary_7seg.data/cache/Decoder_Binary_7Seg_ngc_zx.edif]
Finished Parsing EDIF File [./planAhead_run_1/P03_Decoder_Binary_7seg.data/cache/Decoder_Binary_7Seg_ngc_zx.edif]
Loading clock regions from C:/Xilinx/14.7/ISE_DS/PlanAhead/data\parts/xilinx/spartan6/spartan6lx/xc6slx16/ClockRegion.xml
Loading clock buffers from C:/Xilinx/14.7/ISE_DS/PlanAhead/data\parts/xilinx/spartan6/spartan6lx/xc6slx16/ClockBuffers.xml
Loading package pin functions from C:/Xilinx/14.7/ISE_DS/PlanAhead/data\parts/xilinx/spartan6/PinFunctions.xml...
Loading package from C:/Xilinx/14.7/ISE_DS/PlanAhead/data\parts/xilinx/spartan6/spartan6lx/xc6slx16/csg324/Package.xml
Loading io standards from C:/Xilinx/14.7/ISE_DS/PlanAhead/data\./parts/xilinx/spartan6/IOStandards.xml
Loading device configuration modes from C:/Xilinx/14.7/ISE_DS/PlanAhead/data\parts/xilinx/spartan6/ConfigModes.xml
Loading list of drcs for the architecture : C:/Xilinx/14.7/ISE_DS/PlanAhead/data\./parts/xilinx/spartan6/drc.xml
Parsing UCF File [D:/ProySisDigAva/Levi/P03_Decoder_Binary_7seg/Decoder_Binary_7Seg.ucf]
Finished Parsing UCF File [D:/ProySisDigAva/Levi/P03_Decoder_Binary_7seg/Decoder_Binary_7Seg.ucf]
INFO: [Project 1-111] Unisim Transformation Summary:
No Unisim elements were transformed.

Phase 0 | Netlist Checksum: 384c72bd
link_design: Time (s): elapsed = 00:00:17 . Memory (MB): peak = 508.012 ; gain = 108.031
