--------------------------------------------------------------------------------
Release 14.7 Trace  (nt64)
Copyright (c) 1995-2013 Xilinx, Inc.  All rights reserved.

C:\Xilinx\14.7\ISE_DS\ISE\bin\nt64\unwrapped\trce.exe -intstyle ise -v 3 -s 3
-n 3 -fastpaths -xml Top.twx Top.ncd -o Top.twr Top.pcf -ucf Top.ucf

Design file:              Top.ncd
Physical constraint file: Top.pcf
Device,package,speed:     xc6slx16,csg324,C,-3 (PRODUCTION 1.23 2013-10-13)
Report level:             verbose report

Environment Variable      Effect 
--------------------      ------ 
NONE                      No environment variables were set
--------------------------------------------------------------------------------

INFO:Timing:2698 - No timing constraints found, doing default enumeration.
INFO:Timing:3412 - To improve timing, see the Timing Closure User Guide (UG612).
INFO:Timing:2752 - To get complete path coverage, use the unconstrained paths 
   option. All paths that are not constrained will be reported in the 
   unconstrained paths section(s) of the report.
INFO:Timing:3339 - The clock-to-out numbers in this timing report are based on 
   a 50 Ohm transmission line loading model.  For the details of this model, 
   and for more information on accounting for different loading conditions, 
   please see the device datasheet.



Data Sheet report:
-----------------
All values displayed in nanoseconds (ns)

Setup/Hold to clock in_Clk100MHz
------------+------------+------------+------------+------------+------------------+--------+
            |Max Setup to|  Process   |Max Hold to |  Process   |                  | Clock  |
Source      | clk (edge) |   Corner   | clk (edge) |   Corner   |Internal Clock(s) | Phase  |
------------+------------+------------+------------+------------+------------------+--------+
in_Rst      |    2.570(R)|      SLOW  |   -1.012(R)|      FAST  |in_Clk100MHz_BUFGP|   0.000|
switch_1    |    3.809(R)|      SLOW  |   -1.143(R)|      FAST  |in_Clk100MHz_BUFGP|   0.000|
switch_2    |    4.386(R)|      SLOW  |   -1.270(R)|      FAST  |in_Clk100MHz_BUFGP|   0.000|
------------+------------+------------+------------+------------+------------------+--------+

Clock in_Clk100MHz to Pad
------------+-----------------+------------+-----------------+------------+------------------+--------+
            |Max (slowest) clk|  Process   |Min (fastest) clk|  Process   |                  | Clock  |
Destination |  (edge) to PAD  |   Corner   |  (edge) to PAD  |   Corner   |Internal Clock(s) | Phase  |
------------+-----------------+------------+-----------------+------------+------------------+--------+
led         |         9.885(R)|      SLOW  |         5.464(R)|      FAST  |in_Clk100MHz_BUFGP|   0.000|
out_motor_1 |         9.212(R)|      SLOW  |         4.961(R)|      FAST  |in_Clk100MHz_BUFGP|   0.000|
------------+-----------------+------------+-----------------+------------+------------------+--------+

Clock to Setup on destination clock in_Clk100MHz
---------------+---------+---------+---------+---------+
               | Src:Rise| Src:Fall| Src:Rise| Src:Fall|
Source Clock   |Dest:Rise|Dest:Rise|Dest:Fall|Dest:Fall|
---------------+---------+---------+---------+---------+
in_Clk100MHz   |    3.640|         |         |         |
---------------+---------+---------+---------+---------+


Analysis completed Mon Nov 30 23:31:28 2015 
--------------------------------------------------------------------------------

Trace Settings:
-------------------------
Trace Settings 

Peak Memory Usage: 241 MB



