Release 14.7 - xst P.20131013 (nt64)
Copyright (c) 1995-2013 Xilinx, Inc.  All rights reserved.
--> Parameter TMPDIR set to xst/projnav.tmp


Total REAL time to Xst completion: 0.00 secs
Total CPU time to Xst completion: 0.09 secs
 
--> Parameter xsthdpdir set to xst


Total REAL time to Xst completion: 0.00 secs
Total CPU time to Xst completion: 0.09 secs
 
--> Reading design: Top.prj

TABLE OF CONTENTS
  1) Synthesis Options Summary
  2) HDL Parsing
  3) HDL Elaboration
  4) HDL Synthesis
       4.1) HDL Synthesis Report
  5) Advanced HDL Synthesis
       5.1) Advanced HDL Synthesis Report
  6) Low Level Synthesis
  7) Partition Report
  8) Design Summary
       8.1) Primitive and Black Box Usage
       8.2) Device utilization summary
       8.3) Partition Resource Summary
       8.4) Timing Report
            8.4.1) Clock Information
            8.4.2) Asynchronous Control Signals Information
            8.4.3) Timing Summary
            8.4.4) Timing Details
            8.4.5) Cross Clock Domains Report


=========================================================================
*                      Synthesis Options Summary                        *
=========================================================================
---- Source Parameters
Input File Name                    : "Top.prj"
Ignore Synthesis Constraint File   : NO

---- Target Parameters
Output File Name                   : "Top"
Output Format                      : NGC
Target Device                      : xc6slx16-3-csg324

---- Source Options
Top Module Name                    : Top
Automatic FSM Extraction           : YES
FSM Encoding Algorithm             : Auto
Safe Implementation                : No
FSM Style                          : LUT
RAM Extraction                     : Yes
RAM Style                          : Auto
ROM Extraction                     : Yes
Shift Register Extraction          : YES
ROM Style                          : Auto
Resource Sharing                   : YES
Asynchronous To Synchronous        : NO
Shift Register Minimum Size        : 2
Use DSP Block                      : Auto
Automatic Register Balancing       : No

---- Target Options
LUT Combining                      : Auto
Reduce Control Sets                : Auto
Add IO Buffers                     : YES
Global Maximum Fanout              : 100000
Add Generic Clock Buffer(BUFG)     : 16
Register Duplication               : YES
Optimize Instantiated Primitives   : NO
Use Clock Enable                   : Auto
Use Synchronous Set                : Auto
Use Synchronous Reset              : Auto
Pack IO Registers into IOBs        : Auto
Equivalent register Removal        : YES

---- General Options
Optimization Goal                  : Speed
Optimization Effort                : 1
Power Reduction                    : NO
Keep Hierarchy                     : No
Netlist Hierarchy                  : As_Optimized
RTL Output                         : Yes
Global Optimization                : AllClockNets
Read Cores                         : YES
Write Timing Constraints           : NO
Cross Clock Analysis               : NO
Hierarchy Separator                : /
Bus Delimiter                      : <>
Case Specifier                     : Maintain
Slice Utilization Ratio            : 100
BRAM Utilization Ratio             : 100
DSP48 Utilization Ratio            : 100
Auto BRAM Packing                  : NO
Slice Utilization Ratio Delta      : 5

=========================================================================


=========================================================================
*                          HDL Parsing                                  *
=========================================================================
Parsing VHDL file "D:\ProySisDigAva\Levi\PF_Partes\PF_Motor\Motor.vhd" into library work
Parsing entity <Motor>.
Parsing architecture <Behavioral> of entity <motor>.
Parsing VHDL file "D:\ProySisDigAva\Levi\PF_Partes\PF_Motor\Top.vhd" into library work
Parsing entity <Top>.
Parsing architecture <Behavioral> of entity <top>.

=========================================================================
*                            HDL Elaboration                            *
=========================================================================

Elaborating entity <Top> (architecture <Behavioral>) from library <work>.

Elaborating entity <Motor> (architecture <Behavioral>) from library <work>.
INFO:HDLCompiler:679 - "D:\ProySisDigAva\Levi\PF_Partes\PF_Motor\Motor.vhd" Line 113. Case statement is complete. others clause is never selected
INFO:HDLCompiler:679 - "D:\ProySisDigAva\Levi\PF_Partes\PF_Motor\Motor.vhd" Line 126. Case statement is complete. others clause is never selected

=========================================================================
*                           HDL Synthesis                               *
=========================================================================

Synthesizing Unit <Top>.
    Related source file is "D:\ProySisDigAva\Levi\PF_Partes\PF_Motor\Top.vhd".
    Summary:
	no macro.
Unit <Top> synthesized.

Synthesizing Unit <Motor>.
    Related source file is "D:\ProySisDigAva\Levi\PF_Partes\PF_Motor\Motor.vhd".
    Found 1-bit register for signal <pres_state>.
    Found 15-bit register for signal <SecondCount>.
    Found 7-bit register for signal <Cont>.
    Found 1-bit register for signal <TimeBase>.
    Found 16-bit subtractor for signal <GND_4_o_GND_4_o_sub_5_OUT> created at line 78.
    Found 7-bit adder for signal <Cont[6]_GND_4_o_add_1_OUT> created at line 66.
    Found 15-bit adder for signal <SecondCount[14]_GND_4_o_add_6_OUT> created at line 82.
    Found 16-bit comparator equal for signal <GND_4_o_GND_4_o_equal_6_o> created at line 78
    Summary:
	inferred   3 Adder/Subtractor(s).
	inferred  24 D-type flip-flop(s).
	inferred   1 Comparator(s).
	inferred   5 Multiplexer(s).
Unit <Motor> synthesized.

=========================================================================
HDL Synthesis Report

Macro Statistics
# Adders/Subtractors                                   : 3
 15-bit adder                                          : 1
 16-bit subtractor                                     : 1
 7-bit adder                                           : 1
# Registers                                            : 4
 1-bit register                                        : 2
 15-bit register                                       : 1
 7-bit register                                        : 1
# Comparators                                          : 1
 16-bit comparator equal                               : 1
# Multiplexers                                         : 5
 11-bit 2-to-1 multiplexer                             : 1
 15-bit 2-to-1 multiplexer                             : 3
 7-bit 2-to-1 multiplexer                              : 1

=========================================================================

=========================================================================
*                       Advanced HDL Synthesis                          *
=========================================================================


Synthesizing (advanced) Unit <Motor>.
The following registers are absorbed into counter <Cont>: 1 register on signal <Cont>.
The following registers are absorbed into counter <SecondCount>: 1 register on signal <SecondCount>.
Unit <Motor> synthesized (advanced).

=========================================================================
Advanced HDL Synthesis Report

Macro Statistics
# Adders/Subtractors                                   : 1
 16-bit subtractor                                     : 1
# Counters                                             : 2
 15-bit up counter                                     : 1
 7-bit up counter                                      : 1
# Registers                                            : 2
 Flip-Flops                                            : 2
# Comparators                                          : 1
 16-bit comparator equal                               : 1
# Multiplexers                                         : 3
 11-bit 2-to-1 multiplexer                             : 1
 15-bit 2-to-1 multiplexer                             : 2

=========================================================================

=========================================================================
*                         Low Level Synthesis                           *
=========================================================================

Optimizing unit <Top> ...

Optimizing unit <Motor> ...

Mapping all equations...
Building and optimizing final netlist ...
Found area constraint ratio of 100 (+ 5) on block Top, actual ratio is 0.

Final Macro Processing ...

=========================================================================
Final Register Report

Macro Statistics
# Registers                                            : 24
 Flip-Flops                                            : 24

=========================================================================

=========================================================================
*                           Partition Report                            *
=========================================================================

Partition Implementation Status
-------------------------------

  No Partitions were found in this design.

-------------------------------

=========================================================================
*                            Design Summary                             *
=========================================================================

Top Level Output File Name         : Top.ngc

Primitive and Black Box Usage:
------------------------------
# BELS                             : 71
#      GND                         : 1
#      INV                         : 2
#      LUT2                        : 17
#      LUT3                        : 4
#      LUT4                        : 2
#      LUT5                        : 3
#      LUT6                        : 6
#      MUXCY                       : 20
#      VCC                         : 1
#      XORCY                       : 15
# FlipFlops/Latches                : 24
#      FDC                         : 8
#      FDCE                        : 15
#      FDE                         : 1
# Clock Buffers                    : 1
#      BUFGP                       : 1
# IO Buffers                       : 5
#      IBUF                        : 3
#      OBUF                        : 2

Device utilization summary:
---------------------------

Selected Device : 6slx16csg324-3 


Slice Logic Utilization: 
 Number of Slice Registers:              24  out of  18224     0%  
 Number of Slice LUTs:                   34  out of   9112     0%  
    Number used as Logic:                34  out of   9112     0%  

Slice Logic Distribution: 
 Number of LUT Flip Flop pairs used:     34
   Number with an unused Flip Flop:      10  out of     34    29%  
   Number with an unused LUT:             0  out of     34     0%  
   Number of fully used LUT-FF pairs:    24  out of     34    70%  
   Number of unique control sets:         3

IO Utilization: 
 Number of IOs:                           6
 Number of bonded IOBs:                   6  out of    232     2%  

Specific Feature Utilization:
 Number of BUFG/BUFGCTRLs:                1  out of     16     6%  

---------------------------
Partition Resource Summary:
---------------------------

  No Partitions were found in this design.

---------------------------


=========================================================================
Timing Report

NOTE: THESE TIMING NUMBERS ARE ONLY A SYNTHESIS ESTIMATE.
      FOR ACCURATE TIMING INFORMATION PLEASE REFER TO THE TRACE REPORT
      GENERATED AFTER PLACE-and-ROUTE.

Clock Information:
------------------
-----------------------------------+------------------------+-------+
Clock Signal                       | Clock buffer(FF name)  | Load  |
-----------------------------------+------------------------+-------+
in_Clk100MHz                       | BUFGP                  | 24    |
-----------------------------------+------------------------+-------+

Asynchronous Control Signals Information:
----------------------------------------
No asynchronous control signals found in this design

Timing Summary:
---------------
Speed Grade: -3

   Minimum period: 4.392ns (Maximum Frequency: 227.671MHz)
   Minimum input arrival time before clock: 5.273ns
   Maximum output required time after clock: 4.613ns
   Maximum combinational path delay: No path found

Timing Details:
---------------
All values displayed in nanoseconds (ns)

=========================================================================
Timing constraint: Default period analysis for Clock 'in_Clk100MHz'
  Clock period: 4.392ns (frequency: 227.671MHz)
  Total number of paths / destination ports: 2916 / 39
-------------------------------------------------------------------------
Delay:               4.392ns (Levels of Logic = 23)
  Source:            U4/pres_state (FF)
  Destination:       U4/SecondCount_14 (FF)
  Source Clock:      in_Clk100MHz rising
  Destination Clock: in_Clk100MHz rising

  Data Path: U4/pres_state to U4/SecondCount_14
                                Gate     Net
    Cell:in->out      fanout   Delay   Delay  Logical Name (Net Name)
    ----------------------------------------  ------------
     FDC:C->Q              7   0.447   0.774  U4/pres_state (U4/pres_state)
     LUT3:I2->O            1   0.205   0.580  U4/Msub_GND_4_o_GND_4_o_sub_5_OUT_xor<3>11 (U4/GND_4_o_GND_4_o_sub_5_OUT<3>)
     LUT6:I5->O            1   0.205   0.000  U4/Mcompar_GND_4_o_GND_4_o_equal_6_o_lut<0> (U4/Mcompar_GND_4_o_GND_4_o_equal_6_o_lut<0>)
     MUXCY:S->O            1   0.172   0.000  U4/Mcompar_GND_4_o_GND_4_o_equal_6_o_cy<0> (U4/Mcompar_GND_4_o_GND_4_o_equal_6_o_cy<0>)
     MUXCY:CI->O           1   0.019   0.000  U4/Mcompar_GND_4_o_GND_4_o_equal_6_o_cy<1> (U4/Mcompar_GND_4_o_GND_4_o_equal_6_o_cy<1>)
     MUXCY:CI->O           1   0.019   0.000  U4/Mcompar_GND_4_o_GND_4_o_equal_6_o_cy<2> (U4/Mcompar_GND_4_o_GND_4_o_equal_6_o_cy<2>)
     MUXCY:CI->O           1   0.019   0.000  U4/Mcompar_GND_4_o_GND_4_o_equal_6_o_cy<3> (U4/Mcompar_GND_4_o_GND_4_o_equal_6_o_cy<3>)
     MUXCY:CI->O          17   0.019   1.028  U4/Mcompar_GND_4_o_GND_4_o_equal_6_o_cy<4> (U4/GND_4_o_GND_4_o_equal_6_o)
     LUT2:I1->O            1   0.205   0.000  U4/Mcount_SecondCount_lut<0> (U4/Mcount_SecondCount_lut<0>)
     MUXCY:S->O            1   0.172   0.000  U4/Mcount_SecondCount_cy<0> (U4/Mcount_SecondCount_cy<0>)
     MUXCY:CI->O           1   0.019   0.000  U4/Mcount_SecondCount_cy<1> (U4/Mcount_SecondCount_cy<1>)
     MUXCY:CI->O           1   0.019   0.000  U4/Mcount_SecondCount_cy<2> (U4/Mcount_SecondCount_cy<2>)
     MUXCY:CI->O           1   0.019   0.000  U4/Mcount_SecondCount_cy<3> (U4/Mcount_SecondCount_cy<3>)
     MUXCY:CI->O           1   0.019   0.000  U4/Mcount_SecondCount_cy<4> (U4/Mcount_SecondCount_cy<4>)
     MUXCY:CI->O           1   0.019   0.000  U4/Mcount_SecondCount_cy<5> (U4/Mcount_SecondCount_cy<5>)
     MUXCY:CI->O           1   0.019   0.000  U4/Mcount_SecondCount_cy<6> (U4/Mcount_SecondCount_cy<6>)
     MUXCY:CI->O           1   0.019   0.000  U4/Mcount_SecondCount_cy<7> (U4/Mcount_SecondCount_cy<7>)
     MUXCY:CI->O           1   0.019   0.000  U4/Mcount_SecondCount_cy<8> (U4/Mcount_SecondCount_cy<8>)
     MUXCY:CI->O           1   0.019   0.000  U4/Mcount_SecondCount_cy<9> (U4/Mcount_SecondCount_cy<9>)
     MUXCY:CI->O           1   0.019   0.000  U4/Mcount_SecondCount_cy<10> (U4/Mcount_SecondCount_cy<10>)
     MUXCY:CI->O           1   0.019   0.000  U4/Mcount_SecondCount_cy<11> (U4/Mcount_SecondCount_cy<11>)
     MUXCY:CI->O           1   0.019   0.000  U4/Mcount_SecondCount_cy<12> (U4/Mcount_SecondCount_cy<12>)
     MUXCY:CI->O           0   0.019   0.000  U4/Mcount_SecondCount_cy<13> (U4/Mcount_SecondCount_cy<13>)
     XORCY:CI->O           1   0.180   0.000  U4/Mcount_SecondCount_xor<14> (U4/Mcount_SecondCount14)
     FDCE:D                    0.102          U4/SecondCount_14
    ----------------------------------------
    Total                      4.392ns (2.011ns logic, 2.381ns route)
                                       (45.8% logic, 54.2% route)

=========================================================================
Timing constraint: Default OFFSET IN BEFORE for Clock 'in_Clk100MHz'
  Total number of paths / destination ports: 1112 / 40
-------------------------------------------------------------------------
Offset:              5.273ns (Levels of Logic = 24)
  Source:            switch_2 (PAD)
  Destination:       U4/SecondCount_14 (FF)
  Destination Clock: in_Clk100MHz rising

  Data Path: switch_2 to U4/SecondCount_14
                                Gate     Net
    Cell:in->out      fanout   Delay   Delay  Logical Name (Net Name)
    ----------------------------------------  ------------
     IBUF:I->O             3   1.222   0.879  switch_2_IBUF (switch_2_IBUF)
     LUT3:I0->O            1   0.205   0.580  U4/Msub_GND_4_o_GND_4_o_sub_5_OUT_xor<3>11 (U4/GND_4_o_GND_4_o_sub_5_OUT<3>)
     LUT6:I5->O            1   0.205   0.000  U4/Mcompar_GND_4_o_GND_4_o_equal_6_o_lut<0> (U4/Mcompar_GND_4_o_GND_4_o_equal_6_o_lut<0>)
     MUXCY:S->O            1   0.172   0.000  U4/Mcompar_GND_4_o_GND_4_o_equal_6_o_cy<0> (U4/Mcompar_GND_4_o_GND_4_o_equal_6_o_cy<0>)
     MUXCY:CI->O           1   0.019   0.000  U4/Mcompar_GND_4_o_GND_4_o_equal_6_o_cy<1> (U4/Mcompar_GND_4_o_GND_4_o_equal_6_o_cy<1>)
     MUXCY:CI->O           1   0.019   0.000  U4/Mcompar_GND_4_o_GND_4_o_equal_6_o_cy<2> (U4/Mcompar_GND_4_o_GND_4_o_equal_6_o_cy<2>)
     MUXCY:CI->O           1   0.019   0.000  U4/Mcompar_GND_4_o_GND_4_o_equal_6_o_cy<3> (U4/Mcompar_GND_4_o_GND_4_o_equal_6_o_cy<3>)
     MUXCY:CI->O          17   0.019   1.028  U4/Mcompar_GND_4_o_GND_4_o_equal_6_o_cy<4> (U4/GND_4_o_GND_4_o_equal_6_o)
     LUT2:I1->O            1   0.205   0.000  U4/Mcount_SecondCount_lut<0> (U4/Mcount_SecondCount_lut<0>)
     MUXCY:S->O            1   0.172   0.000  U4/Mcount_SecondCount_cy<0> (U4/Mcount_SecondCount_cy<0>)
     MUXCY:CI->O           1   0.019   0.000  U4/Mcount_SecondCount_cy<1> (U4/Mcount_SecondCount_cy<1>)
     MUXCY:CI->O           1   0.019   0.000  U4/Mcount_SecondCount_cy<2> (U4/Mcount_SecondCount_cy<2>)
     MUXCY:CI->O           1   0.019   0.000  U4/Mcount_SecondCount_cy<3> (U4/Mcount_SecondCount_cy<3>)
     MUXCY:CI->O           1   0.019   0.000  U4/Mcount_SecondCount_cy<4> (U4/Mcount_SecondCount_cy<4>)
     MUXCY:CI->O           1   0.019   0.000  U4/Mcount_SecondCount_cy<5> (U4/Mcount_SecondCount_cy<5>)
     MUXCY:CI->O           1   0.019   0.000  U4/Mcount_SecondCount_cy<6> (U4/Mcount_SecondCount_cy<6>)
     MUXCY:CI->O           1   0.019   0.000  U4/Mcount_SecondCount_cy<7> (U4/Mcount_SecondCount_cy<7>)
     MUXCY:CI->O           1   0.019   0.000  U4/Mcount_SecondCount_cy<8> (U4/Mcount_SecondCount_cy<8>)
     MUXCY:CI->O           1   0.019   0.000  U4/Mcount_SecondCount_cy<9> (U4/Mcount_SecondCount_cy<9>)
     MUXCY:CI->O           1   0.019   0.000  U4/Mcount_SecondCount_cy<10> (U4/Mcount_SecondCount_cy<10>)
     MUXCY:CI->O           1   0.019   0.000  U4/Mcount_SecondCount_cy<11> (U4/Mcount_SecondCount_cy<11>)
     MUXCY:CI->O           1   0.019   0.000  U4/Mcount_SecondCount_cy<12> (U4/Mcount_SecondCount_cy<12>)
     MUXCY:CI->O           0   0.019   0.000  U4/Mcount_SecondCount_cy<13> (U4/Mcount_SecondCount_cy<13>)
     XORCY:CI->O           1   0.180   0.000  U4/Mcount_SecondCount_xor<14> (U4/Mcount_SecondCount14)
     FDCE:D                    0.102          U4/SecondCount_14
    ----------------------------------------
    Total                      5.273ns (2.786ns logic, 2.487ns route)
                                       (52.8% logic, 47.2% route)

=========================================================================
Timing constraint: Default OFFSET OUT AFTER for Clock 'in_Clk100MHz'
  Total number of paths / destination ports: 2 / 2
-------------------------------------------------------------------------
Offset:              4.613ns (Levels of Logic = 2)
  Source:            U4/pres_state (FF)
  Destination:       out_motor_1 (PAD)
  Source Clock:      in_Clk100MHz rising

  Data Path: U4/pres_state to out_motor_1
                                Gate     Net
    Cell:in->out      fanout   Delay   Delay  Logical Name (Net Name)
    ----------------------------------------  ------------
     FDC:C->Q              7   0.447   0.773  U4/pres_state (U4/pres_state)
     INV:I->O              2   0.206   0.616  U4/out_motor1_INV_0 (led_OBUF)
     OBUF:I->O                 2.571          out_motor_1_OBUF (out_motor_1)
    ----------------------------------------
    Total                      4.613ns (3.224ns logic, 1.389ns route)
                                       (69.9% logic, 30.1% route)

=========================================================================

Cross Clock Domains Report:
--------------------------

Clock to Setup on destination clock in_Clk100MHz
---------------+---------+---------+---------+---------+
               | Src:Rise| Src:Fall| Src:Rise| Src:Fall|
Source Clock   |Dest:Rise|Dest:Rise|Dest:Fall|Dest:Fall|
---------------+---------+---------+---------+---------+
in_Clk100MHz   |    4.392|         |         |         |
---------------+---------+---------+---------+---------+

=========================================================================


Total REAL time to Xst completion: 5.00 secs
Total CPU time to Xst completion: 5.33 secs
 
--> 

Total memory usage is 236372 kilobytes

Number of errors   :    0 (   0 filtered)
Number of warnings :    0 (   0 filtered)
Number of infos    :    0 (   0 filtered)

