Command line:
   BinaryGray_Converter_tb_isim_beh.exe
     -simmode  gui
     -simrunnum  0
     -socket  54334

Tue Sep 08 09:50:24 2015


 Elaboration Time: 0.171875 sec

 Current Memory Usage: 858.665 Meg

 Total Signals          : 4
 Total Nets             : 8
 Total Signal Drivers   : 5
 Total Blocks           : 6
 Total Primitive Blocks : 4
 Total Processes        : 5
 Total Traceable Variables  : 12
 Total Scalar Nets and Variables : 372
Total Line Count : 20
Total Line Count : 20

 Total Simulation Time: 0.171875 sec

 Current Memory Usage: 858.665 Meg

Tue Sep 08 09:50:49 2015

