Release 14.7 - xst P.20131013 (nt64)
Copyright (c) 1995-2013 Xilinx, Inc.  All rights reserved.
--> Parameter TMPDIR set to xst/projnav.tmp


Total REAL time to Xst completion: 0.00 secs
Total CPU time to Xst completion: 0.07 secs
 
--> Parameter xsthdpdir set to xst


Total REAL time to Xst completion: 0.00 secs
Total CPU time to Xst completion: 0.07 secs
 
--> Reading design: Top.prj

TABLE OF CONTENTS
  1) Synthesis Options Summary
  2) HDL Parsing
  3) HDL Elaboration
  4) HDL Synthesis
       4.1) HDL Synthesis Report
  5) Advanced HDL Synthesis
       5.1) Advanced HDL Synthesis Report
  6) Low Level Synthesis
  7) Partition Report
  8) Design Summary
       8.1) Primitive and Black Box Usage
       8.2) Device utilization summary
       8.3) Partition Resource Summary
       8.4) Timing Report
            8.4.1) Clock Information
            8.4.2) Asynchronous Control Signals Information
            8.4.3) Timing Summary
            8.4.4) Timing Details
            8.4.5) Cross Clock Domains Report


=========================================================================
*                      Synthesis Options Summary                        *
=========================================================================
---- Source Parameters
Input File Name                    : "Top.prj"
Ignore Synthesis Constraint File   : NO

---- Target Parameters
Output File Name                   : "Top"
Output Format                      : NGC
Target Device                      : xc6slx16-3-csg324

---- Source Options
Top Module Name                    : Top
Automatic FSM Extraction           : YES
FSM Encoding Algorithm             : Auto
Safe Implementation                : No
FSM Style                          : LUT
RAM Extraction                     : Yes
RAM Style                          : Auto
ROM Extraction                     : Yes
Shift Register Extraction          : YES
ROM Style                          : Auto
Resource Sharing                   : YES
Asynchronous To Synchronous        : NO
Shift Register Minimum Size        : 2
Use DSP Block                      : Auto
Automatic Register Balancing       : No

---- Target Options
LUT Combining                      : Auto
Reduce Control Sets                : Auto
Add IO Buffers                     : YES
Global Maximum Fanout              : 100000
Add Generic Clock Buffer(BUFG)     : 16
Register Duplication               : YES
Optimize Instantiated Primitives   : NO
Use Clock Enable                   : Auto
Use Synchronous Set                : Auto
Use Synchronous Reset              : Auto
Pack IO Registers into IOBs        : Auto
Equivalent register Removal        : YES

---- General Options
Optimization Goal                  : Speed
Optimization Effort                : 1
Power Reduction                    : NO
Keep Hierarchy                     : No
Netlist Hierarchy                  : As_Optimized
RTL Output                         : Yes
Global Optimization                : AllClockNets
Read Cores                         : YES
Write Timing Constraints           : NO
Cross Clock Analysis               : NO
Hierarchy Separator                : /
Bus Delimiter                      : <>
Case Specifier                     : Maintain
Slice Utilization Ratio            : 100
BRAM Utilization Ratio             : 100
DSP48 Utilization Ratio            : 100
Auto BRAM Packing                  : NO
Slice Utilization Ratio Delta      : 5

=========================================================================


=========================================================================
*                          HDL Parsing                                  *
=========================================================================
Parsing VHDL file "D:\ProySisDigAva\P17b_Hierarchical_Clock\RefreshDisplay.vhd" into library work
Parsing entity <RefreshDisplay>.
Parsing architecture <Behavioral> of entity <refreshdisplay>.
Parsing VHDL file "D:\ProySisDigAva\P17b_Hierarchical_Clock\Mux4to1.vhd" into library work
Parsing entity <Mux4to1>.
Parsing architecture <Behavioral> of entity <mux4to1>.
Parsing VHDL file "D:\ProySisDigAva\P17b_Hierarchical_Clock\DecBCD7Seg.vhd" into library work
Parsing entity <DecBCD7Seg>.
Parsing architecture <Behavioral> of entity <decbcd7seg>.
Parsing VHDL file "D:\ProySisDigAva\P17b_Hierarchical_Clock\Cont0a9.vhd" into library work
Parsing entity <Cont0a9>.
Parsing architecture <Behavioral> of entity <cont0a9>.
Parsing VHDL file "D:\ProySisDigAva\P17b_Hierarchical_Clock\Cont0a5.vhd" into library work
Parsing entity <Cont0a5>.
Parsing architecture <Behavioral> of entity <cont0a5>.
Parsing VHDL file "D:\ProySisDigAva\P17b_Hierarchical_Clock\Clk1Hz.vhd" into library work
Parsing entity <Clk1Hz>.
Parsing architecture <Behavioral> of entity <clk1hz>.
Parsing VHDL file "D:\ProySisDigAva\P17b_Hierarchical_Clock\Top.vhd" into library work
Parsing entity <Top>.
Parsing architecture <Behavioral> of entity <top>.

=========================================================================
*                            HDL Elaboration                            *
=========================================================================

Elaborating entity <Top> (architecture <Behavioral>) from library <work>.

Elaborating entity <Clk1Hz> (architecture <Behavioral>) from library <work>.

Elaborating entity <Cont0a9> (architecture <Behavioral>) from library <work>.

Elaborating entity <Cont0a5> (architecture <Behavioral>) from library <work>.
WARNING:HDLCompiler:89 - "D:\ProySisDigAva\P17b_Hierarchical_Clock\Top.vhd" Line 76: <cont0a23> remains a black-box since it has no binding entity.

Elaborating entity <RefreshDisplay> (architecture <Behavioral>) from library <work>.
WARNING:HDLCompiler:89 - "D:\ProySisDigAva\P17b_Hierarchical_Clock\Top.vhd" Line 98: <cont0a3> remains a black-box since it has no binding entity.

Elaborating entity <Mux4to1> (architecture <Behavioral>) from library <work>.
WARNING:HDLCompiler:89 - "D:\ProySisDigAva\P17b_Hierarchical_Clock\Top.vhd" Line 120: <selanodo> remains a black-box since it has no binding entity.

Elaborating entity <DecBCD7Seg> (architecture <Behavioral>) from library <work>.

=========================================================================
*                           HDL Synthesis                               *
=========================================================================

Synthesizing Unit <Top>.
    Related source file is "D:\ProySisDigAva\P17b_Hierarchical_Clock\Top.vhd".
    Summary:
	no macro.
Unit <Top> synthesized.

Synthesizing Unit <Clk1Hz>.
    Related source file is "D:\ProySisDigAva\P17b_Hierarchical_Clock\Clk1Hz.vhd".
    Found 27-bit register for signal <Cont>.
    Found 1-bit register for signal <ClkOut>.
    Found 27-bit adder for signal <Cont[26]_GND_6_o_add_1_OUT> created at line 50.
    Summary:
	inferred   1 Adder/Subtractor(s).
	inferred  28 D-type flip-flop(s).
	inferred   1 Multiplexer(s).
Unit <Clk1Hz> synthesized.

Synthesizing Unit <Cont0a9>.
    Related source file is "D:\ProySisDigAva\P17b_Hierarchical_Clock\Cont0a9.vhd".
    Found 4-bit register for signal <Cont>.
    Found 4-bit adder for signal <Cont[3]_GND_7_o_add_1_OUT> created at line 50.
    Summary:
	inferred   1 Adder/Subtractor(s).
	inferred   4 D-type flip-flop(s).
	inferred   2 Multiplexer(s).
Unit <Cont0a9> synthesized.

Synthesizing Unit <Cont0a5>.
    Related source file is "D:\ProySisDigAva\P17b_Hierarchical_Clock\Cont0a5.vhd".
    Found 4-bit register for signal <Cont>.
    Found 4-bit adder for signal <Cont[3]_GND_12_o_add_1_OUT> created at line 50.
    Summary:
	inferred   1 Adder/Subtractor(s).
	inferred   4 D-type flip-flop(s).
	inferred   2 Multiplexer(s).
Unit <Cont0a5> synthesized.

Synthesizing Unit <RefreshDisplay>.
    Related source file is "D:\ProySisDigAva\P17b_Hierarchical_Clock\RefreshDisplay.vhd".
    Found 17-bit register for signal <Cont>.
    Found 1-bit register for signal <ClkOut>.
    Found 17-bit adder for signal <Cont[16]_GND_17_o_add_1_OUT> created at line 50.
    Summary:
	inferred   1 Adder/Subtractor(s).
	inferred  18 D-type flip-flop(s).
	inferred   1 Multiplexer(s).
Unit <RefreshDisplay> synthesized.

Synthesizing Unit <Mux4to1>.
    Related source file is "D:\ProySisDigAva\P17b_Hierarchical_Clock\Mux4to1.vhd".
    Found 4-bit 4-to-1 multiplexer for signal <Tiempo> created at line 38.
    Summary:
	inferred   1 Multiplexer(s).
Unit <Mux4to1> synthesized.

Synthesizing Unit <DecBCD7Seg>.
    Related source file is "D:\ProySisDigAva\P17b_Hierarchical_Clock\DecBCD7Seg.vhd".
    Found 16x8-bit Read Only RAM for signal <Seg>
    Summary:
	inferred   1 RAM(s).
Unit <DecBCD7Seg> synthesized.

=========================================================================
HDL Synthesis Report

Macro Statistics
# RAMs                                                 : 1
 16x8-bit single-port Read Only RAM                    : 1
# Adders/Subtractors                                   : 6
 17-bit adder                                          : 1
 27-bit adder                                          : 1
 4-bit adder                                           : 4
# Registers                                            : 8
 1-bit register                                        : 2
 17-bit register                                       : 1
 27-bit register                                       : 1
 4-bit register                                        : 4
# Multiplexers                                         : 11
 17-bit 2-to-1 multiplexer                             : 1
 27-bit 2-to-1 multiplexer                             : 1
 4-bit 2-to-1 multiplexer                              : 8
 4-bit 4-to-1 multiplexer                              : 1

=========================================================================

=========================================================================
*                       Advanced HDL Synthesis                          *
=========================================================================


Synthesizing (advanced) Unit <Clk1Hz>.
The following registers are absorbed into counter <Cont>: 1 register on signal <Cont>.
Unit <Clk1Hz> synthesized (advanced).

Synthesizing (advanced) Unit <DecBCD7Seg>.
INFO:Xst:3218 - HDL ADVISOR - The RAM <Mram_Seg> will be implemented on LUTs either because you have described an asynchronous read or because of currently unsupported block RAM features. If you have described an asynchronous read, making it synchronous would allow you to take advantage of available block RAM resources, for optimized device usage and improved timings. Please refer to your documentation for coding guidelines.
    -----------------------------------------------------------------------
    | ram_type           | Distributed                         |          |
    -----------------------------------------------------------------------
    | Port A                                                              |
    |     aspect ratio   | 16-word x 8-bit                     |          |
    |     weA            | connected to signal <GND>           | high     |
    |     addrA          | connected to signal <BCD>           |          |
    |     diA            | connected to signal <GND>           |          |
    |     doA            | connected to signal <Seg>           |          |
    -----------------------------------------------------------------------
Unit <DecBCD7Seg> synthesized (advanced).

Synthesizing (advanced) Unit <RefreshDisplay>.
The following registers are absorbed into counter <Cont>: 1 register on signal <Cont>.
Unit <RefreshDisplay> synthesized (advanced).

=========================================================================
Advanced HDL Synthesis Report

Macro Statistics
# RAMs                                                 : 1
 16x8-bit single-port distributed Read Only RAM        : 1
# Adders/Subtractors                                   : 4
 4-bit adder                                           : 4
# Counters                                             : 2
 17-bit up counter                                     : 1
 27-bit up counter                                     : 1
# Registers                                            : 18
 Flip-Flops                                            : 18
# Multiplexers                                         : 9
 4-bit 2-to-1 multiplexer                              : 8
 4-bit 4-to-1 multiplexer                              : 1

=========================================================================

=========================================================================
*                         Low Level Synthesis                           *
=========================================================================

Optimizing unit <Top> ...

Optimizing unit <Cont0a5> ...

Optimizing unit <Cont0a9> ...
WARNING:Xst:1293 - FF/Latch <U3/Cont_3> has a constant value of 0 in block <Top>. This FF/Latch will be trimmed during the optimization process.

Mapping all equations...
WARNING:Xst:2036 - Inserting OBUF on port <Disp<3>> driven by black box <SelAnodo>. Possible simulation mismatch.
WARNING:Xst:2036 - Inserting OBUF on port <Disp<2>> driven by black box <SelAnodo>. Possible simulation mismatch.
WARNING:Xst:2036 - Inserting OBUF on port <Disp<1>> driven by black box <SelAnodo>. Possible simulation mismatch.
WARNING:Xst:2036 - Inserting OBUF on port <Disp<0>> driven by black box <SelAnodo>. Possible simulation mismatch.
Building and optimizing final netlist ...
Found area constraint ratio of 100 (+ 5) on block Top, actual ratio is 1.

Final Macro Processing ...

=========================================================================
Final Register Report

Macro Statistics
# Registers                                            : 61
 Flip-Flops                                            : 61

=========================================================================

=========================================================================
*                           Partition Report                            *
=========================================================================

Partition Implementation Status
-------------------------------

  No Partitions were found in this design.

-------------------------------

=========================================================================
*                            Design Summary                             *
=========================================================================

Top Level Output File Name         : Top.ngc

Primitive and Black Box Usage:
------------------------------
# BELS                             : 231
#      GND                         : 1
#      INV                         : 3
#      LUT1                        : 42
#      LUT2                        : 2
#      LUT3                        : 10
#      LUT4                        : 12
#      LUT5                        : 7
#      LUT6                        : 67
#      MUXCY                       : 42
#      VCC                         : 1
#      XORCY                       : 44
# FlipFlops/Latches                : 61
#      FDC                         : 52
#      FDCE                        : 7
#      FDE                         : 2
# Clock Buffers                    : 1
#      BUFG                        : 1
# IO Buffers                       : 32
#      IBUF                        : 12
#      OBUF                        : 20
# Others                           : 3
#      Cont0a23                    : 1
#      Cont0a3                     : 1
#      SelAnodo                    : 1

Device utilization summary:
---------------------------

Selected Device : 6slx16csg324-3 


Slice Logic Utilization: 
 Number of Slice Registers:              61  out of  18224     0%  
 Number of Slice LUTs:                  143  out of   9112     1%  
    Number used as Logic:               143  out of   9112     1%  

Slice Logic Distribution: 
 Number of LUT Flip Flop pairs used:    143
   Number with an unused Flip Flop:      82  out of    143    57%  
   Number with an unused LUT:             0  out of    143     0%  
   Number of fully used LUT-FF pairs:    61  out of    143    42%  
   Number of unique control sets:         4

IO Utilization: 
 Number of IOs:                          32
 Number of bonded IOBs:                  32  out of    232    13%  

Specific Feature Utilization:
 Number of BUFG/BUFGCTRLs:                1  out of     16     6%  

---------------------------
Partition Resource Summary:
---------------------------

  No Partitions were found in this design.

---------------------------


=========================================================================
Timing Report

NOTE: THESE TIMING NUMBERS ARE ONLY A SYNTHESIS ESTIMATE.
      FOR ACCURATE TIMING INFORMATION PLEASE REFER TO THE TRACE REPORT
      GENERATED AFTER PLACE-and-ROUTE.

Clock Information:
------------------
-----------------------------------+------------------------+-------+
Clock Signal                       | Clock buffer(FF name)  | Load  |
-----------------------------------+------------------------+-------+
Clk100MHz                          | IBUF+BUFG              | 61    |
-----------------------------------+------------------------+-------+

Asynchronous Control Signals Information:
----------------------------------------
No asynchronous control signals found in this design

Timing Summary:
---------------
Speed Grade: -3

   Minimum period: 3.527ns (Maximum Frequency: 283.543MHz)
   Minimum input arrival time before clock: 4.618ns
   Maximum output required time after clock: 6.015ns
   Maximum combinational path delay: 5.624ns

Timing Details:
---------------
All values displayed in nanoseconds (ns)

=========================================================================
Timing constraint: Default period analysis for Clock 'Clk100MHz'
  Clock period: 3.527ns (frequency: 283.543MHz)
  Total number of paths / destination ports: 1741 / 68
-------------------------------------------------------------------------
Delay:               3.527ns (Levels of Logic = 3)
  Source:            U4/Cont_3 (FF)
  Destination:       U5/Cont_0 (FF)
  Source Clock:      Clk100MHz rising
  Destination Clock: Clk100MHz rising

  Data Path: U4/Cont_3 to U5/Cont_0
                                Gate     Net
    Cell:in->out      fanout   Delay   Delay  Logical Name (Net Name)
    ----------------------------------------  ------------
     FDC:C->Q              5   0.447   0.962  U4/Cont_3 (U4/Cont_3)
     LUT4:I0->O            2   0.203   0.721  U4/TCO<3>1 (TCOUniMin_int)
     LUT6:I4->O            4   0.203   0.684  U5/_n0020_inv1 (U5/_n0020_inv)
     LUT3:I2->O            1   0.205   0.000  U5/Cont_3_rstpot (U5/Cont_3_rstpot)
     FDC:D                     0.102          U5/Cont_3
    ----------------------------------------
    Total                      3.527ns (1.160ns logic, 2.367ns route)
                                       (32.9% logic, 67.1% route)

=========================================================================
Timing constraint: Default OFFSET IN BEFORE for Clock 'Clk100MHz'
  Total number of paths / destination ports: 113 / 83
-------------------------------------------------------------------------
Offset:              4.618ns (Levels of Logic = 3)
  Source:            MinEn (PAD)
  Destination:       U3/Cont_2 (FF)
  Destination Clock: Clk100MHz rising

  Data Path: MinEn to U3/Cont_2
                                Gate     Net
    Cell:in->out      fanout   Delay   Delay  Logical Name (Net Name)
    ----------------------------------------  ------------
     IBUF:I->O            19   1.222   1.072  MinEn_IBUF (MinEn_IBUF)
     LUT2:I1->O            1   0.205   0.944  EnSeg_int1 (EnSeg_int)
     LUT6:I0->O            3   0.203   0.650  U3/_n0020_inv1 (U3/_n0020_inv)
     FDCE:CE                   0.322          U3/Cont_0
    ----------------------------------------
    Total                      4.618ns (1.952ns logic, 2.666ns route)
                                       (42.3% logic, 57.7% route)

=========================================================================
Timing constraint: Default OFFSET OUT AFTER for Clock 'Clk100MHz'
  Total number of paths / destination ports: 80 / 16
-------------------------------------------------------------------------
Offset:              6.015ns (Levels of Logic = 3)
  Source:            U4/Cont_1 (FF)
  Destination:       Seg<6> (PAD)
  Source Clock:      Clk100MHz rising

  Data Path: U4/Cont_1 to Seg<6>
                                Gate     Net
    Cell:in->out      fanout   Delay   Delay  Logical Name (Net Name)
    ----------------------------------------  ------------
     FDC:C->Q              6   0.447   0.992  U4/Cont_1 (U4/Cont_1)
     LUT6:I2->O            7   0.203   1.021  U9/Mmux_Tiempo21 (Tiempo_int<1>)
     LUT4:I0->O            1   0.203   0.579  U11/Mram_Seg61 (Seg_6_OBUF)
     OBUF:I->O                 2.571          Seg_6_OBUF (Seg<6>)
    ----------------------------------------
    Total                      6.015ns (3.424ns logic, 2.591ns route)
                                       (56.9% logic, 43.1% route)

=========================================================================
Timing constraint: Default path analysis
  Total number of paths / destination ports: 131 / 26
-------------------------------------------------------------------------
Delay:               5.624ns (Levels of Logic = 3)
  Source:            U8:Cuenta<0> (PAD)
  Destination:       Seg<6> (PAD)

  Data Path: U8:Cuenta<0> to Seg<6>
                                Gate     Net
    Cell:in->out      fanout   Delay   Delay  Logical Name (Net Name)
    ----------------------------------------  ------------
    Cont0a3:Cuenta<0>      4   0.000   1.048  U8 (Sel_int<0>)
     LUT6:I0->O            7   0.203   1.021  U9/Mmux_Tiempo11 (Tiempo_int<0>)
     LUT4:I0->O            1   0.203   0.579  U11/Mram_Seg41 (Seg_4_OBUF)
     OBUF:I->O                 2.571          Seg_4_OBUF (Seg<4>)
    ----------------------------------------
    Total                      5.624ns (2.977ns logic, 2.647ns route)
                                       (52.9% logic, 47.1% route)

=========================================================================

Cross Clock Domains Report:
--------------------------

Clock to Setup on destination clock Clk100MHz
---------------+---------+---------+---------+---------+
               | Src:Rise| Src:Fall| Src:Rise| Src:Fall|
Source Clock   |Dest:Rise|Dest:Rise|Dest:Fall|Dest:Fall|
---------------+---------+---------+---------+---------+
Clk100MHz      |    3.527|         |         |         |
---------------+---------+---------+---------+---------+

=========================================================================


Total REAL time to Xst completion: 6.00 secs
Total CPU time to Xst completion: 5.45 secs
 
--> 

Total memory usage is 232488 kilobytes

Number of errors   :    0 (   0 filtered)
Number of warnings :    8 (   0 filtered)
Number of infos    :    1 (   0 filtered)

