--------------------------------------------------------------------------------
Release 14.7 Trace  (nt64)
Copyright (c) 1995-2013 Xilinx, Inc.  All rights reserved.

C:\Xilinx\14.7\ISE_DS\ISE\bin\nt64\unwrapped\trce.exe -intstyle ise -v 3 -s 3
-n 3 -fastpaths -xml ServoControl.twx ServoControl.ncd -o ServoControl.twr
ServoControl.pcf -ucf ServoControl.ucf

Design file:              ServoControl.ncd
Physical constraint file: ServoControl.pcf
Device,package,speed:     xc6slx16,csg324,C,-3 (PRODUCTION 1.23 2013-10-13)
Report level:             verbose report

Environment Variable      Effect 
--------------------      ------ 
NONE                      No environment variables were set
--------------------------------------------------------------------------------

INFO:Timing:2698 - No timing constraints found, doing default enumeration.
INFO:Timing:3412 - To improve timing, see the Timing Closure User Guide (UG612).
INFO:Timing:2752 - To get complete path coverage, use the unconstrained paths 
   option. All paths that are not constrained will be reported in the 
   unconstrained paths section(s) of the report.
INFO:Timing:3339 - The clock-to-out numbers in this timing report are based on 
   a 50 Ohm transmission line loading model.  For the details of this model, 
   and for more information on accounting for different loading conditions, 
   please see the device datasheet.



Data Sheet report:
-----------------
All values displayed in nanoseconds (ns)

Setup/Hold to clock Clk
------------+------------+------------+------------+------------+------------------+--------+
            |Max Setup to|  Process   |Max Hold to |  Process   |                  | Clock  |
Source      | clk (edge) |   Corner   | clk (edge) |   Corner   |Internal Clock(s) | Phase  |
------------+------------+------------+------------+------------+------------------+--------+
Input<0>    |    9.188(R)|      SLOW  |   -2.288(R)|      FAST  |Clk_BUFGP         |   0.000|
Input<1>    |   10.130(R)|      SLOW  |   -2.372(R)|      FAST  |Clk_BUFGP         |   0.000|
Input<2>    |   10.334(R)|      SLOW  |   -2.063(R)|      FAST  |Clk_BUFGP         |   0.000|
Input<3>    |   10.110(R)|      SLOW  |   -2.285(R)|      FAST  |Clk_BUFGP         |   0.000|
Input<4>    |    9.858(R)|      SLOW  |   -2.197(R)|      FAST  |Clk_BUFGP         |   0.000|
Input<5>    |    9.835(R)|      SLOW  |   -2.252(R)|      FAST  |Clk_BUFGP         |   0.000|
Input<6>    |    9.715(R)|      SLOW  |   -2.254(R)|      FAST  |Clk_BUFGP         |   0.000|
Input<7>    |    8.808(R)|      SLOW  |   -2.110(R)|      FAST  |Clk_BUFGP         |   0.000|
Rst         |    5.227(R)|      SLOW  |   -1.948(R)|      FAST  |Clk_BUFGP         |   0.000|
------------+------------+------------+------------+------------+------------------+--------+

Clock Clk to Pad
------------+-----------------+------------+-----------------+------------+------------------+--------+
            |Max (slowest) clk|  Process   |Min (fastest) clk|  Process   |                  | Clock  |
Destination |  (edge) to PAD  |   Corner   |  (edge) to PAD  |   Corner   |Internal Clock(s) | Phase  |
------------+-----------------+------------+-----------------+------------+------------------+--------+
Servo       |         8.460(R)|      SLOW  |         4.529(R)|      FAST  |Clk_BUFGP         |   0.000|
------------+-----------------+------------+-----------------+------------+------------------+--------+

Clock to Setup on destination clock Clk
---------------+---------+---------+---------+---------+
               | Src:Rise| Src:Fall| Src:Rise| Src:Fall|
Source Clock   |Dest:Rise|Dest:Rise|Dest:Fall|Dest:Fall|
---------------+---------+---------+---------+---------+
Clk            |    5.339|         |         |         |
---------------+---------+---------+---------+---------+


Analysis completed Wed Nov 11 10:24:02 2015 
--------------------------------------------------------------------------------

Trace Settings:
-------------------------
Trace Settings 

Peak Memory Usage: 241 MB



