Release 14.7 - xst P.20131013 (nt64)
Copyright (c) 1995-2013 Xilinx, Inc.  All rights reserved.
--> Parameter TMPDIR set to xst/projnav.tmp


Total REAL time to Xst completion: 0.00 secs
Total CPU time to Xst completion: 0.08 secs
 
--> Parameter xsthdpdir set to xst


Total REAL time to Xst completion: 0.00 secs
Total CPU time to Xst completion: 0.08 secs
 
--> Reading design: ServoControl.prj

TABLE OF CONTENTS
  1) Synthesis Options Summary
  2) HDL Parsing
  3) HDL Elaboration
  4) HDL Synthesis
       4.1) HDL Synthesis Report
  5) Advanced HDL Synthesis
       5.1) Advanced HDL Synthesis Report
  6) Low Level Synthesis
  7) Partition Report
  8) Design Summary
       8.1) Primitive and Black Box Usage
       8.2) Device utilization summary
       8.3) Partition Resource Summary
       8.4) Timing Report
            8.4.1) Clock Information
            8.4.2) Asynchronous Control Signals Information
            8.4.3) Timing Summary
            8.4.4) Timing Details
            8.4.5) Cross Clock Domains Report


=========================================================================
*                      Synthesis Options Summary                        *
=========================================================================
---- Source Parameters
Input File Name                    : "ServoControl.prj"
Ignore Synthesis Constraint File   : NO

---- Target Parameters
Output File Name                   : "ServoControl"
Output Format                      : NGC
Target Device                      : xc6slx16-3-csg324

---- Source Options
Top Module Name                    : ServoControl
Automatic FSM Extraction           : YES
FSM Encoding Algorithm             : Auto
Safe Implementation                : No
FSM Style                          : LUT
RAM Extraction                     : Yes
RAM Style                          : Auto
ROM Extraction                     : Yes
Shift Register Extraction          : YES
ROM Style                          : Auto
Resource Sharing                   : YES
Asynchronous To Synchronous        : NO
Shift Register Minimum Size        : 2
Use DSP Block                      : Auto
Automatic Register Balancing       : No

---- Target Options
LUT Combining                      : Auto
Reduce Control Sets                : Auto
Add IO Buffers                     : YES
Global Maximum Fanout              : 100000
Add Generic Clock Buffer(BUFG)     : 16
Register Duplication               : YES
Optimize Instantiated Primitives   : NO
Use Clock Enable                   : Auto
Use Synchronous Set                : Auto
Use Synchronous Reset              : Auto
Pack IO Registers into IOBs        : Auto
Equivalent register Removal        : YES

---- General Options
Optimization Goal                  : Speed
Optimization Effort                : 1
Power Reduction                    : NO
Keep Hierarchy                     : No
Netlist Hierarchy                  : As_Optimized
RTL Output                         : Yes
Global Optimization                : AllClockNets
Read Cores                         : YES
Write Timing Constraints           : NO
Cross Clock Analysis               : NO
Hierarchy Separator                : /
Bus Delimiter                      : <>
Case Specifier                     : Maintain
Slice Utilization Ratio            : 100
BRAM Utilization Ratio             : 100
DSP48 Utilization Ratio            : 100
Auto BRAM Packing                  : NO
Slice Utilization Ratio Delta      : 5

=========================================================================


=========================================================================
*                          HDL Parsing                                  *
=========================================================================
Parsing VHDL file "D:\ProySisDigAva\Levi\P30_Servo_Control_With_Inputs\P23_Servo_Control\UKStopLight.vhd" into library work
Parsing entity <ServoControl>.
Parsing architecture <Behavioral> of entity <servocontrol>.

=========================================================================
*                            HDL Elaboration                            *
=========================================================================

Elaborating entity <ServoControl> (architecture <Behavioral>) from library <work>.
INFO:HDLCompiler:679 - "D:\ProySisDigAva\Levi\P30_Servo_Control_With_Inputs\P23_Servo_Control\UKStopLight.vhd" Line 102. Case statement is complete. others clause is never selected
INFO:HDLCompiler:679 - "D:\ProySisDigAva\Levi\P30_Servo_Control_With_Inputs\P23_Servo_Control\UKStopLight.vhd" Line 115. Case statement is complete. others clause is never selected

=========================================================================
*                           HDL Synthesis                               *
=========================================================================

Synthesizing Unit <ServoControl>.
    Related source file is "D:\ProySisDigAva\Levi\P30_Servo_Control_With_Inputs\P23_Servo_Control\UKStopLight.vhd".
    Found 1-bit register for signal <pres_state>.
    Found 32-bit register for signal <SecondCount>.
    Found 7-bit register for signal <Cont>.
    Found 1-bit register for signal <TimeBase>.
    Found 7-bit adder for signal <Cont[6]_GND_6_o_add_1_OUT> created at line 67.
    Found 32-bit adder for signal <n0022> created at line 75.
    Found 32-bit adder for signal <SecondCount[31]_GND_6_o_add_9_OUT> created at line 88.
    Found 15-bit subtractor for signal <tL> created at line 41.
    Found 32-bit subtractor for signal <StateDuration[31]_GND_6_o_sub_8_OUT<31:0>> created at line 84.
    Found 8x10-bit multiplier for signal <n0027> created at line 74.
    Found 32-bit comparator equal for signal <StateDuration[31]_SecondCount[31]_equal_9_o> created at line 84
    Summary:
	inferred   1 Multiplier(s).
	inferred   5 Adder/Subtractor(s).
	inferred  41 D-type flip-flop(s).
	inferred   1 Comparator(s).
	inferred   3 Multiplexer(s).
Unit <ServoControl> synthesized.

=========================================================================
HDL Synthesis Report

Macro Statistics
# Multipliers                                          : 1
 10x8-bit multiplier                                   : 1
# Adders/Subtractors                                   : 5
 15-bit subtractor                                     : 1
 32-bit adder                                          : 2
 32-bit subtractor                                     : 1
 7-bit adder                                           : 1
# Registers                                            : 4
 1-bit register                                        : 2
 32-bit register                                       : 1
 7-bit register                                        : 1
# Comparators                                          : 1
 32-bit comparator equal                               : 1
# Multiplexers                                         : 3
 15-bit 2-to-1 multiplexer                             : 1
 32-bit 2-to-1 multiplexer                             : 1
 7-bit 2-to-1 multiplexer                              : 1

=========================================================================

=========================================================================
*                       Advanced HDL Synthesis                          *
=========================================================================


Synthesizing (advanced) Unit <ServoControl>.
The following registers are absorbed into counter <Cont>: 1 register on signal <Cont>.
Unit <ServoControl> synthesized (advanced).

=========================================================================
Advanced HDL Synthesis Report

Macro Statistics
# Multipliers                                          : 1
 10x8-bit multiplier                                   : 1
# Adders/Subtractors                                   : 4
 11-bit adder                                          : 1
 15-bit subtractor                                     : 1
 32-bit adder                                          : 1
 32-bit subtractor                                     : 1
# Counters                                             : 1
 7-bit up counter                                      : 1
# Registers                                            : 34
 Flip-Flops                                            : 34
# Comparators                                          : 1
 32-bit comparator equal                               : 1
# Multiplexers                                         : 2
 15-bit 2-to-1 multiplexer                             : 1
 32-bit 2-to-1 multiplexer                             : 1

=========================================================================

=========================================================================
*                         Low Level Synthesis                           *
=========================================================================
WARNING:Xst:3002 - This design contains one or more registers/latches that are directly
   incompatible with the Spartan6 architecture. The two primary causes of this is
   either a register or latch described with both an asynchronous set and
   asynchronous reset, or a register or latch described with an asynchronous
   set or reset which however has an initialization value of the opposite 
   polarity (i.e. asynchronous reset with an initialization value of 1).
    While this circuit can be built, it creates a sub-optimal implementation
   in terms of area, power and performance. For a more optimal implementation
   Xilinx highly recommends one of the following:

          1) Remove either the set or reset from all registers and latches
             if not needed for required functionality
          2) Modify the code in order to produce a synchronous set
             and/or reset (both is preferred)
          3) Ensure all registers have the same initialization value as the
             described asynchronous set or reset polarity
          4) Use the -async_to_sync option to transform the asynchronous
             set/reset to synchronous operation
             (timing simulation highly recommended when using this option)

  Please refer to http://www.xilinx.com search string "Spartan6 asynchronous set/reset" for more details.

  List of register instances with asynchronous set or reset and opposite initialization value:
    SecondCount_31 in unit <ServoControl>


Optimizing unit <ServoControl> ...

Mapping all equations...
Building and optimizing final netlist ...
Found area constraint ratio of 100 (+ 5) on block ServoControl, actual ratio is 2.
WARNING:Xst:1426 - The value init of the FF/Latch SecondCount_31_LD hinder the constant cleaning in the block ServoControl.
   You should achieve better results by setting this init to 0.

Final Macro Processing ...

=========================================================================
Final Register Report

Macro Statistics
# Registers                                            : 42
 Flip-Flops                                            : 42

=========================================================================

=========================================================================
*                           Partition Report                            *
=========================================================================

Partition Implementation Status
-------------------------------

  No Partitions were found in this design.

-------------------------------

=========================================================================
*                            Design Summary                             *
=========================================================================

Top Level Output File Name         : ServoControl.ngc

Primitive and Black Box Usage:
------------------------------
# BELS                             : 288
#      GND                         : 1
#      INV                         : 4
#      LUT1                        : 33
#      LUT2                        : 40
#      LUT3                        : 14
#      LUT4                        : 11
#      LUT5                        : 17
#      LUT6                        : 17
#      MUXCY                       : 80
#      VCC                         : 1
#      XORCY                       : 70
# FlipFlops/Latches                : 43
#      FDC                         : 8
#      FDCE                        : 32
#      FDE                         : 2
#      LD                          : 1
# Clock Buffers                    : 2
#      BUFG                        : 1
#      BUFGP                       : 1
# IO Buffers                       : 10
#      IBUF                        : 9
#      OBUF                        : 1

Device utilization summary:
---------------------------

Selected Device : 6slx16csg324-3 


Slice Logic Utilization: 
 Number of Slice Registers:              43  out of  18224     0%  
 Number of Slice LUTs:                  136  out of   9112     1%  
    Number used as Logic:               136  out of   9112     1%  

Slice Logic Distribution: 
 Number of LUT Flip Flop pairs used:    138
   Number with an unused Flip Flop:      95  out of    138    68%  
   Number with an unused LUT:             2  out of    138     1%  
   Number of fully used LUT-FF pairs:    41  out of    138    29%  
   Number of unique control sets:         5

IO Utilization: 
 Number of IOs:                          11
 Number of bonded IOBs:                  11  out of    232     4%  

Specific Feature Utilization:
 Number of BUFG/BUFGCTRLs:                2  out of     16    12%  

---------------------------
Partition Resource Summary:
---------------------------

  No Partitions were found in this design.

---------------------------


=========================================================================
Timing Report

NOTE: THESE TIMING NUMBERS ARE ONLY A SYNTHESIS ESTIMATE.
      FOR ACCURATE TIMING INFORMATION PLEASE REFER TO THE TRACE REPORT
      GENERATED AFTER PLACE-and-ROUTE.

Clock Information:
------------------
-----------------------------------+------------------------+-------+
Clock Signal                       | Clock buffer(FF name)  | Load  |
-----------------------------------+------------------------+-------+
Clk                                | BUFGP                  | 42    |
Rst                                | IBUF+BUFG              | 1     |
-----------------------------------+------------------------+-------+

Asynchronous Control Signals Information:
----------------------------------------
No asynchronous control signals found in this design

Timing Summary:
---------------
Speed Grade: -3

   Minimum period: 5.026ns (Maximum Frequency: 198.952MHz)
   Minimum input arrival time before clock: 11.341ns
   Maximum output required time after clock: 4.760ns
   Maximum combinational path delay: No path found

Timing Details:
---------------
All values displayed in nanoseconds (ns)

=========================================================================
Timing constraint: Default period analysis for Clock 'Clk'
  Clock period: 5.026ns (frequency: 198.952MHz)
  Total number of paths / destination ports: 7218 / 75
-------------------------------------------------------------------------
Delay:               5.026ns (Levels of Logic = 20)
  Source:            pres_state (FF)
  Destination:       SecondCount_0 (FF)
  Source Clock:      Clk rising
  Destination Clock: Clk rising

  Data Path: pres_state to SecondCount_0
                                Gate     Net
    Cell:in->out      fanout   Delay   Delay  Logical Name (Net Name)
    ----------------------------------------  ------------
     FDC:C->Q             14   0.447   0.958  pres_state (pres_state)
     LUT3:I2->O            1   0.205   0.000  Msub_StateDuration[31]_GND_6_o_sub_8_OUT<31:0>_lut<1> (Msub_StateDuration[31]_GND_6_o_sub_8_OUT<31:0>_lut<1>)
     MUXCY:S->O            1   0.172   0.000  Msub_StateDuration[31]_GND_6_o_sub_8_OUT<31:0>_cy<1> (Msub_StateDuration[31]_GND_6_o_sub_8_OUT<31:0>_cy<1>)
     MUXCY:CI->O           1   0.019   0.000  Msub_StateDuration[31]_GND_6_o_sub_8_OUT<31:0>_cy<2> (Msub_StateDuration[31]_GND_6_o_sub_8_OUT<31:0>_cy<2>)
     MUXCY:CI->O           1   0.019   0.000  Msub_StateDuration[31]_GND_6_o_sub_8_OUT<31:0>_cy<3> (Msub_StateDuration[31]_GND_6_o_sub_8_OUT<31:0>_cy<3>)
     MUXCY:CI->O           1   0.019   0.000  Msub_StateDuration[31]_GND_6_o_sub_8_OUT<31:0>_cy<4> (Msub_StateDuration[31]_GND_6_o_sub_8_OUT<31:0>_cy<4>)
     MUXCY:CI->O           1   0.019   0.000  Msub_StateDuration[31]_GND_6_o_sub_8_OUT<31:0>_cy<5> (Msub_StateDuration[31]_GND_6_o_sub_8_OUT<31:0>_cy<5>)
     MUXCY:CI->O           1   0.019   0.000  Msub_StateDuration[31]_GND_6_o_sub_8_OUT<31:0>_cy<6> (Msub_StateDuration[31]_GND_6_o_sub_8_OUT<31:0>_cy<6>)
     MUXCY:CI->O           1   0.019   0.000  Msub_StateDuration[31]_GND_6_o_sub_8_OUT<31:0>_cy<7> (Msub_StateDuration[31]_GND_6_o_sub_8_OUT<31:0>_cy<7>)
     MUXCY:CI->O           1   0.019   0.000  Msub_StateDuration[31]_GND_6_o_sub_8_OUT<31:0>_cy<8> (Msub_StateDuration[31]_GND_6_o_sub_8_OUT<31:0>_cy<8>)
     MUXCY:CI->O           1   0.019   0.000  Msub_StateDuration[31]_GND_6_o_sub_8_OUT<31:0>_cy<9> (Msub_StateDuration[31]_GND_6_o_sub_8_OUT<31:0>_cy<9>)
     MUXCY:CI->O           1   0.019   0.000  Msub_StateDuration[31]_GND_6_o_sub_8_OUT<31:0>_cy<10> (Msub_StateDuration[31]_GND_6_o_sub_8_OUT<31:0>_cy<10>)
     MUXCY:CI->O           1   0.019   0.000  Msub_StateDuration[31]_GND_6_o_sub_8_OUT<31:0>_cy<11> (Msub_StateDuration[31]_GND_6_o_sub_8_OUT<31:0>_cy<11>)
     XORCY:CI->O           1   0.180   0.808  Msub_StateDuration[31]_GND_6_o_sub_8_OUT<31:0>_xor<12> (StateDuration[31]_GND_6_o_sub_8_OUT<12>)
     LUT6:I3->O            1   0.205   0.000  Mcompar_StateDuration[31]_SecondCount[31]_equal_9_o_lut<4> (Mcompar_StateDuration[31]_SecondCount[31]_equal_9_o_lut<4>)
     MUXCY:S->O            1   0.172   0.000  Mcompar_StateDuration[31]_SecondCount[31]_equal_9_o_cy<4> (Mcompar_StateDuration[31]_SecondCount[31]_equal_9_o_cy<4>)
     MUXCY:CI->O           1   0.019   0.000  Mcompar_StateDuration[31]_SecondCount[31]_equal_9_o_cy<5> (Mcompar_StateDuration[31]_SecondCount[31]_equal_9_o_cy<5>)
     MUXCY:CI->O           1   0.019   0.000  Mcompar_StateDuration[31]_SecondCount[31]_equal_9_o_cy<6> (Mcompar_StateDuration[31]_SecondCount[31]_equal_9_o_cy<6>)
     MUXCY:CI->O           1   0.019   0.000  Mcompar_StateDuration[31]_SecondCount[31]_equal_9_o_cy<7> (Mcompar_StateDuration[31]_SecondCount[31]_equal_9_o_cy<7>)
     MUXCY:CI->O          33   0.019   1.306  Mcompar_StateDuration[31]_SecondCount[31]_equal_9_o_cy<8> (StateDuration[31]_SecondCount[31]_equal_9_o)
     LUT3:I2->O            1   0.205   0.000  pres_state_rstpot (pres_state_rstpot)
     FDC:D                     0.102          pres_state
    ----------------------------------------
    Total                      5.026ns (1.954ns logic, 3.072ns route)
                                       (38.9% logic, 61.1% route)

=========================================================================
Timing constraint: Default OFFSET IN BEFORE for Clock 'Clk'
  Total number of paths / destination ports: 16679285 / 75
-------------------------------------------------------------------------
Offset:              11.341ns (Levels of Logic = 24)
  Source:            Input<2> (PAD)
  Destination:       SecondCount_0 (FF)
  Destination Clock: Clk rising

  Data Path: Input<2> to SecondCount_0
                                Gate     Net
    Cell:in->out      fanout   Delay   Delay  Logical Name (Net Name)
    ----------------------------------------  ------------
     IBUF:I->O            17   1.222   1.256  Input_2_IBUF (Input_2_IBUF)
     LUT3:I0->O            1   0.205   0.000  Mmult_n0027_Madd3_lut<4> (Mmult_n0027_Madd3_lut<4>)
     MUXCY:S->O            1   0.172   0.000  Mmult_n0027_Madd3_cy<4> (Mmult_n0027_Madd3_cy<4>)
     MUXCY:CI->O           1   0.019   0.000  Mmult_n0027_Madd3_cy<5> (Mmult_n0027_Madd3_cy<5>)
     MUXCY:CI->O           1   0.019   0.000  Mmult_n0027_Madd3_cy<6> (Mmult_n0027_Madd3_cy<6>)
     MUXCY:CI->O           1   0.019   0.000  Mmult_n0027_Madd3_cy<7> (Mmult_n0027_Madd3_cy<7>)
     MUXCY:CI->O           1   0.019   0.000  Mmult_n0027_Madd3_cy<8> (Mmult_n0027_Madd3_cy<8>)
     XORCY:CI->O           1   0.180   0.924  Mmult_n0027_Madd3_xor<9> (Mmult_n0027_Madd_123)
     LUT5:I0->O            1   0.203   0.000  Mmult_n0027_Madd4_lut<11> (Mmult_n0027_Madd4_lut<11>)
     MUXCY:S->O            1   0.172   0.000  Mmult_n0027_Madd4_cy<11> (Mmult_n0027_Madd4_cy<11>)
     XORCY:CI->O           7   0.180   1.021  Mmult_n0027_Madd4_xor<12> (n0027<13>)
     LUT4:I0->O            3   0.203   0.995  Madd_n0022_Madd_xor<6>11 (n0022<6>)
     LUT5:I0->O            3   0.203   0.879  Msub_tL_cy<8>11 (Msub_tL_cy<8>)
     LUT4:I1->O            1   0.205   0.000  Msub_StateDuration[31]_GND_6_o_sub_8_OUT<31:0>_lut<10> (Msub_StateDuration[31]_GND_6_o_sub_8_OUT<31:0>_lut<10>)
     MUXCY:S->O            1   0.172   0.000  Msub_StateDuration[31]_GND_6_o_sub_8_OUT<31:0>_cy<10> (Msub_StateDuration[31]_GND_6_o_sub_8_OUT<31:0>_cy<10>)
     MUXCY:CI->O           1   0.019   0.000  Msub_StateDuration[31]_GND_6_o_sub_8_OUT<31:0>_cy<11> (Msub_StateDuration[31]_GND_6_o_sub_8_OUT<31:0>_cy<11>)
     XORCY:CI->O           1   0.180   0.808  Msub_StateDuration[31]_GND_6_o_sub_8_OUT<31:0>_xor<12> (StateDuration[31]_GND_6_o_sub_8_OUT<12>)
     LUT6:I3->O            1   0.205   0.000  Mcompar_StateDuration[31]_SecondCount[31]_equal_9_o_lut<4> (Mcompar_StateDuration[31]_SecondCount[31]_equal_9_o_lut<4>)
     MUXCY:S->O            1   0.172   0.000  Mcompar_StateDuration[31]_SecondCount[31]_equal_9_o_cy<4> (Mcompar_StateDuration[31]_SecondCount[31]_equal_9_o_cy<4>)
     MUXCY:CI->O           1   0.019   0.000  Mcompar_StateDuration[31]_SecondCount[31]_equal_9_o_cy<5> (Mcompar_StateDuration[31]_SecondCount[31]_equal_9_o_cy<5>)
     MUXCY:CI->O           1   0.019   0.000  Mcompar_StateDuration[31]_SecondCount[31]_equal_9_o_cy<6> (Mcompar_StateDuration[31]_SecondCount[31]_equal_9_o_cy<6>)
     MUXCY:CI->O           1   0.019   0.000  Mcompar_StateDuration[31]_SecondCount[31]_equal_9_o_cy<7> (Mcompar_StateDuration[31]_SecondCount[31]_equal_9_o_cy<7>)
     MUXCY:CI->O          33   0.019   1.306  Mcompar_StateDuration[31]_SecondCount[31]_equal_9_o_cy<8> (StateDuration[31]_SecondCount[31]_equal_9_o)
     LUT3:I2->O            1   0.205   0.000  pres_state_rstpot (pres_state_rstpot)
     FDC:D                     0.102          pres_state
    ----------------------------------------
    Total                     11.341ns (4.152ns logic, 7.189ns route)
                                       (36.6% logic, 63.4% route)

=========================================================================
Timing constraint: Default OFFSET OUT AFTER for Clock 'Clk'
  Total number of paths / destination ports: 1 / 1
-------------------------------------------------------------------------
Offset:              4.760ns (Levels of Logic = 2)
  Source:            pres_state (FF)
  Destination:       Servo (PAD)
  Source Clock:      Clk rising

  Data Path: pres_state to Servo
                                Gate     Net
    Cell:in->out      fanout   Delay   Delay  Logical Name (Net Name)
    ----------------------------------------  ------------
     FDC:C->Q             14   0.447   0.957  pres_state (pres_state)
     INV:I->O              1   0.206   0.579  Msub_StateDuration[31]_GND_6_o_sub_8_OUT<31:0>_lut<14>_INV_0 (Msub_StateDuration[31]_GND_6_o_sub_8_OUT<31:0>_lut<14>)
     OBUF:I->O                 2.571          Servo_OBUF (Servo)
    ----------------------------------------
    Total                      4.760ns (3.224ns logic, 1.536ns route)
                                       (67.7% logic, 32.3% route)

=========================================================================

Cross Clock Domains Report:
--------------------------

Clock to Setup on destination clock Clk
---------------+---------+---------+---------+---------+
               | Src:Rise| Src:Fall| Src:Rise| Src:Fall|
Source Clock   |Dest:Rise|Dest:Rise|Dest:Fall|Dest:Fall|
---------------+---------+---------+---------+---------+
Clk            |    5.026|         |         |         |
Rst            |         |    3.468|         |         |
---------------+---------+---------+---------+---------+

=========================================================================


Total REAL time to Xst completion: 7.00 secs
Total CPU time to Xst completion: 7.12 secs
 
--> 

Total memory usage is 252564 kilobytes

Number of errors   :    0 (   0 filtered)
Number of warnings :    2 (   0 filtered)
Number of infos    :    0 (   0 filtered)

