Command line:
   Counter_TB_isim_beh.exe
     -simmode  gui
     -simrunnum  0
     -socket  19410

Tue Oct 06 09:36:25 2015


 Elaboration Time: 0.078125 sec

 Current Memory Usage: 519.373 Meg

 Total Signals          : 7
 Total Nets             : 12
 Total Signal Drivers   : 4
 Total Blocks           : 6
 Total Primitive Blocks : 5
 Total Processes        : 3
 Total Traceable Variables  : 16
 Total Scalar Nets and Variables : 514
Total Line Count : 17
Total Line Count : 17

 Total Simulation Time: 0.09375 sec

 Current Memory Usage: 362.078 Meg

Tue Oct 06 09:56:04 2015

