--------------------------------------------------------------------------------
Release 14.7 Trace  (nt64)
Copyright (c) 1995-2013 Xilinx, Inc.  All rights reserved.

C:\Xilinx\14.7\ISE_DS\ISE\bin\nt64\unwrapped\trce.exe -intstyle ise -v 3 -s 3
-n 3 -fastpaths -xml Serial_Comm.twx Serial_Comm.ncd -o Serial_Comm.twr
Serial_Comm.pcf -ucf Serial_Comm.ucf

Design file:              Serial_Comm.ncd
Physical constraint file: Serial_Comm.pcf
Device,package,speed:     xc6slx16,csg324,C,-3 (PRODUCTION 1.23 2013-10-13)
Report level:             verbose report

Environment Variable      Effect 
--------------------      ------ 
NONE                      No environment variables were set
--------------------------------------------------------------------------------

INFO:Timing:2698 - No timing constraints found, doing default enumeration.
INFO:Timing:3412 - To improve timing, see the Timing Closure User Guide (UG612).
INFO:Timing:2752 - To get complete path coverage, use the unconstrained paths 
   option. All paths that are not constrained will be reported in the 
   unconstrained paths section(s) of the report.
INFO:Timing:3339 - The clock-to-out numbers in this timing report are based on 
   a 50 Ohm transmission line loading model.  For the details of this model, 
   and for more information on accounting for different loading conditions, 
   please see the device datasheet.



Data Sheet report:
-----------------
All values displayed in nanoseconds (ns)

Setup/Hold to clock Clk
------------+------------+------------+------------+------------+------------------+--------+
            |Max Setup to|  Process   |Max Hold to |  Process   |                  | Clock  |
Source      | clk (edge) |   Corner   | clk (edge) |   Corner   |Internal Clock(s) | Phase  |
------------+------------+------------+------------+------------+------------------+--------+
DataIn      |    1.074(R)|      FAST  |   -0.488(R)|      SLOW  |Clk_BUFGP         |   0.000|
Rst         |    4.609(R)|      SLOW  |   -1.229(R)|      FAST  |Clk_BUFGP         |   0.000|
------------+------------+------------+------------+------------+------------------+--------+

Clock Clk to Pad
------------+-----------------+------------+-----------------+------------+------------------+--------+
            |Max (slowest) clk|  Process   |Min (fastest) clk|  Process   |                  | Clock  |
Destination |  (edge) to PAD  |   Corner   |  (edge) to PAD  |   Corner   |Internal Clock(s) | Phase  |
------------+-----------------+------------+-----------------+------------+------------------+--------+
DataOut<0>  |         8.177(R)|      SLOW  |         4.416(R)|      FAST  |Clk_BUFGP         |   0.000|
DataOut<1>  |         8.047(R)|      SLOW  |         4.329(R)|      FAST  |Clk_BUFGP         |   0.000|
DataOut<2>  |         8.134(R)|      SLOW  |         4.411(R)|      FAST  |Clk_BUFGP         |   0.000|
DataOut<3>  |         8.097(R)|      SLOW  |         4.356(R)|      FAST  |Clk_BUFGP         |   0.000|
DataOut<4>  |         7.833(R)|      SLOW  |         4.100(R)|      FAST  |Clk_BUFGP         |   0.000|
DataOut<5>  |         7.833(R)|      SLOW  |         4.100(R)|      FAST  |Clk_BUFGP         |   0.000|
DataOut<6>  |         7.513(R)|      SLOW  |         3.930(R)|      FAST  |Clk_BUFGP         |   0.000|
DataOut<7>  |         7.513(R)|      SLOW  |         3.930(R)|      FAST  |Clk_BUFGP         |   0.000|
------------+-----------------+------------+-----------------+------------+------------------+--------+

Clock to Setup on destination clock Clk
---------------+---------+---------+---------+---------+
               | Src:Rise| Src:Fall| Src:Rise| Src:Fall|
Source Clock   |Dest:Rise|Dest:Rise|Dest:Fall|Dest:Fall|
---------------+---------+---------+---------+---------+
Clk            |    2.854|         |         |         |
---------------+---------+---------+---------+---------+


Analysis completed Mon Oct 26 16:17:31 2015 
--------------------------------------------------------------------------------

Trace Settings:
-------------------------
Trace Settings 

Peak Memory Usage: 241 MB



