Release 14.7 - xst P.20131013 (nt64)
Copyright (c) 1995-2013 Xilinx, Inc.  All rights reserved.
--> Parameter TMPDIR set to xst/projnav.tmp


Total REAL time to Xst completion: 0.00 secs
Total CPU time to Xst completion: 0.08 secs
 
--> Parameter xsthdpdir set to xst


Total REAL time to Xst completion: 0.00 secs
Total CPU time to Xst completion: 0.09 secs
 
--> Reading design: ALU.prj

TABLE OF CONTENTS
  1) Synthesis Options Summary
  2) HDL Parsing
  3) HDL Elaboration
  4) HDL Synthesis
       4.1) HDL Synthesis Report
  5) Advanced HDL Synthesis
       5.1) Advanced HDL Synthesis Report
  6) Low Level Synthesis
  7) Partition Report
  8) Design Summary
       8.1) Primitive and Black Box Usage
       8.2) Device utilization summary
       8.3) Partition Resource Summary
       8.4) Timing Report
            8.4.1) Clock Information
            8.4.2) Asynchronous Control Signals Information
            8.4.3) Timing Summary
            8.4.4) Timing Details
            8.4.5) Cross Clock Domains Report


=========================================================================
*                      Synthesis Options Summary                        *
=========================================================================
---- Source Parameters
Input File Name                    : "ALU.prj"
Ignore Synthesis Constraint File   : NO

---- Target Parameters
Output File Name                   : "ALU"
Output Format                      : NGC
Target Device                      : xc6slx16-3-csg324

---- Source Options
Top Module Name                    : ALU
Automatic FSM Extraction           : YES
FSM Encoding Algorithm             : Auto
Safe Implementation                : No
FSM Style                          : LUT
RAM Extraction                     : Yes
RAM Style                          : Auto
ROM Extraction                     : Yes
Shift Register Extraction          : YES
ROM Style                          : Auto
Resource Sharing                   : YES
Asynchronous To Synchronous        : NO
Shift Register Minimum Size        : 2
Use DSP Block                      : Auto
Automatic Register Balancing       : No

---- Target Options
LUT Combining                      : Auto
Reduce Control Sets                : Auto
Add IO Buffers                     : YES
Global Maximum Fanout              : 100000
Add Generic Clock Buffer(BUFG)     : 16
Register Duplication               : YES
Optimize Instantiated Primitives   : NO
Use Clock Enable                   : Auto
Use Synchronous Set                : Auto
Use Synchronous Reset              : Auto
Pack IO Registers into IOBs        : Auto
Equivalent register Removal        : YES

---- General Options
Optimization Goal                  : Speed
Optimization Effort                : 1
Power Reduction                    : NO
Keep Hierarchy                     : No
Netlist Hierarchy                  : As_Optimized
RTL Output                         : Yes
Global Optimization                : AllClockNets
Read Cores                         : YES
Write Timing Constraints           : NO
Cross Clock Analysis               : NO
Hierarchy Separator                : /
Bus Delimiter                      : <>
Case Specifier                     : Maintain
Slice Utilization Ratio            : 100
BRAM Utilization Ratio             : 100
DSP48 Utilization Ratio            : 100
Auto BRAM Packing                  : NO
Slice Utilization Ratio Delta      : 5

=========================================================================


=========================================================================
*                          HDL Parsing                                  *
=========================================================================
Parsing VHDL file "D:\ProySisDigAva\Levi\P06_ALU\ALU.vhd" into library work
Parsing entity <ALU>.
Parsing architecture <Behavioral> of entity <alu>.

=========================================================================
*                            HDL Elaboration                            *
=========================================================================

Elaborating entity <ALU> (architecture <Behavioral>) from library <work>.

=========================================================================
*                           HDL Synthesis                               *
=========================================================================

Synthesizing Unit <ALU>.
    Related source file is "D:\ProySisDigAva\Levi\P06_ALU\ALU.vhd".
    Found 8-bit adder for signal <a[7]_GND_6_o_add_0_OUT> created at line 48.
    Found 8-bit adder for signal <b[7]_GND_6_o_add_2_OUT> created at line 54.
    Found 8-bit adder for signal <n0051> created at line 60.
    Found 8-bit adder for signal <a[7]_GND_6_o_add_6_OUT> created at line 60.
    Found 8-bit subtractor for signal <GND_6_o_GND_6_o_sub_2_OUT<7:0>> created at line 50.
    Found 8-bit subtractor for signal <GND_6_o_GND_6_o_sub_4_OUT<7:0>> created at line 56.
    Found 8-bit 8-to-1 multiplexer for signal <res_AU> created at line 44.
    Found 8-bit 8-to-1 multiplexer for signal <res_LU> created at line 70.
    Summary:
	inferred   6 Adder/Subtractor(s).
	inferred   3 Multiplexer(s).
Unit <ALU> synthesized.

=========================================================================
HDL Synthesis Report

Macro Statistics
# Adders/Subtractors                                   : 6
 8-bit adder                                           : 4
 8-bit subtractor                                      : 2
# Multiplexers                                         : 3
 8-bit 2-to-1 multiplexer                              : 1
 8-bit 8-to-1 multiplexer                              : 2
# Xors                                                 : 1
 8-bit xor2                                            : 1

=========================================================================

=========================================================================
*                       Advanced HDL Synthesis                          *
=========================================================================


=========================================================================
Advanced HDL Synthesis Report

Macro Statistics
# Adders/Subtractors                                   : 6
 8-bit adder                                           : 4
 8-bit subtractor                                      : 2
# Multiplexers                                         : 3
 8-bit 2-to-1 multiplexer                              : 1
 8-bit 8-to-1 multiplexer                              : 2
# Xors                                                 : 1
 8-bit xor2                                            : 1

=========================================================================

=========================================================================
*                         Low Level Synthesis                           *
=========================================================================

Optimizing unit <ALU> ...

Mapping all equations...
Building and optimizing final netlist ...
Found area constraint ratio of 100 (+ 5) on block ALU, actual ratio is 2.

Final Macro Processing ...

=========================================================================
Final Register Report

Found no macro
=========================================================================

=========================================================================
*                           Partition Report                            *
=========================================================================

Partition Implementation Status
-------------------------------

  No Partitions were found in this design.

-------------------------------

=========================================================================
*                            Design Summary                             *
=========================================================================

Top Level Output File Name         : ALU.ngc

Primitive and Black Box Usage:
------------------------------
# BELS                             : 93
#      GND                         : 1
#      LUT2                        : 11
#      LUT3                        : 13
#      LUT4                        : 6
#      LUT5                        : 16
#      LUT6                        : 23
#      MUXCY                       : 7
#      MUXF7                       : 8
#      XORCY                       : 8
# IO Buffers                       : 29
#      IBUF                        : 21
#      OBUF                        : 8

Device utilization summary:
---------------------------

Selected Device : 6slx16csg324-3 


Slice Logic Utilization: 
 Number of Slice LUTs:                   69  out of   9112     0%  
    Number used as Logic:                69  out of   9112     0%  

Slice Logic Distribution: 
 Number of LUT Flip Flop pairs used:     69
   Number with an unused Flip Flop:      69  out of     69   100%  
   Number with an unused LUT:             0  out of     69     0%  
   Number of fully used LUT-FF pairs:     0  out of     69     0%  
   Number of unique control sets:         0

IO Utilization: 
 Number of IOs:                          29
 Number of bonded IOBs:                  29  out of    232    12%  

Specific Feature Utilization:

---------------------------
Partition Resource Summary:
---------------------------

  No Partitions were found in this design.

---------------------------


=========================================================================
Timing Report

NOTE: THESE TIMING NUMBERS ARE ONLY A SYNTHESIS ESTIMATE.
      FOR ACCURATE TIMING INFORMATION PLEASE REFER TO THE TRACE REPORT
      GENERATED AFTER PLACE-and-ROUTE.

Clock Information:
------------------
No clock signals found in this design

Asynchronous Control Signals Information:
----------------------------------------
No asynchronous control signals found in this design

Timing Summary:
---------------
Speed Grade: -3

   Minimum period: No path found
   Minimum input arrival time before clock: No path found
   Maximum output required time after clock: No path found
   Maximum combinational path delay: 10.262ns

Timing Details:
---------------
All values displayed in nanoseconds (ns)

=========================================================================
Timing constraint: Default path analysis
  Total number of paths / destination ports: 632 / 8
-------------------------------------------------------------------------
Delay:               10.262ns (Levels of Logic = 13)
  Source:            a<0> (PAD)
  Destination:       y<7> (PAD)

  Data Path: a<0> to y<7>
                                Gate     Net
    Cell:in->out      fanout   Delay   Delay  Logical Name (Net Name)
    ----------------------------------------  ------------
     IBUF:I->O            13   1.222   1.037  a_0_IBUF (Madd_a[7]_GND_6_o_add_0_OUT_cy<0>)
     LUT2:I0->O            1   0.203   0.000  Madd_n0051_lut<0>1 (Madd_n0051_lut<0>1)
     MUXCY:S->O            1   0.172   0.000  Madd_n0051_cy<0> (Madd_n0051_cy<0>)
     MUXCY:CI->O           1   0.019   0.000  Madd_n0051_cy<1> (Madd_n0051_cy<1>)
     MUXCY:CI->O           1   0.019   0.000  Madd_n0051_cy<2> (Madd_n0051_cy<2>)
     MUXCY:CI->O           1   0.019   0.000  Madd_n0051_cy<3> (Madd_n0051_cy<3>)
     XORCY:CI->O           3   0.180   1.015  Madd_n0051_xor<4> (Madd_a[7]_GND_6_o_add_6_OUT_lut<4>)
     LUT6:I0->O            3   0.203   0.879  Madd_a[7]_GND_6_o_add_6_OUT_cy<4>11 (Madd_a[7]_GND_6_o_add_6_OUT_cy<4>)
     LUT4:I1->O            1   0.205   0.808  Madd_a[7]_GND_6_o_add_6_OUT_xor<7>11 (a[7]_GND_6_o_add_6_OUT<7>)
     LUT6:I3->O            1   0.205   0.000  Mmux_res_AU_37 (Mmux_res_AU_37)
     MUXF7:I1->O           1   0.140   0.580  Mmux_res_AU_2_f7_6 (res_AU<7>)
     LUT3:I2->O            1   0.205   0.579  Mmux_y81 (y_7_OBUF)
     OBUF:I->O                 2.571          y_7_OBUF (y<7>)
    ----------------------------------------
    Total                     10.262ns (5.363ns logic, 4.898ns route)
                                       (52.3% logic, 47.7% route)

=========================================================================

Cross Clock Domains Report:
--------------------------

=========================================================================


Total REAL time to Xst completion: 5.00 secs
Total CPU time to Xst completion: 5.18 secs
 
--> 

Total memory usage is 252568 kilobytes

Number of errors   :    0 (   0 filtered)
Number of warnings :    0 (   0 filtered)
Number of infos    :    0 (   0 filtered)

